2025-02-18 10:40:22,068 INFO o.a.j.u.JMeterUtils: Setting Locale to en_EN
2025-02-18 10:40:22,084 INFO o.a.j.JMeter: Loading user properties from: user.properties
2025-02-18 10:40:22,084 INFO o.a.j.JMeter: Loading system properties from: system.properties
2025-02-18 10:40:22,099 INFO o.a.j.JMeter: Copyright (c) 1998-2024 The Apache Software Foundation
2025-02-18 10:40:22,099 INFO o.a.j.JMeter: Version 5.6.3
2025-02-18 10:40:22,099 INFO o.a.j.JMeter: java.version=17.0.11
2025-02-18 10:40:22,099 INFO o.a.j.JMeter: java.vm.name=Java HotSpot(TM) 64-Bit Server VM
2025-02-18 10:40:22,099 INFO o.a.j.JMeter: os.name=Windows 11
2025-02-18 10:40:22,099 INFO o.a.j.JMeter: os.arch=amd64
2025-02-18 10:40:22,099 INFO o.a.j.JMeter: os.version=10.0
2025-02-18 10:40:22,099 INFO o.a.j.JMeter: file.encoding=MS949
2025-02-18 10:40:22,099 INFO o.a.j.JMeter: java.awt.headless=null
2025-02-18 10:40:22,099 INFO o.a.j.JMeter: Max memory     =1073741824
2025-02-18 10:40:22,099 INFO o.a.j.JMeter: Available Processors =12
2025-02-18 10:40:22,099 INFO o.a.j.JMeter: Default Locale=English (EN)
2025-02-18 10:40:22,099 INFO o.a.j.JMeter: JMeter  Locale=English (EN)
2025-02-18 10:40:22,099 INFO o.a.j.JMeter: JMeterHome=D:\devSpace\SpringBootProjects\wherehouse_SpringBoot-master\9. 기타\Jmeter\apache-jmeter-5.6.3
2025-02-18 10:40:22,099 INFO o.a.j.JMeter: user.dir  =D:\devSpace\SpringBootProjects\wherehouse_SpringBoot-master\9. 기타\Jmeter\apache-jmeter-5.6.3\bin
2025-02-18 10:40:22,099 INFO o.a.j.JMeter: PWD       =D:\devSpace\SpringBootProjects\wherehouse_SpringBoot-master\9. 기타\Jmeter\apache-jmeter-5.6.3\bin
2025-02-18 10:40:22,099 INFO o.a.j.JMeter: IP: 10.138.59.224 Name: Junbumjin_dev FullName: Junbumjin_dev
2025-02-18 10:40:22,131 INFO o.a.j.JMeter: Loaded icon properties from org/apache/jmeter/images/icon.properties
2025-02-18 10:40:22,315 INFO o.a.j.JMeterGuiLauncher: Setting LAF to: com.github.weisj.darklaf.DarkLaf:com.github.weisj.darklaf.theme.DarculaTheme
