2025-09-26 09:32:43.846 [background-preinit] INFO  o.h.validator.internal.util.Version - HV000001: Hibernate Validator 8.0.1.Final
2025-09-26 09:32:43.888 [main] INFO  c.wherehouse.WherehouseApplication - Starting WherehouseApplication using Java 17.0.11 with PID 14484 (E:\devSpace\SpringBootProjects\wherehouse_SpringBoot-master\wherehouse\build\classes\java\main started by wjdqj in E:\devSpace\SpringBootProjects\wherehouse_SpringBoot-master\wherehouse)
2025-09-26 09:32:43.889 [main] INFO  c.wherehouse.WherehouseApplication - No active profile set, falling back to 1 default profile: "default"
2025-09-26 09:32:44.716 [main] INFO  o.s.d.r.c.RepositoryConfigurationDelegate - Multiple Spring Data modules found, entering strict repository configuration mode
2025-09-26 09:32:44.718 [main] INFO  o.s.d.r.c.RepositoryConfigurationDelegate - Bootstrapping Spring Data Elasticsearch repositories in DEFAULT mode.
2025-09-26 09:32:44.760 [main] INFO  o.s.d.r.c.RepositoryConfigurationExtensionSupport - Spring Data Elasticsearch - Could not safely identify store assignment for repository candidate interface com.wherehouse.board.dao.BoardEntityRepository; If you want this repository to be a Elasticsearch repository, consider annotating your entities with one of these annotations: org.springframework.data.elasticsearch.annotations.Document (preferred), or consider extending one of the following types with your repository: org.springframework.data.elasticsearch.repository.ElasticsearchRepository
2025-09-26 09:32:44.761 [main] INFO  o.s.d.r.c.RepositoryConfigurationExtensionSupport - Spring Data Elasticsearch - Could not safely identify store assignment for repository candidate interface com.wherehouse.board.dao.CommentEntityRepository; If you want this repository to be a Elasticsearch repository, consider annotating your entities with one of these annotations: org.springframework.data.elasticsearch.annotations.Document (preferred), or consider extending one of the following types with your repository: org.springframework.data.elasticsearch.repository.ElasticsearchRepository
2025-09-26 09:32:44.762 [main] INFO  o.s.d.r.c.RepositoryConfigurationExtensionSupport - Spring Data Elasticsearch - Could not safely identify store assignment for repository candidate interface com.wherehouse.JWT.Repository.UserEntityRepository; If you want this repository to be a Elasticsearch repository, consider annotating your entities with one of these annotations: org.springframework.data.elasticsearch.annotations.Document (preferred), or consider extending one of the following types with your repository: org.springframework.data.elasticsearch.repository.ElasticsearchRepository
2025-09-26 09:32:44.763 [main] INFO  o.s.d.r.c.RepositoryConfigurationExtensionSupport - Spring Data Elasticsearch - Could not safely identify store assignment for repository candidate interface com.wherehouse.members.dao.MemberEntityRepository; If you want this repository to be a Elasticsearch repository, consider annotating your entities with one of these annotations: org.springframework.data.elasticsearch.annotations.Document (preferred), or consider extending one of the following types with your repository: org.springframework.data.elasticsearch.repository.ElasticsearchRepository
2025-09-26 09:32:44.764 [main] INFO  o.s.d.r.c.RepositoryConfigurationExtensionSupport - Spring Data Elasticsearch - Could not safely identify store assignment for repository candidate interface com.wherehouse.recommand.batch.repository.AnalysisCrimeRepository; If you want this repository to be a Elasticsearch repository, consider annotating your entities with one of these annotations: org.springframework.data.elasticsearch.annotations.Document (preferred), or consider extending one of the following types with your repository: org.springframework.data.elasticsearch.repository.ElasticsearchRepository
2025-09-26 09:32:44.765 [main] INFO  o.s.d.r.c.RepositoryConfigurationExtensionSupport - Spring Data Elasticsearch - Could not safely identify store assignment for repository candidate interface com.wherehouse.recommand.batch.repository.AnalysisEntertainmentRepository; If you want this repository to be a Elasticsearch repository, consider annotating your entities with one of these annotations: org.springframework.data.elasticsearch.annotations.Document (preferred), or consider extending one of the following types with your repository: org.springframework.data.elasticsearch.repository.ElasticsearchRepository
2025-09-26 09:32:44.766 [main] INFO  o.s.d.r.c.RepositoryConfigurationExtensionSupport - Spring Data Elasticsearch - Could not safely identify store assignment for repository candidate interface com.wherehouse.recommand.batch.repository.AnalysisPopulationDensityRepository; If you want this repository to be a Elasticsearch repository, consider annotating your entities with one of these annotations: org.springframework.data.elasticsearch.annotations.Document (preferred), or consider extending one of the following types with your repository: org.springframework.data.elasticsearch.repository.ElasticsearchRepository
2025-09-26 09:32:44.767 [main] INFO  o.s.d.r.c.RepositoryConfigurationExtensionSupport - Spring Data Elasticsearch - Could not safely identify store assignment for repository candidate interface com.wherehouse.restapi.mapdata.dao.MapDataEntityRepository; If you want this repository to be a Elasticsearch repository, consider annotating your entities with one of these annotations: org.springframework.data.elasticsearch.annotations.Document (preferred), or consider extending one of the following types with your repository: org.springframework.data.elasticsearch.repository.ElasticsearchRepository
2025-09-26 09:32:44.767 [main] INFO  o.s.d.r.c.RepositoryConfigurationDelegate - Finished Spring Data repository scanning in 45 ms. Found 0 Elasticsearch repository interfaces.
2025-09-26 09:32:44.772 [main] INFO  o.s.d.r.c.RepositoryConfigurationDelegate - Multiple Spring Data modules found, entering strict repository configuration mode
2025-09-26 09:32:44.772 [main] INFO  o.s.d.r.c.RepositoryConfigurationDelegate - Bootstrapping Spring Data Reactive Elasticsearch repositories in DEFAULT mode.
2025-09-26 09:32:44.785 [main] INFO  o.s.d.r.c.RepositoryConfigurationExtensionSupport - Spring Data Reactive Elasticsearch - Could not safely identify store assignment for repository candidate interface com.wherehouse.board.dao.BoardEntityRepository; If you want this repository to be a Reactive Elasticsearch repository, consider annotating your entities with one of these annotations: org.springframework.data.elasticsearch.annotations.Document (preferred), or consider extending one of the following types with your repository: org.springframework.data.elasticsearch.repository.ReactiveElasticsearchRepository
2025-09-26 09:32:44.785 [main] INFO  o.s.d.r.c.RepositoryConfigurationExtensionSupport - Spring Data Reactive Elasticsearch - Could not safely identify store assignment for repository candidate interface com.wherehouse.board.dao.CommentEntityRepository; If you want this repository to be a Reactive Elasticsearch repository, consider annotating your entities with one of these annotations: org.springframework.data.elasticsearch.annotations.Document (preferred), or consider extending one of the following types with your repository: org.springframework.data.elasticsearch.repository.ReactiveElasticsearchRepository
2025-09-26 09:32:44.786 [main] INFO  o.s.d.r.c.RepositoryConfigurationExtensionSupport - Spring Data Reactive Elasticsearch - Could not safely identify store assignment for repository candidate interface com.wherehouse.JWT.Repository.UserEntityRepository; If you want this repository to be a Reactive Elasticsearch repository, consider annotating your entities with one of these annotations: org.springframework.data.elasticsearch.annotations.Document (preferred), or consider extending one of the following types with your repository: org.springframework.data.elasticsearch.repository.ReactiveElasticsearchRepository
2025-09-26 09:32:44.786 [main] INFO  o.s.d.r.c.RepositoryConfigurationExtensionSupport - Spring Data Reactive Elasticsearch - Could not safely identify store assignment for repository candidate interface com.wherehouse.members.dao.MemberEntityRepository; If you want this repository to be a Reactive Elasticsearch repository, consider annotating your entities with one of these annotations: org.springframework.data.elasticsearch.annotations.Document (preferred), or consider extending one of the following types with your repository: org.springframework.data.elasticsearch.repository.ReactiveElasticsearchRepository
2025-09-26 09:32:44.786 [main] INFO  o.s.d.r.c.RepositoryConfigurationExtensionSupport - Spring Data Reactive Elasticsearch - Could not safely identify store assignment for repository candidate interface com.wherehouse.recommand.batch.repository.AnalysisCrimeRepository; If you want this repository to be a Reactive Elasticsearch repository, consider annotating your entities with one of these annotations: org.springframework.data.elasticsearch.annotations.Document (preferred), or consider extending one of the following types with your repository: org.springframework.data.elasticsearch.repository.ReactiveElasticsearchRepository
2025-09-26 09:32:44.786 [main] INFO  o.s.d.r.c.RepositoryConfigurationExtensionSupport - Spring Data Reactive Elasticsearch - Could not safely identify store assignment for repository candidate interface com.wherehouse.recommand.batch.repository.AnalysisEntertainmentRepository; If you want this repository to be a Reactive Elasticsearch repository, consider annotating your entities with one of these annotations: org.springframework.data.elasticsearch.annotations.Document (preferred), or consider extending one of the following types with your repository: org.springframework.data.elasticsearch.repository.ReactiveElasticsearchRepository
2025-09-26 09:32:44.786 [main] INFO  o.s.d.r.c.RepositoryConfigurationExtensionSupport - Spring Data Reactive Elasticsearch - Could not safely identify store assignment for repository candidate interface com.wherehouse.recommand.batch.repository.AnalysisPopulationDensityRepository; If you want this repository to be a Reactive Elasticsearch repository, consider annotating your entities with one of these annotations: org.springframework.data.elasticsearch.annotations.Document (preferred), or consider extending one of the following types with your repository: org.springframework.data.elasticsearch.repository.ReactiveElasticsearchRepository
2025-09-26 09:32:44.786 [main] INFO  o.s.d.r.c.RepositoryConfigurationExtensionSupport - Spring Data Reactive Elasticsearch - Could not safely identify store assignment for repository candidate interface com.wherehouse.restapi.mapdata.dao.MapDataEntityRepository; If you want this repository to be a Reactive Elasticsearch repository, consider annotating your entities with one of these annotations: org.springframework.data.elasticsearch.annotations.Document (preferred), or consider extending one of the following types with your repository: org.springframework.data.elasticsearch.repository.ReactiveElasticsearchRepository
2025-09-26 09:32:44.786 [main] INFO  o.s.d.r.c.RepositoryConfigurationDelegate - Finished Spring Data repository scanning in 14 ms. Found 0 Reactive Elasticsearch repository interfaces.
2025-09-26 09:32:44.808 [main] INFO  o.s.d.r.c.RepositoryConfigurationDelegate - Multiple Spring Data modules found, entering strict repository configuration mode
2025-09-26 09:32:44.808 [main] INFO  o.s.d.r.c.RepositoryConfigurationDelegate - Bootstrapping Spring Data JDBC repositories in DEFAULT mode.
2025-09-26 09:32:44.820 [main] INFO  o.s.d.r.c.RepositoryConfigurationExtensionSupport - Spring Data JDBC - Could not safely identify store assignment for repository candidate interface com.wherehouse.board.dao.BoardEntityRepository; If you want this repository to be a JDBC repository, consider annotating your entities with one of these annotations: org.springframework.data.relational.core.mapping.Table.
2025-09-26 09:32:44.820 [main] INFO  o.s.d.r.c.RepositoryConfigurationExtensionSupport - Spring Data JDBC - Could not safely identify store assignment for repository candidate interface com.wherehouse.board.dao.CommentEntityRepository; If you want this repository to be a JDBC repository, consider annotating your entities with one of these annotations: org.springframework.data.relational.core.mapping.Table.
2025-09-26 09:32:44.820 [main] INFO  o.s.d.r.c.RepositoryConfigurationExtensionSupport - Spring Data JDBC - Could not safely identify store assignment for repository candidate interface com.wherehouse.JWT.Repository.UserEntityRepository; If you want this repository to be a JDBC repository, consider annotating your entities with one of these annotations: org.springframework.data.relational.core.mapping.Table.
2025-09-26 09:32:44.821 [main] INFO  o.s.d.r.c.RepositoryConfigurationExtensionSupport - Spring Data JDBC - Could not safely identify store assignment for repository candidate interface com.wherehouse.members.dao.MemberEntityRepository; If you want this repository to be a JDBC repository, consider annotating your entities with one of these annotations: org.springframework.data.relational.core.mapping.Table.
2025-09-26 09:32:44.821 [main] INFO  o.s.d.r.c.RepositoryConfigurationExtensionSupport - Spring Data JDBC - Could not safely identify store assignment for repository candidate interface com.wherehouse.recommand.batch.repository.AnalysisCrimeRepository; If you want this repository to be a JDBC repository, consider annotating your entities with one of these annotations: org.springframework.data.relational.core.mapping.Table.
2025-09-26 09:32:44.821 [main] INFO  o.s.d.r.c.RepositoryConfigurationExtensionSupport - Spring Data JDBC - Could not safely identify store assignment for repository candidate interface com.wherehouse.recommand.batch.repository.AnalysisEntertainmentRepository; If you want this repository to be a JDBC repository, consider annotating your entities with one of these annotations: org.springframework.data.relational.core.mapping.Table.
2025-09-26 09:32:44.821 [main] INFO  o.s.d.r.c.RepositoryConfigurationExtensionSupport - Spring Data JDBC - Could not safely identify store assignment for repository candidate interface com.wherehouse.recommand.batch.repository.AnalysisPopulationDensityRepository; If you want this repository to be a JDBC repository, consider annotating your entities with one of these annotations: org.springframework.data.relational.core.mapping.Table.
2025-09-26 09:32:44.821 [main] INFO  o.s.d.r.c.RepositoryConfigurationExtensionSupport - Spring Data JDBC - Could not safely identify store assignment for repository candidate interface com.wherehouse.restapi.mapdata.dao.MapDataEntityRepository; If you want this repository to be a JDBC repository, consider annotating your entities with one of these annotations: org.springframework.data.relational.core.mapping.Table.
2025-09-26 09:32:44.821 [main] INFO  o.s.d.r.c.RepositoryConfigurationDelegate - Finished Spring Data repository scanning in 13 ms. Found 0 JDBC repository interfaces.
2025-09-26 09:32:44.829 [main] INFO  o.s.d.r.c.RepositoryConfigurationDelegate - Multiple Spring Data modules found, entering strict repository configuration mode
2025-09-26 09:32:44.830 [main] INFO  o.s.d.r.c.RepositoryConfigurationDelegate - Bootstrapping Spring Data JPA repositories in DEFAULT mode.
2025-09-26 09:32:44.972 [main] INFO  o.s.d.r.c.RepositoryConfigurationDelegate - Finished Spring Data repository scanning in 138 ms. Found 8 JPA repository interfaces.
2025-09-26 09:32:44.989 [main] INFO  o.s.d.r.c.RepositoryConfigurationDelegate - Multiple Spring Data modules found, entering strict repository configuration mode
2025-09-26 09:32:44.991 [main] INFO  o.s.d.r.c.RepositoryConfigurationDelegate - Bootstrapping Spring Data Redis repositories in DEFAULT mode.
2025-09-26 09:32:45.019 [main] INFO  o.s.d.r.c.RepositoryConfigurationExtensionSupport - Spring Data Redis - Could not safely identify store assignment for repository candidate interface com.wherehouse.board.dao.BoardEntityRepository; If you want this repository to be a Redis repository, consider annotating your entities with one of these annotations: org.springframework.data.redis.core.RedisHash (preferred), or consider extending one of the following types with your repository: org.springframework.data.keyvalue.repository.KeyValueRepository
2025-09-26 09:32:45.019 [main] INFO  o.s.d.r.c.RepositoryConfigurationExtensionSupport - Spring Data Redis - Could not safely identify store assignment for repository candidate interface com.wherehouse.board.dao.CommentEntityRepository; If you want this repository to be a Redis repository, consider annotating your entities with one of these annotations: org.springframework.data.redis.core.RedisHash (preferred), or consider extending one of the following types with your repository: org.springframework.data.keyvalue.repository.KeyValueRepository
2025-09-26 09:32:45.020 [main] INFO  o.s.d.r.c.RepositoryConfigurationExtensionSupport - Spring Data Redis - Could not safely identify store assignment for repository candidate interface com.wherehouse.JWT.Repository.UserEntityRepository; If you want this repository to be a Redis repository, consider annotating your entities with one of these annotations: org.springframework.data.redis.core.RedisHash (preferred), or consider extending one of the following types with your repository: org.springframework.data.keyvalue.repository.KeyValueRepository
2025-09-26 09:32:45.020 [main] INFO  o.s.d.r.c.RepositoryConfigurationExtensionSupport - Spring Data Redis - Could not safely identify store assignment for repository candidate interface com.wherehouse.members.dao.MemberEntityRepository; If you want this repository to be a Redis repository, consider annotating your entities with one of these annotations: org.springframework.data.redis.core.RedisHash (preferred), or consider extending one of the following types with your repository: org.springframework.data.keyvalue.repository.KeyValueRepository
2025-09-26 09:32:45.020 [main] INFO  o.s.d.r.c.RepositoryConfigurationExtensionSupport - Spring Data Redis - Could not safely identify store assignment for repository candidate interface com.wherehouse.recommand.batch.repository.AnalysisCrimeRepository; If you want this repository to be a Redis repository, consider annotating your entities with one of these annotations: org.springframework.data.redis.core.RedisHash (preferred), or consider extending one of the following types with your repository: org.springframework.data.keyvalue.repository.KeyValueRepository
2025-09-26 09:32:45.020 [main] INFO  o.s.d.r.c.RepositoryConfigurationExtensionSupport - Spring Data Redis - Could not safely identify store assignment for repository candidate interface com.wherehouse.recommand.batch.repository.AnalysisEntertainmentRepository; If you want this repository to be a Redis repository, consider annotating your entities with one of these annotations: org.springframework.data.redis.core.RedisHash (preferred), or consider extending one of the following types with your repository: org.springframework.data.keyvalue.repository.KeyValueRepository
2025-09-26 09:32:45.020 [main] INFO  o.s.d.r.c.RepositoryConfigurationExtensionSupport - Spring Data Redis - Could not safely identify store assignment for repository candidate interface com.wherehouse.recommand.batch.repository.AnalysisPopulationDensityRepository; If you want this repository to be a Redis repository, consider annotating your entities with one of these annotations: org.springframework.data.redis.core.RedisHash (preferred), or consider extending one of the following types with your repository: org.springframework.data.keyvalue.repository.KeyValueRepository
2025-09-26 09:32:45.020 [main] INFO  o.s.d.r.c.RepositoryConfigurationExtensionSupport - Spring Data Redis - Could not safely identify store assignment for repository candidate interface com.wherehouse.restapi.mapdata.dao.MapDataEntityRepository; If you want this repository to be a Redis repository, consider annotating your entities with one of these annotations: org.springframework.data.redis.core.RedisHash (preferred), or consider extending one of the following types with your repository: org.springframework.data.keyvalue.repository.KeyValueRepository
2025-09-26 09:32:45.020 [main] INFO  o.s.d.r.c.RepositoryConfigurationDelegate - Finished Spring Data repository scanning in 12 ms. Found 0 Redis repository interfaces.
2025-09-26 09:32:45.127 [main] WARN  o.m.s.mapper.ClassPathMapperScanner - Skipping MapperFactoryBean with name 'IAddrRateRepository' and 'com.wherehouse.information.dao.IAddrRateRepository' mapperInterface. Bean already defined with the same name!
2025-09-26 09:32:45.128 [main] WARN  o.m.s.mapper.ClassPathMapperScanner - Skipping MapperFactoryBean with name 'ICCTVRepository' and 'com.wherehouse.information.dao.ICCTVRepository' mapperInterface. Bean already defined with the same name!
2025-09-26 09:32:45.128 [main] WARN  o.m.s.mapper.ClassPathMapperScanner - Skipping MapperFactoryBean with name 'IPoliceOfficeRepository' and 'com.wherehouse.information.dao.IPoliceOfficeRepository' mapperInterface. Bean already defined with the same name!
2025-09-26 09:32:45.128 [main] WARN  o.m.s.mapper.ClassPathMapperScanner - No MyBatis mapper was found in '[com.wherehouse.information.dao]' package. Please check your configuration.
2025-09-26 09:32:45.559 [main] INFO  o.s.b.w.e.tomcat.TomcatWebServer - Tomcat initialized with port 8185 (http)
2025-09-26 09:32:45.568 [main] INFO  o.a.coyote.http11.Http11NioProtocol - Initializing ProtocolHandler ["http-nio-8185"]
2025-09-26 09:32:45.571 [main] INFO  o.a.catalina.core.StandardService - Starting service [Tomcat]
2025-09-26 09:32:45.571 [main] INFO  o.a.catalina.core.StandardEngine - Starting Servlet engine: [Apache Tomcat/10.1.31]
2025-09-26 09:32:45.739 [main] INFO  o.apache.jasper.servlet.TldScanner - At least one JAR was scanned for TLDs yet contained no TLDs. Enable debug logging for this logger for a complete list of JARs that were scanned but no TLDs were found in them. Skipping unneeded JARs during scanning can improve startup time and JSP compilation time.
2025-09-26 09:32:45.743 [main] INFO  o.a.c.c.C.[.[.[/wherehouse] - Initializing Spring embedded WebApplicationContext
2025-09-26 09:32:45.744 [main] INFO  o.s.b.w.s.c.ServletWebServerApplicationContext - Root WebApplicationContext: initialization completed in 1808 ms
2025-09-26 09:32:45.914 [main] INFO  o.h.jpa.internal.util.LogHelper - HHH000204: Processing PersistenceUnitInfo [name: default]
2025-09-26 09:32:45.970 [main] INFO  org.hibernate.Version - HHH000412: Hibernate ORM core version 6.5.3.Final
2025-09-26 09:32:46.005 [main] INFO  o.h.c.i.RegionFactoryInitiator - HHH000026: Second-level cache disabled
2025-09-26 09:32:46.298 [main] INFO  o.s.o.j.p.SpringPersistenceUnitInfo - No LoadTimeWeaver setup: ignoring JPA class transformer
2025-09-26 09:32:46.325 [main] WARN  com.zaxxer.hikari.HikariConfig - HikariPool-1 - idleTimeout has been set but has no effect because the pool is operating as a fixed size pool.
2025-09-26 09:32:46.325 [main] INFO  com.zaxxer.hikari.HikariDataSource - HikariPool-1 - Starting...
2025-09-26 09:32:46.622 [main] INFO  com.zaxxer.hikari.pool.HikariPool - HikariPool-1 - Added connection oracle.jdbc.driver.T4CConnection@52a75c12
2025-09-26 09:32:46.623 [main] INFO  com.zaxxer.hikari.HikariDataSource - HikariPool-1 - Start completed.
2025-09-26 09:32:46.737 [main] WARN  org.hibernate.orm.deprecation - HHH90000025: OracleDialect does not need to be specified explicitly using 'hibernate.dialect' (remove the property setting and it will be selected by default)
2025-09-26 09:32:47.685 [main] INFO  o.h.e.t.j.p.i.JtaPlatformInitiator - HHH000489: No JTA platform available (set 'hibernate.transaction.jta.platform' to enable JTA platform integration)
2025-09-26 09:32:47.687 [main] INFO  o.s.o.j.LocalContainerEntityManagerFactoryBean - Initialized JPA EntityManagerFactory for persistence unit 'default'
2025-09-26 09:32:47.873 [main] INFO  o.s.d.j.r.query.QueryEnhancerFactory - Hibernate is in classpath; If applicable, HQL parser will be used.
2025-09-26 09:32:48.787 [main] INFO  o.s.s.c.a.a.c.InitializeAuthenticationProviderBeanManagerConfigurer$InitializeAuthenticationProviderManagerConfigurer - Global AuthenticationManager configured with AuthenticationProvider bean with name userAuthenticationProvider
2025-09-26 09:32:48.787 [main] WARN  o.s.s.c.a.a.c.InitializeUserDetailsBeanManagerConfigurer$InitializeUserDetailsManagerConfigurer - Global AuthenticationManager configured with an AuthenticationProvider bean. UserDetailsService beans will not be used for username/password login. Consider removing the AuthenticationProvider bean. Alternatively, consider using the UserDetailsService in a manually instantiated DaoAuthenticationProvider.
2025-09-26 09:32:49.681 [main] INFO  o.a.coyote.http11.Http11NioProtocol - Starting ProtocolHandler ["http-nio-8185"]
2025-09-26 09:32:49.700 [main] INFO  o.s.b.w.e.tomcat.TomcatWebServer - Tomcat started on port 8185 (http) with context path '/wherehouse'
2025-09-26 09:32:49.711 [main] INFO  c.wherehouse.WherehouseApplication - Started WherehouseApplication in 6.274 seconds (process running for 6.784)
2025-09-26 09:32:54.723 [scheduling-1] INFO  c.w.r.b.B.BatchScheduler - === 부동산 매물 데이터 배치 처리 시작 ===
2025-09-26 09:32:54.723 [scheduling-1] INFO  c.w.r.b.B.BatchScheduler - 서울시 25개 자치구 매물 데이터 수집 시작
2025-09-26 09:32:54.723 [scheduling-1] INFO  c.w.r.b.B.BatchScheduler - 조회 기준 년월: 202508 (현재 날짜 기준 전월)
2025-09-26 09:32:54.723 [scheduling-1] INFO  c.w.r.b.B.BatchScheduler - >>> 은평구 (11380) 매물 데이터 수집 시작
2025-09-26 09:32:55.207 [scheduling-1] INFO  c.w.r.b.B.BatchScheduler - >>> 은평구 전체 데이터 수: 628건
2025-09-26 09:32:55.270 [scheduling-1] INFO  c.w.r.b.B.BatchScheduler - >>> 은평구 매물 데이터 수집 완료: 628건
2025-09-26 09:32:55.471 [scheduling-1] INFO  c.w.r.b.B.BatchScheduler - >>> 중구 (11140) 매물 데이터 수집 시작
2025-09-26 09:32:55.714 [scheduling-1] INFO  c.w.r.b.B.BatchScheduler - >>> 중구 전체 데이터 수: 278건
2025-09-26 09:32:55.767 [scheduling-1] INFO  c.w.r.b.B.BatchScheduler - >>> 중구 매물 데이터 수집 완료: 278건
2025-09-26 09:32:55.973 [scheduling-1] INFO  c.w.r.b.B.BatchScheduler - >>> 중랑구 (11260) 매물 데이터 수집 시작
2025-09-26 09:32:56.125 [scheduling-1] INFO  c.w.r.b.B.BatchScheduler - >>> 중랑구 전체 데이터 수: 394건
2025-09-26 09:32:56.933 [scheduling-1] INFO  c.w.r.b.B.BatchScheduler - >>> 중랑구 매물 데이터 수집 완료: 394건
2025-09-26 09:32:57.148 [scheduling-1] INFO  c.w.r.b.B.BatchScheduler - >>> 영등포구 (11560) 매물 데이터 수집 시작
2025-09-26 09:32:57.407 [scheduling-1] INFO  c.w.r.b.B.BatchScheduler - >>> 영등포구 전체 데이터 수: 726건
2025-09-26 09:32:57.468 [scheduling-1] INFO  c.w.r.b.B.BatchScheduler - >>> 영등포구 매물 데이터 수집 완료: 726건
2025-09-26 09:32:57.681 [scheduling-1] INFO  c.w.r.b.B.BatchScheduler - >>> 강남구 (11680) 매물 데이터 수집 시작
2025-09-26 09:32:57.915 [scheduling-1] INFO  c.w.r.b.B.BatchScheduler - >>> 강남구 전체 데이터 수: 1647건
2025-09-26 09:32:58.202 [scheduling-1] INFO  c.w.r.b.B.BatchScheduler - >>> 강남구 매물 데이터 수집 완료: 1647건
2025-09-26 09:32:58.418 [scheduling-1] INFO  c.w.r.b.B.BatchScheduler - >>> 강북구 (11305) 매물 데이터 수집 시작
2025-09-26 09:32:58.524 [scheduling-1] INFO  c.w.r.b.B.BatchScheduler - >>> 강북구 전체 데이터 수: 212건
2025-09-26 09:32:58.569 [scheduling-1] INFO  c.w.r.b.B.BatchScheduler - >>> 강북구 매물 데이터 수집 완료: 212건
2025-09-26 09:32:58.778 [scheduling-1] INFO  c.w.r.b.B.BatchScheduler - >>> 도봉구 (11320) 매물 데이터 수집 시작
2025-09-26 09:32:58.986 [scheduling-1] INFO  c.w.r.b.B.BatchScheduler - >>> 도봉구 전체 데이터 수: 509건
2025-09-26 09:32:59.045 [scheduling-1] INFO  c.w.r.b.B.BatchScheduler - >>> 도봉구 매물 데이터 수집 완료: 509건
2025-09-26 09:32:59.260 [scheduling-1] INFO  c.w.r.b.B.BatchScheduler - >>> 마포구 (11440) 매물 데이터 수집 시작
2025-09-26 09:32:59.512 [scheduling-1] INFO  c.w.r.b.B.BatchScheduler - >>> 마포구 전체 데이터 수: 863건
2025-09-26 09:32:59.613 [scheduling-1] INFO  c.w.r.b.B.BatchScheduler - >>> 마포구 매물 데이터 수집 완료: 863건
2025-09-26 09:32:59.824 [scheduling-1] INFO  c.w.r.b.B.BatchScheduler - >>> 강동구 (11740) 매물 데이터 수집 시작
2025-09-26 09:33:00.233 [scheduling-1] INFO  c.w.r.b.B.BatchScheduler - >>> 강동구 전체 데이터 수: 1065건
2025-09-26 09:33:00.470 [scheduling-1] INFO  c.w.r.b.B.BatchScheduler - >>> 강동구 매물 데이터 수집 완료: 1065건
2025-09-26 09:33:00.684 [scheduling-1] INFO  c.w.r.b.B.BatchScheduler - >>> 성동구 (11200) 매물 데이터 수집 시작
2025-09-26 09:33:01.008 [scheduling-1] INFO  c.w.r.b.B.BatchScheduler - >>> 성동구 전체 데이터 수: 883건
2025-09-26 09:33:01.110 [scheduling-1] INFO  c.w.r.b.B.BatchScheduler - >>> 성동구 매물 데이터 수집 완료: 883건
2025-09-26 09:33:01.312 [scheduling-1] INFO  c.w.r.b.B.BatchScheduler - >>> 강서구 (11500) 매물 데이터 수집 시작
2025-09-26 09:33:01.625 [scheduling-1] INFO  c.w.r.b.B.BatchScheduler - >>> 강서구 전체 데이터 수: 1100건
2025-09-26 09:33:02.020 [scheduling-1] INFO  c.w.r.b.B.BatchScheduler - >>> 강서구 매물 데이터 수집 완료: 1100건
2025-09-26 09:33:02.230 [scheduling-1] INFO  c.w.r.b.B.BatchScheduler - >>> 관악구 (11620) 매물 데이터 수집 시작
2025-09-26 09:33:02.453 [scheduling-1] INFO  c.w.r.b.B.BatchScheduler - >>> 관악구 전체 데이터 수: 484건
2025-09-26 09:33:02.520 [scheduling-1] INFO  c.w.r.b.B.BatchScheduler - >>> 관악구 매물 데이터 수집 완료: 484건
2025-09-26 09:33:02.729 [scheduling-1] INFO  c.w.r.b.B.BatchScheduler - >>> 금천구 (11545) 매물 데이터 수집 시작
2025-09-26 09:33:03.074 [scheduling-1] INFO  c.w.r.b.B.BatchScheduler - >>> 금천구 전체 데이터 수: 236건
2025-09-26 09:33:03.187 [scheduling-1] INFO  c.w.r.b.B.BatchScheduler - >>> 금천구 매물 데이터 수집 완료: 236건
2025-09-26 09:33:03.403 [scheduling-1] INFO  c.w.r.b.B.BatchScheduler - >>> 성북구 (11290) 매물 데이터 수집 시작
2025-09-26 09:33:03.769 [scheduling-1] INFO  c.w.r.b.B.BatchScheduler - >>> 성북구 전체 데이터 수: 571건
2025-09-26 09:33:04.099 [scheduling-1] INFO  c.w.r.b.B.BatchScheduler - >>> 성북구 매물 데이터 수집 완료: 571건
2025-09-26 09:33:04.307 [scheduling-1] INFO  c.w.r.b.B.BatchScheduler - >>> 용산구 (11170) 매물 데이터 수집 시작
2025-09-26 09:33:04.469 [scheduling-1] INFO  c.w.r.b.B.BatchScheduler - >>> 용산구 전체 데이터 수: 412건
2025-09-26 09:33:04.554 [scheduling-1] INFO  c.w.r.b.B.BatchScheduler - >>> 용산구 매물 데이터 수집 완료: 412건
2025-09-26 09:33:04.761 [scheduling-1] INFO  c.w.r.b.B.BatchScheduler - >>> 양천구 (11470) 매물 데이터 수집 시작
2025-09-26 09:33:05.050 [scheduling-1] INFO  c.w.r.b.B.BatchScheduler - >>> 양천구 전체 데이터 수: 1069건
2025-09-26 09:33:05.226 [scheduling-1] INFO  c.w.r.b.B.BatchScheduler - >>> 양천구 매물 데이터 수집 완료: 1069건
2025-09-26 09:33:05.441 [scheduling-1] INFO  c.w.r.b.B.BatchScheduler - >>> 동작구 (11590) 매물 데이터 수집 시작
2025-09-26 09:33:05.648 [scheduling-1] INFO  c.w.r.b.B.BatchScheduler - >>> 동작구 전체 데이터 수: 658건
2025-09-26 09:33:05.820 [scheduling-1] INFO  c.w.r.b.B.BatchScheduler - >>> 동작구 매물 데이터 수집 완료: 658건
2025-09-26 09:33:06.028 [scheduling-1] INFO  c.w.r.b.B.BatchScheduler - >>> 동대문구 (11230) 매물 데이터 수집 시작
2025-09-26 09:33:06.247 [scheduling-1] INFO  c.w.r.b.B.BatchScheduler - >>> 동대문구 전체 데이터 수: 712건
2025-09-26 09:33:06.308 [scheduling-1] INFO  c.w.r.b.B.BatchScheduler - >>> 동대문구 매물 데이터 수집 완료: 712건
2025-09-26 09:33:06.511 [scheduling-1] INFO  c.w.r.b.B.BatchScheduler - >>> 노원구 (11350) 매물 데이터 수집 시작
2025-09-26 09:33:06.786 [scheduling-1] INFO  c.w.r.b.B.BatchScheduler - >>> 노원구 전체 데이터 수: 1354건
2025-09-26 09:33:06.993 [scheduling-1] INFO  c.w.r.b.B.BatchScheduler - >>> 노원구 매물 데이터 수집 완료: 1354건
2025-09-26 09:33:07.143 [http-nio-8185-exec-2] INFO  o.a.c.c.C.[.[.[/wherehouse] - Initializing Spring DispatcherServlet 'dispatcherServlet'
2025-09-26 09:33:07.143 [http-nio-8185-exec-2] INFO  o.s.web.servlet.DispatcherServlet - Initializing Servlet 'dispatcherServlet'
2025-09-26 09:33:07.145 [http-nio-8185-exec-2] INFO  o.s.web.servlet.DispatcherServlet - Completed initialization in 2 ms
2025-09-26 09:33:07.200 [scheduling-1] INFO  c.w.r.b.B.BatchScheduler - >>> 서초구 (11650) 매물 데이터 수집 시작
2025-09-26 09:33:07.521 [scheduling-1] INFO  c.w.r.b.B.BatchScheduler - >>> 서초구 전체 데이터 수: 1687건
2025-09-26 09:33:07.860 [scheduling-1] INFO  c.w.r.b.B.BatchScheduler - >>> 서초구 매물 데이터 수집 완료: 1687건
2025-09-26 09:33:08.068 [scheduling-1] INFO  c.w.r.b.B.BatchScheduler - >>> 종로구 (11110) 매물 데이터 수집 시작
2025-09-26 09:33:08.156 [scheduling-1] INFO  c.w.r.b.B.BatchScheduler - >>> 종로구 전체 데이터 수: 160건
2025-09-26 09:33:08.205 [scheduling-1] INFO  c.w.r.b.B.BatchScheduler - >>> 종로구 매물 데이터 수집 완료: 160건
2025-09-26 09:33:08.416 [scheduling-1] INFO  c.w.r.b.B.BatchScheduler - >>> 서대문구 (11410) 매물 데이터 수집 시작
2025-09-26 09:33:08.584 [scheduling-1] INFO  c.w.r.b.B.BatchScheduler - >>> 서대문구 전체 데이터 수: 482건
2025-09-26 09:33:08.658 [scheduling-1] INFO  c.w.r.b.B.BatchScheduler - >>> 서대문구 매물 데이터 수집 완료: 482건
2025-09-26 09:33:08.859 [scheduling-1] INFO  c.w.r.b.B.BatchScheduler - >>> 구로구 (11530) 매물 데이터 수집 시작
2025-09-26 09:33:09.078 [scheduling-1] INFO  c.w.r.b.B.BatchScheduler - >>> 구로구 전체 데이터 수: 767건
2025-09-26 09:33:09.157 [scheduling-1] INFO  c.w.r.b.B.BatchScheduler - >>> 구로구 매물 데이터 수집 완료: 767건
2025-09-26 09:33:09.365 [scheduling-1] INFO  c.w.r.b.B.BatchScheduler - >>> 광진구 (11215) 매물 데이터 수집 시작
2025-09-26 09:33:09.498 [scheduling-1] INFO  c.w.r.b.B.BatchScheduler - >>> 광진구 전체 데이터 수: 299건
2025-09-26 09:33:09.554 [scheduling-1] INFO  c.w.r.b.B.BatchScheduler - >>> 광진구 매물 데이터 수집 완료: 299건
2025-09-26 09:33:09.768 [scheduling-1] INFO  c.w.r.b.B.BatchScheduler - >>> 송파구 (11710) 매물 데이터 수집 시작
2025-09-26 09:33:10.078 [scheduling-1] INFO  c.w.r.b.B.BatchScheduler - >>> 송파구 전체 데이터 수: 1141건
2025-09-26 09:33:10.260 [scheduling-1] INFO  c.w.r.b.B.BatchScheduler - >>> 송파구 매물 데이터 수집 완료: 1141건
2025-09-26 09:33:10.467 [scheduling-1] INFO  c.w.r.b.B.BatchScheduler - 전 지역구 매물 데이터 수집 완료: 이 18337건
2025-09-26 09:33:10.467 [scheduling-1] INFO  c.w.r.b.B.BatchScheduler - 이 18337건의 매물 데이터를 수집했습니다.
2025-09-26 09:33:10.467 [scheduling-1] INFO  c.w.r.b.B.BatchScheduler - Redis 데이터 적재 시작 - 이 18337건
2025-09-26 09:33:36.367 [http-nio-8185-exec-9] INFO  c.w.r.c.RecommendationController - === 전세 지역구 추천 요청 시작 (POST) ===
2025-09-26 09:33:36.367 [http-nio-8185-exec-9] INFO  c.w.r.c.RecommendationController - 요청 파라미터: CharterRecommendationRequestDto(budgetMin=700000, budgetMax=1200000, areaMin=1.0, areaMax=100.0, priority1=PRICE, priority2=SAFETY, priority3=SPACE, budgetFlexibility=10, minSafetyScore=70, absoluteMinArea=0.0)
2025-09-26 09:33:36.370 [http-nio-8185-exec-9] INFO  c.w.r.s.CharterRecommendationService - === 전세 지역구 추천 서비스 시작 ===
2025-09-26 09:33:36.371 [http-nio-8185-exec-9] INFO  c.w.r.s.CharterRecommendationService - 요청 조건: 전세금=700000-1200000, 평수=1.0-100.0, 우선순위=PRICE,SAFETY,SPACE
2025-09-26 09:33:36.371 [http-nio-8185-exec-9] INFO  c.w.r.s.CharterRecommendationService - S-01: 전세 매물 검색 시작 - 대상: 25
2025-09-26 09:33:36.494 [http-nio-8185-exec-9] INFO  c.w.r.s.CharterRecommendationService - 안전성 필터링 적용 - 원본: 25개 지역구 → 필터링 후: 0개 지역구 (기준: 70점 이상)
2025-09-26 09:33:36.494 [http-nio-8185-exec-9] INFO  c.w.r.s.CharterRecommendationService - 전세 매물 검색 완료: 총 0개 매물 ID 발견 (0개 지역구)
2025-09-26 09:33:36.495 [http-nio-8185-exec-9] INFO  c.w.r.s.CharterRecommendationService - S-02: 폴백 조건 판단 - 전체 매물: 0개, 매물 보유 지역구: 0개
2025-09-26 09:33:36.495 [http-nio-8185-exec-9] INFO  c.w.r.s.CharterRecommendationService - S-04: 전세 매물 점수 계산 시작
2025-09-26 09:33:36.496 [http-nio-8185-exec-9] INFO  c.w.r.s.CharterRecommendationService - S-04: 전세 매물 점수 계산 완료 - 0개 지역구
2025-09-26 09:33:36.496 [http-nio-8185-exec-9] INFO  c.w.r.s.CharterRecommendationService - S-05: 지역구 점수 계산 및 정렬 시작
2025-09-26 09:33:36.496 [http-nio-8185-exec-9] INFO  c.w.r.s.CharterRecommendationService - S-05: 지역구 점수 계산 및 정렬 완료 - 0개 지역구
2025-09-26 09:33:36.496 [http-nio-8185-exec-9] INFO  c.w.r.s.CharterRecommendationService - S-06: 전세 최종 응답 생성 시작
2025-09-26 09:33:36.496 [http-nio-8185-exec-9] INFO  c.w.r.s.CharterRecommendationService - === 전세 지역구 추천 서비스 완료 ===
2025-09-26 09:33:36.496 [http-nio-8185-exec-9] INFO  c.w.r.c.RecommendationController - === 전세 지역구 추천 요청 완료 - 상태: NO_RESULTS ===
2025-09-26 09:33:47.927 [http-nio-8185-exec-8] INFO  c.w.r.c.RecommendationController - === 전세 지역구 추천 요청 시작 (POST) ===
2025-09-26 09:33:47.928 [http-nio-8185-exec-8] INFO  c.w.r.c.RecommendationController - 요청 파라미터: CharterRecommendationRequestDto(budgetMin=700000, budgetMax=1200000, areaMin=1.0, areaMax=100.0, priority1=PRICE, priority2=SAFETY, priority3=SPACE, budgetFlexibility=10, minSafetyScore=70, absoluteMinArea=15.0)
2025-09-26 09:33:47.928 [http-nio-8185-exec-8] INFO  c.w.r.s.CharterRecommendationService - === 전세 지역구 추천 서비스 시작 ===
2025-09-26 09:33:47.928 [http-nio-8185-exec-8] INFO  c.w.r.s.CharterRecommendationService - 요청 조건: 전세금=700000-1200000, 평수=1.0-100.0, 우선순위=PRICE,SAFETY,SPACE
2025-09-26 09:33:47.928 [http-nio-8185-exec-8] INFO  c.w.r.s.CharterRecommendationService - S-01: 전세 매물 검색 시작 - 대상: 25
2025-09-26 09:33:48.047 [http-nio-8185-exec-8] INFO  c.w.r.s.CharterRecommendationService - 안전성 필터링 적용 - 원본: 25개 지역구 → 필터링 후: 0개 지역구 (기준: 70점 이상)
2025-09-26 09:33:48.047 [http-nio-8185-exec-8] INFO  c.w.r.s.CharterRecommendationService - 전세 매물 검색 완료: 총 0개 매물 ID 발견 (0개 지역구)
2025-09-26 09:33:48.047 [http-nio-8185-exec-8] INFO  c.w.r.s.CharterRecommendationService - S-02: 폴백 조건 판단 - 전체 매물: 0개, 매물 보유 지역구: 0개
2025-09-26 09:33:48.047 [http-nio-8185-exec-8] INFO  c.w.r.s.CharterRecommendationService - S-04: 전세 매물 점수 계산 시작
2025-09-26 09:33:48.047 [http-nio-8185-exec-8] INFO  c.w.r.s.CharterRecommendationService - S-04: 전세 매물 점수 계산 완료 - 0개 지역구
2025-09-26 09:33:48.047 [http-nio-8185-exec-8] INFO  c.w.r.s.CharterRecommendationService - S-05: 지역구 점수 계산 및 정렬 시작
2025-09-26 09:33:48.047 [http-nio-8185-exec-8] INFO  c.w.r.s.CharterRecommendationService - S-05: 지역구 점수 계산 및 정렬 완료 - 0개 지역구
2025-09-26 09:33:48.047 [http-nio-8185-exec-8] INFO  c.w.r.s.CharterRecommendationService - S-06: 전세 최종 응답 생성 시작
2025-09-26 09:33:48.047 [http-nio-8185-exec-8] INFO  c.w.r.s.CharterRecommendationService - === 전세 지역구 추천 서비스 완료 ===
2025-09-26 09:33:48.047 [http-nio-8185-exec-8] INFO  c.w.r.c.RecommendationController - === 전세 지역구 추천 요청 완료 - 상태: NO_RESULTS ===
2025-09-26 09:35:06.309 [http-nio-8185-exec-4] INFO  c.w.r.c.RecommendationController - === 전세 지역구 추천 요청 시작 (POST) ===
2025-09-26 09:35:06.310 [http-nio-8185-exec-4] INFO  c.w.r.c.RecommendationController - 요청 파라미터: CharterRecommendationRequestDto(budgetMin=70000, budgetMax=1200000, areaMin=1.0, areaMax=100.0, priority1=PRICE, priority2=SAFETY, priority3=SPACE, budgetFlexibility=10, minSafetyScore=70, absoluteMinArea=15.0)
2025-09-26 09:35:06.310 [http-nio-8185-exec-4] INFO  c.w.r.s.CharterRecommendationService - === 전세 지역구 추천 서비스 시작 ===
2025-09-26 09:35:06.310 [http-nio-8185-exec-4] INFO  c.w.r.s.CharterRecommendationService - 요청 조건: 전세금=70000-1200000, 평수=1.0-100.0, 우선순위=PRICE,SAFETY,SPACE
2025-09-26 09:35:06.310 [http-nio-8185-exec-4] INFO  c.w.r.s.CharterRecommendationService - S-01: 전세 매물 검색 시작 - 대상: 25
2025-09-26 09:35:06.436 [http-nio-8185-exec-4] INFO  c.w.r.s.CharterRecommendationService - 안전성 필터링 적용 - 원본: 25개 지역구 → 필터링 후: 0개 지역구 (기준: 70점 이상)
2025-09-26 09:35:06.436 [http-nio-8185-exec-4] INFO  c.w.r.s.CharterRecommendationService - 전세 매물 검색 완료: 총 0개 매물 ID 발견 (0개 지역구)
2025-09-26 09:35:06.436 [http-nio-8185-exec-4] INFO  c.w.r.s.CharterRecommendationService - S-02: 폴백 조건 판단 - 전체 매물: 0개, 매물 보유 지역구: 0개
2025-09-26 09:35:06.437 [http-nio-8185-exec-4] INFO  c.w.r.s.CharterRecommendationService - S-04: 전세 매물 점수 계산 시작
2025-09-26 09:35:06.437 [http-nio-8185-exec-4] INFO  c.w.r.s.CharterRecommendationService - S-04: 전세 매물 점수 계산 완료 - 0개 지역구
2025-09-26 09:35:06.437 [http-nio-8185-exec-4] INFO  c.w.r.s.CharterRecommendationService - S-05: 지역구 점수 계산 및 정렬 시작
2025-09-26 09:35:06.437 [http-nio-8185-exec-4] INFO  c.w.r.s.CharterRecommendationService - S-05: 지역구 점수 계산 및 정렬 완료 - 0개 지역구
2025-09-26 09:35:06.437 [http-nio-8185-exec-4] INFO  c.w.r.s.CharterRecommendationService - S-06: 전세 최종 응답 생성 시작
2025-09-26 09:35:06.437 [http-nio-8185-exec-4] INFO  c.w.r.s.CharterRecommendationService - === 전세 지역구 추천 서비스 완료 ===
2025-09-26 09:35:06.437 [http-nio-8185-exec-4] INFO  c.w.r.c.RecommendationController - === 전세 지역구 추천 요청 완료 - 상태: NO_RESULTS ===
