2026-02-12 15:48:00.451 [background-preinit] INFO  o.h.validator.internal.util.Version - HV000001: Hibernate Validator 8.0.1.Final
2026-02-12 15:48:00.482 [main] INFO  c.wherehouse.WherehouseApplication - Starting WherehouseApplication using Java 17.0.11 with PID 17976 (E:\devSpace\SpringBootProjects\wherehouse_SpringBoot-master\wherehouse\build\classes\java\main started by wjdqj in E:\devSpace\SpringBootProjects\wherehouse_SpringBoot-master\wherehouse)
2026-02-12 15:48:00.483 [main] INFO  c.wherehouse.WherehouseApplication - No active profile set, falling back to 1 default profile: "default"
2026-02-12 15:48:01.091 [main] INFO  o.s.d.r.c.RepositoryConfigurationDelegate - Multiple Spring Data modules found, entering strict repository configuration mode
2026-02-12 15:48:01.093 [main] INFO  o.s.d.r.c.RepositoryConfigurationDelegate - Bootstrapping Spring Data JDBC repositories in DEFAULT mode.
2026-02-12 15:48:01.133 [main] INFO  o.s.d.r.c.RepositoryConfigurationExtensionSupport - Spring Data JDBC - Could not safely identify store assignment for repository candidate interface com.wherehouse.board.dao.BoardEntityRepository; If you want this repository to be a JDBC repository, consider annotating your entities with one of these annotations: org.springframework.data.relational.core.mapping.Table.
2026-02-12 15:48:01.134 [main] INFO  o.s.d.r.c.RepositoryConfigurationExtensionSupport - Spring Data JDBC - Could not safely identify store assignment for repository candidate interface com.wherehouse.board.dao.CommentEntityRepository; If you want this repository to be a JDBC repository, consider annotating your entities with one of these annotations: org.springframework.data.relational.core.mapping.Table.
2026-02-12 15:48:01.135 [main] INFO  o.s.d.r.c.RepositoryConfigurationExtensionSupport - Spring Data JDBC - Could not safely identify store assignment for repository candidate interface com.wherehouse.information.dao.ArrestRateRepository; If you want this repository to be a JDBC repository, consider annotating your entities with one of these annotations: org.springframework.data.relational.core.mapping.Table.
2026-02-12 15:48:01.136 [main] INFO  o.s.d.r.c.RepositoryConfigurationExtensionSupport - Spring Data JDBC - Could not safely identify store assignment for repository candidate interface com.wherehouse.information.dao.CctvGeoRepository; If you want this repository to be a JDBC repository, consider annotating your entities with one of these annotations: org.springframework.data.relational.core.mapping.Table.
2026-02-12 15:48:01.137 [main] INFO  o.s.d.r.c.RepositoryConfigurationExtensionSupport - Spring Data JDBC - Could not safely identify store assignment for repository candidate interface com.wherehouse.information.dao.PoliceOfficeGeoRepository; If you want this repository to be a JDBC repository, consider annotating your entities with one of these annotations: org.springframework.data.relational.core.mapping.Table.
2026-02-12 15:48:01.137 [main] INFO  o.s.d.r.c.RepositoryConfigurationExtensionSupport - Spring Data JDBC - Could not safely identify store assignment for repository candidate interface com.wherehouse.JWT.Repository.UserEntityRepository; If you want this repository to be a JDBC repository, consider annotating your entities with one of these annotations: org.springframework.data.relational.core.mapping.Table.
2026-02-12 15:48:01.138 [main] INFO  o.s.d.r.c.RepositoryConfigurationExtensionSupport - Spring Data JDBC - Could not safely identify store assignment for repository candidate interface com.wherehouse.members.dao.MemberEntityRepository; If you want this repository to be a JDBC repository, consider annotating your entities with one of these annotations: org.springframework.data.relational.core.mapping.Table.
2026-02-12 15:48:01.139 [main] INFO  o.s.d.r.c.RepositoryConfigurationExtensionSupport - Spring Data JDBC - Could not safely identify store assignment for repository candidate interface com.wherehouse.recommand.batch.repository.AnalysisCrimeRepository; If you want this repository to be a JDBC repository, consider annotating your entities with one of these annotations: org.springframework.data.relational.core.mapping.Table.
2026-02-12 15:48:01.140 [main] INFO  o.s.d.r.c.RepositoryConfigurationExtensionSupport - Spring Data JDBC - Could not safely identify store assignment for repository candidate interface com.wherehouse.recommand.batch.repository.AnalysisEntertainmentRepository; If you want this repository to be a JDBC repository, consider annotating your entities with one of these annotations: org.springframework.data.relational.core.mapping.Table.
2026-02-12 15:48:01.140 [main] INFO  o.s.d.r.c.RepositoryConfigurationExtensionSupport - Spring Data JDBC - Could not safely identify store assignment for repository candidate interface com.wherehouse.recommand.batch.repository.AnalysisPopulationDensityRepository; If you want this repository to be a JDBC repository, consider annotating your entities with one of these annotations: org.springframework.data.relational.core.mapping.Table.
2026-02-12 15:48:01.141 [main] INFO  o.s.d.r.c.RepositoryConfigurationExtensionSupport - Spring Data JDBC - Could not safely identify store assignment for repository candidate interface com.wherehouse.recommand.batch.repository.PropertyCharterRepository; If you want this repository to be a JDBC repository, consider annotating your entities with one of these annotations: org.springframework.data.relational.core.mapping.Table.
2026-02-12 15:48:01.142 [main] INFO  o.s.d.r.c.RepositoryConfigurationExtensionSupport - Spring Data JDBC - Could not safely identify store assignment for repository candidate interface com.wherehouse.recommand.batch.repository.PropertyMonthlyRepository; If you want this repository to be a JDBC repository, consider annotating your entities with one of these annotations: org.springframework.data.relational.core.mapping.Table.
2026-02-12 15:48:01.142 [main] INFO  o.s.d.r.c.RepositoryConfigurationExtensionSupport - Spring Data JDBC - Could not safely identify store assignment for repository candidate interface com.wherehouse.restapi.mapdata.dao.MapDataEntityRepository; If you want this repository to be a JDBC repository, consider annotating your entities with one of these annotations: org.springframework.data.relational.core.mapping.Table.
2026-02-12 15:48:01.143 [main] INFO  o.s.d.r.c.RepositoryConfigurationExtensionSupport - Spring Data JDBC - Could not safely identify store assignment for repository candidate interface com.wherehouse.review.repository.ReviewKeywordRepository; If you want this repository to be a JDBC repository, consider annotating your entities with one of these annotations: org.springframework.data.relational.core.mapping.Table.
2026-02-12 15:48:01.145 [main] INFO  o.s.d.r.c.RepositoryConfigurationExtensionSupport - Spring Data JDBC - Could not safely identify store assignment for repository candidate interface com.wherehouse.review.repository.ReviewRepository; If you want this repository to be a JDBC repository, consider annotating your entities with one of these annotations: org.springframework.data.relational.core.mapping.Table.
2026-02-12 15:48:01.146 [main] INFO  o.s.d.r.c.RepositoryConfigurationExtensionSupport - Spring Data JDBC - Could not safely identify store assignment for repository candidate interface com.wherehouse.review.repository.ReviewStatisticsRepository; If you want this repository to be a JDBC repository, consider annotating your entities with one of these annotations: org.springframework.data.relational.core.mapping.Table.
2026-02-12 15:48:01.147 [main] INFO  o.s.d.r.c.RepositoryConfigurationDelegate - Finished Spring Data repository scanning in 50 ms. Found 0 JDBC repository interfaces.
2026-02-12 15:48:01.155 [main] INFO  o.s.d.r.c.RepositoryConfigurationDelegate - Multiple Spring Data modules found, entering strict repository configuration mode
2026-02-12 15:48:01.156 [main] INFO  o.s.d.r.c.RepositoryConfigurationDelegate - Bootstrapping Spring Data JPA repositories in DEFAULT mode.
2026-02-12 15:48:01.266 [main] INFO  o.s.d.r.c.RepositoryConfigurationDelegate - Finished Spring Data repository scanning in 107 ms. Found 16 JPA repository interfaces.
2026-02-12 15:48:01.277 [main] INFO  o.s.d.r.c.RepositoryConfigurationDelegate - Multiple Spring Data modules found, entering strict repository configuration mode
2026-02-12 15:48:01.278 [main] INFO  o.s.d.r.c.RepositoryConfigurationDelegate - Bootstrapping Spring Data Redis repositories in DEFAULT mode.
2026-02-12 15:48:01.295 [main] INFO  o.s.d.r.c.RepositoryConfigurationExtensionSupport - Spring Data Redis - Could not safely identify store assignment for repository candidate interface com.wherehouse.board.dao.BoardEntityRepository; If you want this repository to be a Redis repository, consider annotating your entities with one of these annotations: org.springframework.data.redis.core.RedisHash (preferred), or consider extending one of the following types with your repository: org.springframework.data.keyvalue.repository.KeyValueRepository
2026-02-12 15:48:01.295 [main] INFO  o.s.d.r.c.RepositoryConfigurationExtensionSupport - Spring Data Redis - Could not safely identify store assignment for repository candidate interface com.wherehouse.board.dao.CommentEntityRepository; If you want this repository to be a Redis repository, consider annotating your entities with one of these annotations: org.springframework.data.redis.core.RedisHash (preferred), or consider extending one of the following types with your repository: org.springframework.data.keyvalue.repository.KeyValueRepository
2026-02-12 15:48:01.295 [main] INFO  o.s.d.r.c.RepositoryConfigurationExtensionSupport - Spring Data Redis - Could not safely identify store assignment for repository candidate interface com.wherehouse.information.dao.ArrestRateRepository; If you want this repository to be a Redis repository, consider annotating your entities with one of these annotations: org.springframework.data.redis.core.RedisHash (preferred), or consider extending one of the following types with your repository: org.springframework.data.keyvalue.repository.KeyValueRepository
2026-02-12 15:48:01.296 [main] INFO  o.s.d.r.c.RepositoryConfigurationExtensionSupport - Spring Data Redis - Could not safely identify store assignment for repository candidate interface com.wherehouse.information.dao.CctvGeoRepository; If you want this repository to be a Redis repository, consider annotating your entities with one of these annotations: org.springframework.data.redis.core.RedisHash (preferred), or consider extending one of the following types with your repository: org.springframework.data.keyvalue.repository.KeyValueRepository
2026-02-12 15:48:01.296 [main] INFO  o.s.d.r.c.RepositoryConfigurationExtensionSupport - Spring Data Redis - Could not safely identify store assignment for repository candidate interface com.wherehouse.information.dao.PoliceOfficeGeoRepository; If you want this repository to be a Redis repository, consider annotating your entities with one of these annotations: org.springframework.data.redis.core.RedisHash (preferred), or consider extending one of the following types with your repository: org.springframework.data.keyvalue.repository.KeyValueRepository
2026-02-12 15:48:01.296 [main] INFO  o.s.d.r.c.RepositoryConfigurationExtensionSupport - Spring Data Redis - Could not safely identify store assignment for repository candidate interface com.wherehouse.JWT.Repository.UserEntityRepository; If you want this repository to be a Redis repository, consider annotating your entities with one of these annotations: org.springframework.data.redis.core.RedisHash (preferred), or consider extending one of the following types with your repository: org.springframework.data.keyvalue.repository.KeyValueRepository
2026-02-12 15:48:01.296 [main] INFO  o.s.d.r.c.RepositoryConfigurationExtensionSupport - Spring Data Redis - Could not safely identify store assignment for repository candidate interface com.wherehouse.members.dao.MemberEntityRepository; If you want this repository to be a Redis repository, consider annotating your entities with one of these annotations: org.springframework.data.redis.core.RedisHash (preferred), or consider extending one of the following types with your repository: org.springframework.data.keyvalue.repository.KeyValueRepository
2026-02-12 15:48:01.296 [main] INFO  o.s.d.r.c.RepositoryConfigurationExtensionSupport - Spring Data Redis - Could not safely identify store assignment for repository candidate interface com.wherehouse.recommand.batch.repository.AnalysisCrimeRepository; If you want this repository to be a Redis repository, consider annotating your entities with one of these annotations: org.springframework.data.redis.core.RedisHash (preferred), or consider extending one of the following types with your repository: org.springframework.data.keyvalue.repository.KeyValueRepository
2026-02-12 15:48:01.296 [main] INFO  o.s.d.r.c.RepositoryConfigurationExtensionSupport - Spring Data Redis - Could not safely identify store assignment for repository candidate interface com.wherehouse.recommand.batch.repository.AnalysisEntertainmentRepository; If you want this repository to be a Redis repository, consider annotating your entities with one of these annotations: org.springframework.data.redis.core.RedisHash (preferred), or consider extending one of the following types with your repository: org.springframework.data.keyvalue.repository.KeyValueRepository
2026-02-12 15:48:01.296 [main] INFO  o.s.d.r.c.RepositoryConfigurationExtensionSupport - Spring Data Redis - Could not safely identify store assignment for repository candidate interface com.wherehouse.recommand.batch.repository.AnalysisPopulationDensityRepository; If you want this repository to be a Redis repository, consider annotating your entities with one of these annotations: org.springframework.data.redis.core.RedisHash (preferred), or consider extending one of the following types with your repository: org.springframework.data.keyvalue.repository.KeyValueRepository
2026-02-12 15:48:01.296 [main] INFO  o.s.d.r.c.RepositoryConfigurationExtensionSupport - Spring Data Redis - Could not safely identify store assignment for repository candidate interface com.wherehouse.recommand.batch.repository.PropertyCharterRepository; If you want this repository to be a Redis repository, consider annotating your entities with one of these annotations: org.springframework.data.redis.core.RedisHash (preferred), or consider extending one of the following types with your repository: org.springframework.data.keyvalue.repository.KeyValueRepository
2026-02-12 15:48:01.296 [main] INFO  o.s.d.r.c.RepositoryConfigurationExtensionSupport - Spring Data Redis - Could not safely identify store assignment for repository candidate interface com.wherehouse.recommand.batch.repository.PropertyMonthlyRepository; If you want this repository to be a Redis repository, consider annotating your entities with one of these annotations: org.springframework.data.redis.core.RedisHash (preferred), or consider extending one of the following types with your repository: org.springframework.data.keyvalue.repository.KeyValueRepository
2026-02-12 15:48:01.296 [main] INFO  o.s.d.r.c.RepositoryConfigurationExtensionSupport - Spring Data Redis - Could not safely identify store assignment for repository candidate interface com.wherehouse.restapi.mapdata.dao.MapDataEntityRepository; If you want this repository to be a Redis repository, consider annotating your entities with one of these annotations: org.springframework.data.redis.core.RedisHash (preferred), or consider extending one of the following types with your repository: org.springframework.data.keyvalue.repository.KeyValueRepository
2026-02-12 15:48:01.297 [main] INFO  o.s.d.r.c.RepositoryConfigurationExtensionSupport - Spring Data Redis - Could not safely identify store assignment for repository candidate interface com.wherehouse.review.repository.ReviewKeywordRepository; If you want this repository to be a Redis repository, consider annotating your entities with one of these annotations: org.springframework.data.redis.core.RedisHash (preferred), or consider extending one of the following types with your repository: org.springframework.data.keyvalue.repository.KeyValueRepository
2026-02-12 15:48:01.297 [main] INFO  o.s.d.r.c.RepositoryConfigurationExtensionSupport - Spring Data Redis - Could not safely identify store assignment for repository candidate interface com.wherehouse.review.repository.ReviewRepository; If you want this repository to be a Redis repository, consider annotating your entities with one of these annotations: org.springframework.data.redis.core.RedisHash (preferred), or consider extending one of the following types with your repository: org.springframework.data.keyvalue.repository.KeyValueRepository
2026-02-12 15:48:01.297 [main] INFO  o.s.d.r.c.RepositoryConfigurationExtensionSupport - Spring Data Redis - Could not safely identify store assignment for repository candidate interface com.wherehouse.review.repository.ReviewStatisticsRepository; If you want this repository to be a Redis repository, consider annotating your entities with one of these annotations: org.springframework.data.redis.core.RedisHash (preferred), or consider extending one of the following types with your repository: org.springframework.data.keyvalue.repository.KeyValueRepository
2026-02-12 15:48:01.297 [main] INFO  o.s.d.r.c.RepositoryConfigurationDelegate - Finished Spring Data repository scanning in 14 ms. Found 0 Redis repository interfaces.
2026-02-12 15:48:01.772 [main] INFO  o.s.b.w.e.tomcat.TomcatWebServer - Tomcat initialized with port 8185 (http)
2026-02-12 15:48:01.780 [main] INFO  o.a.coyote.http11.Http11NioProtocol - Initializing ProtocolHandler ["http-nio-8185"]
2026-02-12 15:48:01.783 [main] INFO  o.a.catalina.core.StandardService - Starting service [Tomcat]
2026-02-12 15:48:01.783 [main] INFO  o.a.catalina.core.StandardEngine - Starting Servlet engine: [Apache Tomcat/10.1.31]
2026-02-12 15:48:01.916 [main] INFO  o.apache.jasper.servlet.TldScanner - At least one JAR was scanned for TLDs yet contained no TLDs. Enable debug logging for this logger for a complete list of JARs that were scanned but no TLDs were found in them. Skipping unneeded JARs during scanning can improve startup time and JSP compilation time.
2026-02-12 15:48:01.920 [main] INFO  o.a.c.c.C.[.[.[/wherehouse] - Initializing Spring embedded WebApplicationContext
2026-02-12 15:48:01.922 [main] INFO  o.s.b.w.s.c.ServletWebServerApplicationContext - Root WebApplicationContext: initialization completed in 1408 ms
2026-02-12 15:48:01.967 [main] DEBUG com.zaxxer.hikari.HikariConfig - Driver class oracle.jdbc.OracleDriver found in Thread context class loader jdk.internal.loader.ClassLoaders$AppClassLoader@63947c6b
2026-02-12 15:48:02.061 [main] INFO  o.h.jpa.internal.util.LogHelper - HHH000204: Processing PersistenceUnitInfo [name: default]
2026-02-12 15:48:02.094 [main] INFO  org.hibernate.Version - HHH000412: Hibernate ORM core version 6.5.3.Final
2026-02-12 15:48:02.115 [main] INFO  o.h.c.i.RegionFactoryInitiator - HHH000026: Second-level cache disabled
2026-02-12 15:48:02.309 [main] INFO  o.s.o.j.p.SpringPersistenceUnitInfo - No LoadTimeWeaver setup: ignoring JPA class transformer
2026-02-12 15:48:02.329 [main] WARN  com.zaxxer.hikari.HikariConfig - HikariPool-1 - keepaliveTime is less than 30000ms, disabling it.
2026-02-12 15:48:02.329 [main] WARN  com.zaxxer.hikari.HikariConfig - HikariPool-1 - idleTimeout has been set but has no effect because the pool is operating as a fixed size pool.
2026-02-12 15:48:02.329 [main] DEBUG com.zaxxer.hikari.HikariConfig - HikariPool-1 - configuration:
2026-02-12 15:48:02.331 [main] DEBUG com.zaxxer.hikari.HikariConfig - allowPoolSuspension.............false
2026-02-12 15:48:02.331 [main] DEBUG com.zaxxer.hikari.HikariConfig - autoCommit......................false
2026-02-12 15:48:02.331 [main] DEBUG com.zaxxer.hikari.HikariConfig - catalog.........................none
2026-02-12 15:48:02.331 [main] DEBUG com.zaxxer.hikari.HikariConfig - connectionInitSql...............none
2026-02-12 15:48:02.331 [main] DEBUG com.zaxxer.hikari.HikariConfig - connectionTestQuery.............none
2026-02-12 15:48:02.331 [main] DEBUG com.zaxxer.hikari.HikariConfig - connectionTimeout...............30000
2026-02-12 15:48:02.331 [main] DEBUG com.zaxxer.hikari.HikariConfig - dataSource......................none
2026-02-12 15:48:02.331 [main] DEBUG com.zaxxer.hikari.HikariConfig - dataSourceClassName.............none
2026-02-12 15:48:02.332 [main] DEBUG com.zaxxer.hikari.HikariConfig - dataSourceJNDI..................none
2026-02-12 15:48:02.332 [main] DEBUG com.zaxxer.hikari.HikariConfig - dataSourceProperties............{oracle.net.RECV_BUF_SIZE=65536, oracle.net.SEND_BUF_SIZE=65536, password=<masked>, oracle.net.SDU=32768}
2026-02-12 15:48:02.332 [main] DEBUG com.zaxxer.hikari.HikariConfig - driverClassName................."oracle.jdbc.OracleDriver"
2026-02-12 15:48:02.332 [main] DEBUG com.zaxxer.hikari.HikariConfig - exceptionOverrideClassName......none
2026-02-12 15:48:02.332 [main] DEBUG com.zaxxer.hikari.HikariConfig - healthCheckProperties...........{}
2026-02-12 15:48:02.332 [main] DEBUG com.zaxxer.hikari.HikariConfig - healthCheckRegistry.............none
2026-02-12 15:48:02.332 [main] DEBUG com.zaxxer.hikari.HikariConfig - idleTimeout.....................30000
2026-02-12 15:48:02.332 [main] DEBUG com.zaxxer.hikari.HikariConfig - initializationFailTimeout.......1
2026-02-12 15:48:02.332 [main] DEBUG com.zaxxer.hikari.HikariConfig - isolateInternalQueries..........false
2026-02-12 15:48:02.332 [main] DEBUG com.zaxxer.hikari.HikariConfig - jdbcUrl.........................jdbc:oracle:thin:@61.75.54.208:1521:xe
2026-02-12 15:48:02.332 [main] DEBUG com.zaxxer.hikari.HikariConfig - keepaliveTime...................0
2026-02-12 15:48:02.332 [main] DEBUG com.zaxxer.hikari.HikariConfig - leakDetectionThreshold..........60000
2026-02-12 15:48:02.332 [main] DEBUG com.zaxxer.hikari.HikariConfig - maxLifetime.....................1800000
2026-02-12 15:48:02.332 [main] DEBUG com.zaxxer.hikari.HikariConfig - maximumPoolSize.................12
2026-02-12 15:48:02.333 [main] DEBUG com.zaxxer.hikari.HikariConfig - metricRegistry..................none
2026-02-12 15:48:02.333 [main] DEBUG com.zaxxer.hikari.HikariConfig - metricsTrackerFactory...........none
2026-02-12 15:48:02.333 [main] DEBUG com.zaxxer.hikari.HikariConfig - minimumIdle.....................12
2026-02-12 15:48:02.333 [main] DEBUG com.zaxxer.hikari.HikariConfig - password........................<masked>
2026-02-12 15:48:02.333 [main] DEBUG com.zaxxer.hikari.HikariConfig - poolName........................"HikariPool-1"
2026-02-12 15:48:02.333 [main] DEBUG com.zaxxer.hikari.HikariConfig - readOnly........................false
2026-02-12 15:48:02.333 [main] DEBUG com.zaxxer.hikari.HikariConfig - registerMbeans..................false
2026-02-12 15:48:02.333 [main] DEBUG com.zaxxer.hikari.HikariConfig - scheduledExecutor...............none
2026-02-12 15:48:02.333 [main] DEBUG com.zaxxer.hikari.HikariConfig - schema..........................none
2026-02-12 15:48:02.333 [main] DEBUG com.zaxxer.hikari.HikariConfig - threadFactory...................internal
2026-02-12 15:48:02.333 [main] DEBUG com.zaxxer.hikari.HikariConfig - transactionIsolation............default
2026-02-12 15:48:02.333 [main] DEBUG com.zaxxer.hikari.HikariConfig - username........................"SCOTT"
2026-02-12 15:48:02.333 [main] DEBUG com.zaxxer.hikari.HikariConfig - validationTimeout...............5000
2026-02-12 15:48:02.333 [main] INFO  com.zaxxer.hikari.HikariDataSource - HikariPool-1 - Starting...
2026-02-12 15:48:02.910 [main] INFO  com.zaxxer.hikari.pool.HikariPool - HikariPool-1 - Added connection oracle.jdbc.driver.T4CConnection@bff764c
2026-02-12 15:48:02.914 [main] INFO  com.zaxxer.hikari.HikariDataSource - HikariPool-1 - Start completed.
2026-02-12 15:48:03.022 [HikariPool-1 housekeeper] DEBUG com.zaxxer.hikari.pool.HikariPool - HikariPool-1 - Pool stats (total=1, active=1, idle=0, waiting=0)
2026-02-12 15:48:03.107 [main] WARN  org.hibernate.orm.deprecation - HHH90000025: OracleDialect does not need to be specified explicitly using 'hibernate.dialect' (remove the property setting and it will be selected by default)
2026-02-12 15:48:03.288 [main] DEBUG c.zaxxer.hikari.pool.ProxyConnection - HikariPool-1 - Executed rollback on connection oracle.jdbc.driver.T4CConnection@bff764c due to dirty commit state on close().
2026-02-12 15:48:03.439 [HikariPool-1 connection adder] DEBUG com.zaxxer.hikari.pool.HikariPool - HikariPool-1 - Added connection oracle.jdbc.driver.T4CConnection@57959a49
2026-02-12 15:48:03.480 [HikariPool-1 connection adder] DEBUG com.zaxxer.hikari.pool.HikariPool - HikariPool-1 - After adding stats (total=2, active=0, idle=2, waiting=0)
2026-02-12 15:48:03.917 [HikariPool-1 connection adder] DEBUG com.zaxxer.hikari.pool.HikariPool - HikariPool-1 - Added connection oracle.jdbc.driver.T4CConnection@5c48df53
2026-02-12 15:48:03.950 [HikariPool-1 connection adder] DEBUG com.zaxxer.hikari.pool.HikariPool - HikariPool-1 - After adding stats (total=3, active=0, idle=3, waiting=0)
2026-02-12 15:48:04.108 [main] INFO  o.h.e.t.j.p.i.JtaPlatformInitiator - HHH000489: No JTA platform available (set 'hibernate.transaction.jta.platform' to enable JTA platform integration)
2026-02-12 15:48:04.110 [main] INFO  o.s.o.j.LocalContainerEntityManagerFactoryBean - Initialized JPA EntityManagerFactory for persistence unit 'default'
2026-02-12 15:48:04.267 [main] INFO  o.s.d.j.r.query.QueryEnhancerFactory - Hibernate is in classpath; If applicable, HQL parser will be used.
2026-02-12 15:48:04.358 [HikariPool-1 connection adder] DEBUG com.zaxxer.hikari.pool.HikariPool - HikariPool-1 - Added connection oracle.jdbc.driver.T4CConnection@24fe50d0
2026-02-12 15:48:04.390 [HikariPool-1 connection adder] DEBUG com.zaxxer.hikari.pool.HikariPool - HikariPool-1 - After adding stats (total=4, active=0, idle=4, waiting=0)
2026-02-12 15:48:04.823 [HikariPool-1 connection adder] DEBUG com.zaxxer.hikari.pool.HikariPool - HikariPool-1 - Added connection oracle.jdbc.driver.T4CConnection@3ffa9b4e
2026-02-12 15:48:04.854 [HikariPool-1 connection adder] DEBUG com.zaxxer.hikari.pool.HikariPool - HikariPool-1 - After adding stats (total=5, active=0, idle=5, waiting=0)
2026-02-12 15:48:05.273 [HikariPool-1 connection adder] DEBUG com.zaxxer.hikari.pool.HikariPool - HikariPool-1 - Added connection oracle.jdbc.driver.T4CConnection@6251bfe7
2026-02-12 15:48:05.306 [HikariPool-1 connection adder] DEBUG com.zaxxer.hikari.pool.HikariPool - HikariPool-1 - After adding stats (total=6, active=0, idle=6, waiting=0)
2026-02-12 15:48:05.712 [HikariPool-1 connection adder] DEBUG com.zaxxer.hikari.pool.HikariPool - HikariPool-1 - Added connection oracle.jdbc.driver.T4CConnection@1368b6c8
2026-02-12 15:48:05.749 [HikariPool-1 connection adder] DEBUG com.zaxxer.hikari.pool.HikariPool - HikariPool-1 - After adding stats (total=7, active=1, idle=6, waiting=0)
2026-02-12 15:48:06.138 [HikariPool-1 connection adder] DEBUG com.zaxxer.hikari.pool.HikariPool - HikariPool-1 - Added connection oracle.jdbc.driver.T4CConnection@26e14fa2
2026-02-12 15:48:06.171 [HikariPool-1 connection adder] DEBUG com.zaxxer.hikari.pool.HikariPool - HikariPool-1 - After adding stats (total=8, active=1, idle=7, waiting=0)
2026-02-12 15:48:06.623 [HikariPool-1 connection adder] DEBUG com.zaxxer.hikari.pool.HikariPool - HikariPool-1 - Added connection oracle.jdbc.driver.T4CConnection@72d3074f
2026-02-12 15:48:06.654 [HikariPool-1 connection adder] DEBUG com.zaxxer.hikari.pool.HikariPool - HikariPool-1 - After adding stats (total=9, active=1, idle=8, waiting=0)
2026-02-12 15:48:07.058 [HikariPool-1 connection adder] DEBUG com.zaxxer.hikari.pool.HikariPool - HikariPool-1 - Added connection oracle.jdbc.driver.T4CConnection@651b61d3
2026-02-12 15:48:07.091 [HikariPool-1 connection adder] DEBUG com.zaxxer.hikari.pool.HikariPool - HikariPool-1 - After adding stats (total=10, active=1, idle=9, waiting=0)
2026-02-12 15:48:07.518 [HikariPool-1 connection adder] DEBUG com.zaxxer.hikari.pool.HikariPool - HikariPool-1 - Added connection oracle.jdbc.driver.T4CConnection@4fc05839
2026-02-12 15:48:07.559 [HikariPool-1 connection adder] DEBUG com.zaxxer.hikari.pool.HikariPool - HikariPool-1 - After adding stats (total=11, active=1, idle=10, waiting=0)
2026-02-12 15:48:07.980 [HikariPool-1 connection adder] DEBUG com.zaxxer.hikari.pool.HikariPool - HikariPool-1 - Added connection oracle.jdbc.driver.T4CConnection@1672d41f
2026-02-12 15:48:08.013 [HikariPool-1 connection adder] DEBUG com.zaxxer.hikari.pool.HikariPool - HikariPool-1 - After adding stats (total=12, active=1, idle=11, waiting=0)
2026-02-12 15:48:08.013 [HikariPool-1 connection adder] DEBUG com.zaxxer.hikari.pool.HikariPool - HikariPool-1 - Connection not added, stats (total=12, active=1, idle=11, waiting=0)
2026-02-12 15:48:33.031 [HikariPool-1 housekeeper] DEBUG com.zaxxer.hikari.pool.HikariPool - HikariPool-1 - Pool stats (total=12, active=1, idle=11, waiting=0)
2026-02-12 15:48:33.031 [HikariPool-1 housekeeper] DEBUG com.zaxxer.hikari.pool.HikariPool - HikariPool-1 - Fill pool skipped, pool has sufficient level or currently being filled.
2026-02-12 15:48:48.053 [main] INFO  c.w.r.service.ReviewWriteService - [TASK_1][V2_INCREMENTAL][CACHE_INIT] 완료: 총=75108건, 유효=75108건, 스킵=0건, 성공=75108건, 실패=0건, 소요시간=42671ms
2026-02-12 15:48:48.087 [main] INFO  o.s.s.c.a.a.c.InitializeAuthenticationProviderBeanManagerConfigurer$InitializeAuthenticationProviderManagerConfigurer - Global AuthenticationManager configured with AuthenticationProvider bean with name userAuthenticationProvider
2026-02-12 15:48:48.087 [main] WARN  o.s.s.c.a.a.c.InitializeUserDetailsBeanManagerConfigurer$InitializeUserDetailsManagerConfigurer - Global AuthenticationManager configured with an AuthenticationProvider bean. UserDetailsService beans will not be used for username/password login. Consider removing the AuthenticationProvider bean. Alternatively, consider using the UserDetailsService in a manually instantiated DaoAuthenticationProvider.
2026-02-12 15:48:48.429 [main] DEBUG c.zaxxer.hikari.pool.ProxyConnection - HikariPool-1 - Executed rollback on connection oracle.jdbc.driver.T4CConnection@bff764c due to dirty commit state on close().
2026-02-12 15:48:48.529 [main] INFO  o.a.coyote.http11.Http11NioProtocol - Starting ProtocolHandler ["http-nio-8185"]
2026-02-12 15:48:48.541 [main] INFO  o.s.b.w.e.tomcat.TomcatWebServer - Tomcat started on port 8185 (http) with context path '/wherehouse'
2026-02-12 15:48:48.552 [main] INFO  c.wherehouse.WherehouseApplication - Started WherehouseApplication in 48.451 seconds (process running for 48.896)
2026-02-12 15:49:03.037 [HikariPool-1 housekeeper] DEBUG com.zaxxer.hikari.pool.HikariPool - HikariPool-1 - Pool stats (total=12, active=0, idle=12, waiting=0)
2026-02-12 15:49:03.037 [HikariPool-1 housekeeper] DEBUG com.zaxxer.hikari.pool.HikariPool - HikariPool-1 - Fill pool skipped, pool has sufficient level or currently being filled.
2026-02-12 15:49:06.323 [http-nio-8185-exec-1] INFO  o.a.c.c.C.[.[.[/wherehouse] - Initializing Spring DispatcherServlet 'dispatcherServlet'
2026-02-12 15:49:06.323 [http-nio-8185-exec-1] INFO  o.s.web.servlet.DispatcherServlet - Initializing Servlet 'dispatcherServlet'
2026-02-12 15:49:06.323 [http-nio-8185-exec-1] INFO  o.s.web.servlet.DispatcherServlet - Completed initialization in 0 ms
2026-02-12 15:49:06.448 [http-nio-8185-exec-1] INFO  c.w.r.c.RecommendationController - === 월세 지역구 추천 요청 시작 (POST) ===
2026-02-12 15:49:06.448 [http-nio-8185-exec-1] INFO  c.w.r.c.RecommendationController - 요청 파라미터: MonthlyRecommendationRequestDto(budgetMin=500, budgetMax=10000, monthlyRentMin=1, monthlyRentMax=150, areaMin=10.0, areaMax=60.0, priority1=PRICE, priority2=SAFETY, priority3=SPACE, budgetFlexibility=0, minSafetyScore=0, absoluteMinArea=0.0)
2026-02-12 15:49:06.452 [http-nio-8185-exec-1] INFO  c.w.r.s.MonthlyRecommendationService - === 월세 지역구 추천 서비스 시작 ===
2026-02-12 15:49:06.452 [http-nio-8185-exec-1] INFO  c.w.r.s.MonthlyRecommendationService - 요청 조건: 보증금=500-10000, 월세=1-150, 평수=10.0-60.0, 우선순위=PRICE,SAFETY,SPACE
2026-02-12 15:49:06.452 [http-nio-8185-exec-1] INFO  c.w.r.s.MonthlyRecommendationService - S-01: 월세 매물 검색 시작 - 대상: 25
2026-02-12 15:49:06.605 [http-nio-8185-exec-1] INFO  c.w.r.s.MonthlyRecommendationService - [Metrics-Sequential] district=종로구, commands=3, methodTime=151.6935 ms, totalCmdLatency=150.6804 ms, ioRatio=99.33 %, nonIoTime=1.0131 ms, cmd1=57.4857 ms (91건), cmd2=47.9300 ms (139건), cmd3=45.2647 ms (128건), status=SUCCESS|intersection=12
2026-02-12 15:49:06.759 [http-nio-8185-exec-1] INFO  c.w.r.s.MonthlyRecommendationService - [Metrics-Sequential] district=중구, commands=3, methodTime=160.3695 ms, totalCmdLatency=160.0818 ms, ioRatio=99.82 %, nonIoTime=0.2877 ms, cmd1=42.6500 ms (160건), cmd2=60.2572 ms (166건), cmd3=57.1746 ms (168건), status=SUCCESS|intersection=18
2026-02-12 15:49:06.888 [http-nio-8185-exec-1] INFO  c.w.r.s.MonthlyRecommendationService - [Metrics-Sequential] district=용산구, commands=3, methodTime=131.0946 ms, totalCmdLatency=130.7911 ms, ioRatio=99.77 %, nonIoTime=0.3035 ms, cmd1=40.3972 ms (134건), cmd2=48.8821 ms (174건), cmd3=41.5118 ms (265건), status=SUCCESS|intersection=29
2026-02-12 15:49:07.027 [http-nio-8185-exec-1] INFO  c.w.r.s.MonthlyRecommendationService - [Metrics-Sequential] district=성동구, commands=3, methodTime=129.8608 ms, totalCmdLatency=129.3206 ms, ioRatio=99.58 %, nonIoTime=0.5402 ms, cmd1=38.5632 ms (190건), cmd2=43.6120 ms (293건), cmd3=47.1454 ms (494건), status=SUCCESS|intersection=24
2026-02-12 15:49:07.139 [http-nio-8185-exec-1] INFO  c.w.r.s.MonthlyRecommendationService - [Metrics-Sequential] district=광진구, commands=3, methodTime=116.4728 ms, totalCmdLatency=116.1918 ms, ioRatio=99.76 %, nonIoTime=0.2810 ms, cmd1=37.1152 ms (97건), cmd2=42.5111 ms (223건), cmd3=36.5655 ms (228건), status=SUCCESS|intersection=10
2026-02-12 15:49:07.266 [http-nio-8185-exec-1] INFO  c.w.r.s.MonthlyRecommendationService - [Metrics-Sequential] district=동대문구, commands=3, methodTime=122.5875 ms, totalCmdLatency=122.3134 ms, ioRatio=99.78 %, nonIoTime=0.2741 ms, cmd1=43.4109 ms (295건), cmd2=38.0973 ms (404건), cmd3=40.8052 ms (342건), status=SUCCESS|intersection=80
2026-02-12 15:49:07.394 [http-nio-8185-exec-1] INFO  c.w.r.s.MonthlyRecommendationService - [Metrics-Sequential] district=중랑구, commands=3, methodTime=120.7749 ms, totalCmdLatency=120.2204 ms, ioRatio=99.54 %, nonIoTime=0.5545 ms, cmd1=39.3728 ms (255건), cmd2=42.2792 ms (434건), cmd3=38.5684 ms (295건), status=SUCCESS|intersection=132
2026-02-12 15:49:07.502 [http-nio-8185-exec-1] INFO  c.w.r.s.MonthlyRecommendationService - [Metrics-Sequential] district=성북구, commands=3, methodTime=117.8582 ms, totalCmdLatency=117.6385 ms, ioRatio=99.81 %, nonIoTime=0.2197 ms, cmd1=32.5147 ms (224건), cmd2=46.3335 ms (347건), cmd3=38.7903 ms (372건), status=SUCCESS|intersection=97
2026-02-12 15:49:07.663 [http-nio-8185-exec-1] INFO  c.w.r.s.MonthlyRecommendationService - [Metrics-Sequential] district=강북구, commands=3, methodTime=154.0486 ms, totalCmdLatency=153.8681 ms, ioRatio=99.88 %, nonIoTime=0.1805 ms, cmd1=36.0644 ms (122건), cmd2=79.1619 ms (143건), cmd3=38.6418 ms (104건), status=SUCCESS|intersection=40
2026-02-12 15:49:07.790 [http-nio-8185-exec-1] INFO  c.w.r.s.MonthlyRecommendationService - [Metrics-Sequential] district=도봉구, commands=3, methodTime=132.2894 ms, totalCmdLatency=132.0553 ms, ioRatio=99.82 %, nonIoTime=0.2341 ms, cmd1=43.7240 ms (214건), cmd2=48.0935 ms (286건), cmd3=40.2378 ms (264건), status=SUCCESS|intersection=182
2026-02-12 15:49:07.912 [http-nio-8185-exec-1] INFO  c.w.r.s.MonthlyRecommendationService - [Metrics-Sequential] district=노원구, commands=3, methodTime=124.9799 ms, totalCmdLatency=124.4996 ms, ioRatio=99.62 %, nonIoTime=0.4803 ms, cmd1=43.8125 ms (623건), cmd2=39.3993 ms (816건), cmd3=41.2878 ms (752건), status=SUCCESS|intersection=496
2026-02-12 15:49:08.039 [http-nio-8185-exec-1] INFO  c.w.r.s.MonthlyRecommendationService - [Metrics-Sequential] district=은평구, commands=3, methodTime=127.5565 ms, totalCmdLatency=127.2486 ms, ioRatio=99.76 %, nonIoTime=0.3079 ms, cmd1=35.4678 ms (240건), cmd2=50.4667 ms (362건), cmd3=41.3141 ms (309건), status=SUCCESS|intersection=95
2026-02-12 15:49:08.182 [http-nio-8185-exec-1] INFO  c.w.r.s.MonthlyRecommendationService - [Metrics-Sequential] district=서대문구, commands=3, methodTime=135.3931 ms, totalCmdLatency=135.1706 ms, ioRatio=99.84 %, nonIoTime=0.2225 ms, cmd1=39.4780 ms (194건), cmd2=37.8155 ms (293건), cmd3=57.8771 ms (325건), status=SUCCESS|intersection=70
2026-02-12 15:49:08.310 [http-nio-8185-exec-1] INFO  c.w.r.s.MonthlyRecommendationService - [Metrics-Sequential] district=마포구, commands=3, methodTime=125.7738 ms, totalCmdLatency=125.2986 ms, ioRatio=99.62 %, nonIoTime=0.4752 ms, cmd1=41.9178 ms (319건), cmd2=42.0784 ms (422건), cmd3=41.3024 ms (600건), status=SUCCESS|intersection=117
2026-02-12 15:49:08.421 [http-nio-8185-exec-1] INFO  c.w.r.s.MonthlyRecommendationService - [Metrics-Sequential] district=양천구, commands=3, methodTime=117.3911 ms, totalCmdLatency=117.0392 ms, ioRatio=99.70 %, nonIoTime=0.3519 ms, cmd1=31.8605 ms (179건), cmd2=46.2795 ms (393건), cmd3=38.8992 ms (489건), status=SUCCESS|intersection=123
2026-02-12 15:49:08.549 [http-nio-8185-exec-1] INFO  c.w.r.s.MonthlyRecommendationService - [Metrics-Sequential] district=강서구, commands=3, methodTime=130.3058 ms, totalCmdLatency=129.9411 ms, ioRatio=99.72 %, nonIoTime=0.3647 ms, cmd1=45.2888 ms (434건), cmd2=42.7373 ms (656건), cmd3=41.9150 ms (599건), status=SUCCESS|intersection=291
2026-02-12 15:49:08.678 [http-nio-8185-exec-1] INFO  c.w.r.s.MonthlyRecommendationService - [Metrics-Sequential] district=구로구, commands=3, methodTime=126.5072 ms, totalCmdLatency=126.2072 ms, ioRatio=99.76 %, nonIoTime=0.3000 ms, cmd1=44.1407 ms (289건), cmd2=42.6245 ms (469건), cmd3=39.4420 ms (388건), status=SUCCESS|intersection=163
2026-02-12 15:49:08.806 [http-nio-8185-exec-1] INFO  c.w.r.s.MonthlyRecommendationService - [Metrics-Sequential] district=금천구, commands=3, methodTime=114.6847 ms, totalCmdLatency=114.5390 ms, ioRatio=99.87 %, nonIoTime=0.1457 ms, cmd1=36.5330 ms (95건), cmd2=38.2619 ms (181건), cmd3=39.7441 ms (113건), status=SUCCESS|intersection=35
2026-02-12 15:49:08.933 [http-nio-8185-exec-1] INFO  c.w.r.s.MonthlyRecommendationService - [Metrics-Sequential] district=영등포구, commands=3, methodTime=126.2096 ms, totalCmdLatency=125.9209 ms, ioRatio=99.77 %, nonIoTime=0.2887 ms, cmd1=40.3610 ms (223건), cmd2=43.5463 ms (406건), cmd3=42.0136 ms (405건), status=SUCCESS|intersection=70
2026-02-12 15:49:09.045 [http-nio-8185-exec-1] INFO  c.w.r.s.MonthlyRecommendationService - [Metrics-Sequential] district=동작구, commands=3, methodTime=121.0542 ms, totalCmdLatency=120.7812 ms, ioRatio=99.77 %, nonIoTime=0.2730 ms, cmd1=32.6935 ms (178건), cmd2=46.7312 ms (322건), cmd3=41.3565 ms (346건), status=SUCCESS|intersection=41
2026-02-12 15:49:09.157 [http-nio-8185-exec-1] INFO  c.w.r.s.MonthlyRecommendationService - [Metrics-Sequential] district=관악구, commands=3, methodTime=113.4275 ms, totalCmdLatency=113.1385 ms, ioRatio=99.75 %, nonIoTime=0.2890 ms, cmd1=34.2409 ms (200건), cmd2=43.9645 ms (290건), cmd3=34.9331 ms (229건), status=SUCCESS|intersection=67
2026-02-12 15:49:09.303 [http-nio-8185-exec-1] INFO  c.w.r.s.MonthlyRecommendationService - [Metrics-Sequential] district=서초구, commands=3, methodTime=136.1551 ms, totalCmdLatency=135.8704 ms, ioRatio=99.79 %, nonIoTime=0.2847 ms, cmd1=37.3463 ms (219건), cmd2=51.2252 ms (423건), cmd3=47.2989 ms (801건), status=SUCCESS|intersection=97
2026-02-12 15:49:12.727 [http-nio-8185-exec-1] INFO  c.w.r.s.MonthlyRecommendationService - [Metrics-Sequential] district=강남구, commands=3, methodTime=3428.5425 ms, totalCmdLatency=3413.3173 ms, ioRatio=99.56 %, nonIoTime=15.2252 ms, cmd1=466.4075 ms (16008건), cmd2=1203.8858 ms (36251건), cmd3=1743.0240 ms (51211건), status=SUCCESS|intersection=11287
2026-02-12 15:49:12.854 [http-nio-8185-exec-1] INFO  c.w.r.s.MonthlyRecommendationService - [Metrics-Sequential] district=송파구, commands=3, methodTime=134.3741 ms, totalCmdLatency=133.9649 ms, ioRatio=99.70 %, nonIoTime=0.4092 ms, cmd1=47.9086 ms (367건), cmd2=40.8640 ms (638건), cmd3=45.1923 ms (973건), status=SUCCESS|intersection=194
2026-02-12 15:49:12.982 [http-nio-8185-exec-1] INFO  c.w.r.s.MonthlyRecommendationService - [Metrics-Sequential] district=강동구, commands=3, methodTime=124.0483 ms, totalCmdLatency=123.4861 ms, ioRatio=99.55 %, nonIoTime=0.5622 ms, cmd1=41.8830 ms (354건), cmd2=42.1030 ms (648건), cmd3=39.5001 ms (662건), status=SUCCESS|intersection=172
2026-02-12 15:49:12.982 [http-nio-8185-exec-1] INFO  c.w.r.s.MonthlyRecommendationService - [Metrics-LoopSummary] mode=SEQUENTIAL, totalDistricts=25, successDistricts=25, emptyDistricts=0, totalProperties=13942, loopTime=6540.5918 ms, avgPerDistrict=261.6237 ms
2026-02-12 15:49:12.982 [http-nio-8185-exec-1] INFO  c.w.r.s.MonthlyRecommendationService - 월세 매물 검색 완료: 총 13942개 매물 ID 발견 (25개 지역구)
2026-02-12 15:49:12.982 [http-nio-8185-exec-1] INFO  c.w.r.s.MonthlyRecommendationService - S-04: 월세 매물 점수 계산 시작 (Hybrid Logic)
2026-02-12 15:49:26.908 [http-nio-8185-exec-1] INFO  c.w.r.s.MonthlyRecommendationService - S-05: 지역구 점수 계산 및 정렬 시작
2026-02-12 15:49:26.910 [http-nio-8185-exec-1] INFO  c.w.r.s.MonthlyRecommendationService - S-06: 월세 최종 응답 생성 시작
2026-02-12 15:49:26.919 [http-nio-8185-exec-1] INFO  c.w.r.s.MonthlyRecommendationService - === 월세 지역구 추천 서비스 완료 ===
2026-02-12 15:49:26.919 [http-nio-8185-exec-1] INFO  c.w.r.c.RecommendationController - === 월세 지역구 추천 요청 완료 - 상태: SUCCESS_NORMAL ===
2026-02-12 15:49:33.041 [HikariPool-1 housekeeper] DEBUG com.zaxxer.hikari.pool.HikariPool - HikariPool-1 - Pool stats (total=12, active=0, idle=12, waiting=0)
2026-02-12 15:49:33.041 [HikariPool-1 housekeeper] DEBUG com.zaxxer.hikari.pool.HikariPool - HikariPool-1 - Fill pool skipped, pool has sufficient level or currently being filled.
2026-02-12 15:50:03.042 [HikariPool-1 housekeeper] DEBUG com.zaxxer.hikari.pool.HikariPool - HikariPool-1 - Pool stats (total=12, active=0, idle=12, waiting=0)
2026-02-12 15:50:03.042 [HikariPool-1 housekeeper] DEBUG com.zaxxer.hikari.pool.HikariPool - HikariPool-1 - Fill pool skipped, pool has sufficient level or currently being filled.
2026-02-12 15:50:09.091 [SpringApplicationShutdownHook] INFO  c.w.information.util.KakaoApiService - [KakaoApiService] 스레드 풀 종료 시작
2026-02-12 15:50:09.091 [SpringApplicationShutdownHook] INFO  c.w.information.util.KakaoApiService - [KakaoApiService] 스레드 풀 종료 완료
2026-02-12 15:50:09.093 [SpringApplicationShutdownHook] INFO  o.s.o.j.LocalContainerEntityManagerFactoryBean - Closing JPA EntityManagerFactory for persistence unit 'default'
2026-02-12 15:50:09.094 [SpringApplicationShutdownHook] INFO  com.zaxxer.hikari.HikariDataSource - HikariPool-1 - Shutdown initiated...
2026-02-12 15:50:09.094 [SpringApplicationShutdownHook] DEBUG com.zaxxer.hikari.pool.HikariPool - HikariPool-1 - Before shutdown stats (total=12, active=0, idle=12, waiting=0)
2026-02-12 15:50:09.095 [HikariPool-1 connection closer] DEBUG com.zaxxer.hikari.pool.PoolBase - HikariPool-1 - Closing connection oracle.jdbc.driver.T4CConnection@bff764c: (connection evicted)
2026-02-12 15:50:09.141 [HikariPool-1 connection closer] DEBUG com.zaxxer.hikari.pool.PoolBase - HikariPool-1 - Closing connection oracle.jdbc.driver.T4CConnection@57959a49: (connection evicted)
2026-02-12 15:50:09.183 [HikariPool-1 connection closer] DEBUG com.zaxxer.hikari.pool.PoolBase - HikariPool-1 - Closing connection oracle.jdbc.driver.T4CConnection@5c48df53: (connection evicted)
2026-02-12 15:50:09.223 [HikariPool-1 connection closer] DEBUG com.zaxxer.hikari.pool.PoolBase - HikariPool-1 - Closing connection oracle.jdbc.driver.T4CConnection@24fe50d0: (connection evicted)
2026-02-12 15:50:09.258 [HikariPool-1 connection closer] DEBUG com.zaxxer.hikari.pool.PoolBase - HikariPool-1 - Closing connection oracle.jdbc.driver.T4CConnection@3ffa9b4e: (connection evicted)
2026-02-12 15:50:09.299 [HikariPool-1 connection closer] DEBUG com.zaxxer.hikari.pool.PoolBase - HikariPool-1 - Closing connection oracle.jdbc.driver.T4CConnection@6251bfe7: (connection evicted)
2026-02-12 15:50:09.339 [HikariPool-1 connection closer] DEBUG com.zaxxer.hikari.pool.PoolBase - HikariPool-1 - Closing connection oracle.jdbc.driver.T4CConnection@1368b6c8: (connection evicted)
2026-02-12 15:50:09.381 [HikariPool-1 connection closer] DEBUG com.zaxxer.hikari.pool.PoolBase - HikariPool-1 - Closing connection oracle.jdbc.driver.T4CConnection@26e14fa2: (connection evicted)
2026-02-12 15:50:09.416 [HikariPool-1 connection closer] DEBUG com.zaxxer.hikari.pool.PoolBase - HikariPool-1 - Closing connection oracle.jdbc.driver.T4CConnection@72d3074f: (connection evicted)
2026-02-12 15:50:09.461 [HikariPool-1 connection closer] DEBUG com.zaxxer.hikari.pool.PoolBase - HikariPool-1 - Closing connection oracle.jdbc.driver.T4CConnection@651b61d3: (connection evicted)
2026-02-12 15:50:09.501 [HikariPool-1 connection closer] DEBUG com.zaxxer.hikari.pool.PoolBase - HikariPool-1 - Closing connection oracle.jdbc.driver.T4CConnection@4fc05839: (connection evicted)
2026-02-12 15:50:09.540 [HikariPool-1 connection closer] DEBUG com.zaxxer.hikari.pool.PoolBase - HikariPool-1 - Closing connection oracle.jdbc.driver.T4CConnection@1672d41f: (connection evicted)
2026-02-12 15:50:09.581 [SpringApplicationShutdownHook] DEBUG com.zaxxer.hikari.pool.HikariPool - HikariPool-1 - After shutdown stats (total=0, active=0, idle=0, waiting=0)
2026-02-12 15:50:09.582 [SpringApplicationShutdownHook] INFO  com.zaxxer.hikari.HikariDataSource - HikariPool-1 - Shutdown completed.
