2026-05-28 15:02:05.307 [background-preinit] INFO  o.h.validator.internal.util.Version - HV000001: Hibernate Validator 8.0.1.Final
2026-05-28 15:02:05.338 [main] INFO  c.wherehouse.WherehouseApplication - Starting WherehouseApplication using Java 17.0.11 with PID 14904 (E:\devSpace\SpringBootProjects\wherehouse_SpringBoot-master\wherehouse\build\classes\java\main started by wjdqj in E:\devSpace\SpringBootProjects\wherehouse_SpringBoot-master\wherehouse)
2026-05-28 15:02:05.339 [main] INFO  c.wherehouse.WherehouseApplication - No active profile set, falling back to 1 default profile: "default"
2026-05-28 15:02:06.079 [main] INFO  o.s.d.r.c.RepositoryConfigurationDelegate - Multiple Spring Data modules found, entering strict repository configuration mode
2026-05-28 15:02:06.089 [main] INFO  o.s.d.r.c.RepositoryConfigurationDelegate - Bootstrapping Spring Data JDBC repositories in DEFAULT mode.
2026-05-28 15:02:06.133 [main] INFO  o.s.d.r.c.RepositoryConfigurationExtensionSupport - Spring Data JDBC - Could not safely identify store assignment for repository candidate interface com.wherehouse.board.dao.BoardEntityRepository; If you want this repository to be a JDBC repository, consider annotating your entities with one of these annotations: org.springframework.data.relational.core.mapping.Table.
2026-05-28 15:02:06.136 [main] INFO  o.s.d.r.c.RepositoryConfigurationExtensionSupport - Spring Data JDBC - Could not safely identify store assignment for repository candidate interface com.wherehouse.board.dao.CommentEntityRepository; If you want this repository to be a JDBC repository, consider annotating your entities with one of these annotations: org.springframework.data.relational.core.mapping.Table.
2026-05-28 15:02:06.136 [main] INFO  o.s.d.r.c.RepositoryConfigurationExtensionSupport - Spring Data JDBC - Could not safely identify store assignment for repository candidate interface com.wherehouse.information.dao.ArrestRateRepository; If you want this repository to be a JDBC repository, consider annotating your entities with one of these annotations: org.springframework.data.relational.core.mapping.Table.
2026-05-28 15:02:06.137 [main] INFO  o.s.d.r.c.RepositoryConfigurationExtensionSupport - Spring Data JDBC - Could not safely identify store assignment for repository candidate interface com.wherehouse.information.dao.CctvGeoRepository; If you want this repository to be a JDBC repository, consider annotating your entities with one of these annotations: org.springframework.data.relational.core.mapping.Table.
2026-05-28 15:02:06.137 [main] INFO  o.s.d.r.c.RepositoryConfigurationExtensionSupport - Spring Data JDBC - Could not safely identify store assignment for repository candidate interface com.wherehouse.information.dao.PoliceOfficeGeoRepository; If you want this repository to be a JDBC repository, consider annotating your entities with one of these annotations: org.springframework.data.relational.core.mapping.Table.
2026-05-28 15:02:06.138 [main] INFO  o.s.d.r.c.RepositoryConfigurationExtensionSupport - Spring Data JDBC - Could not safely identify store assignment for repository candidate interface com.wherehouse.JWT.Repository.UserEntityRepository; If you want this repository to be a JDBC repository, consider annotating your entities with one of these annotations: org.springframework.data.relational.core.mapping.Table.
2026-05-28 15:02:06.140 [main] INFO  o.s.d.r.c.RepositoryConfigurationExtensionSupport - Spring Data JDBC - Could not safely identify store assignment for repository candidate interface com.wherehouse.members.dao.MemberEntityRepository; If you want this repository to be a JDBC repository, consider annotating your entities with one of these annotations: org.springframework.data.relational.core.mapping.Table.
2026-05-28 15:02:06.140 [main] INFO  o.s.d.r.c.RepositoryConfigurationExtensionSupport - Spring Data JDBC - Could not safely identify store assignment for repository candidate interface com.wherehouse.PropertyManagement.repository.PropertyCharterRegistrationRepository; If you want this repository to be a JDBC repository, consider annotating your entities with one of these annotations: org.springframework.data.relational.core.mapping.Table.
2026-05-28 15:02:06.141 [main] INFO  o.s.d.r.c.RepositoryConfigurationExtensionSupport - Spring Data JDBC - Could not safely identify store assignment for repository candidate interface com.wherehouse.PropertyManagement.repository.PropertyMonthlyRegistrationRepository; If you want this repository to be a JDBC repository, consider annotating your entities with one of these annotations: org.springframework.data.relational.core.mapping.Table.
2026-05-28 15:02:06.142 [main] INFO  o.s.d.r.c.RepositoryConfigurationExtensionSupport - Spring Data JDBC - Could not safely identify store assignment for repository candidate interface com.wherehouse.PropertyManagement.repository.PropertySyncFailureRepository; If you want this repository to be a JDBC repository, consider annotating your entities with one of these annotations: org.springframework.data.relational.core.mapping.Table.
2026-05-28 15:02:06.143 [main] INFO  o.s.d.r.c.RepositoryConfigurationExtensionSupport - Spring Data JDBC - Could not safely identify store assignment for repository candidate interface com.wherehouse.recommand.batch.repository.AnalysisCrimeRepository; If you want this repository to be a JDBC repository, consider annotating your entities with one of these annotations: org.springframework.data.relational.core.mapping.Table.
2026-05-28 15:02:06.144 [main] INFO  o.s.d.r.c.RepositoryConfigurationExtensionSupport - Spring Data JDBC - Could not safely identify store assignment for repository candidate interface com.wherehouse.recommand.batch.repository.AnalysisEntertainmentRepository; If you want this repository to be a JDBC repository, consider annotating your entities with one of these annotations: org.springframework.data.relational.core.mapping.Table.
2026-05-28 15:02:06.145 [main] INFO  o.s.d.r.c.RepositoryConfigurationExtensionSupport - Spring Data JDBC - Could not safely identify store assignment for repository candidate interface com.wherehouse.recommand.batch.repository.AnalysisPopulationDensityRepository; If you want this repository to be a JDBC repository, consider annotating your entities with one of these annotations: org.springframework.data.relational.core.mapping.Table.
2026-05-28 15:02:06.147 [main] INFO  o.s.d.r.c.RepositoryConfigurationExtensionSupport - Spring Data JDBC - Could not safely identify store assignment for repository candidate interface com.wherehouse.recommand.batch.repository.PropertyCharterRepository; If you want this repository to be a JDBC repository, consider annotating your entities with one of these annotations: org.springframework.data.relational.core.mapping.Table.
2026-05-28 15:02:06.148 [main] INFO  o.s.d.r.c.RepositoryConfigurationExtensionSupport - Spring Data JDBC - Could not safely identify store assignment for repository candidate interface com.wherehouse.recommand.batch.repository.PropertyMonthlyRepository; If you want this repository to be a JDBC repository, consider annotating your entities with one of these annotations: org.springframework.data.relational.core.mapping.Table.
2026-05-28 15:02:06.149 [main] INFO  o.s.d.r.c.RepositoryConfigurationExtensionSupport - Spring Data JDBC - Could not safely identify store assignment for repository candidate interface com.wherehouse.restapi.mapdata.dao.MapDataEntityRepository; If you want this repository to be a JDBC repository, consider annotating your entities with one of these annotations: org.springframework.data.relational.core.mapping.Table.
2026-05-28 15:02:06.151 [main] INFO  o.s.d.r.c.RepositoryConfigurationExtensionSupport - Spring Data JDBC - Could not safely identify store assignment for repository candidate interface com.wherehouse.review.repository.ReviewCharterRepository; If you want this repository to be a JDBC repository, consider annotating your entities with one of these annotations: org.springframework.data.relational.core.mapping.Table.
2026-05-28 15:02:06.152 [main] INFO  o.s.d.r.c.RepositoryConfigurationExtensionSupport - Spring Data JDBC - Could not safely identify store assignment for repository candidate interface com.wherehouse.review.repository.ReviewKeywordCharterRepository; If you want this repository to be a JDBC repository, consider annotating your entities with one of these annotations: org.springframework.data.relational.core.mapping.Table.
2026-05-28 15:02:06.153 [main] INFO  o.s.d.r.c.RepositoryConfigurationExtensionSupport - Spring Data JDBC - Could not safely identify store assignment for repository candidate interface com.wherehouse.review.repository.ReviewKeywordMonthlyRepository; If you want this repository to be a JDBC repository, consider annotating your entities with one of these annotations: org.springframework.data.relational.core.mapping.Table.
2026-05-28 15:02:06.153 [main] INFO  o.s.d.r.c.RepositoryConfigurationExtensionSupport - Spring Data JDBC - Could not safely identify store assignment for repository candidate interface com.wherehouse.review.repository.ReviewKeywordRepository; If you want this repository to be a JDBC repository, consider annotating your entities with one of these annotations: org.springframework.data.relational.core.mapping.Table.
2026-05-28 15:02:06.154 [main] INFO  o.s.d.r.c.RepositoryConfigurationExtensionSupport - Spring Data JDBC - Could not safely identify store assignment for repository candidate interface com.wherehouse.review.repository.ReviewMonthlyRepository; If you want this repository to be a JDBC repository, consider annotating your entities with one of these annotations: org.springframework.data.relational.core.mapping.Table.
2026-05-28 15:02:06.155 [main] INFO  o.s.d.r.c.RepositoryConfigurationExtensionSupport - Spring Data JDBC - Could not safely identify store assignment for repository candidate interface com.wherehouse.review.repository.ReviewRepository; If you want this repository to be a JDBC repository, consider annotating your entities with one of these annotations: org.springframework.data.relational.core.mapping.Table.
2026-05-28 15:02:06.156 [main] INFO  o.s.d.r.c.RepositoryConfigurationExtensionSupport - Spring Data JDBC - Could not safely identify store assignment for repository candidate interface com.wherehouse.review.repository.ReviewStatisticsCharterRepository; If you want this repository to be a JDBC repository, consider annotating your entities with one of these annotations: org.springframework.data.relational.core.mapping.Table.
2026-05-28 15:02:06.157 [main] INFO  o.s.d.r.c.RepositoryConfigurationExtensionSupport - Spring Data JDBC - Could not safely identify store assignment for repository candidate interface com.wherehouse.review.repository.ReviewStatisticsMonthlyRepository; If you want this repository to be a JDBC repository, consider annotating your entities with one of these annotations: org.springframework.data.relational.core.mapping.Table.
2026-05-28 15:02:06.158 [main] INFO  o.s.d.r.c.RepositoryConfigurationExtensionSupport - Spring Data JDBC - Could not safely identify store assignment for repository candidate interface com.wherehouse.review.repository.ReviewStatisticsRepository; If you want this repository to be a JDBC repository, consider annotating your entities with one of these annotations: org.springframework.data.relational.core.mapping.Table.
2026-05-28 15:02:06.159 [main] INFO  o.s.d.r.c.RepositoryConfigurationExtensionSupport - Spring Data JDBC - Could not safely identify store assignment for repository candidate interface com.wherehouse.VisitReservation.repository.ReopenSubscriptionRepository; If you want this repository to be a JDBC repository, consider annotating your entities with one of these annotations: org.springframework.data.relational.core.mapping.Table.
2026-05-28 15:02:06.159 [main] INFO  o.s.d.r.c.RepositoryConfigurationExtensionSupport - Spring Data JDBC - Could not safely identify store assignment for repository candidate interface com.wherehouse.VisitReservation.repository.VisitNotificationRepository; If you want this repository to be a JDBC repository, consider annotating your entities with one of these annotations: org.springframework.data.relational.core.mapping.Table.
2026-05-28 15:02:06.161 [main] INFO  o.s.d.r.c.RepositoryConfigurationExtensionSupport - Spring Data JDBC - Could not safely identify store assignment for repository candidate interface com.wherehouse.VisitReservation.repository.VisitReservationRepository; If you want this repository to be a JDBC repository, consider annotating your entities with one of these annotations: org.springframework.data.relational.core.mapping.Table.
2026-05-28 15:02:06.162 [main] INFO  o.s.d.r.c.RepositoryConfigurationExtensionSupport - Spring Data JDBC - Could not safely identify store assignment for repository candidate interface com.wherehouse.VisitReservation.repository.VisitSlotRepository; If you want this repository to be a JDBC repository, consider annotating your entities with one of these annotations: org.springframework.data.relational.core.mapping.Table.
2026-05-28 15:02:06.162 [main] INFO  o.s.d.r.c.RepositoryConfigurationExtensionSupport - Spring Data JDBC - Could not safely identify store assignment for repository candidate interface com.wherehouse.VisitReservation.repository.VisitWindowRepository; If you want this repository to be a JDBC repository, consider annotating your entities with one of these annotations: org.springframework.data.relational.core.mapping.Table.
2026-05-28 15:02:06.163 [main] INFO  o.s.d.r.c.RepositoryConfigurationDelegate - Finished Spring Data repository scanning in 72 ms. Found 0 JDBC repository interfaces.
2026-05-28 15:02:06.170 [main] INFO  o.s.d.r.c.RepositoryConfigurationDelegate - Multiple Spring Data modules found, entering strict repository configuration mode
2026-05-28 15:02:06.171 [main] INFO  o.s.d.r.c.RepositoryConfigurationDelegate - Bootstrapping Spring Data JPA repositories in DEFAULT mode.
2026-05-28 15:02:06.320 [main] INFO  o.s.d.r.c.RepositoryConfigurationDelegate - Finished Spring Data repository scanning in 146 ms. Found 30 JPA repository interfaces.
2026-05-28 15:02:06.334 [main] INFO  o.s.d.r.c.RepositoryConfigurationDelegate - Multiple Spring Data modules found, entering strict repository configuration mode
2026-05-28 15:02:06.335 [main] INFO  o.s.d.r.c.RepositoryConfigurationDelegate - Bootstrapping Spring Data Redis repositories in DEFAULT mode.
2026-05-28 15:02:06.368 [main] INFO  o.s.d.r.c.RepositoryConfigurationExtensionSupport - Spring Data Redis - Could not safely identify store assignment for repository candidate interface com.wherehouse.board.dao.BoardEntityRepository; If you want this repository to be a Redis repository, consider annotating your entities with one of these annotations: org.springframework.data.redis.core.RedisHash (preferred), or consider extending one of the following types with your repository: org.springframework.data.keyvalue.repository.KeyValueRepository
2026-05-28 15:02:06.368 [main] INFO  o.s.d.r.c.RepositoryConfigurationExtensionSupport - Spring Data Redis - Could not safely identify store assignment for repository candidate interface com.wherehouse.board.dao.CommentEntityRepository; If you want this repository to be a Redis repository, consider annotating your entities with one of these annotations: org.springframework.data.redis.core.RedisHash (preferred), or consider extending one of the following types with your repository: org.springframework.data.keyvalue.repository.KeyValueRepository
2026-05-28 15:02:06.368 [main] INFO  o.s.d.r.c.RepositoryConfigurationExtensionSupport - Spring Data Redis - Could not safely identify store assignment for repository candidate interface com.wherehouse.information.dao.ArrestRateRepository; If you want this repository to be a Redis repository, consider annotating your entities with one of these annotations: org.springframework.data.redis.core.RedisHash (preferred), or consider extending one of the following types with your repository: org.springframework.data.keyvalue.repository.KeyValueRepository
2026-05-28 15:02:06.368 [main] INFO  o.s.d.r.c.RepositoryConfigurationExtensionSupport - Spring Data Redis - Could not safely identify store assignment for repository candidate interface com.wherehouse.information.dao.CctvGeoRepository; If you want this repository to be a Redis repository, consider annotating your entities with one of these annotations: org.springframework.data.redis.core.RedisHash (preferred), or consider extending one of the following types with your repository: org.springframework.data.keyvalue.repository.KeyValueRepository
2026-05-28 15:02:06.368 [main] INFO  o.s.d.r.c.RepositoryConfigurationExtensionSupport - Spring Data Redis - Could not safely identify store assignment for repository candidate interface com.wherehouse.information.dao.PoliceOfficeGeoRepository; If you want this repository to be a Redis repository, consider annotating your entities with one of these annotations: org.springframework.data.redis.core.RedisHash (preferred), or consider extending one of the following types with your repository: org.springframework.data.keyvalue.repository.KeyValueRepository
2026-05-28 15:02:06.368 [main] INFO  o.s.d.r.c.RepositoryConfigurationExtensionSupport - Spring Data Redis - Could not safely identify store assignment for repository candidate interface com.wherehouse.JWT.Repository.UserEntityRepository; If you want this repository to be a Redis repository, consider annotating your entities with one of these annotations: org.springframework.data.redis.core.RedisHash (preferred), or consider extending one of the following types with your repository: org.springframework.data.keyvalue.repository.KeyValueRepository
2026-05-28 15:02:06.368 [main] INFO  o.s.d.r.c.RepositoryConfigurationExtensionSupport - Spring Data Redis - Could not safely identify store assignment for repository candidate interface com.wherehouse.members.dao.MemberEntityRepository; If you want this repository to be a Redis repository, consider annotating your entities with one of these annotations: org.springframework.data.redis.core.RedisHash (preferred), or consider extending one of the following types with your repository: org.springframework.data.keyvalue.repository.KeyValueRepository
2026-05-28 15:02:06.368 [main] INFO  o.s.d.r.c.RepositoryConfigurationExtensionSupport - Spring Data Redis - Could not safely identify store assignment for repository candidate interface com.wherehouse.PropertyManagement.repository.PropertyCharterRegistrationRepository; If you want this repository to be a Redis repository, consider annotating your entities with one of these annotations: org.springframework.data.redis.core.RedisHash (preferred), or consider extending one of the following types with your repository: org.springframework.data.keyvalue.repository.KeyValueRepository
2026-05-28 15:02:06.369 [main] INFO  o.s.d.r.c.RepositoryConfigurationExtensionSupport - Spring Data Redis - Could not safely identify store assignment for repository candidate interface com.wherehouse.PropertyManagement.repository.PropertyMonthlyRegistrationRepository; If you want this repository to be a Redis repository, consider annotating your entities with one of these annotations: org.springframework.data.redis.core.RedisHash (preferred), or consider extending one of the following types with your repository: org.springframework.data.keyvalue.repository.KeyValueRepository
2026-05-28 15:02:06.369 [main] INFO  o.s.d.r.c.RepositoryConfigurationExtensionSupport - Spring Data Redis - Could not safely identify store assignment for repository candidate interface com.wherehouse.PropertyManagement.repository.PropertySyncFailureRepository; If you want this repository to be a Redis repository, consider annotating your entities with one of these annotations: org.springframework.data.redis.core.RedisHash (preferred), or consider extending one of the following types with your repository: org.springframework.data.keyvalue.repository.KeyValueRepository
2026-05-28 15:02:06.369 [main] INFO  o.s.d.r.c.RepositoryConfigurationExtensionSupport - Spring Data Redis - Could not safely identify store assignment for repository candidate interface com.wherehouse.recommand.batch.repository.AnalysisCrimeRepository; If you want this repository to be a Redis repository, consider annotating your entities with one of these annotations: org.springframework.data.redis.core.RedisHash (preferred), or consider extending one of the following types with your repository: org.springframework.data.keyvalue.repository.KeyValueRepository
2026-05-28 15:02:06.369 [main] INFO  o.s.d.r.c.RepositoryConfigurationExtensionSupport - Spring Data Redis - Could not safely identify store assignment for repository candidate interface com.wherehouse.recommand.batch.repository.AnalysisEntertainmentRepository; If you want this repository to be a Redis repository, consider annotating your entities with one of these annotations: org.springframework.data.redis.core.RedisHash (preferred), or consider extending one of the following types with your repository: org.springframework.data.keyvalue.repository.KeyValueRepository
2026-05-28 15:02:06.369 [main] INFO  o.s.d.r.c.RepositoryConfigurationExtensionSupport - Spring Data Redis - Could not safely identify store assignment for repository candidate interface com.wherehouse.recommand.batch.repository.AnalysisPopulationDensityRepository; If you want this repository to be a Redis repository, consider annotating your entities with one of these annotations: org.springframework.data.redis.core.RedisHash (preferred), or consider extending one of the following types with your repository: org.springframework.data.keyvalue.repository.KeyValueRepository
2026-05-28 15:02:06.369 [main] INFO  o.s.d.r.c.RepositoryConfigurationExtensionSupport - Spring Data Redis - Could not safely identify store assignment for repository candidate interface com.wherehouse.recommand.batch.repository.PropertyCharterRepository; If you want this repository to be a Redis repository, consider annotating your entities with one of these annotations: org.springframework.data.redis.core.RedisHash (preferred), or consider extending one of the following types with your repository: org.springframework.data.keyvalue.repository.KeyValueRepository
2026-05-28 15:02:06.369 [main] INFO  o.s.d.r.c.RepositoryConfigurationExtensionSupport - Spring Data Redis - Could not safely identify store assignment for repository candidate interface com.wherehouse.recommand.batch.repository.PropertyMonthlyRepository; If you want this repository to be a Redis repository, consider annotating your entities with one of these annotations: org.springframework.data.redis.core.RedisHash (preferred), or consider extending one of the following types with your repository: org.springframework.data.keyvalue.repository.KeyValueRepository
2026-05-28 15:02:06.369 [main] INFO  o.s.d.r.c.RepositoryConfigurationExtensionSupport - Spring Data Redis - Could not safely identify store assignment for repository candidate interface com.wherehouse.restapi.mapdata.dao.MapDataEntityRepository; If you want this repository to be a Redis repository, consider annotating your entities with one of these annotations: org.springframework.data.redis.core.RedisHash (preferred), or consider extending one of the following types with your repository: org.springframework.data.keyvalue.repository.KeyValueRepository
2026-05-28 15:02:06.369 [main] INFO  o.s.d.r.c.RepositoryConfigurationExtensionSupport - Spring Data Redis - Could not safely identify store assignment for repository candidate interface com.wherehouse.review.repository.ReviewCharterRepository; If you want this repository to be a Redis repository, consider annotating your entities with one of these annotations: org.springframework.data.redis.core.RedisHash (preferred), or consider extending one of the following types with your repository: org.springframework.data.keyvalue.repository.KeyValueRepository
2026-05-28 15:02:06.369 [main] INFO  o.s.d.r.c.RepositoryConfigurationExtensionSupport - Spring Data Redis - Could not safely identify store assignment for repository candidate interface com.wherehouse.review.repository.ReviewKeywordCharterRepository; If you want this repository to be a Redis repository, consider annotating your entities with one of these annotations: org.springframework.data.redis.core.RedisHash (preferred), or consider extending one of the following types with your repository: org.springframework.data.keyvalue.repository.KeyValueRepository
2026-05-28 15:02:06.369 [main] INFO  o.s.d.r.c.RepositoryConfigurationExtensionSupport - Spring Data Redis - Could not safely identify store assignment for repository candidate interface com.wherehouse.review.repository.ReviewKeywordMonthlyRepository; If you want this repository to be a Redis repository, consider annotating your entities with one of these annotations: org.springframework.data.redis.core.RedisHash (preferred), or consider extending one of the following types with your repository: org.springframework.data.keyvalue.repository.KeyValueRepository
2026-05-28 15:02:06.369 [main] INFO  o.s.d.r.c.RepositoryConfigurationExtensionSupport - Spring Data Redis - Could not safely identify store assignment for repository candidate interface com.wherehouse.review.repository.ReviewKeywordRepository; If you want this repository to be a Redis repository, consider annotating your entities with one of these annotations: org.springframework.data.redis.core.RedisHash (preferred), or consider extending one of the following types with your repository: org.springframework.data.keyvalue.repository.KeyValueRepository
2026-05-28 15:02:06.369 [main] INFO  o.s.d.r.c.RepositoryConfigurationExtensionSupport - Spring Data Redis - Could not safely identify store assignment for repository candidate interface com.wherehouse.review.repository.ReviewMonthlyRepository; If you want this repository to be a Redis repository, consider annotating your entities with one of these annotations: org.springframework.data.redis.core.RedisHash (preferred), or consider extending one of the following types with your repository: org.springframework.data.keyvalue.repository.KeyValueRepository
2026-05-28 15:02:06.369 [main] INFO  o.s.d.r.c.RepositoryConfigurationExtensionSupport - Spring Data Redis - Could not safely identify store assignment for repository candidate interface com.wherehouse.review.repository.ReviewRepository; If you want this repository to be a Redis repository, consider annotating your entities with one of these annotations: org.springframework.data.redis.core.RedisHash (preferred), or consider extending one of the following types with your repository: org.springframework.data.keyvalue.repository.KeyValueRepository
2026-05-28 15:02:06.370 [main] INFO  o.s.d.r.c.RepositoryConfigurationExtensionSupport - Spring Data Redis - Could not safely identify store assignment for repository candidate interface com.wherehouse.review.repository.ReviewStatisticsCharterRepository; If you want this repository to be a Redis repository, consider annotating your entities with one of these annotations: org.springframework.data.redis.core.RedisHash (preferred), or consider extending one of the following types with your repository: org.springframework.data.keyvalue.repository.KeyValueRepository
2026-05-28 15:02:06.370 [main] INFO  o.s.d.r.c.RepositoryConfigurationExtensionSupport - Spring Data Redis - Could not safely identify store assignment for repository candidate interface com.wherehouse.review.repository.ReviewStatisticsMonthlyRepository; If you want this repository to be a Redis repository, consider annotating your entities with one of these annotations: org.springframework.data.redis.core.RedisHash (preferred), or consider extending one of the following types with your repository: org.springframework.data.keyvalue.repository.KeyValueRepository
2026-05-28 15:02:06.370 [main] INFO  o.s.d.r.c.RepositoryConfigurationExtensionSupport - Spring Data Redis - Could not safely identify store assignment for repository candidate interface com.wherehouse.review.repository.ReviewStatisticsRepository; If you want this repository to be a Redis repository, consider annotating your entities with one of these annotations: org.springframework.data.redis.core.RedisHash (preferred), or consider extending one of the following types with your repository: org.springframework.data.keyvalue.repository.KeyValueRepository
2026-05-28 15:02:06.370 [main] INFO  o.s.d.r.c.RepositoryConfigurationExtensionSupport - Spring Data Redis - Could not safely identify store assignment for repository candidate interface com.wherehouse.VisitReservation.repository.ReopenSubscriptionRepository; If you want this repository to be a Redis repository, consider annotating your entities with one of these annotations: org.springframework.data.redis.core.RedisHash (preferred), or consider extending one of the following types with your repository: org.springframework.data.keyvalue.repository.KeyValueRepository
2026-05-28 15:02:06.370 [main] INFO  o.s.d.r.c.RepositoryConfigurationExtensionSupport - Spring Data Redis - Could not safely identify store assignment for repository candidate interface com.wherehouse.VisitReservation.repository.VisitNotificationRepository; If you want this repository to be a Redis repository, consider annotating your entities with one of these annotations: org.springframework.data.redis.core.RedisHash (preferred), or consider extending one of the following types with your repository: org.springframework.data.keyvalue.repository.KeyValueRepository
2026-05-28 15:02:06.370 [main] INFO  o.s.d.r.c.RepositoryConfigurationExtensionSupport - Spring Data Redis - Could not safely identify store assignment for repository candidate interface com.wherehouse.VisitReservation.repository.VisitReservationRepository; If you want this repository to be a Redis repository, consider annotating your entities with one of these annotations: org.springframework.data.redis.core.RedisHash (preferred), or consider extending one of the following types with your repository: org.springframework.data.keyvalue.repository.KeyValueRepository
2026-05-28 15:02:06.370 [main] INFO  o.s.d.r.c.RepositoryConfigurationExtensionSupport - Spring Data Redis - Could not safely identify store assignment for repository candidate interface com.wherehouse.VisitReservation.repository.VisitSlotRepository; If you want this repository to be a Redis repository, consider annotating your entities with one of these annotations: org.springframework.data.redis.core.RedisHash (preferred), or consider extending one of the following types with your repository: org.springframework.data.keyvalue.repository.KeyValueRepository
2026-05-28 15:02:06.370 [main] INFO  o.s.d.r.c.RepositoryConfigurationExtensionSupport - Spring Data Redis - Could not safely identify store assignment for repository candidate interface com.wherehouse.VisitReservation.repository.VisitWindowRepository; If you want this repository to be a Redis repository, consider annotating your entities with one of these annotations: org.springframework.data.redis.core.RedisHash (preferred), or consider extending one of the following types with your repository: org.springframework.data.keyvalue.repository.KeyValueRepository
2026-05-28 15:02:06.370 [main] INFO  o.s.d.r.c.RepositoryConfigurationDelegate - Finished Spring Data repository scanning in 23 ms. Found 0 Redis repository interfaces.
2026-05-28 15:02:06.828 [main] INFO  o.s.b.w.e.tomcat.TomcatWebServer - Tomcat initialized with port 8185 (http)
2026-05-28 15:02:06.836 [main] INFO  o.a.coyote.http11.Http11NioProtocol - Initializing ProtocolHandler ["http-nio-8185"]
2026-05-28 15:02:06.838 [main] INFO  o.a.catalina.core.StandardService - Starting service [Tomcat]
2026-05-28 15:02:06.838 [main] INFO  o.a.catalina.core.StandardEngine - Starting Servlet engine: [Apache Tomcat/10.1.31]
2026-05-28 15:02:06.996 [main] INFO  o.apache.jasper.servlet.TldScanner - At least one JAR was scanned for TLDs yet contained no TLDs. Enable debug logging for this logger for a complete list of JARs that were scanned but no TLDs were found in them. Skipping unneeded JARs during scanning can improve startup time and JSP compilation time.
2026-05-28 15:02:07.001 [main] INFO  o.a.c.c.C.[.[.[/wherehouse] - Initializing Spring embedded WebApplicationContext
2026-05-28 15:02:07.001 [main] INFO  o.s.b.w.s.c.ServletWebServerApplicationContext - Root WebApplicationContext: initialization completed in 1632 ms
2026-05-28 15:02:07.054 [main] DEBUG com.zaxxer.hikari.HikariConfig - Driver class oracle.jdbc.OracleDriver found in Thread context class loader jdk.internal.loader.ClassLoaders$AppClassLoader@63947c6b
2026-05-28 15:02:07.150 [main] INFO  o.h.jpa.internal.util.LogHelper - HHH000204: Processing PersistenceUnitInfo [name: default]
2026-05-28 15:02:07.185 [main] INFO  org.hibernate.Version - HHH000412: Hibernate ORM core version 6.5.3.Final
2026-05-28 15:02:07.213 [main] INFO  o.h.c.i.RegionFactoryInitiator - HHH000026: Second-level cache disabled
2026-05-28 15:02:07.412 [main] INFO  o.s.o.j.p.SpringPersistenceUnitInfo - No LoadTimeWeaver setup: ignoring JPA class transformer
2026-05-28 15:02:07.434 [main] WARN  com.zaxxer.hikari.HikariConfig - HikariPool-1 - keepaliveTime is less than 30000ms, disabling it.
2026-05-28 15:02:07.434 [main] WARN  com.zaxxer.hikari.HikariConfig - HikariPool-1 - idleTimeout has been set but has no effect because the pool is operating as a fixed size pool.
2026-05-28 15:02:07.434 [main] DEBUG com.zaxxer.hikari.HikariConfig - HikariPool-1 - configuration:
2026-05-28 15:02:07.436 [main] DEBUG com.zaxxer.hikari.HikariConfig - allowPoolSuspension.............false
2026-05-28 15:02:07.436 [main] DEBUG com.zaxxer.hikari.HikariConfig - autoCommit......................false
2026-05-28 15:02:07.436 [main] DEBUG com.zaxxer.hikari.HikariConfig - catalog.........................none
2026-05-28 15:02:07.436 [main] DEBUG com.zaxxer.hikari.HikariConfig - connectionInitSql...............none
2026-05-28 15:02:07.436 [main] DEBUG com.zaxxer.hikari.HikariConfig - connectionTestQuery.............none
2026-05-28 15:02:07.436 [main] DEBUG com.zaxxer.hikari.HikariConfig - connectionTimeout...............30000
2026-05-28 15:02:07.436 [main] DEBUG com.zaxxer.hikari.HikariConfig - dataSource......................none
2026-05-28 15:02:07.436 [main] DEBUG com.zaxxer.hikari.HikariConfig - dataSourceClassName.............none
2026-05-28 15:02:07.436 [main] DEBUG com.zaxxer.hikari.HikariConfig - dataSourceJNDI..................none
2026-05-28 15:02:07.437 [main] DEBUG com.zaxxer.hikari.HikariConfig - dataSourceProperties............{oracle.net.RECV_BUF_SIZE=65536, oracle.net.SEND_BUF_SIZE=65536, password=<masked>, oracle.net.SDU=32768}
2026-05-28 15:02:07.437 [main] DEBUG com.zaxxer.hikari.HikariConfig - driverClassName................."oracle.jdbc.OracleDriver"
2026-05-28 15:02:07.437 [main] DEBUG com.zaxxer.hikari.HikariConfig - exceptionOverrideClassName......none
2026-05-28 15:02:07.437 [main] DEBUG com.zaxxer.hikari.HikariConfig - healthCheckProperties...........{}
2026-05-28 15:02:07.437 [main] DEBUG com.zaxxer.hikari.HikariConfig - healthCheckRegistry.............none
2026-05-28 15:02:07.437 [main] DEBUG com.zaxxer.hikari.HikariConfig - idleTimeout.....................30000
2026-05-28 15:02:07.437 [main] DEBUG com.zaxxer.hikari.HikariConfig - initializationFailTimeout.......1
2026-05-28 15:02:07.437 [main] DEBUG com.zaxxer.hikari.HikariConfig - isolateInternalQueries..........false
2026-05-28 15:02:07.437 [main] DEBUG com.zaxxer.hikari.HikariConfig - jdbcUrl.........................jdbc:oracle:thin:@127.0.0.1:1521:xe
2026-05-28 15:02:07.437 [main] DEBUG com.zaxxer.hikari.HikariConfig - keepaliveTime...................0
2026-05-28 15:02:07.437 [main] DEBUG com.zaxxer.hikari.HikariConfig - leakDetectionThreshold..........60000
2026-05-28 15:02:07.437 [main] DEBUG com.zaxxer.hikari.HikariConfig - maxLifetime.....................1800000
2026-05-28 15:02:07.437 [main] DEBUG com.zaxxer.hikari.HikariConfig - maximumPoolSize.................12
2026-05-28 15:02:07.437 [main] DEBUG com.zaxxer.hikari.HikariConfig - metricRegistry..................none
2026-05-28 15:02:07.438 [main] DEBUG com.zaxxer.hikari.HikariConfig - metricsTrackerFactory...........none
2026-05-28 15:02:07.438 [main] DEBUG com.zaxxer.hikari.HikariConfig - minimumIdle.....................12
2026-05-28 15:02:07.438 [main] DEBUG com.zaxxer.hikari.HikariConfig - password........................<masked>
2026-05-28 15:02:07.438 [main] DEBUG com.zaxxer.hikari.HikariConfig - poolName........................"HikariPool-1"
2026-05-28 15:02:07.438 [main] DEBUG com.zaxxer.hikari.HikariConfig - readOnly........................false
2026-05-28 15:02:07.438 [main] DEBUG com.zaxxer.hikari.HikariConfig - registerMbeans..................false
2026-05-28 15:02:07.438 [main] DEBUG com.zaxxer.hikari.HikariConfig - scheduledExecutor...............none
2026-05-28 15:02:07.438 [main] DEBUG com.zaxxer.hikari.HikariConfig - schema..........................none
2026-05-28 15:02:07.438 [main] DEBUG com.zaxxer.hikari.HikariConfig - threadFactory...................internal
2026-05-28 15:02:07.438 [main] DEBUG com.zaxxer.hikari.HikariConfig - transactionIsolation............default
2026-05-28 15:02:07.438 [main] DEBUG com.zaxxer.hikari.HikariConfig - username........................"SCOTT"
2026-05-28 15:02:07.438 [main] DEBUG com.zaxxer.hikari.HikariConfig - validationTimeout...............5000
2026-05-28 15:02:07.438 [main] INFO  com.zaxxer.hikari.HikariDataSource - HikariPool-1 - Starting...
2026-05-28 15:02:07.600 [main] INFO  com.zaxxer.hikari.pool.HikariPool - HikariPool-1 - Added connection oracle.jdbc.driver.T4CConnection@418d1c03
2026-05-28 15:02:07.602 [main] INFO  com.zaxxer.hikari.HikariDataSource - HikariPool-1 - Start completed.
2026-05-28 15:02:07.687 [main] WARN  org.hibernate.orm.deprecation - HHH90000025: OracleDialect does not need to be specified explicitly using 'hibernate.dialect' (remove the property setting and it will be selected by default)
2026-05-28 15:02:07.703 [main] DEBUG c.zaxxer.hikari.pool.ProxyConnection - HikariPool-1 - Executed rollback on connection oracle.jdbc.driver.T4CConnection@418d1c03 due to dirty commit state on close().
2026-05-28 15:02:07.718 [HikariPool-1 housekeeper] DEBUG com.zaxxer.hikari.pool.HikariPool - HikariPool-1 - Pool stats (total=1, active=0, idle=1, waiting=0)
2026-05-28 15:02:07.764 [HikariPool-1 connection adder] DEBUG com.zaxxer.hikari.pool.HikariPool - HikariPool-1 - Added connection oracle.jdbc.driver.T4CConnection@25a2943
2026-05-28 15:02:07.798 [HikariPool-1 connection adder] DEBUG com.zaxxer.hikari.pool.HikariPool - HikariPool-1 - After adding stats (total=2, active=0, idle=2, waiting=0)
2026-05-28 15:02:07.839 [HikariPool-1 connection adder] DEBUG com.zaxxer.hikari.pool.HikariPool - HikariPool-1 - Added connection oracle.jdbc.driver.T4CConnection@21ad4572
2026-05-28 15:02:07.876 [HikariPool-1 connection adder] DEBUG com.zaxxer.hikari.pool.HikariPool - HikariPool-1 - After adding stats (total=3, active=0, idle=3, waiting=0)
2026-05-28 15:02:07.932 [HikariPool-1 connection adder] DEBUG com.zaxxer.hikari.pool.HikariPool - HikariPool-1 - Added connection oracle.jdbc.driver.T4CConnection@594e5885
2026-05-28 15:02:07.969 [HikariPool-1 connection adder] DEBUG com.zaxxer.hikari.pool.HikariPool - HikariPool-1 - After adding stats (total=4, active=0, idle=4, waiting=0)
2026-05-28 15:02:08.011 [HikariPool-1 connection adder] DEBUG com.zaxxer.hikari.pool.HikariPool - HikariPool-1 - Added connection oracle.jdbc.driver.T4CConnection@424ad6cc
2026-05-28 15:02:08.049 [HikariPool-1 connection adder] DEBUG com.zaxxer.hikari.pool.HikariPool - HikariPool-1 - After adding stats (total=5, active=0, idle=5, waiting=0)
2026-05-28 15:02:08.091 [HikariPool-1 connection adder] DEBUG com.zaxxer.hikari.pool.HikariPool - HikariPool-1 - Added connection oracle.jdbc.driver.T4CConnection@63980e9c
2026-05-28 15:02:08.127 [HikariPool-1 connection adder] DEBUG com.zaxxer.hikari.pool.HikariPool - HikariPool-1 - After adding stats (total=6, active=0, idle=6, waiting=0)
2026-05-28 15:02:08.171 [HikariPool-1 connection adder] DEBUG com.zaxxer.hikari.pool.HikariPool - HikariPool-1 - Added connection oracle.jdbc.driver.T4CConnection@73630b8f
2026-05-28 15:02:08.207 [HikariPool-1 connection adder] DEBUG com.zaxxer.hikari.pool.HikariPool - HikariPool-1 - After adding stats (total=7, active=0, idle=7, waiting=0)
2026-05-28 15:02:08.247 [HikariPool-1 connection adder] DEBUG com.zaxxer.hikari.pool.HikariPool - HikariPool-1 - Added connection oracle.jdbc.driver.T4CConnection@255dba5c
2026-05-28 15:02:08.287 [HikariPool-1 connection adder] DEBUG com.zaxxer.hikari.pool.HikariPool - HikariPool-1 - After adding stats (total=8, active=0, idle=8, waiting=0)
2026-05-28 15:02:08.331 [HikariPool-1 connection adder] DEBUG com.zaxxer.hikari.pool.HikariPool - HikariPool-1 - Added connection oracle.jdbc.driver.T4CConnection@7243a280
2026-05-28 15:02:08.365 [HikariPool-1 connection adder] DEBUG com.zaxxer.hikari.pool.HikariPool - HikariPool-1 - After adding stats (total=9, active=0, idle=9, waiting=0)
2026-05-28 15:02:08.416 [HikariPool-1 connection adder] DEBUG com.zaxxer.hikari.pool.HikariPool - HikariPool-1 - Added connection oracle.jdbc.driver.T4CConnection@3b2c6e48
2026-05-28 15:02:08.448 [HikariPool-1 connection adder] DEBUG com.zaxxer.hikari.pool.HikariPool - HikariPool-1 - After adding stats (total=10, active=0, idle=10, waiting=0)
2026-05-28 15:02:08.489 [HikariPool-1 connection adder] DEBUG com.zaxxer.hikari.pool.HikariPool - HikariPool-1 - Added connection oracle.jdbc.driver.T4CConnection@4d0f5a5f
2026-05-28 15:02:08.521 [HikariPool-1 connection adder] DEBUG com.zaxxer.hikari.pool.HikariPool - HikariPool-1 - After adding stats (total=11, active=0, idle=11, waiting=0)
2026-05-28 15:02:08.571 [HikariPool-1 connection adder] DEBUG com.zaxxer.hikari.pool.HikariPool - HikariPool-1 - Added connection oracle.jdbc.driver.T4CConnection@4124b7e8
2026-05-28 15:02:08.602 [HikariPool-1 connection adder] DEBUG com.zaxxer.hikari.pool.HikariPool - HikariPool-1 - After adding stats (total=12, active=0, idle=12, waiting=0)
2026-05-28 15:02:08.774 [main] INFO  o.h.e.t.j.p.i.JtaPlatformInitiator - HHH000489: No JTA platform available (set 'hibernate.transaction.jta.platform' to enable JTA platform integration)
2026-05-28 15:02:08.776 [main] INFO  o.s.o.j.LocalContainerEntityManagerFactoryBean - Initialized JPA EntityManagerFactory for persistence unit 'default'
2026-05-28 15:02:08.939 [main] INFO  o.s.d.j.r.query.QueryEnhancerFactory - Hibernate is in classpath; If applicable, HQL parser will be used.
2026-05-28 15:02:10.372 [main] INFO  c.w.r.service.ReviewWriteService - [CACHE_INIT] 완료: 유효=0건, 스킵=0건, 성공=0건
2026-05-28 15:02:10.421 [main] INFO  o.s.s.c.a.a.c.InitializeAuthenticationProviderBeanManagerConfigurer$InitializeAuthenticationProviderManagerConfigurer - Global AuthenticationManager configured with AuthenticationProvider bean with name userAuthenticationProvider
2026-05-28 15:02:10.421 [main] WARN  o.s.s.c.a.a.c.InitializeUserDetailsBeanManagerConfigurer$InitializeUserDetailsManagerConfigurer - Global AuthenticationManager configured with an AuthenticationProvider bean. UserDetailsService beans will not be used for username/password login. Consider removing the AuthenticationProvider bean. Alternatively, consider using the UserDetailsService in a manually instantiated DaoAuthenticationProvider.
2026-05-28 15:02:10.748 [main] DEBUG c.zaxxer.hikari.pool.ProxyConnection - HikariPool-1 - Executed rollback on connection oracle.jdbc.driver.T4CConnection@418d1c03 due to dirty commit state on close().
2026-05-28 15:02:10.872 [main] INFO  o.a.coyote.http11.Http11NioProtocol - Starting ProtocolHandler ["http-nio-8185"]
2026-05-28 15:02:10.892 [main] INFO  o.s.b.w.e.tomcat.TomcatWebServer - Tomcat started on port 8185 (http) with context path '/wherehouse'
2026-05-28 15:02:10.903 [main] INFO  c.wherehouse.WherehouseApplication - Started WherehouseApplication in 5.959 seconds (process running for 6.445)
2026-05-28 15:02:10.940 [scheduling-1] DEBUG c.zaxxer.hikari.pool.ProxyConnection - HikariPool-1 - Executed rollback on connection oracle.jdbc.driver.T4CConnection@418d1c03 due to dirty commit state on close().
2026-05-28 15:02:11.910 [scheduling-1] INFO  c.w.r.b.B.RdbSyncListener - [PERF:BATCH:TOTAL] thread=scheduling-1 | phase=START | ts=1779948131910
2026-05-28 15:02:11.910 [scheduling-1] INFO  c.w.r.b.B.RdbSyncListener - >>> [Phase 2-1] RDB 적재 완료. RDB 기준 데이터 재조회 시작.
2026-05-28 15:02:11.910 [scheduling-1] INFO  c.w.r.b.B.RdbSyncListener - [PERF:DBLOAD:CHARTER] thread=scheduling-1 | phase=START | ts=1779948131910 | chunkSize=10000
2026-05-28 15:02:12.104 [scheduling-1] INFO  c.w.r.b.B.RdbSyncListener - [PERF:CHUNK:CHARTER] thread=scheduling-1 | phase=COMPLETE | chunkIndex=0 | chunkSize=10000 | cumulative=10000 | load_ms=187 | transform_ms=6 | total_ms=193 | hasNext=true
2026-05-28 15:02:12.108 [scheduling-1] INFO  c.w.r.b.B.RdbSyncListener - [PERF:DBLOAD:CHARTER] thread=scheduling-1 | phase=END | ts=1779948132108 | totalCount=10000 | totalChunks=1 | elapsed_ms=198
2026-05-28 15:02:12.109 [scheduling-1] INFO  c.w.r.b.B.RdbSyncListener - [PERF:DBLOAD:MONTHLY] thread=scheduling-1 | phase=START | ts=1779948132109 | chunkSize=10000
2026-05-28 15:02:12.256 [scheduling-1] INFO  c.w.r.b.B.RdbSyncListener - [PERF:CHUNK:MONTHLY] thread=scheduling-1 | phase=COMPLETE | chunkIndex=0 | chunkSize=10000 | cumulative=10000 | load_ms=142 | transform_ms=5 | total_ms=147 | hasNext=true
2026-05-28 15:02:12.258 [scheduling-1] INFO  c.w.r.b.B.RdbSyncListener - [PERF:DBLOAD:MONTHLY] thread=scheduling-1 | phase=END | ts=1779948132258 | totalCount=10000 | totalChunks=1 | elapsed_ms=149
2026-05-28 15:02:12.258 [scheduling-1] INFO  c.w.r.b.B.RdbSyncListener - >>> [Phase 2-2] RDB 재조회 완료. (전세: 10000건, 월세: 10000건)
2026-05-28 15:02:12.258 [scheduling-1] INFO  c.w.r.b.B.RdbSyncListener - >>> [Phase 2-3] Entity → Property 변환 완료. Redis 동기화 시작.
2026-05-28 15:02:12.258 [scheduling-1] INFO  c.w.r.b.B.RdbSyncListener - >>> [DEBUG:PIPELINE:CHARTER] BATCH START (range: 0-2000)
2026-05-28 15:02:12.547 [scheduling-1] INFO  c.w.r.b.B.RdbSyncListener - >>> [DEBUG:PIPELINE:CHARTER] isPipelined=true, connectionClass=jdk.proxy2.$Proxy219
2026-05-28 15:02:12.805 [scheduling-1] INFO  c.w.r.b.B.RdbSyncListener - >>> [DEBUG:PIPELINE:CHARTER] BATCH COMPLETE (range: 0-2000, closePipeline 완료)
2026-05-28 15:02:12.805 [scheduling-1] INFO  c.w.r.b.B.RdbSyncListener - >>> [DEBUG:PIPELINE:CHARTER] BATCH START (range: 2000-4000)
2026-05-28 15:02:12.805 [scheduling-1] INFO  c.w.r.b.B.RdbSyncListener - >>> [DEBUG:PIPELINE:CHARTER] isPipelined=true, connectionClass=jdk.proxy2.$Proxy219
2026-05-28 15:02:12.995 [scheduling-1] INFO  c.w.r.b.B.RdbSyncListener - >>> [DEBUG:PIPELINE:CHARTER] BATCH COMPLETE (range: 2000-4000, closePipeline 완료)
2026-05-28 15:02:12.995 [scheduling-1] INFO  c.w.r.b.B.RdbSyncListener - >>> [DEBUG:PIPELINE:CHARTER] BATCH START (range: 4000-6000)
2026-05-28 15:02:12.996 [scheduling-1] INFO  c.w.r.b.B.RdbSyncListener - >>> [DEBUG:PIPELINE:CHARTER] isPipelined=true, connectionClass=jdk.proxy2.$Proxy219
2026-05-28 15:02:13.167 [scheduling-1] INFO  c.w.r.b.B.RdbSyncListener - >>> [DEBUG:PIPELINE:CHARTER] BATCH COMPLETE (range: 4000-6000, closePipeline 완료)
2026-05-28 15:02:13.167 [scheduling-1] INFO  c.w.r.b.B.RdbSyncListener - >>> [DEBUG:PIPELINE:CHARTER] BATCH START (range: 6000-8000)
2026-05-28 15:02:13.167 [scheduling-1] INFO  c.w.r.b.B.RdbSyncListener - >>> [DEBUG:PIPELINE:CHARTER] isPipelined=true, connectionClass=jdk.proxy2.$Proxy219
2026-05-28 15:02:13.344 [scheduling-1] INFO  c.w.r.b.B.RdbSyncListener - >>> [DEBUG:PIPELINE:CHARTER] BATCH COMPLETE (range: 6000-8000, closePipeline 완료)
2026-05-28 15:02:13.344 [scheduling-1] INFO  c.w.r.b.B.RdbSyncListener - >>> [DEBUG:PIPELINE:CHARTER] BATCH START (range: 8000-10000)
2026-05-28 15:02:13.344 [scheduling-1] INFO  c.w.r.b.B.RdbSyncListener - >>> [DEBUG:PIPELINE:CHARTER] isPipelined=true, connectionClass=jdk.proxy2.$Proxy219
2026-05-28 15:02:13.508 [scheduling-1] INFO  c.w.r.b.B.RdbSyncListener - >>> [DEBUG:PIPELINE:CHARTER] BATCH COMPLETE (range: 8000-10000, closePipeline 완료)
2026-05-28 15:02:13.508 [scheduling-1] INFO  c.w.r.b.B.RdbSyncListener - Redis [Pipeline]: 전세 매물 저장 완료 - 성공: 10000건, 소요: 1250ms
2026-05-28 15:02:13.508 [scheduling-1] INFO  c.w.r.b.B.RdbSyncListener - >>> [DEBUG:PIPELINE:MONTHLY] BATCH START (range: 0-2000)
2026-05-28 15:02:13.508 [scheduling-1] INFO  c.w.r.b.B.RdbSyncListener - >>> [DEBUG:PIPELINE:MONTHLY] isPipelined=true, connectionClass=jdk.proxy2.$Proxy219
2026-05-28 15:02:13.722 [scheduling-1] INFO  c.w.r.b.B.RdbSyncListener - >>> [DEBUG:PIPELINE:MONTHLY] BATCH COMPLETE (range: 0-2000, closePipeline 완료)
2026-05-28 15:02:13.723 [scheduling-1] INFO  c.w.r.b.B.RdbSyncListener - >>> [DEBUG:PIPELINE:MONTHLY] BATCH START (range: 2000-4000)
2026-05-28 15:02:13.723 [scheduling-1] INFO  c.w.r.b.B.RdbSyncListener - >>> [DEBUG:PIPELINE:MONTHLY] isPipelined=true, connectionClass=jdk.proxy2.$Proxy219
2026-05-28 15:02:13.953 [scheduling-1] INFO  c.w.r.b.B.RdbSyncListener - >>> [DEBUG:PIPELINE:MONTHLY] BATCH COMPLETE (range: 2000-4000, closePipeline 완료)
2026-05-28 15:02:13.953 [scheduling-1] INFO  c.w.r.b.B.RdbSyncListener - >>> [DEBUG:PIPELINE:MONTHLY] BATCH START (range: 4000-6000)
2026-05-28 15:02:13.953 [scheduling-1] INFO  c.w.r.b.B.RdbSyncListener - >>> [DEBUG:PIPELINE:MONTHLY] isPipelined=true, connectionClass=jdk.proxy2.$Proxy219
2026-05-28 15:02:14.151 [scheduling-1] INFO  c.w.r.b.B.RdbSyncListener - >>> [DEBUG:PIPELINE:MONTHLY] BATCH COMPLETE (range: 4000-6000, closePipeline 완료)
2026-05-28 15:02:14.151 [scheduling-1] INFO  c.w.r.b.B.RdbSyncListener - >>> [DEBUG:PIPELINE:MONTHLY] BATCH START (range: 6000-8000)
2026-05-28 15:02:14.151 [scheduling-1] INFO  c.w.r.b.B.RdbSyncListener - >>> [DEBUG:PIPELINE:MONTHLY] isPipelined=true, connectionClass=jdk.proxy2.$Proxy219
2026-05-28 15:02:14.349 [scheduling-1] INFO  c.w.r.b.B.RdbSyncListener - >>> [DEBUG:PIPELINE:MONTHLY] BATCH COMPLETE (range: 6000-8000, closePipeline 완료)
2026-05-28 15:02:14.349 [scheduling-1] INFO  c.w.r.b.B.RdbSyncListener - >>> [DEBUG:PIPELINE:MONTHLY] BATCH START (range: 8000-10000)
2026-05-28 15:02:14.350 [scheduling-1] INFO  c.w.r.b.B.RdbSyncListener - >>> [DEBUG:PIPELINE:MONTHLY] isPipelined=true, connectionClass=jdk.proxy2.$Proxy219
2026-05-28 15:02:14.544 [scheduling-1] INFO  c.w.r.b.B.RdbSyncListener - >>> [DEBUG:PIPELINE:MONTHLY] BATCH COMPLETE (range: 8000-10000, closePipeline 완료)
2026-05-28 15:02:14.544 [scheduling-1] INFO  c.w.r.b.B.RdbSyncListener - Redis [Pipeline]: 월세 매물 저장 완료 - 성공: 10000건, 소요: 1036ms
2026-05-28 15:02:14.545 [scheduling-1] INFO  c.w.r.b.B.RdbSyncListener - === 정규화 범위 계산 및 저장 시작 ===
2026-05-28 15:02:14.556 [scheduling-1] INFO  c.w.r.b.B.RdbSyncListener - Redis [Bounds] 준비 완료 - Key: bounds:서대문구:월세, Count: 400, Deposit[1010.0-19966.0], Rent[30.0-300.0], Area[10.28-49.91]
2026-05-28 15:02:14.557 [scheduling-1] INFO  c.w.r.b.B.RdbSyncListener - Redis [Bounds] 준비 완료 - Key: bounds:중구:월세, Count: 423, Deposit[1121.0-19978.0], Rent[31.0-300.0], Area[10.07-49.77]
2026-05-28 15:02:14.558 [scheduling-1] INFO  c.w.r.b.B.RdbSyncListener - Redis [Bounds] 준비 완료 - Key: bounds:노원구:월세, Count: 417, Deposit[1062.0-19927.0], Rent[30.0-300.0], Area[10.03-49.88]
2026-05-28 15:02:14.559 [scheduling-1] INFO  c.w.r.b.B.RdbSyncListener - Redis [Bounds] 준비 완료 - Key: bounds:광진구:월세, Count: 404, Deposit[1004.0-19892.0], Rent[30.0-299.0], Area[10.03-49.73]
2026-05-28 15:02:14.559 [scheduling-1] INFO  c.w.r.b.B.RdbSyncListener - Redis [Bounds] 준비 완료 - Key: bounds:영등포구:월세, Count: 408, Deposit[1050.0-19878.0], Rent[30.0-300.0], Area[10.05-49.9]
2026-05-28 15:02:14.560 [scheduling-1] INFO  c.w.r.b.B.RdbSyncListener - Redis [Bounds] 준비 완료 - Key: bounds:중랑구:월세, Count: 417, Deposit[1006.0-19942.0], Rent[31.0-299.0], Area[10.21-49.91]
2026-05-28 15:02:14.561 [scheduling-1] INFO  c.w.r.b.B.RdbSyncListener - Redis [Bounds] 준비 완료 - Key: bounds:강동구:월세, Count: 379, Deposit[1015.0-19952.0], Rent[30.0-300.0], Area[10.12-49.52]
2026-05-28 15:02:14.562 [scheduling-1] INFO  c.w.r.b.B.RdbSyncListener - Redis [Bounds] 준비 완료 - Key: bounds:구로구:월세, Count: 427, Deposit[1015.0-19976.0], Rent[30.0-300.0], Area[10.25-49.8]
2026-05-28 15:02:14.564 [scheduling-1] INFO  c.w.r.b.B.RdbSyncListener - Redis [Bounds] 준비 완료 - Key: bounds:양천구:월세, Count: 395, Deposit[1124.0-20000.0], Rent[30.0-300.0], Area[10.0-49.63]
2026-05-28 15:02:14.564 [scheduling-1] INFO  c.w.r.b.B.RdbSyncListener - Redis [Bounds] 준비 완료 - Key: bounds:종로구:월세, Count: 415, Deposit[1094.0-19845.0], Rent[30.0-300.0], Area[9.98-49.76]
2026-05-28 15:02:14.565 [scheduling-1] INFO  c.w.r.b.B.RdbSyncListener - Redis [Bounds] 준비 완료 - Key: bounds:송파구:월세, Count: 371, Deposit[1014.0-19911.0], Rent[30.0-299.0], Area[10.11-49.89]
2026-05-28 15:02:14.566 [scheduling-1] INFO  c.w.r.b.B.RdbSyncListener - Redis [Bounds] 준비 완료 - Key: bounds:동대문구:월세, Count: 407, Deposit[1020.0-19833.0], Rent[30.0-300.0], Area[10.04-49.9]
2026-05-28 15:02:14.567 [scheduling-1] INFO  c.w.r.b.B.RdbSyncListener - Redis [Bounds] 준비 완료 - Key: bounds:관악구:월세, Count: 370, Deposit[1115.0-19930.0], Rent[32.0-300.0], Area[10.07-49.85]
2026-05-28 15:02:14.567 [scheduling-1] INFO  c.w.r.b.B.RdbSyncListener - Redis [Bounds] 준비 완료 - Key: bounds:도봉구:월세, Count: 388, Deposit[1014.0-19955.0], Rent[31.0-299.0], Area[10.32-49.87]
2026-05-28 15:02:14.568 [scheduling-1] INFO  c.w.r.b.B.RdbSyncListener - Redis [Bounds] 준비 완료 - Key: bounds:은평구:월세, Count: 403, Deposit[1046.0-19994.0], Rent[31.0-300.0], Area[10.04-49.82]
2026-05-28 15:02:14.569 [scheduling-1] INFO  c.w.r.b.B.RdbSyncListener - Redis [Bounds] 준비 완료 - Key: bounds:성동구:월세, Count: 391, Deposit[1037.0-19972.0], Rent[30.0-298.0], Area[10.09-49.65]
2026-05-28 15:02:14.571 [scheduling-1] INFO  c.w.r.b.B.RdbSyncListener - Redis [Bounds] 준비 완료 - Key: bounds:강서구:월세, Count: 410, Deposit[1018.0-19978.0], Rent[30.0-300.0], Area[10.09-49.87]
2026-05-28 15:02:14.572 [scheduling-1] INFO  c.w.r.b.B.RdbSyncListener - Redis [Bounds] 준비 완료 - Key: bounds:강남구:월세, Count: 418, Deposit[1018.0-19916.0], Rent[30.0-300.0], Area[10.1-49.88]
2026-05-28 15:02:14.573 [scheduling-1] INFO  c.w.r.b.B.RdbSyncListener - Redis [Bounds] 준비 완료 - Key: bounds:서초구:월세, Count: 381, Deposit[1099.0-19993.0], Rent[30.0-300.0], Area[10.09-49.86]
2026-05-28 15:02:14.575 [scheduling-1] INFO  c.w.r.b.B.RdbSyncListener - Redis [Bounds] 준비 완료 - Key: bounds:금천구:월세, Count: 362, Deposit[1133.0-19985.0], Rent[30.0-299.0], Area[10.04-49.82]
2026-05-28 15:02:14.577 [scheduling-1] INFO  c.w.r.b.B.RdbSyncListener - Redis [Bounds] 준비 완료 - Key: bounds:성북구:월세, Count: 415, Deposit[1007.0-19955.0], Rent[30.0-300.0], Area[9.99-49.85]
2026-05-28 15:02:14.578 [scheduling-1] INFO  c.w.r.b.B.RdbSyncListener - Redis [Bounds] 준비 완료 - Key: bounds:용산구:월세, Count: 392, Deposit[1081.0-19920.0], Rent[30.0-299.0], Area[10.01-49.79]
2026-05-28 15:02:14.579 [scheduling-1] INFO  c.w.r.b.B.RdbSyncListener - Redis [Bounds] 준비 완료 - Key: bounds:마포구:월세, Count: 422, Deposit[1076.0-19921.0], Rent[30.0-300.0], Area[9.99-49.84]
2026-05-28 15:02:14.580 [scheduling-1] INFO  c.w.r.b.B.RdbSyncListener - Redis [Bounds] 준비 완료 - Key: bounds:동작구:월세, Count: 390, Deposit[1022.0-19995.0], Rent[30.0-300.0], Area[10.06-49.76]
2026-05-28 15:02:14.580 [scheduling-1] INFO  c.w.r.b.B.RdbSyncListener - Redis [Bounds] 준비 완료 - Key: bounds:강북구:월세, Count: 395, Deposit[1002.0-19990.0], Rent[30.0-299.0], Area[10.0-49.71]
2026-05-28 15:02:14.580 [scheduling-1] INFO  c.w.r.b.B.RdbSyncListener - >>> [DEBUG:PIPELINE:BOUNDS] BATCH START (총 50개 그룹)
2026-05-28 15:02:14.581 [scheduling-1] INFO  c.w.r.b.B.RdbSyncListener - >>> [DEBUG:PIPELINE:BOUNDS] isPipelined = true, connection class = jdk.proxy2.$Proxy219
2026-05-28 15:02:14.583 [scheduling-1] INFO  c.w.r.b.B.RdbSyncListener - >>> [DEBUG:PIPELINE:BOUNDS] BATCH COMPLETE (50개 그룹, closePipeline 완료)
2026-05-28 15:02:14.583 [scheduling-1] INFO  c.w.r.b.B.RdbSyncListener - === 정규화 범위 계산 완료 ===
2026-05-28 15:02:14.583 [scheduling-1] INFO  c.w.r.b.B.RdbSyncListener - === 안전성 점수 계산 및 저장 시작 ===
2026-05-28 15:02:14.628 [scheduling-1] INFO  c.w.r.b.B.RdbSyncListener - >>> [DEBUG:PIPELINE:SAFETY] BATCH START (총 25개 자치구)
2026-05-28 15:02:14.628 [scheduling-1] INFO  c.w.r.b.B.RdbSyncListener - >>> [DEBUG:PIPELINE:SAFETY] isPipelined=true, connectionClass=jdk.proxy2.$Proxy219
2026-05-28 15:02:14.630 [scheduling-1] INFO  c.w.r.b.B.RdbSyncListener - >>> [DEBUG:PIPELINE:SAFETY] BATCH COMPLETE (25개 자치구, closePipeline 완료)
2026-05-28 15:02:14.630 [scheduling-1] INFO  c.w.r.b.B.RdbSyncListener - === 안전성 점수 계산 완료: 25개 지역구 ===
2026-05-28 15:02:14.630 [scheduling-1] INFO  c.w.r.b.B.RdbSyncListener - >>> [Phase 2] 배치 동기화 프로세스 정상 종료. 총 소요시간: 2720ms
2026-05-28 15:02:14.630 [scheduling-1] INFO  c.w.r.b.B.RdbSyncListener - [PERF:BATCH:TOTAL] thread=scheduling-1 | phase=END | ts=1779948134630 | elapsed_ms=2720
2026-05-28 15:02:14.630 [scheduling-1] INFO  c.w.r.b.B.RdbSyncListener - ====================================================================
2026-05-28 15:02:14.630 [scheduling-1] INFO  c.w.r.b.B.RdbSyncListener - >>> 측정 결과 요약 (Slice 청크 처리) <<<
2026-05-28 15:02:14.630 [scheduling-1] INFO  c.w.r.b.B.RdbSyncListener -   CHUNK_SIZE          = 10000 건/청크
2026-05-28 15:02:14.630 [scheduling-1] INFO  c.w.r.b.B.RdbSyncListener -   PIPELINE_BATCH_SIZE = 2000 건/파이프라인
2026-05-28 15:02:14.630 [scheduling-1] INFO  c.w.r.b.B.RdbSyncListener -   DBLOAD:CHARTER      = 198 ms (10000건, 1청크)
2026-05-28 15:02:14.630 [scheduling-1] INFO  c.w.r.b.B.RdbSyncListener -   DBLOAD:MONTHLY      = 149 ms (10000건, 1청크)
2026-05-28 15:02:14.630 [scheduling-1] INFO  c.w.r.b.B.RdbSyncListener -   TRANSFORM:CHARTER   = 6 ms (누적)
2026-05-28 15:02:14.630 [scheduling-1] INFO  c.w.r.b.B.RdbSyncListener -   TRANSFORM:MONTHLY   = 5 ms (누적)
2026-05-28 15:02:14.630 [scheduling-1] INFO  c.w.r.b.B.RdbSyncListener -   BATCH:TOTAL         = 2720 ms
2026-05-28 15:02:14.630 [scheduling-1] INFO  c.w.r.b.B.RdbSyncListener - ====================================================================
2026-05-28 15:02:23.647 [http-nio-8185-exec-3] INFO  o.a.c.c.C.[.[.[/wherehouse] - Initializing Spring DispatcherServlet 'dispatcherServlet'
2026-05-28 15:02:23.647 [http-nio-8185-exec-3] INFO  o.s.web.servlet.DispatcherServlet - Initializing Servlet 'dispatcherServlet'
2026-05-28 15:02:23.649 [http-nio-8185-exec-3] INFO  o.s.web.servlet.DispatcherServlet - Completed initialization in 2 ms
2026-05-28 15:02:23.674 [http-nio-8185-exec-3] INFO  c.w.J.Filter.JwtAuthProcessorFilter - JWTAuthenticationFilter - 요청 처리 시작
2026-05-28 15:02:23.674 [http-nio-8185-exec-5] INFO  c.w.J.Filter.JwtAuthProcessorFilter - JWTAuthenticationFilter - 요청 처리 시작
2026-05-28 15:02:23.674 [http-nio-8185-exec-4] INFO  c.w.J.Filter.JwtAuthProcessorFilter - JWTAuthenticationFilter - 요청 처리 시작
2026-05-28 15:02:23.674 [http-nio-8185-exec-2] INFO  c.w.J.Filter.JwtAuthProcessorFilter - JWTAuthenticationFilter - 요청 처리 시작
2026-05-28 15:02:23.674 [http-nio-8185-exec-1] INFO  c.w.J.Filter.JwtAuthProcessorFilter - JWTAuthenticationFilter - 요청 처리 시작
2026-05-28 15:02:23.674 [http-nio-8185-exec-5] INFO  c.w.J.Filter.JwtAuthProcessorFilter - HTTP Method: POST, URL: http://localhost:8185/wherehouse/api/v1/visit/reservations
2026-05-28 15:02:23.674 [http-nio-8185-exec-4] INFO  c.w.J.Filter.JwtAuthProcessorFilter - HTTP Method: POST, URL: http://localhost:8185/wherehouse/api/v1/visit/reservations
2026-05-28 15:02:23.674 [http-nio-8185-exec-1] INFO  c.w.J.Filter.JwtAuthProcessorFilter - HTTP Method: POST, URL: http://localhost:8185/wherehouse/api/v1/visit/reservations
2026-05-28 15:02:23.674 [http-nio-8185-exec-2] INFO  c.w.J.Filter.JwtAuthProcessorFilter - HTTP Method: POST, URL: http://localhost:8185/wherehouse/api/v1/visit/reservations
2026-05-28 15:02:23.674 [http-nio-8185-exec-3] INFO  c.w.J.Filter.JwtAuthProcessorFilter - HTTP Method: POST, URL: http://localhost:8185/wherehouse/api/v1/visit/reservations
2026-05-28 15:02:23.732 [http-nio-8185-exec-1] INFO  c.w.J.Filter.JwtAuthProcessorFilter - JWT 인증 성공: 사용자 ID = searcher01
2026-05-28 15:02:23.732 [http-nio-8185-exec-2] INFO  c.w.J.Filter.JwtAuthProcessorFilter - JWT 인증 성공: 사용자 ID = searcher02
2026-05-28 15:02:23.732 [http-nio-8185-exec-4] INFO  c.w.J.Filter.JwtAuthProcessorFilter - JWT 인증 성공: 사용자 ID = searcher04
2026-05-28 15:02:23.732 [http-nio-8185-exec-3] INFO  c.w.J.Filter.JwtAuthProcessorFilter - JWT 인증 성공: 사용자 ID = searcher03
2026-05-28 15:02:23.732 [http-nio-8185-exec-5] INFO  c.w.J.Filter.JwtAuthProcessorFilter - JWT 인증 성공: 사용자 ID = searcher05
2026-05-28 15:02:23.836 [http-nio-8185-exec-3] INFO  c.w.V.c.VisitReservationController - [VISIT_RESERVATION_CREATE_REQ] userId=searcher03, slotId=392
2026-05-28 15:02:23.836 [http-nio-8185-exec-1] INFO  c.w.V.c.VisitReservationController - [VISIT_RESERVATION_CREATE_REQ] userId=searcher01, slotId=392
2026-05-28 15:02:23.836 [http-nio-8185-exec-2] INFO  c.w.V.c.VisitReservationController - [VISIT_RESERVATION_CREATE_REQ] userId=searcher02, slotId=392
2026-05-28 15:02:23.836 [http-nio-8185-exec-5] INFO  c.w.V.c.VisitReservationController - [VISIT_RESERVATION_CREATE_REQ] userId=searcher05, slotId=392
2026-05-28 15:02:23.836 [http-nio-8185-exec-4] INFO  c.w.V.c.VisitReservationController - [VISIT_RESERVATION_CREATE_REQ] userId=searcher04, slotId=392
2026-05-28 15:02:23.845 [HikariPool-1 connection adder] DEBUG com.zaxxer.hikari.pool.HikariPool - HikariPool-1 - Connection not added, stats (total=12, active=5, idle=7, waiting=0)
2026-05-28 15:02:23.845 [HikariPool-1 connection adder] DEBUG com.zaxxer.hikari.pool.HikariPool - HikariPool-1 - Connection not added, stats (total=12, active=5, idle=7, waiting=0)
2026-05-28 15:02:23.845 [HikariPool-1 connection adder] DEBUG com.zaxxer.hikari.pool.HikariPool - HikariPool-1 - Connection not added, stats (total=12, active=5, idle=7, waiting=0)
2026-05-28 15:02:23.845 [HikariPool-1 connection adder] DEBUG com.zaxxer.hikari.pool.HikariPool - HikariPool-1 - Connection not added, stats (total=12, active=5, idle=7, waiting=0)
2026-05-28 15:02:23.853 [http-nio-8185-exec-2] INFO  c.w.V.s.VisitReservationWriteService - [F004-CP1-AFTER-AVAILABLE-CHECK] thread=[name=http-nio-8185-exec-2, id=50] nanoTime=13162562866500 instant=2026-05-28T06:02:23.851405100Z slot=(slotId=392, windowId=42, propertyId=693c35731a5ebe74463679d39787c0c5, leaseType=CHARTER, startTime=2026-05-28T16:25, endTime=2026-05-28T16:55, status=AVAILABLE, createdAt=2026-05-28T14:54:29.906955)
2026-05-28 15:02:23.864 [http-nio-8185-exec-1] INFO  c.w.V.s.VisitReservationWriteService - [F004-CP1-AFTER-AVAILABLE-CHECK] thread=[name=http-nio-8185-exec-1, id=49] nanoTime=13162574771100 instant=2026-05-28T06:02:23.863398400Z slot=(slotId=392, windowId=42, propertyId=693c35731a5ebe74463679d39787c0c5, leaseType=CHARTER, startTime=2026-05-28T16:25, endTime=2026-05-28T16:55, status=AVAILABLE, createdAt=2026-05-28T14:54:29.906955)
2026-05-28 15:02:23.864 [http-nio-8185-exec-4] INFO  c.w.V.s.VisitReservationWriteService - [F004-CP1-AFTER-AVAILABLE-CHECK] thread=[name=http-nio-8185-exec-4, id=52] nanoTime=13162574877900 instant=2026-05-28T06:02:23.863398400Z slot=(slotId=392, windowId=42, propertyId=693c35731a5ebe74463679d39787c0c5, leaseType=CHARTER, startTime=2026-05-28T16:25, endTime=2026-05-28T16:55, status=AVAILABLE, createdAt=2026-05-28T14:54:29.906955)
2026-05-28 15:02:23.864 [http-nio-8185-exec-3] INFO  c.w.V.s.VisitReservationWriteService - [F004-CP1-AFTER-AVAILABLE-CHECK] thread=[name=http-nio-8185-exec-3, id=51] nanoTime=13162574777100 instant=2026-05-28T06:02:23.863398400Z slot=(slotId=392, windowId=42, propertyId=693c35731a5ebe74463679d39787c0c5, leaseType=CHARTER, startTime=2026-05-28T16:25, endTime=2026-05-28T16:55, status=AVAILABLE, createdAt=2026-05-28T14:54:29.906955)
2026-05-28 15:02:23.864 [http-nio-8185-exec-5] INFO  c.w.V.s.VisitReservationWriteService - [F004-CP1-AFTER-AVAILABLE-CHECK] thread=[name=http-nio-8185-exec-5, id=53] nanoTime=13162574851200 instant=2026-05-28T06:02:23.863398400Z slot=(slotId=392, windowId=42, propertyId=693c35731a5ebe74463679d39787c0c5, leaseType=CHARTER, startTime=2026-05-28T16:25, endTime=2026-05-28T16:55, status=AVAILABLE, createdAt=2026-05-28T14:54:29.906955)
2026-05-28 15:02:23.870 [http-nio-8185-exec-4] INFO  c.w.V.s.VisitReservationWriteService - [F004-CP1-AFTER-AVAILABLE-CHECK] thread=[name=http-nio-8185-exec-4, id=52] nanoTime=13162576223500 instant=2026-05-28T06:02:23.864409500Z slotId=392 reservationsCount=0
2026-05-28 15:02:23.877 [http-nio-8185-exec-1] INFO  c.w.V.s.VisitReservationWriteService - [F004-CP1-AFTER-AVAILABLE-CHECK] thread=[name=http-nio-8185-exec-1, id=49] nanoTime=13162575740600 instant=2026-05-28T06:02:23.864409500Z slotId=392 reservationsCount=0
2026-05-28 15:02:23.877 [http-nio-8185-exec-2] INFO  c.w.V.s.VisitReservationWriteService - [F004-CP1-AFTER-AVAILABLE-CHECK] thread=[name=http-nio-8185-exec-2, id=50] nanoTime=13162564825400 instant=2026-05-28T06:02:23.853397300Z slotId=392 reservationsCount=0
2026-05-28 15:02:23.877 [http-nio-8185-exec-3] INFO  c.w.V.s.VisitReservationWriteService - [F004-CP1-AFTER-AVAILABLE-CHECK] thread=[name=http-nio-8185-exec-3, id=51] nanoTime=13162576482900 instant=2026-05-28T06:02:23.865399800Z slotId=392 reservationsCount=0
2026-05-28 15:02:23.877 [http-nio-8185-exec-5] INFO  c.w.V.s.VisitReservationWriteService - [F004-CP1-AFTER-AVAILABLE-CHECK] thread=[name=http-nio-8185-exec-5, id=53] nanoTime=13162576570900 instant=2026-05-28T06:02:23.865399800Z slotId=392 reservationsCount=0
2026-05-28 15:02:23.896 [http-nio-8185-exec-1] INFO  c.w.V.s.VisitReservationWriteService - [F004-CP2-AFTER-SLOT-UPDATE] thread=[name=http-nio-8185-exec-1, id=49] nanoTime=13162607738900 instant=2026-05-28T06:02:23.896398700Z slot=(slotId=392, windowId=42, propertyId=693c35731a5ebe74463679d39787c0c5, leaseType=CHARTER, startTime=2026-05-28T16:25, endTime=2026-05-28T16:55, status=RESERVED, createdAt=2026-05-28T14:54:29.906955)
2026-05-28 15:02:23.896 [http-nio-8185-exec-5] INFO  c.w.V.s.VisitReservationWriteService - [F004-CP2-AFTER-SLOT-UPDATE] thread=[name=http-nio-8185-exec-5, id=53] nanoTime=13162607739200 instant=2026-05-28T06:02:23.896398700Z slot=(slotId=392, windowId=42, propertyId=693c35731a5ebe74463679d39787c0c5, leaseType=CHARTER, startTime=2026-05-28T16:25, endTime=2026-05-28T16:55, status=RESERVED, createdAt=2026-05-28T14:54:29.906955)
2026-05-28 15:02:23.896 [http-nio-8185-exec-3] INFO  c.w.V.s.VisitReservationWriteService - [F004-CP2-AFTER-SLOT-UPDATE] thread=[name=http-nio-8185-exec-3, id=51] nanoTime=13162607739800 instant=2026-05-28T06:02:23.896398700Z slot=(slotId=392, windowId=42, propertyId=693c35731a5ebe74463679d39787c0c5, leaseType=CHARTER, startTime=2026-05-28T16:25, endTime=2026-05-28T16:55, status=RESERVED, createdAt=2026-05-28T14:54:29.906955)
2026-05-28 15:02:23.896 [http-nio-8185-exec-2] INFO  c.w.V.s.VisitReservationWriteService - [F004-CP2-AFTER-SLOT-UPDATE] thread=[name=http-nio-8185-exec-2, id=50] nanoTime=13162607741300 instant=2026-05-28T06:02:23.896398700Z slot=(slotId=392, windowId=42, propertyId=693c35731a5ebe74463679d39787c0c5, leaseType=CHARTER, startTime=2026-05-28T16:25, endTime=2026-05-28T16:55, status=RESERVED, createdAt=2026-05-28T14:54:29.906955)
2026-05-28 15:02:23.896 [http-nio-8185-exec-4] INFO  c.w.V.s.VisitReservationWriteService - [F004-CP2-AFTER-SLOT-UPDATE] thread=[name=http-nio-8185-exec-4, id=52] nanoTime=13162607739100 instant=2026-05-28T06:02:23.896398700Z slot=(slotId=392, windowId=42, propertyId=693c35731a5ebe74463679d39787c0c5, leaseType=CHARTER, startTime=2026-05-28T16:25, endTime=2026-05-28T16:55, status=RESERVED, createdAt=2026-05-28T14:54:29.906955)
2026-05-28 15:02:23.935 [http-nio-8185-exec-5] INFO  c.w.V.s.VisitReservationWriteService - [F004-CP3-AFTER-RESERVATION-INSERT] thread=[name=http-nio-8185-exec-5, id=53] nanoTime=13162617644900 instant=2026-05-28T06:02:23.906396300Z slotId=392 reservationsCount=1
2026-05-28 15:02:23.935 [http-nio-8185-exec-5] INFO  c.w.V.s.VisitReservationWriteService - [F004-CP3-AFTER-RESERVATION-INSERT] thread=[name=http-nio-8185-exec-5, id=53] nanoTime=13162617644900 reservation=(reservationId=47, slotId=392, searcherUserId=searcher05, status=CONFIRMED, confirmedAt=2026-05-28T15:02:23.836397600, cancelledAt=null, invalidatedAt=null, visitResult=null, resultClassifiedAt=null)
2026-05-28 15:02:23.942 [http-nio-8185-exec-5] INFO  c.w.V.s.VisitNotificationService - [VISIT_NOTIFY] type=SLOT_RESERVED, userId=ownerTest1, notificationId=62
2026-05-28 15:02:23.942 [http-nio-8185-exec-5] INFO  c.w.V.s.VisitReservationWriteService - [VISIT_RESERVATION_CONFIRMED] reservationId=47, slotId=392, searcher=searcher05, registrant=ownerTest1
2026-05-28 15:02:23.947 [http-nio-8185-exec-1] INFO  c.w.V.s.VisitReservationWriteService - [F004-CP3-AFTER-RESERVATION-INSERT] thread=[name=http-nio-8185-exec-1, id=49] nanoTime=13162617644300 instant=2026-05-28T06:02:23.906396300Z slotId=392 reservationsCount=2
2026-05-28 15:02:23.947 [http-nio-8185-exec-1] INFO  c.w.V.s.VisitReservationWriteService - [F004-CP3-AFTER-RESERVATION-INSERT] thread=[name=http-nio-8185-exec-1, id=49] nanoTime=13162617644300 reservation=(reservationId=47, slotId=392, searcherUserId=searcher05, status=CONFIRMED, confirmedAt=2026-05-28T15:02:23.836398, cancelledAt=null, invalidatedAt=null, visitResult=null, resultClassifiedAt=null)
2026-05-28 15:02:23.947 [http-nio-8185-exec-1] INFO  c.w.V.s.VisitReservationWriteService - [F004-CP3-AFTER-RESERVATION-INSERT] thread=[name=http-nio-8185-exec-1, id=49] nanoTime=13162617644300 reservation=(reservationId=49, slotId=392, searcherUserId=searcher01, status=CONFIRMED, confirmedAt=2026-05-28T15:02:23.836397600, cancelledAt=null, invalidatedAt=null, visitResult=null, resultClassifiedAt=null)
2026-05-28 15:02:23.951 [http-nio-8185-exec-1] INFO  c.w.V.s.VisitNotificationService - [VISIT_NOTIFY] type=SLOT_RESERVED, userId=ownerTest1, notificationId=63
2026-05-28 15:02:23.951 [http-nio-8185-exec-1] INFO  c.w.V.s.VisitReservationWriteService - [VISIT_RESERVATION_CONFIRMED] reservationId=49, slotId=392, searcher=searcher01, registrant=ownerTest1
2026-05-28 15:02:23.954 [http-nio-8185-exec-3] INFO  c.w.V.s.VisitReservationWriteService - [F004-CP3-AFTER-RESERVATION-INSERT] thread=[name=http-nio-8185-exec-3, id=51] nanoTime=13162617645300 instant=2026-05-28T06:02:23.906396300Z slotId=392 reservationsCount=3
2026-05-28 15:02:23.954 [http-nio-8185-exec-3] INFO  c.w.V.s.VisitReservationWriteService - [F004-CP3-AFTER-RESERVATION-INSERT] thread=[name=http-nio-8185-exec-3, id=51] nanoTime=13162617645300 reservation=(reservationId=48, slotId=392, searcherUserId=searcher03, status=CONFIRMED, confirmedAt=2026-05-28T15:02:23.836397600, cancelledAt=null, invalidatedAt=null, visitResult=null, resultClassifiedAt=null)
2026-05-28 15:02:23.954 [http-nio-8185-exec-3] INFO  c.w.V.s.VisitReservationWriteService - [F004-CP3-AFTER-RESERVATION-INSERT] thread=[name=http-nio-8185-exec-3, id=51] nanoTime=13162617645300 reservation=(reservationId=47, slotId=392, searcherUserId=searcher05, status=CONFIRMED, confirmedAt=2026-05-28T15:02:23.836398, cancelledAt=null, invalidatedAt=null, visitResult=null, resultClassifiedAt=null)
2026-05-28 15:02:23.954 [http-nio-8185-exec-3] INFO  c.w.V.s.VisitReservationWriteService - [F004-CP3-AFTER-RESERVATION-INSERT] thread=[name=http-nio-8185-exec-3, id=51] nanoTime=13162617645300 reservation=(reservationId=49, slotId=392, searcherUserId=searcher01, status=CONFIRMED, confirmedAt=2026-05-28T15:02:23.836398, cancelledAt=null, invalidatedAt=null, visitResult=null, resultClassifiedAt=null)
2026-05-28 15:02:23.957 [http-nio-8185-exec-3] INFO  c.w.V.s.VisitNotificationService - [VISIT_NOTIFY] type=SLOT_RESERVED, userId=ownerTest1, notificationId=64
2026-05-28 15:02:23.957 [http-nio-8185-exec-3] INFO  c.w.V.s.VisitReservationWriteService - [VISIT_RESERVATION_CONFIRMED] reservationId=48, slotId=392, searcher=searcher03, registrant=ownerTest1
2026-05-28 15:02:23.961 [http-nio-8185-exec-2] INFO  c.w.V.s.VisitReservationWriteService - [F004-CP3-AFTER-RESERVATION-INSERT] thread=[name=http-nio-8185-exec-2, id=50] nanoTime=13162617644300 instant=2026-05-28T06:02:23.906396300Z slotId=392 reservationsCount=4
2026-05-28 15:02:23.961 [http-nio-8185-exec-2] INFO  c.w.V.s.VisitReservationWriteService - [F004-CP3-AFTER-RESERVATION-INSERT] thread=[name=http-nio-8185-exec-2, id=50] nanoTime=13162617644300 reservation=(reservationId=48, slotId=392, searcherUserId=searcher03, status=CONFIRMED, confirmedAt=2026-05-28T15:02:23.836398, cancelledAt=null, invalidatedAt=null, visitResult=null, resultClassifiedAt=null)
2026-05-28 15:02:23.961 [http-nio-8185-exec-2] INFO  c.w.V.s.VisitReservationWriteService - [F004-CP3-AFTER-RESERVATION-INSERT] thread=[name=http-nio-8185-exec-2, id=50] nanoTime=13162617644300 reservation=(reservationId=47, slotId=392, searcherUserId=searcher05, status=CONFIRMED, confirmedAt=2026-05-28T15:02:23.836398, cancelledAt=null, invalidatedAt=null, visitResult=null, resultClassifiedAt=null)
2026-05-28 15:02:23.961 [http-nio-8185-exec-2] INFO  c.w.V.s.VisitReservationWriteService - [F004-CP3-AFTER-RESERVATION-INSERT] thread=[name=http-nio-8185-exec-2, id=50] nanoTime=13162617644300 reservation=(reservationId=50, slotId=392, searcherUserId=searcher02, status=CONFIRMED, confirmedAt=2026-05-28T15:02:23.836397600, cancelledAt=null, invalidatedAt=null, visitResult=null, resultClassifiedAt=null)
2026-05-28 15:02:23.961 [http-nio-8185-exec-2] INFO  c.w.V.s.VisitReservationWriteService - [F004-CP3-AFTER-RESERVATION-INSERT] thread=[name=http-nio-8185-exec-2, id=50] nanoTime=13162617644300 reservation=(reservationId=49, slotId=392, searcherUserId=searcher01, status=CONFIRMED, confirmedAt=2026-05-28T15:02:23.836398, cancelledAt=null, invalidatedAt=null, visitResult=null, resultClassifiedAt=null)
2026-05-28 15:02:23.964 [http-nio-8185-exec-2] INFO  c.w.V.s.VisitNotificationService - [VISIT_NOTIFY] type=SLOT_RESERVED, userId=ownerTest1, notificationId=65
2026-05-28 15:02:23.964 [http-nio-8185-exec-2] INFO  c.w.V.s.VisitReservationWriteService - [VISIT_RESERVATION_CONFIRMED] reservationId=50, slotId=392, searcher=searcher02, registrant=ownerTest1
2026-05-28 15:02:23.967 [http-nio-8185-exec-4] INFO  c.w.V.s.VisitReservationWriteService - [F004-CP3-AFTER-RESERVATION-INSERT] thread=[name=http-nio-8185-exec-4, id=52] nanoTime=13162617643900 instant=2026-05-28T06:02:23.906396300Z slotId=392 reservationsCount=5
2026-05-28 15:02:23.967 [http-nio-8185-exec-4] INFO  c.w.V.s.VisitReservationWriteService - [F004-CP3-AFTER-RESERVATION-INSERT] thread=[name=http-nio-8185-exec-4, id=52] nanoTime=13162617643900 reservation=(reservationId=46, slotId=392, searcherUserId=searcher04, status=CONFIRMED, confirmedAt=2026-05-28T15:02:23.837399700, cancelledAt=null, invalidatedAt=null, visitResult=null, resultClassifiedAt=null)
2026-05-28 15:02:23.968 [http-nio-8185-exec-4] INFO  c.w.V.s.VisitReservationWriteService - [F004-CP3-AFTER-RESERVATION-INSERT] thread=[name=http-nio-8185-exec-4, id=52] nanoTime=13162617643900 reservation=(reservationId=49, slotId=392, searcherUserId=searcher01, status=CONFIRMED, confirmedAt=2026-05-28T15:02:23.836398, cancelledAt=null, invalidatedAt=null, visitResult=null, resultClassifiedAt=null)
2026-05-28 15:02:23.968 [http-nio-8185-exec-4] INFO  c.w.V.s.VisitReservationWriteService - [F004-CP3-AFTER-RESERVATION-INSERT] thread=[name=http-nio-8185-exec-4, id=52] nanoTime=13162617643900 reservation=(reservationId=47, slotId=392, searcherUserId=searcher05, status=CONFIRMED, confirmedAt=2026-05-28T15:02:23.836398, cancelledAt=null, invalidatedAt=null, visitResult=null, resultClassifiedAt=null)
2026-05-28 15:02:23.968 [http-nio-8185-exec-4] INFO  c.w.V.s.VisitReservationWriteService - [F004-CP3-AFTER-RESERVATION-INSERT] thread=[name=http-nio-8185-exec-4, id=52] nanoTime=13162617643900 reservation=(reservationId=48, slotId=392, searcherUserId=searcher03, status=CONFIRMED, confirmedAt=2026-05-28T15:02:23.836398, cancelledAt=null, invalidatedAt=null, visitResult=null, resultClassifiedAt=null)
2026-05-28 15:02:23.968 [http-nio-8185-exec-4] INFO  c.w.V.s.VisitReservationWriteService - [F004-CP3-AFTER-RESERVATION-INSERT] thread=[name=http-nio-8185-exec-4, id=52] nanoTime=13162617643900 reservation=(reservationId=50, slotId=392, searcherUserId=searcher02, status=CONFIRMED, confirmedAt=2026-05-28T15:02:23.836398, cancelledAt=null, invalidatedAt=null, visitResult=null, resultClassifiedAt=null)
2026-05-28 15:02:23.971 [http-nio-8185-exec-4] INFO  c.w.V.s.VisitNotificationService - [VISIT_NOTIFY] type=SLOT_RESERVED, userId=ownerTest1, notificationId=66
2026-05-28 15:02:23.972 [http-nio-8185-exec-4] INFO  c.w.V.s.VisitReservationWriteService - [VISIT_RESERVATION_CONFIRMED] reservationId=46, slotId=392, searcher=searcher04, registrant=ownerTest1
2026-05-28 15:02:37.725 [HikariPool-1 housekeeper] DEBUG com.zaxxer.hikari.pool.HikariPool - HikariPool-1 - Pool stats (total=12, active=0, idle=12, waiting=0)
2026-05-28 15:02:37.725 [HikariPool-1 housekeeper] DEBUG com.zaxxer.hikari.pool.HikariPool - HikariPool-1 - Fill pool skipped, pool has sufficient level or currently being filled.
2026-05-28 15:02:47.844 [SpringApplicationShutdownHook] INFO  c.w.information.util.KakaoApiService - [KakaoApiService] 스레드 풀 종료 시작
2026-05-28 15:02:47.844 [SpringApplicationShutdownHook] INFO  c.w.information.util.KakaoApiService - [KakaoApiService] 스레드 풀 종료 완료
2026-05-28 15:02:47.846 [SpringApplicationShutdownHook] INFO  o.s.o.j.LocalContainerEntityManagerFactoryBean - Closing JPA EntityManagerFactory for persistence unit 'default'
2026-05-28 15:02:47.848 [SpringApplicationShutdownHook] INFO  com.zaxxer.hikari.HikariDataSource - HikariPool-1 - Shutdown initiated...
2026-05-28 15:02:47.848 [SpringApplicationShutdownHook] DEBUG com.zaxxer.hikari.pool.HikariPool - HikariPool-1 - Before shutdown stats (total=12, active=0, idle=12, waiting=0)
2026-05-28 15:02:47.849 [HikariPool-1 connection closer] DEBUG com.zaxxer.hikari.pool.PoolBase - HikariPool-1 - Closing connection oracle.jdbc.driver.T4CConnection@418d1c03: (connection evicted)
2026-05-28 15:02:47.850 [HikariPool-1 connection closer] DEBUG com.zaxxer.hikari.pool.PoolBase - HikariPool-1 - Closing connection oracle.jdbc.driver.T4CConnection@25a2943: (connection evicted)
2026-05-28 15:02:47.851 [HikariPool-1 connection closer] DEBUG com.zaxxer.hikari.pool.PoolBase - HikariPool-1 - Closing connection oracle.jdbc.driver.T4CConnection@21ad4572: (connection evicted)
2026-05-28 15:02:47.852 [HikariPool-1 connection closer] DEBUG com.zaxxer.hikari.pool.PoolBase - HikariPool-1 - Closing connection oracle.jdbc.driver.T4CConnection@594e5885: (connection evicted)
2026-05-28 15:02:47.853 [HikariPool-1 connection closer] DEBUG com.zaxxer.hikari.pool.PoolBase - HikariPool-1 - Closing connection oracle.jdbc.driver.T4CConnection@424ad6cc: (connection evicted)
2026-05-28 15:02:47.854 [HikariPool-1 connection closer] DEBUG com.zaxxer.hikari.pool.PoolBase - HikariPool-1 - Closing connection oracle.jdbc.driver.T4CConnection@63980e9c: (connection evicted)
2026-05-28 15:02:47.855 [HikariPool-1 connection closer] DEBUG com.zaxxer.hikari.pool.PoolBase - HikariPool-1 - Closing connection oracle.jdbc.driver.T4CConnection@73630b8f: (connection evicted)
2026-05-28 15:02:47.856 [HikariPool-1 connection closer] DEBUG com.zaxxer.hikari.pool.PoolBase - HikariPool-1 - Closing connection oracle.jdbc.driver.T4CConnection@255dba5c: (connection evicted)
2026-05-28 15:02:47.857 [HikariPool-1 connection closer] DEBUG com.zaxxer.hikari.pool.PoolBase - HikariPool-1 - Closing connection oracle.jdbc.driver.T4CConnection@7243a280: (connection evicted)
2026-05-28 15:02:47.857 [HikariPool-1 connection closer] DEBUG com.zaxxer.hikari.pool.PoolBase - HikariPool-1 - Closing connection oracle.jdbc.driver.T4CConnection@3b2c6e48: (connection evicted)
2026-05-28 15:02:47.858 [HikariPool-1 connection closer] DEBUG com.zaxxer.hikari.pool.PoolBase - HikariPool-1 - Closing connection oracle.jdbc.driver.T4CConnection@4d0f5a5f: (connection evicted)
2026-05-28 15:02:47.859 [HikariPool-1 connection closer] DEBUG com.zaxxer.hikari.pool.PoolBase - HikariPool-1 - Closing connection oracle.jdbc.driver.T4CConnection@4124b7e8: (connection evicted)
2026-05-28 15:02:47.860 [SpringApplicationShutdownHook] DEBUG com.zaxxer.hikari.pool.HikariPool - HikariPool-1 - After shutdown stats (total=0, active=0, idle=0, waiting=0)
2026-05-28 15:02:47.860 [SpringApplicationShutdownHook] INFO  com.zaxxer.hikari.HikariDataSource - HikariPool-1 - Shutdown completed.
