2026-01-30 21:22:34.551 [background-preinit] INFO  o.h.validator.internal.util.Version - HV000001: Hibernate Validator 8.0.1.Final
2026-01-30 21:22:34.580 [main] INFO  c.wherehouse.WherehouseApplication - Starting WherehouseApplication using Java 17.0.11 with PID 6720 (E:\devSpace\SpringBootProjects\wherehouse_SpringBoot-master\wherehouse\build\classes\java\main started by wjdqj in E:\devSpace\SpringBootProjects\wherehouse_SpringBoot-master\wherehouse)
2026-01-30 21:22:34.581 [main] INFO  c.wherehouse.WherehouseApplication - No active profile set, falling back to 1 default profile: "default"
2026-01-30 21:22:35.393 [main] INFO  o.s.d.r.c.RepositoryConfigurationDelegate - Multiple Spring Data modules found, entering strict repository configuration mode
2026-01-30 21:22:35.395 [main] INFO  o.s.d.r.c.RepositoryConfigurationDelegate - Bootstrapping Spring Data JDBC repositories in DEFAULT mode.
2026-01-30 21:22:35.438 [main] INFO  o.s.d.r.c.RepositoryConfigurationExtensionSupport - Spring Data JDBC - Could not safely identify store assignment for repository candidate interface com.wherehouse.board.dao.BoardEntityRepository; If you want this repository to be a JDBC repository, consider annotating your entities with one of these annotations: org.springframework.data.relational.core.mapping.Table.
2026-01-30 21:22:35.439 [main] INFO  o.s.d.r.c.RepositoryConfigurationExtensionSupport - Spring Data JDBC - Could not safely identify store assignment for repository candidate interface com.wherehouse.board.dao.CommentEntityRepository; If you want this repository to be a JDBC repository, consider annotating your entities with one of these annotations: org.springframework.data.relational.core.mapping.Table.
2026-01-30 21:22:35.440 [main] INFO  o.s.d.r.c.RepositoryConfigurationExtensionSupport - Spring Data JDBC - Could not safely identify store assignment for repository candidate interface com.wherehouse.information.dao.ArrestRateRepository; If you want this repository to be a JDBC repository, consider annotating your entities with one of these annotations: org.springframework.data.relational.core.mapping.Table.
2026-01-30 21:22:35.440 [main] INFO  o.s.d.r.c.RepositoryConfigurationExtensionSupport - Spring Data JDBC - Could not safely identify store assignment for repository candidate interface com.wherehouse.information.dao.CctvGeoRepository; If you want this repository to be a JDBC repository, consider annotating your entities with one of these annotations: org.springframework.data.relational.core.mapping.Table.
2026-01-30 21:22:35.441 [main] INFO  o.s.d.r.c.RepositoryConfigurationExtensionSupport - Spring Data JDBC - Could not safely identify store assignment for repository candidate interface com.wherehouse.information.dao.PoliceOfficeGeoRepository; If you want this repository to be a JDBC repository, consider annotating your entities with one of these annotations: org.springframework.data.relational.core.mapping.Table.
2026-01-30 21:22:35.442 [main] INFO  o.s.d.r.c.RepositoryConfigurationExtensionSupport - Spring Data JDBC - Could not safely identify store assignment for repository candidate interface com.wherehouse.JWT.Repository.UserEntityRepository; If you want this repository to be a JDBC repository, consider annotating your entities with one of these annotations: org.springframework.data.relational.core.mapping.Table.
2026-01-30 21:22:35.443 [main] INFO  o.s.d.r.c.RepositoryConfigurationExtensionSupport - Spring Data JDBC - Could not safely identify store assignment for repository candidate interface com.wherehouse.members.dao.MemberEntityRepository; If you want this repository to be a JDBC repository, consider annotating your entities with one of these annotations: org.springframework.data.relational.core.mapping.Table.
2026-01-30 21:22:35.444 [main] INFO  o.s.d.r.c.RepositoryConfigurationExtensionSupport - Spring Data JDBC - Could not safely identify store assignment for repository candidate interface com.wherehouse.recommand.batch.repository.AnalysisCrimeRepository; If you want this repository to be a JDBC repository, consider annotating your entities with one of these annotations: org.springframework.data.relational.core.mapping.Table.
2026-01-30 21:22:35.444 [main] INFO  o.s.d.r.c.RepositoryConfigurationExtensionSupport - Spring Data JDBC - Could not safely identify store assignment for repository candidate interface com.wherehouse.recommand.batch.repository.AnalysisEntertainmentRepository; If you want this repository to be a JDBC repository, consider annotating your entities with one of these annotations: org.springframework.data.relational.core.mapping.Table.
2026-01-30 21:22:35.445 [main] INFO  o.s.d.r.c.RepositoryConfigurationExtensionSupport - Spring Data JDBC - Could not safely identify store assignment for repository candidate interface com.wherehouse.recommand.batch.repository.AnalysisPopulationDensityRepository; If you want this repository to be a JDBC repository, consider annotating your entities with one of these annotations: org.springframework.data.relational.core.mapping.Table.
2026-01-30 21:22:35.446 [main] INFO  o.s.d.r.c.RepositoryConfigurationExtensionSupport - Spring Data JDBC - Could not safely identify store assignment for repository candidate interface com.wherehouse.recommand.batch.repository.PropertyCharterRepository; If you want this repository to be a JDBC repository, consider annotating your entities with one of these annotations: org.springframework.data.relational.core.mapping.Table.
2026-01-30 21:22:35.447 [main] INFO  o.s.d.r.c.RepositoryConfigurationExtensionSupport - Spring Data JDBC - Could not safely identify store assignment for repository candidate interface com.wherehouse.recommand.batch.repository.PropertyMonthlyRepository; If you want this repository to be a JDBC repository, consider annotating your entities with one of these annotations: org.springframework.data.relational.core.mapping.Table.
2026-01-30 21:22:35.447 [main] INFO  o.s.d.r.c.RepositoryConfigurationExtensionSupport - Spring Data JDBC - Could not safely identify store assignment for repository candidate interface com.wherehouse.restapi.mapdata.dao.MapDataEntityRepository; If you want this repository to be a JDBC repository, consider annotating your entities with one of these annotations: org.springframework.data.relational.core.mapping.Table.
2026-01-30 21:22:35.448 [main] INFO  o.s.d.r.c.RepositoryConfigurationExtensionSupport - Spring Data JDBC - Could not safely identify store assignment for repository candidate interface com.wherehouse.review.repository.ReviewKeywordRepository; If you want this repository to be a JDBC repository, consider annotating your entities with one of these annotations: org.springframework.data.relational.core.mapping.Table.
2026-01-30 21:22:35.450 [main] INFO  o.s.d.r.c.RepositoryConfigurationExtensionSupport - Spring Data JDBC - Could not safely identify store assignment for repository candidate interface com.wherehouse.review.repository.ReviewRepository; If you want this repository to be a JDBC repository, consider annotating your entities with one of these annotations: org.springframework.data.relational.core.mapping.Table.
2026-01-30 21:22:35.451 [main] INFO  o.s.d.r.c.RepositoryConfigurationExtensionSupport - Spring Data JDBC - Could not safely identify store assignment for repository candidate interface com.wherehouse.review.repository.ReviewStatisticsRepository; If you want this repository to be a JDBC repository, consider annotating your entities with one of these annotations: org.springframework.data.relational.core.mapping.Table.
2026-01-30 21:22:35.451 [main] INFO  o.s.d.r.c.RepositoryConfigurationDelegate - Finished Spring Data repository scanning in 53 ms. Found 0 JDBC repository interfaces.
2026-01-30 21:22:35.458 [main] INFO  o.s.d.r.c.RepositoryConfigurationDelegate - Multiple Spring Data modules found, entering strict repository configuration mode
2026-01-30 21:22:35.459 [main] INFO  o.s.d.r.c.RepositoryConfigurationDelegate - Bootstrapping Spring Data JPA repositories in DEFAULT mode.
2026-01-30 21:22:35.563 [main] INFO  o.s.d.r.c.RepositoryConfigurationDelegate - Finished Spring Data repository scanning in 102 ms. Found 16 JPA repository interfaces.
2026-01-30 21:22:35.572 [main] INFO  o.s.d.r.c.RepositoryConfigurationDelegate - Multiple Spring Data modules found, entering strict repository configuration mode
2026-01-30 21:22:35.573 [main] INFO  o.s.d.r.c.RepositoryConfigurationDelegate - Bootstrapping Spring Data Redis repositories in DEFAULT mode.
2026-01-30 21:22:35.590 [main] INFO  o.s.d.r.c.RepositoryConfigurationExtensionSupport - Spring Data Redis - Could not safely identify store assignment for repository candidate interface com.wherehouse.board.dao.BoardEntityRepository; If you want this repository to be a Redis repository, consider annotating your entities with one of these annotations: org.springframework.data.redis.core.RedisHash (preferred), or consider extending one of the following types with your repository: org.springframework.data.keyvalue.repository.KeyValueRepository
2026-01-30 21:22:35.591 [main] INFO  o.s.d.r.c.RepositoryConfigurationExtensionSupport - Spring Data Redis - Could not safely identify store assignment for repository candidate interface com.wherehouse.board.dao.CommentEntityRepository; If you want this repository to be a Redis repository, consider annotating your entities with one of these annotations: org.springframework.data.redis.core.RedisHash (preferred), or consider extending one of the following types with your repository: org.springframework.data.keyvalue.repository.KeyValueRepository
2026-01-30 21:22:35.591 [main] INFO  o.s.d.r.c.RepositoryConfigurationExtensionSupport - Spring Data Redis - Could not safely identify store assignment for repository candidate interface com.wherehouse.information.dao.ArrestRateRepository; If you want this repository to be a Redis repository, consider annotating your entities with one of these annotations: org.springframework.data.redis.core.RedisHash (preferred), or consider extending one of the following types with your repository: org.springframework.data.keyvalue.repository.KeyValueRepository
2026-01-30 21:22:35.591 [main] INFO  o.s.d.r.c.RepositoryConfigurationExtensionSupport - Spring Data Redis - Could not safely identify store assignment for repository candidate interface com.wherehouse.information.dao.CctvGeoRepository; If you want this repository to be a Redis repository, consider annotating your entities with one of these annotations: org.springframework.data.redis.core.RedisHash (preferred), or consider extending one of the following types with your repository: org.springframework.data.keyvalue.repository.KeyValueRepository
2026-01-30 21:22:35.591 [main] INFO  o.s.d.r.c.RepositoryConfigurationExtensionSupport - Spring Data Redis - Could not safely identify store assignment for repository candidate interface com.wherehouse.information.dao.PoliceOfficeGeoRepository; If you want this repository to be a Redis repository, consider annotating your entities with one of these annotations: org.springframework.data.redis.core.RedisHash (preferred), or consider extending one of the following types with your repository: org.springframework.data.keyvalue.repository.KeyValueRepository
2026-01-30 21:22:35.591 [main] INFO  o.s.d.r.c.RepositoryConfigurationExtensionSupport - Spring Data Redis - Could not safely identify store assignment for repository candidate interface com.wherehouse.JWT.Repository.UserEntityRepository; If you want this repository to be a Redis repository, consider annotating your entities with one of these annotations: org.springframework.data.redis.core.RedisHash (preferred), or consider extending one of the following types with your repository: org.springframework.data.keyvalue.repository.KeyValueRepository
2026-01-30 21:22:35.591 [main] INFO  o.s.d.r.c.RepositoryConfigurationExtensionSupport - Spring Data Redis - Could not safely identify store assignment for repository candidate interface com.wherehouse.members.dao.MemberEntityRepository; If you want this repository to be a Redis repository, consider annotating your entities with one of these annotations: org.springframework.data.redis.core.RedisHash (preferred), or consider extending one of the following types with your repository: org.springframework.data.keyvalue.repository.KeyValueRepository
2026-01-30 21:22:35.591 [main] INFO  o.s.d.r.c.RepositoryConfigurationExtensionSupport - Spring Data Redis - Could not safely identify store assignment for repository candidate interface com.wherehouse.recommand.batch.repository.AnalysisCrimeRepository; If you want this repository to be a Redis repository, consider annotating your entities with one of these annotations: org.springframework.data.redis.core.RedisHash (preferred), or consider extending one of the following types with your repository: org.springframework.data.keyvalue.repository.KeyValueRepository
2026-01-30 21:22:35.591 [main] INFO  o.s.d.r.c.RepositoryConfigurationExtensionSupport - Spring Data Redis - Could not safely identify store assignment for repository candidate interface com.wherehouse.recommand.batch.repository.AnalysisEntertainmentRepository; If you want this repository to be a Redis repository, consider annotating your entities with one of these annotations: org.springframework.data.redis.core.RedisHash (preferred), or consider extending one of the following types with your repository: org.springframework.data.keyvalue.repository.KeyValueRepository
2026-01-30 21:22:35.591 [main] INFO  o.s.d.r.c.RepositoryConfigurationExtensionSupport - Spring Data Redis - Could not safely identify store assignment for repository candidate interface com.wherehouse.recommand.batch.repository.AnalysisPopulationDensityRepository; If you want this repository to be a Redis repository, consider annotating your entities with one of these annotations: org.springframework.data.redis.core.RedisHash (preferred), or consider extending one of the following types with your repository: org.springframework.data.keyvalue.repository.KeyValueRepository
2026-01-30 21:22:35.591 [main] INFO  o.s.d.r.c.RepositoryConfigurationExtensionSupport - Spring Data Redis - Could not safely identify store assignment for repository candidate interface com.wherehouse.recommand.batch.repository.PropertyCharterRepository; If you want this repository to be a Redis repository, consider annotating your entities with one of these annotations: org.springframework.data.redis.core.RedisHash (preferred), or consider extending one of the following types with your repository: org.springframework.data.keyvalue.repository.KeyValueRepository
2026-01-30 21:22:35.592 [main] INFO  o.s.d.r.c.RepositoryConfigurationExtensionSupport - Spring Data Redis - Could not safely identify store assignment for repository candidate interface com.wherehouse.recommand.batch.repository.PropertyMonthlyRepository; If you want this repository to be a Redis repository, consider annotating your entities with one of these annotations: org.springframework.data.redis.core.RedisHash (preferred), or consider extending one of the following types with your repository: org.springframework.data.keyvalue.repository.KeyValueRepository
2026-01-30 21:22:35.592 [main] INFO  o.s.d.r.c.RepositoryConfigurationExtensionSupport - Spring Data Redis - Could not safely identify store assignment for repository candidate interface com.wherehouse.restapi.mapdata.dao.MapDataEntityRepository; If you want this repository to be a Redis repository, consider annotating your entities with one of these annotations: org.springframework.data.redis.core.RedisHash (preferred), or consider extending one of the following types with your repository: org.springframework.data.keyvalue.repository.KeyValueRepository
2026-01-30 21:22:35.596 [main] INFO  o.s.d.r.c.RepositoryConfigurationExtensionSupport - Spring Data Redis - Could not safely identify store assignment for repository candidate interface com.wherehouse.review.repository.ReviewKeywordRepository; If you want this repository to be a Redis repository, consider annotating your entities with one of these annotations: org.springframework.data.redis.core.RedisHash (preferred), or consider extending one of the following types with your repository: org.springframework.data.keyvalue.repository.KeyValueRepository
2026-01-30 21:22:35.596 [main] INFO  o.s.d.r.c.RepositoryConfigurationExtensionSupport - Spring Data Redis - Could not safely identify store assignment for repository candidate interface com.wherehouse.review.repository.ReviewRepository; If you want this repository to be a Redis repository, consider annotating your entities with one of these annotations: org.springframework.data.redis.core.RedisHash (preferred), or consider extending one of the following types with your repository: org.springframework.data.keyvalue.repository.KeyValueRepository
2026-01-30 21:22:35.596 [main] INFO  o.s.d.r.c.RepositoryConfigurationExtensionSupport - Spring Data Redis - Could not safely identify store assignment for repository candidate interface com.wherehouse.review.repository.ReviewStatisticsRepository; If you want this repository to be a Redis repository, consider annotating your entities with one of these annotations: org.springframework.data.redis.core.RedisHash (preferred), or consider extending one of the following types with your repository: org.springframework.data.keyvalue.repository.KeyValueRepository
2026-01-30 21:22:35.597 [main] INFO  o.s.d.r.c.RepositoryConfigurationDelegate - Finished Spring Data repository scanning in 18 ms. Found 0 Redis repository interfaces.
2026-01-30 21:22:36.157 [main] INFO  o.s.b.w.e.tomcat.TomcatWebServer - Tomcat initialized with port 8185 (http)
2026-01-30 21:22:36.163 [main] INFO  o.a.coyote.http11.Http11NioProtocol - Initializing ProtocolHandler ["http-nio-8185"]
2026-01-30 21:22:36.166 [main] INFO  o.a.catalina.core.StandardService - Starting service [Tomcat]
2026-01-30 21:22:36.166 [main] INFO  o.a.catalina.core.StandardEngine - Starting Servlet engine: [Apache Tomcat/10.1.31]
2026-01-30 21:22:36.302 [main] INFO  o.apache.jasper.servlet.TldScanner - At least one JAR was scanned for TLDs yet contained no TLDs. Enable debug logging for this logger for a complete list of JARs that were scanned but no TLDs were found in them. Skipping unneeded JARs during scanning can improve startup time and JSP compilation time.
2026-01-30 21:22:36.306 [main] INFO  o.a.c.c.C.[.[.[/wherehouse] - Initializing Spring embedded WebApplicationContext
2026-01-30 21:22:36.306 [main] INFO  o.s.b.w.s.c.ServletWebServerApplicationContext - Root WebApplicationContext: initialization completed in 1697 ms
2026-01-30 21:22:36.477 [main] DEBUG com.zaxxer.hikari.HikariConfig - Driver class com.p6spy.engine.spy.P6SpyDriver found in Thread context class loader jdk.internal.loader.ClassLoaders$AppClassLoader@63947c6b
2026-01-30 21:22:36.587 [main] INFO  o.h.jpa.internal.util.LogHelper - HHH000204: Processing PersistenceUnitInfo [name: default]
2026-01-30 21:22:36.620 [main] INFO  org.hibernate.Version - HHH000412: Hibernate ORM core version 6.5.3.Final
2026-01-30 21:22:36.640 [main] INFO  o.h.c.i.RegionFactoryInitiator - HHH000026: Second-level cache disabled
2026-01-30 21:22:36.834 [main] INFO  o.s.o.j.p.SpringPersistenceUnitInfo - No LoadTimeWeaver setup: ignoring JPA class transformer
2026-01-30 21:22:36.859 [main] WARN  com.zaxxer.hikari.HikariConfig - HikariPool-1 - keepaliveTime is less than 30000ms, disabling it.
2026-01-30 21:22:36.859 [main] WARN  com.zaxxer.hikari.HikariConfig - HikariPool-1 - idleTimeout has been set but has no effect because the pool is operating as a fixed size pool.
2026-01-30 21:22:36.859 [main] DEBUG com.zaxxer.hikari.HikariConfig - HikariPool-1 - configuration:
2026-01-30 21:22:36.861 [main] DEBUG com.zaxxer.hikari.HikariConfig - allowPoolSuspension.............false
2026-01-30 21:22:36.861 [main] DEBUG com.zaxxer.hikari.HikariConfig - autoCommit......................false
2026-01-30 21:22:36.861 [main] DEBUG com.zaxxer.hikari.HikariConfig - catalog.........................none
2026-01-30 21:22:36.861 [main] DEBUG com.zaxxer.hikari.HikariConfig - connectionInitSql...............none
2026-01-30 21:22:36.861 [main] DEBUG com.zaxxer.hikari.HikariConfig - connectionTestQuery.............none
2026-01-30 21:22:36.861 [main] DEBUG com.zaxxer.hikari.HikariConfig - connectionTimeout...............30000
2026-01-30 21:22:36.861 [main] DEBUG com.zaxxer.hikari.HikariConfig - dataSource......................none
2026-01-30 21:22:36.861 [main] DEBUG com.zaxxer.hikari.HikariConfig - dataSourceClassName.............none
2026-01-30 21:22:36.861 [main] DEBUG com.zaxxer.hikari.HikariConfig - dataSourceJNDI..................none
2026-01-30 21:22:36.862 [main] DEBUG com.zaxxer.hikari.HikariConfig - dataSourceProperties............{oracle.net.RECV_BUF_SIZE=4194304, oracle.net.SEND_BUF_SIZE=4194304, password=<masked>, oracle.net.SDU=2097152}
2026-01-30 21:22:36.862 [main] DEBUG com.zaxxer.hikari.HikariConfig - driverClassName................."com.p6spy.engine.spy.P6SpyDriver"
2026-01-30 21:22:36.862 [main] DEBUG com.zaxxer.hikari.HikariConfig - exceptionOverrideClassName......none
2026-01-30 21:22:36.862 [main] DEBUG com.zaxxer.hikari.HikariConfig - healthCheckProperties...........{}
2026-01-30 21:22:36.862 [main] DEBUG com.zaxxer.hikari.HikariConfig - healthCheckRegistry.............none
2026-01-30 21:22:36.862 [main] DEBUG com.zaxxer.hikari.HikariConfig - idleTimeout.....................30000
2026-01-30 21:22:36.862 [main] DEBUG com.zaxxer.hikari.HikariConfig - initializationFailTimeout.......1
2026-01-30 21:22:36.862 [main] DEBUG com.zaxxer.hikari.HikariConfig - isolateInternalQueries..........false
2026-01-30 21:22:36.862 [main] DEBUG com.zaxxer.hikari.HikariConfig - jdbcUrl.........................jdbc:p6spy:oracle:thin:@127.0.0.1:1521:xe
2026-01-30 21:22:36.862 [main] DEBUG com.zaxxer.hikari.HikariConfig - keepaliveTime...................0
2026-01-30 21:22:36.862 [main] DEBUG com.zaxxer.hikari.HikariConfig - leakDetectionThreshold..........60000
2026-01-30 21:22:36.862 [main] DEBUG com.zaxxer.hikari.HikariConfig - maxLifetime.....................1800000
2026-01-30 21:22:36.862 [main] DEBUG com.zaxxer.hikari.HikariConfig - maximumPoolSize.................6
2026-01-30 21:22:36.862 [main] DEBUG com.zaxxer.hikari.HikariConfig - metricRegistry..................none
2026-01-30 21:22:36.862 [main] DEBUG com.zaxxer.hikari.HikariConfig - metricsTrackerFactory...........none
2026-01-30 21:22:36.862 [main] DEBUG com.zaxxer.hikari.HikariConfig - minimumIdle.....................6
2026-01-30 21:22:36.862 [main] DEBUG com.zaxxer.hikari.HikariConfig - password........................<masked>
2026-01-30 21:22:36.862 [main] DEBUG com.zaxxer.hikari.HikariConfig - poolName........................"HikariPool-1"
2026-01-30 21:22:36.863 [main] DEBUG com.zaxxer.hikari.HikariConfig - readOnly........................false
2026-01-30 21:22:36.863 [main] DEBUG com.zaxxer.hikari.HikariConfig - registerMbeans..................false
2026-01-30 21:22:36.863 [main] DEBUG com.zaxxer.hikari.HikariConfig - scheduledExecutor...............none
2026-01-30 21:22:36.863 [main] DEBUG com.zaxxer.hikari.HikariConfig - schema..........................none
2026-01-30 21:22:36.863 [main] DEBUG com.zaxxer.hikari.HikariConfig - threadFactory...................internal
2026-01-30 21:22:36.863 [main] DEBUG com.zaxxer.hikari.HikariConfig - transactionIsolation............default
2026-01-30 21:22:36.863 [main] DEBUG com.zaxxer.hikari.HikariConfig - username........................"SCOTT"
2026-01-30 21:22:36.863 [main] DEBUG com.zaxxer.hikari.HikariConfig - validationTimeout...............5000
2026-01-30 21:22:36.863 [main] INFO  com.zaxxer.hikari.HikariDataSource - HikariPool-1 - Starting...
2026-01-30 21:22:37.041 [main] INFO  com.zaxxer.hikari.pool.HikariPool - HikariPool-1 - Added connection com.p6spy.engine.wrapper.ConnectionWrapper@4e826fd4
2026-01-30 21:22:37.042 [main] INFO  com.zaxxer.hikari.HikariDataSource - HikariPool-1 - Start completed.
2026-01-30 21:22:37.093 [main] INFO  p6spy - #1769775757093 | took 2ms | statement | connection 1| url jdbc:p6spy:oracle:thin:@127.0.0.1:1521:xe
select cast('string' as varchar2(32000)), sys_context('USERENV','CLOUD_SERVICE') from dual
select cast('string' as varchar2(32000)), sys_context('USERENV','CLOUD_SERVICE') from dual;
2026-01-30 21:22:37.121 [main] INFO  p6spy - #1769775757121 | took 24ms | statement | connection 1| url jdbc:p6spy:oracle:thin:@127.0.0.1:1521:xe
select 1 from dual where sys_context('USERENV','CLOUD_SERVICE') in ('OLTP','DWCS','JDCS')
select 1 from dual where sys_context('USERENV','CLOUD_SERVICE') in ('OLTP','DWCS','JDCS');
2026-01-30 21:22:37.130 [main] WARN  org.hibernate.orm.deprecation - HHH90000025: OracleDialect does not need to be specified explicitly using 'hibernate.dialect' (remove the property setting and it will be selected by default)
2026-01-30 21:22:37.145 [main] INFO  p6spy - #1769775757145 | took 0ms | rollback | connection 1| url jdbc:p6spy:oracle:thin:@127.0.0.1:1521:xe

;
2026-01-30 21:22:37.145 [main] DEBUG c.zaxxer.hikari.pool.ProxyConnection - HikariPool-1 - Executed rollback on connection com.p6spy.engine.wrapper.ConnectionWrapper@4e826fd4 due to dirty commit state on close().
2026-01-30 21:22:37.148 [HikariPool-1 housekeeper] DEBUG com.zaxxer.hikari.pool.HikariPool - HikariPool-1 - Pool stats (total=1, active=0, idle=1, waiting=0)
2026-01-30 21:22:37.182 [HikariPool-1 connection adder] DEBUG com.zaxxer.hikari.pool.HikariPool - HikariPool-1 - Added connection com.p6spy.engine.wrapper.ConnectionWrapper@55d7fa5
2026-01-30 21:22:37.215 [HikariPool-1 connection adder] DEBUG com.zaxxer.hikari.pool.HikariPool - HikariPool-1 - After adding stats (total=2, active=0, idle=2, waiting=0)
2026-01-30 21:22:37.257 [HikariPool-1 connection adder] DEBUG com.zaxxer.hikari.pool.HikariPool - HikariPool-1 - Added connection com.p6spy.engine.wrapper.ConnectionWrapper@1b204204
2026-01-30 21:22:37.290 [HikariPool-1 connection adder] DEBUG com.zaxxer.hikari.pool.HikariPool - HikariPool-1 - After adding stats (total=3, active=0, idle=3, waiting=0)
2026-01-30 21:22:37.326 [HikariPool-1 connection adder] DEBUG com.zaxxer.hikari.pool.HikariPool - HikariPool-1 - Added connection com.p6spy.engine.wrapper.ConnectionWrapper@6344dfa2
2026-01-30 21:22:37.368 [HikariPool-1 connection adder] DEBUG com.zaxxer.hikari.pool.HikariPool - HikariPool-1 - After adding stats (total=4, active=0, idle=4, waiting=0)
2026-01-30 21:22:37.404 [HikariPool-1 connection adder] DEBUG com.zaxxer.hikari.pool.HikariPool - HikariPool-1 - Added connection com.p6spy.engine.wrapper.ConnectionWrapper@7840d6ec
2026-01-30 21:22:37.447 [HikariPool-1 connection adder] DEBUG com.zaxxer.hikari.pool.HikariPool - HikariPool-1 - After adding stats (total=5, active=0, idle=5, waiting=0)
2026-01-30 21:22:37.486 [HikariPool-1 connection adder] DEBUG com.zaxxer.hikari.pool.HikariPool - HikariPool-1 - Added connection com.p6spy.engine.wrapper.ConnectionWrapper@2b8d6d25
2026-01-30 21:22:37.524 [HikariPool-1 connection adder] DEBUG com.zaxxer.hikari.pool.HikariPool - HikariPool-1 - After adding stats (total=6, active=0, idle=6, waiting=0)
2026-01-30 21:22:38.033 [main] INFO  o.h.e.t.j.p.i.JtaPlatformInitiator - HHH000489: No JTA platform available (set 'hibernate.transaction.jta.platform' to enable JTA platform integration)
2026-01-30 21:22:38.035 [main] INFO  o.s.o.j.LocalContainerEntityManagerFactoryBean - Initialized JPA EntityManagerFactory for persistence unit 'default'
2026-01-30 21:22:38.229 [main] INFO  o.s.d.j.r.query.QueryEnhancerFactory - Hibernate is in classpath; If applicable, HQL parser will be used.
2026-01-30 21:22:39.618 [main] INFO  p6spy - #1769775759618 | took 2ms | statement | connection 1| url jdbc:p6spy:oracle:thin:@127.0.0.1:1521:xe
select rs1_0.PROPERTY_ID,rs1_0.AVG_RATING,rs1_0.LAST_CALCED,rs1_0.NEGATIVE_KEYWORD_COUNT,rs1_0.POSITIVE_KEYWORD_COUNT,rs1_0.REVIEW_COUNT from REVIEW_STATISTICS rs1_0
select rs1_0.PROPERTY_ID,rs1_0.AVG_RATING,rs1_0.LAST_CALCED,rs1_0.NEGATIVE_KEYWORD_COUNT,rs1_0.POSITIVE_KEYWORD_COUNT,rs1_0.REVIEW_COUNT from REVIEW_STATISTICS rs1_0;
2026-01-30 21:22:39.619 [main] INFO  p6spy - #1769775759619 | took 3ms | statement | connection 7| url jdbc:oracle:thin:@127.0.0.1:1521:xe
select rs1_0.PROPERTY_ID,rs1_0.AVG_RATING,rs1_0.LAST_CALCED,rs1_0.NEGATIVE_KEYWORD_COUNT,rs1_0.POSITIVE_KEYWORD_COUNT,rs1_0.REVIEW_COUNT from REVIEW_STATISTICS rs1_0
select rs1_0.PROPERTY_ID,rs1_0.AVG_RATING,rs1_0.LAST_CALCED,rs1_0.NEGATIVE_KEYWORD_COUNT,rs1_0.POSITIVE_KEYWORD_COUNT,rs1_0.REVIEW_COUNT from REVIEW_STATISTICS rs1_0;
2026-01-30 21:22:40.157 [main] INFO  p6spy - #1769775760157 | took 0ms | commit | connection 1| url jdbc:p6spy:oracle:thin:@127.0.0.1:1521:xe

;
2026-01-30 21:22:40.157 [main] INFO  p6spy - #1769775760157 | took 0ms | commit | connection 7| url jdbc:oracle:thin:@127.0.0.1:1521:xe

;
2026-01-30 21:22:46.530 [main] INFO  c.w.r.service.ReviewWriteService - [TASK_1][V2_INCREMENTAL][CACHE_INIT] 완료: 총=52020건, 성공=49700건, 실패=0건, 소요시간=7015ms
2026-01-30 21:22:46.590 [main] INFO  o.s.s.c.a.a.c.InitializeAuthenticationProviderBeanManagerConfigurer$InitializeAuthenticationProviderManagerConfigurer - Global AuthenticationManager configured with AuthenticationProvider bean with name userAuthenticationProvider
2026-01-30 21:22:46.591 [main] WARN  o.s.s.c.a.a.c.InitializeUserDetailsBeanManagerConfigurer$InitializeUserDetailsManagerConfigurer - Global AuthenticationManager configured with an AuthenticationProvider bean. UserDetailsService beans will not be used for username/password login. Consider removing the AuthenticationProvider bean. Alternatively, consider using the UserDetailsService in a manually instantiated DaoAuthenticationProvider.
2026-01-30 21:22:46.883 [main] INFO  o.s.b.a.e.web.EndpointLinksResolver - Exposing 1 endpoint beneath base path '/actuator'
2026-01-30 21:22:47.343 [main] INFO  p6spy - #1769775767343 | took 0ms | rollback | connection 1| url jdbc:p6spy:oracle:thin:@127.0.0.1:1521:xe

;
2026-01-30 21:22:47.343 [main] DEBUG c.zaxxer.hikari.pool.ProxyConnection - HikariPool-1 - Executed rollback on connection com.p6spy.engine.wrapper.ConnectionWrapper@4e826fd4 due to dirty commit state on close().
2026-01-30 21:22:47.499 [main] INFO  o.a.coyote.http11.Http11NioProtocol - Starting ProtocolHandler ["http-nio-8185"]
2026-01-30 21:22:47.522 [main] INFO  o.s.b.w.e.tomcat.TomcatWebServer - Tomcat started on port 8185 (http) with context path '/wherehouse'
2026-01-30 21:22:47.544 [main] INFO  c.wherehouse.WherehouseApplication - Started WherehouseApplication in 13.362 seconds (process running for 13.787)
2026-01-30 21:22:48.114 [RMI TCP Connection(3)-172.20.10.2] INFO  o.a.c.c.C.[.[.[/wherehouse] - Initializing Spring DispatcherServlet 'dispatcherServlet'
2026-01-30 21:22:48.114 [RMI TCP Connection(3)-172.20.10.2] INFO  o.s.web.servlet.DispatcherServlet - Initializing Servlet 'dispatcherServlet'
2026-01-30 21:22:48.116 [RMI TCP Connection(3)-172.20.10.2] INFO  o.s.web.servlet.DispatcherServlet - Completed initialization in 2 ms
2026-01-30 21:22:48.117 [RMI TCP Connection(1)-172.20.10.2] INFO  p6spy - #1769775768117 | took 0ms | rollback | connection 1| url jdbc:p6spy:oracle:thin:@127.0.0.1:1521:xe

;
2026-01-30 21:22:48.117 [RMI TCP Connection(1)-172.20.10.2] DEBUG c.zaxxer.hikari.pool.ProxyConnection - HikariPool-1 - Executed rollback on connection com.p6spy.engine.wrapper.ConnectionWrapper@4e826fd4 due to dirty commit state on close().
2026-01-30 21:22:48.118 [RMI TCP Connection(1)-172.20.10.2] INFO  p6spy - #1769775768118 | took 0ms | rollback | connection 1| url jdbc:p6spy:oracle:thin:@127.0.0.1:1521:xe

;
2026-01-30 21:22:48.118 [RMI TCP Connection(1)-172.20.10.2] DEBUG c.zaxxer.hikari.pool.ProxyConnection - HikariPool-1 - Executed rollback on connection com.p6spy.engine.wrapper.ConnectionWrapper@4e826fd4 due to dirty commit state on close().
2026-01-30 21:22:51.559 [scheduling-1] INFO  c.w.r.b.B.RdbSyncListener - [PERF:BATCH:TOTAL] thread=scheduling-1 | phase=START | ts=1769775771559
2026-01-30 21:22:51.559 [scheduling-1] INFO  c.w.r.b.B.RdbSyncListener - >>> [Phase 2-1] RDB 적재 완료. RDB 기준 데이터 재조회 시작.
2026-01-30 21:22:51.560 [scheduling-1] INFO  c.w.r.b.B.RdbSyncListener - [PERF:DBLOAD:CHARTER] thread=scheduling-1 | phase=START | ts=1769775771560 | chunkSize=10000
2026-01-30 21:22:51.624 [scheduling-1] INFO  p6spy - #1769775771624 | took 28ms | statement | connection 1| url jdbc:p6spy:oracle:thin:@127.0.0.1:1521:xe
select pc1_0.PROPERTY_ID,pc1_0.ADDRESS,pc1_0.APT_NM,pc1_0.AREA_IN_PYEONG,pc1_0.BUILD_YEAR,pc1_0.DEAL_DATE,pc1_0.DEPOSIT,pc1_0.DISTRICT_NAME,pc1_0.EXCLU_USE_AR,pc1_0.FLOOR,pc1_0.JIBUN,pc1_0.LAST_UPDATED,pc1_0.LEASE_TYPE,pc1_0.RGST_DATE,pc1_0.SGG_CD,pc1_0.UMD_NM from PROPERTIES_CHARTER pc1_0 order by pc1_0.PROPERTY_ID fetch first ? rows only
select pc1_0.PROPERTY_ID,pc1_0.ADDRESS,pc1_0.APT_NM,pc1_0.AREA_IN_PYEONG,pc1_0.BUILD_YEAR,pc1_0.DEAL_DATE,pc1_0.DEPOSIT,pc1_0.DISTRICT_NAME,pc1_0.EXCLU_USE_AR,pc1_0.FLOOR,pc1_0.JIBUN,pc1_0.LAST_UPDATED,pc1_0.LEASE_TYPE,pc1_0.RGST_DATE,pc1_0.SGG_CD,pc1_0.UMD_NM from PROPERTIES_CHARTER pc1_0 order by pc1_0.PROPERTY_ID fetch first 10001 rows only;
2026-01-30 21:22:51.624 [scheduling-1] INFO  p6spy - #1769775771624 | took 29ms | statement | connection 11| url jdbc:oracle:thin:@127.0.0.1:1521:xe
select pc1_0.PROPERTY_ID,pc1_0.ADDRESS,pc1_0.APT_NM,pc1_0.AREA_IN_PYEONG,pc1_0.BUILD_YEAR,pc1_0.DEAL_DATE,pc1_0.DEPOSIT,pc1_0.DISTRICT_NAME,pc1_0.EXCLU_USE_AR,pc1_0.FLOOR,pc1_0.JIBUN,pc1_0.LAST_UPDATED,pc1_0.LEASE_TYPE,pc1_0.RGST_DATE,pc1_0.SGG_CD,pc1_0.UMD_NM from PROPERTIES_CHARTER pc1_0 order by pc1_0.PROPERTY_ID fetch first ? rows only
select pc1_0.PROPERTY_ID,pc1_0.ADDRESS,pc1_0.APT_NM,pc1_0.AREA_IN_PYEONG,pc1_0.BUILD_YEAR,pc1_0.DEAL_DATE,pc1_0.DEPOSIT,pc1_0.DISTRICT_NAME,pc1_0.EXCLU_USE_AR,pc1_0.FLOOR,pc1_0.JIBUN,pc1_0.LAST_UPDATED,pc1_0.LEASE_TYPE,pc1_0.RGST_DATE,pc1_0.SGG_CD,pc1_0.UMD_NM from PROPERTIES_CHARTER pc1_0 order by pc1_0.PROPERTY_ID fetch first 10001 rows only;
2026-01-30 21:22:51.810 [scheduling-1] INFO  p6spy - #1769775771810 | took 0ms | rollback | connection 1| url jdbc:p6spy:oracle:thin:@127.0.0.1:1521:xe

;
2026-01-30 21:22:51.810 [scheduling-1] DEBUG c.zaxxer.hikari.pool.ProxyConnection - HikariPool-1 - Executed rollback on connection com.p6spy.engine.wrapper.ConnectionWrapper@4e826fd4 due to dirty commit state on close().
2026-01-30 21:22:51.819 [scheduling-1] INFO  c.w.r.b.B.RdbSyncListener - [PERF:CHUNK:CHARTER] thread=scheduling-1 | phase=COMPLETE | chunkIndex=0 | chunkSize=10000 | cumulative=10000 | load_ms=254 | transform_ms=5 | total_ms=259 | hasNext=true
2026-01-30 21:22:51.869 [scheduling-1] INFO  p6spy - #1769775771869 | took 46ms | statement | connection 1| url jdbc:p6spy:oracle:thin:@127.0.0.1:1521:xe
select pc1_0.PROPERTY_ID,pc1_0.ADDRESS,pc1_0.APT_NM,pc1_0.AREA_IN_PYEONG,pc1_0.BUILD_YEAR,pc1_0.DEAL_DATE,pc1_0.DEPOSIT,pc1_0.DISTRICT_NAME,pc1_0.EXCLU_USE_AR,pc1_0.FLOOR,pc1_0.JIBUN,pc1_0.LAST_UPDATED,pc1_0.LEASE_TYPE,pc1_0.RGST_DATE,pc1_0.SGG_CD,pc1_0.UMD_NM from PROPERTIES_CHARTER pc1_0 order by pc1_0.PROPERTY_ID offset ? rows fetch first ? rows only
select pc1_0.PROPERTY_ID,pc1_0.ADDRESS,pc1_0.APT_NM,pc1_0.AREA_IN_PYEONG,pc1_0.BUILD_YEAR,pc1_0.DEAL_DATE,pc1_0.DEPOSIT,pc1_0.DISTRICT_NAME,pc1_0.EXCLU_USE_AR,pc1_0.FLOOR,pc1_0.JIBUN,pc1_0.LAST_UPDATED,pc1_0.LEASE_TYPE,pc1_0.RGST_DATE,pc1_0.SGG_CD,pc1_0.UMD_NM from PROPERTIES_CHARTER pc1_0 order by pc1_0.PROPERTY_ID offset 10000 rows fetch first 10001 rows only;
2026-01-30 21:22:51.869 [scheduling-1] INFO  p6spy - #1769775771869 | took 46ms | statement | connection 12| url jdbc:oracle:thin:@127.0.0.1:1521:xe
select pc1_0.PROPERTY_ID,pc1_0.ADDRESS,pc1_0.APT_NM,pc1_0.AREA_IN_PYEONG,pc1_0.BUILD_YEAR,pc1_0.DEAL_DATE,pc1_0.DEPOSIT,pc1_0.DISTRICT_NAME,pc1_0.EXCLU_USE_AR,pc1_0.FLOOR,pc1_0.JIBUN,pc1_0.LAST_UPDATED,pc1_0.LEASE_TYPE,pc1_0.RGST_DATE,pc1_0.SGG_CD,pc1_0.UMD_NM from PROPERTIES_CHARTER pc1_0 order by pc1_0.PROPERTY_ID offset ? rows fetch first ? rows only
select pc1_0.PROPERTY_ID,pc1_0.ADDRESS,pc1_0.APT_NM,pc1_0.AREA_IN_PYEONG,pc1_0.BUILD_YEAR,pc1_0.DEAL_DATE,pc1_0.DEPOSIT,pc1_0.DISTRICT_NAME,pc1_0.EXCLU_USE_AR,pc1_0.FLOOR,pc1_0.JIBUN,pc1_0.LAST_UPDATED,pc1_0.LEASE_TYPE,pc1_0.RGST_DATE,pc1_0.SGG_CD,pc1_0.UMD_NM from PROPERTIES_CHARTER pc1_0 order by pc1_0.PROPERTY_ID offset 10000 rows fetch first 10001 rows only;
2026-01-30 21:22:52.134 [scheduling-1] INFO  p6spy - #1769775772134 | took 0ms | rollback | connection 1| url jdbc:p6spy:oracle:thin:@127.0.0.1:1521:xe

;
2026-01-30 21:22:52.135 [scheduling-1] DEBUG c.zaxxer.hikari.pool.ProxyConnection - HikariPool-1 - Executed rollback on connection com.p6spy.engine.wrapper.ConnectionWrapper@4e826fd4 due to dirty commit state on close().
2026-01-30 21:22:52.142 [scheduling-1] INFO  c.w.r.b.B.RdbSyncListener - [PERF:CHUNK:CHARTER] thread=scheduling-1 | phase=COMPLETE | chunkIndex=1 | chunkSize=10000 | cumulative=20000 | load_ms=318 | transform_ms=4 | total_ms=322 | hasNext=true
2026-01-30 21:22:52.183 [scheduling-1] INFO  p6spy - #1769775772183 | took 38ms | statement | connection 1| url jdbc:p6spy:oracle:thin:@127.0.0.1:1521:xe
select pc1_0.PROPERTY_ID,pc1_0.ADDRESS,pc1_0.APT_NM,pc1_0.AREA_IN_PYEONG,pc1_0.BUILD_YEAR,pc1_0.DEAL_DATE,pc1_0.DEPOSIT,pc1_0.DISTRICT_NAME,pc1_0.EXCLU_USE_AR,pc1_0.FLOOR,pc1_0.JIBUN,pc1_0.LAST_UPDATED,pc1_0.LEASE_TYPE,pc1_0.RGST_DATE,pc1_0.SGG_CD,pc1_0.UMD_NM from PROPERTIES_CHARTER pc1_0 order by pc1_0.PROPERTY_ID offset ? rows fetch first ? rows only
select pc1_0.PROPERTY_ID,pc1_0.ADDRESS,pc1_0.APT_NM,pc1_0.AREA_IN_PYEONG,pc1_0.BUILD_YEAR,pc1_0.DEAL_DATE,pc1_0.DEPOSIT,pc1_0.DISTRICT_NAME,pc1_0.EXCLU_USE_AR,pc1_0.FLOOR,pc1_0.JIBUN,pc1_0.LAST_UPDATED,pc1_0.LEASE_TYPE,pc1_0.RGST_DATE,pc1_0.SGG_CD,pc1_0.UMD_NM from PROPERTIES_CHARTER pc1_0 order by pc1_0.PROPERTY_ID offset 20000 rows fetch first 10001 rows only;
2026-01-30 21:22:52.183 [scheduling-1] INFO  p6spy - #1769775772183 | took 38ms | statement | connection 13| url jdbc:oracle:thin:@127.0.0.1:1521:xe
select pc1_0.PROPERTY_ID,pc1_0.ADDRESS,pc1_0.APT_NM,pc1_0.AREA_IN_PYEONG,pc1_0.BUILD_YEAR,pc1_0.DEAL_DATE,pc1_0.DEPOSIT,pc1_0.DISTRICT_NAME,pc1_0.EXCLU_USE_AR,pc1_0.FLOOR,pc1_0.JIBUN,pc1_0.LAST_UPDATED,pc1_0.LEASE_TYPE,pc1_0.RGST_DATE,pc1_0.SGG_CD,pc1_0.UMD_NM from PROPERTIES_CHARTER pc1_0 order by pc1_0.PROPERTY_ID offset ? rows fetch first ? rows only
select pc1_0.PROPERTY_ID,pc1_0.ADDRESS,pc1_0.APT_NM,pc1_0.AREA_IN_PYEONG,pc1_0.BUILD_YEAR,pc1_0.DEAL_DATE,pc1_0.DEPOSIT,pc1_0.DISTRICT_NAME,pc1_0.EXCLU_USE_AR,pc1_0.FLOOR,pc1_0.JIBUN,pc1_0.LAST_UPDATED,pc1_0.LEASE_TYPE,pc1_0.RGST_DATE,pc1_0.SGG_CD,pc1_0.UMD_NM from PROPERTIES_CHARTER pc1_0 order by pc1_0.PROPERTY_ID offset 20000 rows fetch first 10001 rows only;
2026-01-30 21:22:52.412 [scheduling-1] INFO  p6spy - #1769775772412 | took 0ms | rollback | connection 1| url jdbc:p6spy:oracle:thin:@127.0.0.1:1521:xe

;
2026-01-30 21:22:52.413 [scheduling-1] DEBUG c.zaxxer.hikari.pool.ProxyConnection - HikariPool-1 - Executed rollback on connection com.p6spy.engine.wrapper.ConnectionWrapper@4e826fd4 due to dirty commit state on close().
2026-01-30 21:22:52.417 [scheduling-1] INFO  c.w.r.b.B.RdbSyncListener - [PERF:CHUNK:CHARTER] thread=scheduling-1 | phase=COMPLETE | chunkIndex=2 | chunkSize=10000 | cumulative=30000 | load_ms=273 | transform_ms=2 | total_ms=275 | hasNext=true
2026-01-30 21:22:52.468 [scheduling-1] INFO  p6spy - #1769775772468 | took 47ms | statement | connection 1| url jdbc:p6spy:oracle:thin:@127.0.0.1:1521:xe
select pc1_0.PROPERTY_ID,pc1_0.ADDRESS,pc1_0.APT_NM,pc1_0.AREA_IN_PYEONG,pc1_0.BUILD_YEAR,pc1_0.DEAL_DATE,pc1_0.DEPOSIT,pc1_0.DISTRICT_NAME,pc1_0.EXCLU_USE_AR,pc1_0.FLOOR,pc1_0.JIBUN,pc1_0.LAST_UPDATED,pc1_0.LEASE_TYPE,pc1_0.RGST_DATE,pc1_0.SGG_CD,pc1_0.UMD_NM from PROPERTIES_CHARTER pc1_0 order by pc1_0.PROPERTY_ID offset ? rows fetch first ? rows only
select pc1_0.PROPERTY_ID,pc1_0.ADDRESS,pc1_0.APT_NM,pc1_0.AREA_IN_PYEONG,pc1_0.BUILD_YEAR,pc1_0.DEAL_DATE,pc1_0.DEPOSIT,pc1_0.DISTRICT_NAME,pc1_0.EXCLU_USE_AR,pc1_0.FLOOR,pc1_0.JIBUN,pc1_0.LAST_UPDATED,pc1_0.LEASE_TYPE,pc1_0.RGST_DATE,pc1_0.SGG_CD,pc1_0.UMD_NM from PROPERTIES_CHARTER pc1_0 order by pc1_0.PROPERTY_ID offset 30000 rows fetch first 10001 rows only;
2026-01-30 21:22:52.469 [scheduling-1] INFO  p6spy - #1769775772469 | took 48ms | statement | connection 14| url jdbc:oracle:thin:@127.0.0.1:1521:xe
select pc1_0.PROPERTY_ID,pc1_0.ADDRESS,pc1_0.APT_NM,pc1_0.AREA_IN_PYEONG,pc1_0.BUILD_YEAR,pc1_0.DEAL_DATE,pc1_0.DEPOSIT,pc1_0.DISTRICT_NAME,pc1_0.EXCLU_USE_AR,pc1_0.FLOOR,pc1_0.JIBUN,pc1_0.LAST_UPDATED,pc1_0.LEASE_TYPE,pc1_0.RGST_DATE,pc1_0.SGG_CD,pc1_0.UMD_NM from PROPERTIES_CHARTER pc1_0 order by pc1_0.PROPERTY_ID offset ? rows fetch first ? rows only
select pc1_0.PROPERTY_ID,pc1_0.ADDRESS,pc1_0.APT_NM,pc1_0.AREA_IN_PYEONG,pc1_0.BUILD_YEAR,pc1_0.DEAL_DATE,pc1_0.DEPOSIT,pc1_0.DISTRICT_NAME,pc1_0.EXCLU_USE_AR,pc1_0.FLOOR,pc1_0.JIBUN,pc1_0.LAST_UPDATED,pc1_0.LEASE_TYPE,pc1_0.RGST_DATE,pc1_0.SGG_CD,pc1_0.UMD_NM from PROPERTIES_CHARTER pc1_0 order by pc1_0.PROPERTY_ID offset 30000 rows fetch first 10001 rows only;
2026-01-30 21:22:52.702 [scheduling-1] INFO  p6spy - #1769775772702 | took 0ms | rollback | connection 1| url jdbc:p6spy:oracle:thin:@127.0.0.1:1521:xe

;
2026-01-30 21:22:52.703 [scheduling-1] DEBUG c.zaxxer.hikari.pool.ProxyConnection - HikariPool-1 - Executed rollback on connection com.p6spy.engine.wrapper.ConnectionWrapper@4e826fd4 due to dirty commit state on close().
2026-01-30 21:22:52.708 [scheduling-1] INFO  c.w.r.b.B.RdbSyncListener - [PERF:CHUNK:CHARTER] thread=scheduling-1 | phase=COMPLETE | chunkIndex=3 | chunkSize=10000 | cumulative=40000 | load_ms=287 | transform_ms=3 | total_ms=290 | hasNext=true
2026-01-30 21:22:52.775 [scheduling-1] INFO  p6spy - #1769775772775 | took 64ms | statement | connection 1| url jdbc:p6spy:oracle:thin:@127.0.0.1:1521:xe
select pc1_0.PROPERTY_ID,pc1_0.ADDRESS,pc1_0.APT_NM,pc1_0.AREA_IN_PYEONG,pc1_0.BUILD_YEAR,pc1_0.DEAL_DATE,pc1_0.DEPOSIT,pc1_0.DISTRICT_NAME,pc1_0.EXCLU_USE_AR,pc1_0.FLOOR,pc1_0.JIBUN,pc1_0.LAST_UPDATED,pc1_0.LEASE_TYPE,pc1_0.RGST_DATE,pc1_0.SGG_CD,pc1_0.UMD_NM from PROPERTIES_CHARTER pc1_0 order by pc1_0.PROPERTY_ID offset ? rows fetch first ? rows only
select pc1_0.PROPERTY_ID,pc1_0.ADDRESS,pc1_0.APT_NM,pc1_0.AREA_IN_PYEONG,pc1_0.BUILD_YEAR,pc1_0.DEAL_DATE,pc1_0.DEPOSIT,pc1_0.DISTRICT_NAME,pc1_0.EXCLU_USE_AR,pc1_0.FLOOR,pc1_0.JIBUN,pc1_0.LAST_UPDATED,pc1_0.LEASE_TYPE,pc1_0.RGST_DATE,pc1_0.SGG_CD,pc1_0.UMD_NM from PROPERTIES_CHARTER pc1_0 order by pc1_0.PROPERTY_ID offset 40000 rows fetch first 10001 rows only;
2026-01-30 21:22:52.776 [scheduling-1] INFO  p6spy - #1769775772776 | took 65ms | statement | connection 15| url jdbc:oracle:thin:@127.0.0.1:1521:xe
select pc1_0.PROPERTY_ID,pc1_0.ADDRESS,pc1_0.APT_NM,pc1_0.AREA_IN_PYEONG,pc1_0.BUILD_YEAR,pc1_0.DEAL_DATE,pc1_0.DEPOSIT,pc1_0.DISTRICT_NAME,pc1_0.EXCLU_USE_AR,pc1_0.FLOOR,pc1_0.JIBUN,pc1_0.LAST_UPDATED,pc1_0.LEASE_TYPE,pc1_0.RGST_DATE,pc1_0.SGG_CD,pc1_0.UMD_NM from PROPERTIES_CHARTER pc1_0 order by pc1_0.PROPERTY_ID offset ? rows fetch first ? rows only
select pc1_0.PROPERTY_ID,pc1_0.ADDRESS,pc1_0.APT_NM,pc1_0.AREA_IN_PYEONG,pc1_0.BUILD_YEAR,pc1_0.DEAL_DATE,pc1_0.DEPOSIT,pc1_0.DISTRICT_NAME,pc1_0.EXCLU_USE_AR,pc1_0.FLOOR,pc1_0.JIBUN,pc1_0.LAST_UPDATED,pc1_0.LEASE_TYPE,pc1_0.RGST_DATE,pc1_0.SGG_CD,pc1_0.UMD_NM from PROPERTIES_CHARTER pc1_0 order by pc1_0.PROPERTY_ID offset 40000 rows fetch first 10001 rows only;
2026-01-30 21:22:53.033 [scheduling-1] INFO  p6spy - #1769775773033 | took 0ms | rollback | connection 1| url jdbc:p6spy:oracle:thin:@127.0.0.1:1521:xe

;
2026-01-30 21:22:53.033 [scheduling-1] DEBUG c.zaxxer.hikari.pool.ProxyConnection - HikariPool-1 - Executed rollback on connection com.p6spy.engine.wrapper.ConnectionWrapper@4e826fd4 due to dirty commit state on close().
2026-01-30 21:22:53.046 [scheduling-1] INFO  c.w.r.b.B.RdbSyncListener - [PERF:CHUNK:CHARTER] thread=scheduling-1 | phase=COMPLETE | chunkIndex=4 | chunkSize=10000 | cumulative=50000 | load_ms=329 | transform_ms=9 | total_ms=338 | hasNext=true
2026-01-30 21:22:53.117 [scheduling-1] INFO  p6spy - #1769775773117 | took 68ms | statement | connection 1| url jdbc:p6spy:oracle:thin:@127.0.0.1:1521:xe
select pc1_0.PROPERTY_ID,pc1_0.ADDRESS,pc1_0.APT_NM,pc1_0.AREA_IN_PYEONG,pc1_0.BUILD_YEAR,pc1_0.DEAL_DATE,pc1_0.DEPOSIT,pc1_0.DISTRICT_NAME,pc1_0.EXCLU_USE_AR,pc1_0.FLOOR,pc1_0.JIBUN,pc1_0.LAST_UPDATED,pc1_0.LEASE_TYPE,pc1_0.RGST_DATE,pc1_0.SGG_CD,pc1_0.UMD_NM from PROPERTIES_CHARTER pc1_0 order by pc1_0.PROPERTY_ID offset ? rows fetch first ? rows only
select pc1_0.PROPERTY_ID,pc1_0.ADDRESS,pc1_0.APT_NM,pc1_0.AREA_IN_PYEONG,pc1_0.BUILD_YEAR,pc1_0.DEAL_DATE,pc1_0.DEPOSIT,pc1_0.DISTRICT_NAME,pc1_0.EXCLU_USE_AR,pc1_0.FLOOR,pc1_0.JIBUN,pc1_0.LAST_UPDATED,pc1_0.LEASE_TYPE,pc1_0.RGST_DATE,pc1_0.SGG_CD,pc1_0.UMD_NM from PROPERTIES_CHARTER pc1_0 order by pc1_0.PROPERTY_ID offset 50000 rows fetch first 10001 rows only;
2026-01-30 21:22:53.118 [scheduling-1] INFO  p6spy - #1769775773118 | took 69ms | statement | connection 16| url jdbc:oracle:thin:@127.0.0.1:1521:xe
select pc1_0.PROPERTY_ID,pc1_0.ADDRESS,pc1_0.APT_NM,pc1_0.AREA_IN_PYEONG,pc1_0.BUILD_YEAR,pc1_0.DEAL_DATE,pc1_0.DEPOSIT,pc1_0.DISTRICT_NAME,pc1_0.EXCLU_USE_AR,pc1_0.FLOOR,pc1_0.JIBUN,pc1_0.LAST_UPDATED,pc1_0.LEASE_TYPE,pc1_0.RGST_DATE,pc1_0.SGG_CD,pc1_0.UMD_NM from PROPERTIES_CHARTER pc1_0 order by pc1_0.PROPERTY_ID offset ? rows fetch first ? rows only
select pc1_0.PROPERTY_ID,pc1_0.ADDRESS,pc1_0.APT_NM,pc1_0.AREA_IN_PYEONG,pc1_0.BUILD_YEAR,pc1_0.DEAL_DATE,pc1_0.DEPOSIT,pc1_0.DISTRICT_NAME,pc1_0.EXCLU_USE_AR,pc1_0.FLOOR,pc1_0.JIBUN,pc1_0.LAST_UPDATED,pc1_0.LEASE_TYPE,pc1_0.RGST_DATE,pc1_0.SGG_CD,pc1_0.UMD_NM from PROPERTIES_CHARTER pc1_0 order by pc1_0.PROPERTY_ID offset 50000 rows fetch first 10001 rows only;
2026-01-30 21:22:53.296 [scheduling-1] INFO  p6spy - #1769775773296 | took 0ms | rollback | connection 1| url jdbc:p6spy:oracle:thin:@127.0.0.1:1521:xe

;
2026-01-30 21:22:53.296 [scheduling-1] DEBUG c.zaxxer.hikari.pool.ProxyConnection - HikariPool-1 - Executed rollback on connection com.p6spy.engine.wrapper.ConnectionWrapper@4e826fd4 due to dirty commit state on close().
2026-01-30 21:22:53.302 [scheduling-1] INFO  c.w.r.b.B.RdbSyncListener - [PERF:CHUNK:CHARTER] thread=scheduling-1 | phase=COMPLETE | chunkIndex=5 | chunkSize=8660 | cumulative=58660 | load_ms=253 | transform_ms=3 | total_ms=256 | hasNext=false
2026-01-30 21:22:53.303 [scheduling-1] INFO  c.w.r.b.B.RdbSyncListener - [PERF:DBLOAD:CHARTER] thread=scheduling-1 | phase=END | ts=1769775773303 | totalCount=58660 | totalChunks=6 | elapsed_ms=1743
2026-01-30 21:22:53.303 [scheduling-1] INFO  c.w.r.b.B.RdbSyncListener - [PERF:DBLOAD:MONTHLY] thread=scheduling-1 | phase=START | ts=1769775773303 | chunkSize=10000
2026-01-30 21:22:53.315 [scheduling-1] INFO  p6spy - #1769775773315 | took 6ms | statement | connection 1| url jdbc:p6spy:oracle:thin:@127.0.0.1:1521:xe
select pm1_0.PROPERTY_ID,pm1_0.ADDRESS,pm1_0.APT_NM,pm1_0.AREA_IN_PYEONG,pm1_0.BUILD_YEAR,pm1_0.DEAL_DATE,pm1_0.DEPOSIT,pm1_0.DISTRICT_NAME,pm1_0.EXCLU_USE_AR,pm1_0.FLOOR,pm1_0.JIBUN,pm1_0.LAST_UPDATED,pm1_0.LEASE_TYPE,pm1_0.MONTHLY_RENT,pm1_0.RGST_DATE,pm1_0.SGG_CD,pm1_0.UMD_NM from PROPERTIES_MONTHLY pm1_0 order by pm1_0.PROPERTY_ID fetch first ? rows only
select pm1_0.PROPERTY_ID,pm1_0.ADDRESS,pm1_0.APT_NM,pm1_0.AREA_IN_PYEONG,pm1_0.BUILD_YEAR,pm1_0.DEAL_DATE,pm1_0.DEPOSIT,pm1_0.DISTRICT_NAME,pm1_0.EXCLU_USE_AR,pm1_0.FLOOR,pm1_0.JIBUN,pm1_0.LAST_UPDATED,pm1_0.LEASE_TYPE,pm1_0.MONTHLY_RENT,pm1_0.RGST_DATE,pm1_0.SGG_CD,pm1_0.UMD_NM from PROPERTIES_MONTHLY pm1_0 order by pm1_0.PROPERTY_ID fetch first 10001 rows only;
2026-01-30 21:22:53.315 [scheduling-1] INFO  p6spy - #1769775773315 | took 7ms | statement | connection 17| url jdbc:oracle:thin:@127.0.0.1:1521:xe
select pm1_0.PROPERTY_ID,pm1_0.ADDRESS,pm1_0.APT_NM,pm1_0.AREA_IN_PYEONG,pm1_0.BUILD_YEAR,pm1_0.DEAL_DATE,pm1_0.DEPOSIT,pm1_0.DISTRICT_NAME,pm1_0.EXCLU_USE_AR,pm1_0.FLOOR,pm1_0.JIBUN,pm1_0.LAST_UPDATED,pm1_0.LEASE_TYPE,pm1_0.MONTHLY_RENT,pm1_0.RGST_DATE,pm1_0.SGG_CD,pm1_0.UMD_NM from PROPERTIES_MONTHLY pm1_0 order by pm1_0.PROPERTY_ID fetch first ? rows only
select pm1_0.PROPERTY_ID,pm1_0.ADDRESS,pm1_0.APT_NM,pm1_0.AREA_IN_PYEONG,pm1_0.BUILD_YEAR,pm1_0.DEAL_DATE,pm1_0.DEPOSIT,pm1_0.DISTRICT_NAME,pm1_0.EXCLU_USE_AR,pm1_0.FLOOR,pm1_0.JIBUN,pm1_0.LAST_UPDATED,pm1_0.LEASE_TYPE,pm1_0.MONTHLY_RENT,pm1_0.RGST_DATE,pm1_0.SGG_CD,pm1_0.UMD_NM from PROPERTIES_MONTHLY pm1_0 order by pm1_0.PROPERTY_ID fetch first 10001 rows only;
2026-01-30 21:22:53.547 [scheduling-1] INFO  p6spy - #1769775773547 | took 0ms | rollback | connection 1| url jdbc:p6spy:oracle:thin:@127.0.0.1:1521:xe

;
2026-01-30 21:22:53.547 [scheduling-1] DEBUG c.zaxxer.hikari.pool.ProxyConnection - HikariPool-1 - Executed rollback on connection com.p6spy.engine.wrapper.ConnectionWrapper@4e826fd4 due to dirty commit state on close().
2026-01-30 21:22:53.557 [scheduling-1] INFO  c.w.r.b.B.RdbSyncListener - [PERF:CHUNK:MONTHLY] thread=scheduling-1 | phase=COMPLETE | chunkIndex=0 | chunkSize=10000 | cumulative=10000 | load_ms=248 | transform_ms=5 | total_ms=253 | hasNext=true
2026-01-30 21:22:53.609 [scheduling-1] INFO  p6spy - #1769775773609 | took 49ms | statement | connection 1| url jdbc:p6spy:oracle:thin:@127.0.0.1:1521:xe
select pm1_0.PROPERTY_ID,pm1_0.ADDRESS,pm1_0.APT_NM,pm1_0.AREA_IN_PYEONG,pm1_0.BUILD_YEAR,pm1_0.DEAL_DATE,pm1_0.DEPOSIT,pm1_0.DISTRICT_NAME,pm1_0.EXCLU_USE_AR,pm1_0.FLOOR,pm1_0.JIBUN,pm1_0.LAST_UPDATED,pm1_0.LEASE_TYPE,pm1_0.MONTHLY_RENT,pm1_0.RGST_DATE,pm1_0.SGG_CD,pm1_0.UMD_NM from PROPERTIES_MONTHLY pm1_0 order by pm1_0.PROPERTY_ID offset ? rows fetch first ? rows only
select pm1_0.PROPERTY_ID,pm1_0.ADDRESS,pm1_0.APT_NM,pm1_0.AREA_IN_PYEONG,pm1_0.BUILD_YEAR,pm1_0.DEAL_DATE,pm1_0.DEPOSIT,pm1_0.DISTRICT_NAME,pm1_0.EXCLU_USE_AR,pm1_0.FLOOR,pm1_0.JIBUN,pm1_0.LAST_UPDATED,pm1_0.LEASE_TYPE,pm1_0.MONTHLY_RENT,pm1_0.RGST_DATE,pm1_0.SGG_CD,pm1_0.UMD_NM from PROPERTIES_MONTHLY pm1_0 order by pm1_0.PROPERTY_ID offset 10000 rows fetch first 10001 rows only;
2026-01-30 21:22:53.609 [scheduling-1] INFO  p6spy - #1769775773609 | took 49ms | statement | connection 18| url jdbc:oracle:thin:@127.0.0.1:1521:xe
select pm1_0.PROPERTY_ID,pm1_0.ADDRESS,pm1_0.APT_NM,pm1_0.AREA_IN_PYEONG,pm1_0.BUILD_YEAR,pm1_0.DEAL_DATE,pm1_0.DEPOSIT,pm1_0.DISTRICT_NAME,pm1_0.EXCLU_USE_AR,pm1_0.FLOOR,pm1_0.JIBUN,pm1_0.LAST_UPDATED,pm1_0.LEASE_TYPE,pm1_0.MONTHLY_RENT,pm1_0.RGST_DATE,pm1_0.SGG_CD,pm1_0.UMD_NM from PROPERTIES_MONTHLY pm1_0 order by pm1_0.PROPERTY_ID offset ? rows fetch first ? rows only
select pm1_0.PROPERTY_ID,pm1_0.ADDRESS,pm1_0.APT_NM,pm1_0.AREA_IN_PYEONG,pm1_0.BUILD_YEAR,pm1_0.DEAL_DATE,pm1_0.DEPOSIT,pm1_0.DISTRICT_NAME,pm1_0.EXCLU_USE_AR,pm1_0.FLOOR,pm1_0.JIBUN,pm1_0.LAST_UPDATED,pm1_0.LEASE_TYPE,pm1_0.MONTHLY_RENT,pm1_0.RGST_DATE,pm1_0.SGG_CD,pm1_0.UMD_NM from PROPERTIES_MONTHLY pm1_0 order by pm1_0.PROPERTY_ID offset 10000 rows fetch first 10001 rows only;
2026-01-30 21:22:53.833 [scheduling-1] INFO  p6spy - #1769775773833 | took 0ms | rollback | connection 1| url jdbc:p6spy:oracle:thin:@127.0.0.1:1521:xe

;
2026-01-30 21:22:53.833 [scheduling-1] DEBUG c.zaxxer.hikari.pool.ProxyConnection - HikariPool-1 - Executed rollback on connection com.p6spy.engine.wrapper.ConnectionWrapper@4e826fd4 due to dirty commit state on close().
2026-01-30 21:22:53.840 [scheduling-1] INFO  c.w.r.b.B.RdbSyncListener - [PERF:CHUNK:MONTHLY] thread=scheduling-1 | phase=COMPLETE | chunkIndex=1 | chunkSize=10000 | cumulative=20000 | load_ms=280 | transform_ms=3 | total_ms=283 | hasNext=true
2026-01-30 21:22:53.887 [scheduling-1] INFO  p6spy - #1769775773887 | took 43ms | statement | connection 1| url jdbc:p6spy:oracle:thin:@127.0.0.1:1521:xe
select pm1_0.PROPERTY_ID,pm1_0.ADDRESS,pm1_0.APT_NM,pm1_0.AREA_IN_PYEONG,pm1_0.BUILD_YEAR,pm1_0.DEAL_DATE,pm1_0.DEPOSIT,pm1_0.DISTRICT_NAME,pm1_0.EXCLU_USE_AR,pm1_0.FLOOR,pm1_0.JIBUN,pm1_0.LAST_UPDATED,pm1_0.LEASE_TYPE,pm1_0.MONTHLY_RENT,pm1_0.RGST_DATE,pm1_0.SGG_CD,pm1_0.UMD_NM from PROPERTIES_MONTHLY pm1_0 order by pm1_0.PROPERTY_ID offset ? rows fetch first ? rows only
select pm1_0.PROPERTY_ID,pm1_0.ADDRESS,pm1_0.APT_NM,pm1_0.AREA_IN_PYEONG,pm1_0.BUILD_YEAR,pm1_0.DEAL_DATE,pm1_0.DEPOSIT,pm1_0.DISTRICT_NAME,pm1_0.EXCLU_USE_AR,pm1_0.FLOOR,pm1_0.JIBUN,pm1_0.LAST_UPDATED,pm1_0.LEASE_TYPE,pm1_0.MONTHLY_RENT,pm1_0.RGST_DATE,pm1_0.SGG_CD,pm1_0.UMD_NM from PROPERTIES_MONTHLY pm1_0 order by pm1_0.PROPERTY_ID offset 20000 rows fetch first 10001 rows only;
2026-01-30 21:22:53.887 [scheduling-1] INFO  p6spy - #1769775773887 | took 43ms | statement | connection 19| url jdbc:oracle:thin:@127.0.0.1:1521:xe
select pm1_0.PROPERTY_ID,pm1_0.ADDRESS,pm1_0.APT_NM,pm1_0.AREA_IN_PYEONG,pm1_0.BUILD_YEAR,pm1_0.DEAL_DATE,pm1_0.DEPOSIT,pm1_0.DISTRICT_NAME,pm1_0.EXCLU_USE_AR,pm1_0.FLOOR,pm1_0.JIBUN,pm1_0.LAST_UPDATED,pm1_0.LEASE_TYPE,pm1_0.MONTHLY_RENT,pm1_0.RGST_DATE,pm1_0.SGG_CD,pm1_0.UMD_NM from PROPERTIES_MONTHLY pm1_0 order by pm1_0.PROPERTY_ID offset ? rows fetch first ? rows only
select pm1_0.PROPERTY_ID,pm1_0.ADDRESS,pm1_0.APT_NM,pm1_0.AREA_IN_PYEONG,pm1_0.BUILD_YEAR,pm1_0.DEAL_DATE,pm1_0.DEPOSIT,pm1_0.DISTRICT_NAME,pm1_0.EXCLU_USE_AR,pm1_0.FLOOR,pm1_0.JIBUN,pm1_0.LAST_UPDATED,pm1_0.LEASE_TYPE,pm1_0.MONTHLY_RENT,pm1_0.RGST_DATE,pm1_0.SGG_CD,pm1_0.UMD_NM from PROPERTIES_MONTHLY pm1_0 order by pm1_0.PROPERTY_ID offset 20000 rows fetch first 10001 rows only;
2026-01-30 21:22:54.120 [scheduling-1] INFO  p6spy - #1769775774120 | took 0ms | rollback | connection 1| url jdbc:p6spy:oracle:thin:@127.0.0.1:1521:xe

;
2026-01-30 21:22:54.120 [scheduling-1] DEBUG c.zaxxer.hikari.pool.ProxyConnection - HikariPool-1 - Executed rollback on connection com.p6spy.engine.wrapper.ConnectionWrapper@4e826fd4 due to dirty commit state on close().
2026-01-30 21:22:54.125 [scheduling-1] INFO  c.w.r.b.B.RdbSyncListener - [PERF:CHUNK:MONTHLY] thread=scheduling-1 | phase=COMPLETE | chunkIndex=2 | chunkSize=10000 | cumulative=30000 | load_ms=282 | transform_ms=2 | total_ms=284 | hasNext=true
2026-01-30 21:22:54.176 [scheduling-1] INFO  p6spy - #1769775774176 | took 48ms | statement | connection 1| url jdbc:p6spy:oracle:thin:@127.0.0.1:1521:xe
select pm1_0.PROPERTY_ID,pm1_0.ADDRESS,pm1_0.APT_NM,pm1_0.AREA_IN_PYEONG,pm1_0.BUILD_YEAR,pm1_0.DEAL_DATE,pm1_0.DEPOSIT,pm1_0.DISTRICT_NAME,pm1_0.EXCLU_USE_AR,pm1_0.FLOOR,pm1_0.JIBUN,pm1_0.LAST_UPDATED,pm1_0.LEASE_TYPE,pm1_0.MONTHLY_RENT,pm1_0.RGST_DATE,pm1_0.SGG_CD,pm1_0.UMD_NM from PROPERTIES_MONTHLY pm1_0 order by pm1_0.PROPERTY_ID offset ? rows fetch first ? rows only
select pm1_0.PROPERTY_ID,pm1_0.ADDRESS,pm1_0.APT_NM,pm1_0.AREA_IN_PYEONG,pm1_0.BUILD_YEAR,pm1_0.DEAL_DATE,pm1_0.DEPOSIT,pm1_0.DISTRICT_NAME,pm1_0.EXCLU_USE_AR,pm1_0.FLOOR,pm1_0.JIBUN,pm1_0.LAST_UPDATED,pm1_0.LEASE_TYPE,pm1_0.MONTHLY_RENT,pm1_0.RGST_DATE,pm1_0.SGG_CD,pm1_0.UMD_NM from PROPERTIES_MONTHLY pm1_0 order by pm1_0.PROPERTY_ID offset 30000 rows fetch first 10001 rows only;
2026-01-30 21:22:54.177 [scheduling-1] INFO  p6spy - #1769775774177 | took 49ms | statement | connection 20| url jdbc:oracle:thin:@127.0.0.1:1521:xe
select pm1_0.PROPERTY_ID,pm1_0.ADDRESS,pm1_0.APT_NM,pm1_0.AREA_IN_PYEONG,pm1_0.BUILD_YEAR,pm1_0.DEAL_DATE,pm1_0.DEPOSIT,pm1_0.DISTRICT_NAME,pm1_0.EXCLU_USE_AR,pm1_0.FLOOR,pm1_0.JIBUN,pm1_0.LAST_UPDATED,pm1_0.LEASE_TYPE,pm1_0.MONTHLY_RENT,pm1_0.RGST_DATE,pm1_0.SGG_CD,pm1_0.UMD_NM from PROPERTIES_MONTHLY pm1_0 order by pm1_0.PROPERTY_ID offset ? rows fetch first ? rows only
select pm1_0.PROPERTY_ID,pm1_0.ADDRESS,pm1_0.APT_NM,pm1_0.AREA_IN_PYEONG,pm1_0.BUILD_YEAR,pm1_0.DEAL_DATE,pm1_0.DEPOSIT,pm1_0.DISTRICT_NAME,pm1_0.EXCLU_USE_AR,pm1_0.FLOOR,pm1_0.JIBUN,pm1_0.LAST_UPDATED,pm1_0.LEASE_TYPE,pm1_0.MONTHLY_RENT,pm1_0.RGST_DATE,pm1_0.SGG_CD,pm1_0.UMD_NM from PROPERTIES_MONTHLY pm1_0 order by pm1_0.PROPERTY_ID offset 30000 rows fetch first 10001 rows only;
2026-01-30 21:22:54.411 [scheduling-1] INFO  p6spy - #1769775774411 | took 0ms | rollback | connection 1| url jdbc:p6spy:oracle:thin:@127.0.0.1:1521:xe

;
2026-01-30 21:22:54.411 [scheduling-1] DEBUG c.zaxxer.hikari.pool.ProxyConnection - HikariPool-1 - Executed rollback on connection com.p6spy.engine.wrapper.ConnectionWrapper@4e826fd4 due to dirty commit state on close().
2026-01-30 21:22:54.418 [scheduling-1] INFO  c.w.r.b.B.RdbSyncListener - [PERF:CHUNK:MONTHLY] thread=scheduling-1 | phase=COMPLETE | chunkIndex=3 | chunkSize=10000 | cumulative=40000 | load_ms=289 | transform_ms=3 | total_ms=292 | hasNext=true
2026-01-30 21:22:54.504 [scheduling-1] INFO  p6spy - #1769775774504 | took 83ms | statement | connection 1| url jdbc:p6spy:oracle:thin:@127.0.0.1:1521:xe
select pm1_0.PROPERTY_ID,pm1_0.ADDRESS,pm1_0.APT_NM,pm1_0.AREA_IN_PYEONG,pm1_0.BUILD_YEAR,pm1_0.DEAL_DATE,pm1_0.DEPOSIT,pm1_0.DISTRICT_NAME,pm1_0.EXCLU_USE_AR,pm1_0.FLOOR,pm1_0.JIBUN,pm1_0.LAST_UPDATED,pm1_0.LEASE_TYPE,pm1_0.MONTHLY_RENT,pm1_0.RGST_DATE,pm1_0.SGG_CD,pm1_0.UMD_NM from PROPERTIES_MONTHLY pm1_0 order by pm1_0.PROPERTY_ID offset ? rows fetch first ? rows only
select pm1_0.PROPERTY_ID,pm1_0.ADDRESS,pm1_0.APT_NM,pm1_0.AREA_IN_PYEONG,pm1_0.BUILD_YEAR,pm1_0.DEAL_DATE,pm1_0.DEPOSIT,pm1_0.DISTRICT_NAME,pm1_0.EXCLU_USE_AR,pm1_0.FLOOR,pm1_0.JIBUN,pm1_0.LAST_UPDATED,pm1_0.LEASE_TYPE,pm1_0.MONTHLY_RENT,pm1_0.RGST_DATE,pm1_0.SGG_CD,pm1_0.UMD_NM from PROPERTIES_MONTHLY pm1_0 order by pm1_0.PROPERTY_ID offset 40000 rows fetch first 10001 rows only;
2026-01-30 21:22:54.504 [scheduling-1] INFO  p6spy - #1769775774504 | took 83ms | statement | connection 21| url jdbc:oracle:thin:@127.0.0.1:1521:xe
select pm1_0.PROPERTY_ID,pm1_0.ADDRESS,pm1_0.APT_NM,pm1_0.AREA_IN_PYEONG,pm1_0.BUILD_YEAR,pm1_0.DEAL_DATE,pm1_0.DEPOSIT,pm1_0.DISTRICT_NAME,pm1_0.EXCLU_USE_AR,pm1_0.FLOOR,pm1_0.JIBUN,pm1_0.LAST_UPDATED,pm1_0.LEASE_TYPE,pm1_0.MONTHLY_RENT,pm1_0.RGST_DATE,pm1_0.SGG_CD,pm1_0.UMD_NM from PROPERTIES_MONTHLY pm1_0 order by pm1_0.PROPERTY_ID offset ? rows fetch first ? rows only
select pm1_0.PROPERTY_ID,pm1_0.ADDRESS,pm1_0.APT_NM,pm1_0.AREA_IN_PYEONG,pm1_0.BUILD_YEAR,pm1_0.DEAL_DATE,pm1_0.DEPOSIT,pm1_0.DISTRICT_NAME,pm1_0.EXCLU_USE_AR,pm1_0.FLOOR,pm1_0.JIBUN,pm1_0.LAST_UPDATED,pm1_0.LEASE_TYPE,pm1_0.MONTHLY_RENT,pm1_0.RGST_DATE,pm1_0.SGG_CD,pm1_0.UMD_NM from PROPERTIES_MONTHLY pm1_0 order by pm1_0.PROPERTY_ID offset 40000 rows fetch first 10001 rows only;
2026-01-30 21:22:54.807 [scheduling-1] INFO  p6spy - #1769775774807 | took 0ms | rollback | connection 1| url jdbc:p6spy:oracle:thin:@127.0.0.1:1521:xe

;
2026-01-30 21:22:54.807 [scheduling-1] DEBUG c.zaxxer.hikari.pool.ProxyConnection - HikariPool-1 - Executed rollback on connection com.p6spy.engine.wrapper.ConnectionWrapper@4e826fd4 due to dirty commit state on close().
2026-01-30 21:22:54.813 [scheduling-1] INFO  c.w.r.b.B.RdbSyncListener - [PERF:CHUNK:MONTHLY] thread=scheduling-1 | phase=COMPLETE | chunkIndex=4 | chunkSize=10000 | cumulative=50000 | load_ms=392 | transform_ms=3 | total_ms=395 | hasNext=true
2026-01-30 21:22:54.900 [scheduling-1] INFO  p6spy - #1769775774900 | took 84ms | statement | connection 1| url jdbc:p6spy:oracle:thin:@127.0.0.1:1521:xe
select pm1_0.PROPERTY_ID,pm1_0.ADDRESS,pm1_0.APT_NM,pm1_0.AREA_IN_PYEONG,pm1_0.BUILD_YEAR,pm1_0.DEAL_DATE,pm1_0.DEPOSIT,pm1_0.DISTRICT_NAME,pm1_0.EXCLU_USE_AR,pm1_0.FLOOR,pm1_0.JIBUN,pm1_0.LAST_UPDATED,pm1_0.LEASE_TYPE,pm1_0.MONTHLY_RENT,pm1_0.RGST_DATE,pm1_0.SGG_CD,pm1_0.UMD_NM from PROPERTIES_MONTHLY pm1_0 order by pm1_0.PROPERTY_ID offset ? rows fetch first ? rows only
select pm1_0.PROPERTY_ID,pm1_0.ADDRESS,pm1_0.APT_NM,pm1_0.AREA_IN_PYEONG,pm1_0.BUILD_YEAR,pm1_0.DEAL_DATE,pm1_0.DEPOSIT,pm1_0.DISTRICT_NAME,pm1_0.EXCLU_USE_AR,pm1_0.FLOOR,pm1_0.JIBUN,pm1_0.LAST_UPDATED,pm1_0.LEASE_TYPE,pm1_0.MONTHLY_RENT,pm1_0.RGST_DATE,pm1_0.SGG_CD,pm1_0.UMD_NM from PROPERTIES_MONTHLY pm1_0 order by pm1_0.PROPERTY_ID offset 50000 rows fetch first 10001 rows only;
2026-01-30 21:22:54.900 [scheduling-1] INFO  p6spy - #1769775774900 | took 85ms | statement | connection 22| url jdbc:oracle:thin:@127.0.0.1:1521:xe
select pm1_0.PROPERTY_ID,pm1_0.ADDRESS,pm1_0.APT_NM,pm1_0.AREA_IN_PYEONG,pm1_0.BUILD_YEAR,pm1_0.DEAL_DATE,pm1_0.DEPOSIT,pm1_0.DISTRICT_NAME,pm1_0.EXCLU_USE_AR,pm1_0.FLOOR,pm1_0.JIBUN,pm1_0.LAST_UPDATED,pm1_0.LEASE_TYPE,pm1_0.MONTHLY_RENT,pm1_0.RGST_DATE,pm1_0.SGG_CD,pm1_0.UMD_NM from PROPERTIES_MONTHLY pm1_0 order by pm1_0.PROPERTY_ID offset ? rows fetch first ? rows only
select pm1_0.PROPERTY_ID,pm1_0.ADDRESS,pm1_0.APT_NM,pm1_0.AREA_IN_PYEONG,pm1_0.BUILD_YEAR,pm1_0.DEAL_DATE,pm1_0.DEPOSIT,pm1_0.DISTRICT_NAME,pm1_0.EXCLU_USE_AR,pm1_0.FLOOR,pm1_0.JIBUN,pm1_0.LAST_UPDATED,pm1_0.LEASE_TYPE,pm1_0.MONTHLY_RENT,pm1_0.RGST_DATE,pm1_0.SGG_CD,pm1_0.UMD_NM from PROPERTIES_MONTHLY pm1_0 order by pm1_0.PROPERTY_ID offset 50000 rows fetch first 10001 rows only;
2026-01-30 21:22:55.108 [scheduling-1] INFO  p6spy - #1769775775108 | took 0ms | rollback | connection 1| url jdbc:p6spy:oracle:thin:@127.0.0.1:1521:xe

;
2026-01-30 21:22:55.109 [scheduling-1] DEBUG c.zaxxer.hikari.pool.ProxyConnection - HikariPool-1 - Executed rollback on connection com.p6spy.engine.wrapper.ConnectionWrapper@4e826fd4 due to dirty commit state on close().
2026-01-30 21:22:55.113 [scheduling-1] INFO  c.w.r.b.B.RdbSyncListener - [PERF:CHUNK:MONTHLY] thread=scheduling-1 | phase=COMPLETE | chunkIndex=5 | chunkSize=6272 | cumulative=56272 | load_ms=298 | transform_ms=2 | total_ms=300 | hasNext=false
2026-01-30 21:22:55.113 [scheduling-1] INFO  c.w.r.b.B.RdbSyncListener - [PERF:DBLOAD:MONTHLY] thread=scheduling-1 | phase=END | ts=1769775775113 | totalCount=56272 | totalChunks=6 | elapsed_ms=1810
2026-01-30 21:22:55.114 [scheduling-1] INFO  c.w.r.b.B.RdbSyncListener - >>> [Phase 2-2] RDB 재조회 완료. (전세: 58660건, 월세: 56272건)
2026-01-30 21:22:55.114 [scheduling-1] INFO  c.w.r.b.B.RdbSyncListener - >>> [Phase 2-3] Entity → Property 변환 완료. Redis 동기화 시작.
2026-01-30 21:22:58.543 [scheduling-1] INFO  c.w.r.b.B.RdbSyncListener - Redis [Pipeline]: 전세 매물 저장 완료 - 성공: 58660건
2026-01-30 21:23:03.211 [scheduling-1] INFO  c.w.r.b.B.RdbSyncListener - Redis [Pipeline]: 월세 매물 저장 완료 - 성공: 56272건
2026-01-30 21:23:03.211 [scheduling-1] INFO  c.w.r.b.B.RdbSyncListener - === 정규화 범위 계산 및 저장 시작 ===
2026-01-30 21:23:03.282 [scheduling-1] INFO  c.w.r.b.B.RdbSyncListener - Redis [Bounds] 저장 완료 - Key: bounds:서대문구:월세, Count: 197, Deposit[500.0-100000.0], Rent[2.0-290.0], Area[3.9416-36.5813]
2026-01-30 21:23:03.283 [scheduling-1] INFO  c.w.r.b.B.RdbSyncListener - Redis [Bounds] 저장 완료 - Key: bounds:중구:월세, Count: 107, Deposit[570.0-65000.0], Rent[8.0-570.0], Area[3.7087-36.6449]
2026-01-30 21:23:03.284 [scheduling-1] INFO  c.w.r.b.B.RdbSyncListener - Redis [Bounds] 저장 완료 - Key: bounds:노원구:월세, Count: 438, Deposit[300.0-80000.0], Rent[2.0-250.0], Area[3.63-40.7589]
2026-01-30 21:23:03.285 [scheduling-1] INFO  c.w.r.b.B.RdbSyncListener - Redis [Bounds] 저장 완료 - Key: bounds:광진구:월세, Count: 169, Deposit[100.0-80000.0], Rent[5.0-500.0], Area[3.8944-59.29]
2026-01-30 21:23:03.286 [scheduling-1] INFO  c.w.r.b.B.RdbSyncListener - Redis [Bounds] 저장 완료 - Key: bounds:영등포구:월세, Count: 253, Deposit[500.0-100000.0], Rent[4.0-1495.0], Area[3.261-48.7267]
2026-01-30 21:23:03.286 [scheduling-1] INFO  c.w.r.b.B.RdbSyncListener - Redis [Bounds] 저장 완료 - Key: bounds:중랑구:월세, Count: 228, Deposit[100.0-55000.0], Rent[2.0-305.0], Area[3.8841-40.7468]
2026-01-30 21:23:03.287 [scheduling-1] INFO  c.w.r.b.B.RdbSyncListener - Redis [Bounds] 저장 완료 - Key: bounds:강동구:월세, Count: 391, Deposit[100.0-84000.0], Rent[1.0-350.0], Area[3.6724-44.3283]
2026-01-30 21:23:03.289 [scheduling-1] INFO  c.w.r.b.B.RdbSyncListener - Redis [Bounds] 저장 완료 - Key: bounds:구로구:월세, Count: 230, Deposit[500.0-70000.0], Rent[1.0-230.0], Area[3.7782-37.3467]
2026-01-30 21:23:03.291 [scheduling-1] INFO  c.w.r.b.B.RdbSyncListener - Redis [Bounds] 저장 완료 - Key: bounds:양천구:월세, Count: 245, Deposit[100.0-170000.0], Rent[2.0-500.0], Area[4.241-54.577]
2026-01-30 21:23:03.291 [scheduling-1] INFO  c.w.r.b.B.RdbSyncListener - Redis [Bounds] 저장 완료 - Key: bounds:종로구:월세, Count: 81, Deposit[500.0-90000.0], Rent[2.0-500.0], Area[3.6542-41.0765]
2026-01-30 21:23:03.292 [scheduling-1] INFO  c.w.r.b.B.RdbSyncListener - Redis [Bounds] 저장 완료 - Key: bounds:동대문구:월세, Count: 196, Deposit[500.0-80000.0], Rent[1.0-300.0], Area[3.2867-36.7961]
2026-01-30 21:23:03.293 [scheduling-1] INFO  c.w.r.b.B.RdbSyncListener - Redis [Bounds] 저장 완료 - Key: bounds:송파구:월세, Count: 507, Deposit[1000.0-130000.0], Rent[1.0-630.0], Area[4.4498-58.1511]
2026-01-30 21:23:03.294 [scheduling-1] INFO  c.w.r.b.B.RdbSyncListener - Redis [Bounds] 저장 완료 - Key: bounds:관악구:월세, Count: 136, Deposit[500.0-60000.0], Rent[3.0-270.0], Area[3.636-41.1733]
2026-01-30 21:23:03.294 [scheduling-1] INFO  c.w.r.b.B.RdbSyncListener - Redis [Bounds] 저장 완료 - Key: bounds:도봉구:월세, Count: 143, Deposit[150.0-42000.0], Rent[5.0-750.0], Area[3.9385-35.8103]
2026-01-30 21:23:03.295 [scheduling-1] INFO  c.w.r.b.B.RdbSyncListener - Redis [Bounds] 저장 완료 - Key: bounds:은평구:월세, Count: 184, Deposit[500.0-60000.0], Rent[1.0-400.0], Area[3.627-50.5599]
2026-01-30 21:23:03.296 [scheduling-1] INFO  c.w.r.b.B.RdbSyncListener - Redis [Bounds] 저장 완료 - Key: bounds:성동구:월세, Count: 259, Deposit[50.0-100000.0], Rent[1.0-1580.0], Area[4.1503-46.0271]
2026-01-30 21:23:03.301 [scheduling-1] INFO  c.w.r.b.B.RdbSyncListener - Redis [Bounds] 저장 완료 - Key: bounds:강서구:월세, Count: 329, Deposit[130.0-60000.0], Rent[1.0-310.0], Area[3.6572-49.6856]
2026-01-30 21:23:03.324 [scheduling-1] INFO  c.w.r.b.B.RdbSyncListener - Redis [Bounds] 저장 완료 - Key: bounds:강남구:월세, Count: 50726, Deposit[100.0-400000.0], Rent[1.0-4000.0], Area[3.9143-70.0458]
2026-01-30 21:23:03.325 [scheduling-1] INFO  c.w.r.b.B.RdbSyncListener - Redis [Bounds] 저장 완료 - Key: bounds:서초구:월세, Count: 444, Deposit[1000.0-500000.0], Rent[1.0-1500.0], Area[4.9156-71.6441]
2026-01-30 21:23:03.326 [scheduling-1] INFO  c.w.r.b.B.RdbSyncListener - Redis [Bounds] 저장 완료 - Key: bounds:금천구:월세, Count: 77, Deposit[500.0-40000.0], Rent[2.0-160.0], Area[3.6421-39.2222]
2026-01-30 21:23:03.327 [scheduling-1] INFO  c.w.r.b.B.RdbSyncListener - Redis [Bounds] 저장 완료 - Key: bounds:성북구:월세, Count: 213, Deposit[500.0-75000.0], Rent[7.0-300.0], Area[3.751-51.5611]
2026-01-30 21:23:03.328 [scheduling-1] INFO  c.w.r.b.B.RdbSyncListener - Redis [Bounds] 저장 완료 - Key: bounds:용산구:월세, Count: 144, Deposit[500.0-350000.0], Rent[3.0-1700.0], Area[4.1412-68.1018]
2026-01-30 21:23:03.328 [scheduling-1] INFO  c.w.r.b.B.RdbSyncListener - Redis [Bounds] 저장 완료 - Key: bounds:마포구:월세, Count: 320, Deposit[318.0-120000.0], Rent[1.0-660.0], Area[3.8871-41.8569]
2026-01-30 21:23:03.328 [scheduling-1] INFO  c.w.r.b.B.RdbSyncListener - Redis [Bounds] 저장 완료 - Key: bounds:동작구:월세, Count: 173, Deposit[300.0-100000.0], Rent[6.0-400.0], Area[3.7631-49.8762]
2026-01-30 21:23:03.329 [scheduling-1] INFO  c.w.r.b.B.RdbSyncListener - Redis [Bounds] 저장 완료 - Key: bounds:강북구:월세, Count: 82, Deposit[200.0-57000.0], Rent[1.0-316.0], Area[3.4479-35.4764]
2026-01-30 21:23:03.329 [scheduling-1] INFO  c.w.r.b.B.RdbSyncListener - === 정규화 범위 계산 완료 ===
2026-01-30 21:23:03.329 [scheduling-1] INFO  c.w.r.b.B.RdbSyncListener - === 안전성 점수 계산 및 저장 시작 ===
2026-01-30 21:23:03.341 [scheduling-1] INFO  p6spy - #1769775783341 | took 0ms | statement | connection 1| url jdbc:p6spy:oracle:thin:@127.0.0.1:1521:xe
select acs1_0.DISTRICT_NAME,acs1_0.TOTAL_OCCURRENCE,acs1_0.TOTAL_ARREST,acs1_0.MURDER_OCCURRENCE,acs1_0.MURDER_ARREST,acs1_0.ROBBERY_OCCURRENCE,acs1_0.ROBBERY_ARREST,acs1_0.SEXUAL_CRIME_OCCURRENCE,acs1_0.SEXUAL_CRIME_ARREST,acs1_0.THEFT_OCCURRENCE,acs1_0.THEFT_ARREST,acs1_0.VIOLENCE_OCCURRENCE,acs1_0.VIOLENCE_ARREST from ANALYSIS_CRIME_STATISTICS acs1_0
select acs1_0.DISTRICT_NAME,acs1_0.TOTAL_OCCURRENCE,acs1_0.TOTAL_ARREST,acs1_0.MURDER_OCCURRENCE,acs1_0.MURDER_ARREST,acs1_0.ROBBERY_OCCURRENCE,acs1_0.ROBBERY_ARREST,acs1_0.SEXUAL_CRIME_OCCURRENCE,acs1_0.SEXUAL_CRIME_ARREST,acs1_0.THEFT_OCCURRENCE,acs1_0.THEFT_ARREST,acs1_0.VIOLENCE_OCCURRENCE,acs1_0.VIOLENCE_ARREST from ANALYSIS_CRIME_STATISTICS acs1_0;
2026-01-30 21:23:03.342 [scheduling-1] INFO  p6spy - #1769775783342 | took 0ms | statement | connection 23| url jdbc:oracle:thin:@127.0.0.1:1521:xe
select acs1_0.DISTRICT_NAME,acs1_0.TOTAL_OCCURRENCE,acs1_0.TOTAL_ARREST,acs1_0.MURDER_OCCURRENCE,acs1_0.MURDER_ARREST,acs1_0.ROBBERY_OCCURRENCE,acs1_0.ROBBERY_ARREST,acs1_0.SEXUAL_CRIME_OCCURRENCE,acs1_0.SEXUAL_CRIME_ARREST,acs1_0.THEFT_OCCURRENCE,acs1_0.THEFT_ARREST,acs1_0.VIOLENCE_OCCURRENCE,acs1_0.VIOLENCE_ARREST from ANALYSIS_CRIME_STATISTICS acs1_0
select acs1_0.DISTRICT_NAME,acs1_0.TOTAL_OCCURRENCE,acs1_0.TOTAL_ARREST,acs1_0.MURDER_OCCURRENCE,acs1_0.MURDER_ARREST,acs1_0.ROBBERY_OCCURRENCE,acs1_0.ROBBERY_ARREST,acs1_0.SEXUAL_CRIME_OCCURRENCE,acs1_0.SEXUAL_CRIME_ARREST,acs1_0.THEFT_OCCURRENCE,acs1_0.THEFT_ARREST,acs1_0.VIOLENCE_OCCURRENCE,acs1_0.VIOLENCE_ARREST from ANALYSIS_CRIME_STATISTICS acs1_0;
2026-01-30 21:23:03.343 [scheduling-1] INFO  p6spy - #1769775783343 | took 0ms | rollback | connection 1| url jdbc:p6spy:oracle:thin:@127.0.0.1:1521:xe

;
2026-01-30 21:23:03.343 [scheduling-1] DEBUG c.zaxxer.hikari.pool.ProxyConnection - HikariPool-1 - Executed rollback on connection com.p6spy.engine.wrapper.ConnectionWrapper@4e826fd4 due to dirty commit state on close().
2026-01-30 21:23:03.385 [scheduling-1] INFO  p6spy - #1769775783385 | took 0ms | statement | connection 1| url jdbc:p6spy:oracle:thin:@127.0.0.1:1521:xe
SELECT     p.DISTRICT_NAME,     p.POPULATION_COUNT FROM ANALYSIS_POPULATION_DENSITY p WHERE p.YEAR = (SELECT MAX(YEAR) FROM ANALYSIS_POPULATION_DENSITY) ORDER BY p.POPULATION_COUNT DESC
SELECT     p.DISTRICT_NAME,     p.POPULATION_COUNT FROM ANALYSIS_POPULATION_DENSITY p WHERE p.YEAR = (SELECT MAX(YEAR) FROM ANALYSIS_POPULATION_DENSITY) ORDER BY p.POPULATION_COUNT DESC;
2026-01-30 21:23:03.385 [scheduling-1] INFO  p6spy - #1769775783385 | took 1ms | statement | connection 24| url jdbc:oracle:thin:@127.0.0.1:1521:xe
SELECT     p.DISTRICT_NAME,     p.POPULATION_COUNT FROM ANALYSIS_POPULATION_DENSITY p WHERE p.YEAR = (SELECT MAX(YEAR) FROM ANALYSIS_POPULATION_DENSITY) ORDER BY p.POPULATION_COUNT DESC
SELECT     p.DISTRICT_NAME,     p.POPULATION_COUNT FROM ANALYSIS_POPULATION_DENSITY p WHERE p.YEAR = (SELECT MAX(YEAR) FROM ANALYSIS_POPULATION_DENSITY) ORDER BY p.POPULATION_COUNT DESC;
2026-01-30 21:23:03.393 [scheduling-1] INFO  p6spy - #1769775783393 | took 0ms | rollback | connection 1| url jdbc:p6spy:oracle:thin:@127.0.0.1:1521:xe

;
2026-01-30 21:23:03.393 [scheduling-1] DEBUG c.zaxxer.hikari.pool.ProxyConnection - HikariPool-1 - Executed rollback on connection com.p6spy.engine.wrapper.ConnectionWrapper@4e826fd4 due to dirty commit state on close().
2026-01-30 21:23:03.405 [scheduling-1] INFO  p6spy - #1769775783405 | took 8ms | statement | connection 1| url jdbc:p6spy:oracle:thin:@127.0.0.1:1521:xe
SELECT district, COUNT(*) AS count FROM (     SELECT         CASE             WHEN REGEXP_SUBSTR(e.ROAD_ADDRESS, '서울특별시\s*(강남구|강동구|강북구|강서구|관악구|광진구|구로구|금천구|노원구|도봉구|동대문구|동작구|마포구|서대문구|서초구|성동구|성북구|송파구|양천구|영등포구|용산구|은평구|종로구|중구|중랑구)', 1, 1, '', 1) IS NOT NULL             THEN REGEXP_SUBSTR(e.ROAD_ADDRESS, '서울특별시\s*(강남구|강동구|강북구|강서구|관악구|광진구|구로구|금천구|노원구|도봉구|동대문구|동작구|마포구|서대문구|서초구|성동구|성북구|송파구|양천구|영등포구|용산구|은평구|종로구|중구|중랑구)', 1, 1, '', 1)             WHEN REGEXP_SUBSTR(e.JIBUN_ADDRESS, '서울특별시\s*(강남구|강동구|강북구|강서구|관악구|광진구|구로구|금천구|노원구|도봉구|동대문구|동작구|마포구|서대문구|서초구|성동구|성북구|송파구|양천구|영등포구|용산구|은평구|종로구|중구|중랑구)', 1, 1, '', 1) IS NOT NULL             THEN REGEXP_SUBSTR(e.JIBUN_ADDRESS, '서울특별시\s*(강남구|강동구|강북구|강서구|관악구|광진구|구로구|금천구|노원구|도봉구|동대문구|동작구|마포구|서대문구|서초구|성동구|성북구|송파구|양천구|영등포구|용산구|은평구|종로구|중구|중랑구)', 1, 1, '', 1)             ELSE NULL         END AS district     FROM ANALYSIS_ENTERTAINMENT_STATISTICS e     WHERE (e.ROAD_ADDRESS LIKE '서울특별시%' OR e.JIBUN_ADDRESS LIKE '서울특별시%')       AND e.BUSINESS_STATUS_NAME = '영업/정상' ) WHERE district IS NOT NULL GROUP BY district ORDER BY count DESC
SELECT district, COUNT(*) AS count FROM (     SELECT         CASE             WHEN REGEXP_SUBSTR(e.ROAD_ADDRESS, '서울특별시\s*(강남구|강동구|강북구|강서구|관악구|광진구|구로구|금천구|노원구|도봉구|동대문구|동작구|마포구|서대문구|서초구|성동구|성북구|송파구|양천구|영등포구|용산구|은평구|종로구|중구|중랑구)', 1, 1, '', 1) IS NOT NULL             THEN REGEXP_SUBSTR(e.ROAD_ADDRESS, '서울특별시\s*(강남구|강동구|강북구|강서구|관악구|광진구|구로구|금천구|노원구|도봉구|동대문구|동작구|마포구|서대문구|서초구|성동구|성북구|송파구|양천구|영등포구|용산구|은평구|종로구|중구|중랑구)', 1, 1, '', 1)             WHEN REGEXP_SUBSTR(e.JIBUN_ADDRESS, '서울특별시\s*(강남구|강동구|강북구|강서구|관악구|광진구|구로구|금천구|노원구|도봉구|동대문구|동작구|마포구|서대문구|서초구|성동구|성북구|송파구|양천구|영등포구|용산구|은평구|종로구|중구|중랑구)', 1, 1, '', 1) IS NOT NULL             THEN REGEXP_SUBSTR(e.JIBUN_ADDRESS, '서울특별시\s*(강남구|강동구|강북구|강서구|관악구|광진구|구로구|금천구|노원구|도봉구|동대문구|동작구|마포구|서대문구|서초구|성동구|성북구|송파구|양천구|영등포구|용산구|은평구|종로구|중구|중랑구)', 1, 1, '', 1)             ELSE NULL         END AS district     FROM ANALYSIS_ENTERTAINMENT_STATISTICS e     WHERE (e.ROAD_ADDRESS LIKE '서울특별시%' OR e.JIBUN_ADDRESS LIKE '서울특별시%')       AND e.BUSINESS_STATUS_NAME = '영업/정상' ) WHERE district IS NOT NULL GROUP BY district ORDER BY count DESC;
2026-01-30 21:23:03.405 [scheduling-1] INFO  p6spy - #1769775783405 | took 8ms | statement | connection 25| url jdbc:oracle:thin:@127.0.0.1:1521:xe
SELECT district, COUNT(*) AS count FROM (     SELECT         CASE             WHEN REGEXP_SUBSTR(e.ROAD_ADDRESS, '서울특별시\s*(강남구|강동구|강북구|강서구|관악구|광진구|구로구|금천구|노원구|도봉구|동대문구|동작구|마포구|서대문구|서초구|성동구|성북구|송파구|양천구|영등포구|용산구|은평구|종로구|중구|중랑구)', 1, 1, '', 1) IS NOT NULL             THEN REGEXP_SUBSTR(e.ROAD_ADDRESS, '서울특별시\s*(강남구|강동구|강북구|강서구|관악구|광진구|구로구|금천구|노원구|도봉구|동대문구|동작구|마포구|서대문구|서초구|성동구|성북구|송파구|양천구|영등포구|용산구|은평구|종로구|중구|중랑구)', 1, 1, '', 1)             WHEN REGEXP_SUBSTR(e.JIBUN_ADDRESS, '서울특별시\s*(강남구|강동구|강북구|강서구|관악구|광진구|구로구|금천구|노원구|도봉구|동대문구|동작구|마포구|서대문구|서초구|성동구|성북구|송파구|양천구|영등포구|용산구|은평구|종로구|중구|중랑구)', 1, 1, '', 1) IS NOT NULL             THEN REGEXP_SUBSTR(e.JIBUN_ADDRESS, '서울특별시\s*(강남구|강동구|강북구|강서구|관악구|광진구|구로구|금천구|노원구|도봉구|동대문구|동작구|마포구|서대문구|서초구|성동구|성북구|송파구|양천구|영등포구|용산구|은평구|종로구|중구|중랑구)', 1, 1, '', 1)             ELSE NULL         END AS district     FROM ANALYSIS_ENTERTAINMENT_STATISTICS e     WHERE (e.ROAD_ADDRESS LIKE '서울특별시%' OR e.JIBUN_ADDRESS LIKE '서울특별시%')       AND e.BUSINESS_STATUS_NAME = '영업/정상' ) WHERE district IS NOT NULL GROUP BY district ORDER BY count DESC
SELECT district, COUNT(*) AS count FROM (     SELECT         CASE             WHEN REGEXP_SUBSTR(e.ROAD_ADDRESS, '서울특별시\s*(강남구|강동구|강북구|강서구|관악구|광진구|구로구|금천구|노원구|도봉구|동대문구|동작구|마포구|서대문구|서초구|성동구|성북구|송파구|양천구|영등포구|용산구|은평구|종로구|중구|중랑구)', 1, 1, '', 1) IS NOT NULL             THEN REGEXP_SUBSTR(e.ROAD_ADDRESS, '서울특별시\s*(강남구|강동구|강북구|강서구|관악구|광진구|구로구|금천구|노원구|도봉구|동대문구|동작구|마포구|서대문구|서초구|성동구|성북구|송파구|양천구|영등포구|용산구|은평구|종로구|중구|중랑구)', 1, 1, '', 1)             WHEN REGEXP_SUBSTR(e.JIBUN_ADDRESS, '서울특별시\s*(강남구|강동구|강북구|강서구|관악구|광진구|구로구|금천구|노원구|도봉구|동대문구|동작구|마포구|서대문구|서초구|성동구|성북구|송파구|양천구|영등포구|용산구|은평구|종로구|중구|중랑구)', 1, 1, '', 1) IS NOT NULL             THEN REGEXP_SUBSTR(e.JIBUN_ADDRESS, '서울특별시\s*(강남구|강동구|강북구|강서구|관악구|광진구|구로구|금천구|노원구|도봉구|동대문구|동작구|마포구|서대문구|서초구|성동구|성북구|송파구|양천구|영등포구|용산구|은평구|종로구|중구|중랑구)', 1, 1, '', 1)             ELSE NULL         END AS district     FROM ANALYSIS_ENTERTAINMENT_STATISTICS e     WHERE (e.ROAD_ADDRESS LIKE '서울특별시%' OR e.JIBUN_ADDRESS LIKE '서울특별시%')       AND e.BUSINESS_STATUS_NAME = '영업/정상' ) WHERE district IS NOT NULL GROUP BY district ORDER BY count DESC;
2026-01-30 21:23:03.406 [scheduling-1] INFO  p6spy - #1769775783406 | took 0ms | rollback | connection 1| url jdbc:p6spy:oracle:thin:@127.0.0.1:1521:xe

;
2026-01-30 21:23:03.406 [scheduling-1] DEBUG c.zaxxer.hikari.pool.ProxyConnection - HikariPool-1 - Executed rollback on connection com.p6spy.engine.wrapper.ConnectionWrapper@4e826fd4 due to dirty commit state on close().
2026-01-30 21:23:03.412 [scheduling-1] INFO  c.w.r.b.B.RdbSyncListener - === 안전성 점수 계산 완료: 25개 지역구 ===
2026-01-30 21:23:03.412 [scheduling-1] INFO  c.w.r.b.B.RdbSyncListener - >>> [Phase 2] 배치 동기화 프로세스 정상 종료. 총 소요시간: 11853ms
2026-01-30 21:23:03.412 [scheduling-1] INFO  c.w.r.b.B.RdbSyncListener - [PERF:BATCH:TOTAL] thread=scheduling-1 | phase=END | ts=1769775783412 | elapsed_ms=11853
2026-01-30 21:23:03.412 [scheduling-1] INFO  c.w.r.b.B.RdbSyncListener - ====================================================================
2026-01-30 21:23:03.412 [scheduling-1] INFO  c.w.r.b.B.RdbSyncListener - >>> [2차 테스트] 측정 결과 요약 (Slice 청크 처리) <<<
2026-01-30 21:23:03.412 [scheduling-1] INFO  c.w.r.b.B.RdbSyncListener -   CHUNK_SIZE          = 10000 건/청크
2026-01-30 21:23:03.413 [scheduling-1] INFO  c.w.r.b.B.RdbSyncListener -   DBLOAD:CHARTER      = 1743 ms (58660건, 6청크)
2026-01-30 21:23:03.413 [scheduling-1] INFO  c.w.r.b.B.RdbSyncListener -   DBLOAD:MONTHLY      = 1810 ms (56272건, 6청크)
2026-01-30 21:23:03.413 [scheduling-1] INFO  c.w.r.b.B.RdbSyncListener -   TRANSFORM:CHARTER   = 26 ms (누적)
2026-01-30 21:23:03.413 [scheduling-1] INFO  c.w.r.b.B.RdbSyncListener -   TRANSFORM:MONTHLY   = 18 ms (누적)
2026-01-30 21:23:03.413 [scheduling-1] INFO  c.w.r.b.B.RdbSyncListener -   BATCH:TOTAL         = 11853 ms
2026-01-30 21:23:03.413 [scheduling-1] INFO  c.w.r.b.B.RdbSyncListener - ====================================================================
2026-01-30 21:23:07.150 [HikariPool-1 housekeeper] DEBUG com.zaxxer.hikari.pool.HikariPool - HikariPool-1 - Pool stats (total=6, active=0, idle=6, waiting=0)
2026-01-30 21:23:07.150 [HikariPool-1 housekeeper] DEBUG com.zaxxer.hikari.pool.HikariPool - HikariPool-1 - Fill pool skipped, pool has sufficient level or currently being filled.
2026-01-30 21:23:37.158 [HikariPool-1 housekeeper] DEBUG com.zaxxer.hikari.pool.HikariPool - HikariPool-1 - Pool stats (total=6, active=0, idle=6, waiting=0)
2026-01-30 21:23:37.158 [HikariPool-1 housekeeper] DEBUG com.zaxxer.hikari.pool.HikariPool - HikariPool-1 - Fill pool skipped, pool has sufficient level or currently being filled.
2026-01-30 21:24:07.159 [HikariPool-1 housekeeper] DEBUG com.zaxxer.hikari.pool.HikariPool - HikariPool-1 - Pool stats (total=6, active=0, idle=6, waiting=0)
2026-01-30 21:24:07.159 [HikariPool-1 housekeeper] DEBUG com.zaxxer.hikari.pool.HikariPool - HikariPool-1 - Fill pool skipped, pool has sufficient level or currently being filled.
2026-01-30 21:24:10.158 [SpringApplicationShutdownHook] INFO  c.w.information.util.KakaoApiService - [KakaoApiService] 스레드 풀 종료 시작
2026-01-30 21:24:10.158 [SpringApplicationShutdownHook] INFO  c.w.information.util.KakaoApiService - [KakaoApiService] 스레드 풀 종료 완료
2026-01-30 21:24:10.161 [SpringApplicationShutdownHook] INFO  o.s.o.j.LocalContainerEntityManagerFactoryBean - Closing JPA EntityManagerFactory for persistence unit 'default'
2026-01-30 21:24:10.163 [SpringApplicationShutdownHook] INFO  com.zaxxer.hikari.HikariDataSource - HikariPool-1 - Shutdown initiated...
2026-01-30 21:24:10.163 [SpringApplicationShutdownHook] DEBUG com.zaxxer.hikari.pool.HikariPool - HikariPool-1 - Before shutdown stats (total=6, active=0, idle=6, waiting=0)
2026-01-30 21:24:10.164 [HikariPool-1 connection closer] DEBUG com.zaxxer.hikari.pool.PoolBase - HikariPool-1 - Closing connection com.p6spy.engine.wrapper.ConnectionWrapper@4e826fd4: (connection evicted)
2026-01-30 21:24:10.165 [HikariPool-1 connection closer] DEBUG com.zaxxer.hikari.pool.PoolBase - HikariPool-1 - Closing connection com.p6spy.engine.wrapper.ConnectionWrapper@55d7fa5: (connection evicted)
2026-01-30 21:24:10.165 [HikariPool-1 connection closer] DEBUG com.zaxxer.hikari.pool.PoolBase - HikariPool-1 - Closing connection com.p6spy.engine.wrapper.ConnectionWrapper@1b204204: (connection evicted)
2026-01-30 21:24:10.166 [HikariPool-1 connection closer] DEBUG com.zaxxer.hikari.pool.PoolBase - HikariPool-1 - Closing connection com.p6spy.engine.wrapper.ConnectionWrapper@6344dfa2: (connection evicted)
2026-01-30 21:24:10.166 [HikariPool-1 connection closer] DEBUG com.zaxxer.hikari.pool.PoolBase - HikariPool-1 - Closing connection com.p6spy.engine.wrapper.ConnectionWrapper@7840d6ec: (connection evicted)
2026-01-30 21:24:10.166 [HikariPool-1 connection closer] DEBUG com.zaxxer.hikari.pool.PoolBase - HikariPool-1 - Closing connection com.p6spy.engine.wrapper.ConnectionWrapper@2b8d6d25: (connection evicted)
2026-01-30 21:24:10.167 [SpringApplicationShutdownHook] DEBUG com.zaxxer.hikari.pool.HikariPool - HikariPool-1 - After shutdown stats (total=0, active=0, idle=0, waiting=0)
2026-01-30 21:24:10.169 [SpringApplicationShutdownHook] INFO  com.zaxxer.hikari.HikariDataSource - HikariPool-1 - Shutdown completed.
