2026-05-28 14:00:14.828 [background-preinit] INFO  o.h.validator.internal.util.Version - HV000001: Hibernate Validator 8.0.1.Final
2026-05-28 14:00:14.861 [main] INFO  c.wherehouse.WherehouseApplication - Starting WherehouseApplication using Java 17.0.11 with PID 10664 (E:\devSpace\SpringBootProjects\wherehouse_SpringBoot-master\wherehouse\build\classes\java\main started by wjdqj in E:\devSpace\SpringBootProjects\wherehouse_SpringBoot-master\wherehouse)
2026-05-28 14:00:14.861 [main] INFO  c.wherehouse.WherehouseApplication - No active profile set, falling back to 1 default profile: "default"
2026-05-28 14:00:15.598 [main] INFO  o.s.d.r.c.RepositoryConfigurationDelegate - Multiple Spring Data modules found, entering strict repository configuration mode
2026-05-28 14:00:15.600 [main] INFO  o.s.d.r.c.RepositoryConfigurationDelegate - Bootstrapping Spring Data JDBC repositories in DEFAULT mode.
2026-05-28 14:00:15.655 [main] INFO  o.s.d.r.c.RepositoryConfigurationExtensionSupport - Spring Data JDBC - Could not safely identify store assignment for repository candidate interface com.wherehouse.board.dao.BoardEntityRepository; If you want this repository to be a JDBC repository, consider annotating your entities with one of these annotations: org.springframework.data.relational.core.mapping.Table.
2026-05-28 14:00:15.656 [main] INFO  o.s.d.r.c.RepositoryConfigurationExtensionSupport - Spring Data JDBC - Could not safely identify store assignment for repository candidate interface com.wherehouse.board.dao.CommentEntityRepository; If you want this repository to be a JDBC repository, consider annotating your entities with one of these annotations: org.springframework.data.relational.core.mapping.Table.
2026-05-28 14:00:15.657 [main] INFO  o.s.d.r.c.RepositoryConfigurationExtensionSupport - Spring Data JDBC - Could not safely identify store assignment for repository candidate interface com.wherehouse.information.dao.ArrestRateRepository; If you want this repository to be a JDBC repository, consider annotating your entities with one of these annotations: org.springframework.data.relational.core.mapping.Table.
2026-05-28 14:00:15.658 [main] INFO  o.s.d.r.c.RepositoryConfigurationExtensionSupport - Spring Data JDBC - Could not safely identify store assignment for repository candidate interface com.wherehouse.information.dao.CctvGeoRepository; If you want this repository to be a JDBC repository, consider annotating your entities with one of these annotations: org.springframework.data.relational.core.mapping.Table.
2026-05-28 14:00:15.659 [main] INFO  o.s.d.r.c.RepositoryConfigurationExtensionSupport - Spring Data JDBC - Could not safely identify store assignment for repository candidate interface com.wherehouse.information.dao.PoliceOfficeGeoRepository; If you want this repository to be a JDBC repository, consider annotating your entities with one of these annotations: org.springframework.data.relational.core.mapping.Table.
2026-05-28 14:00:15.660 [main] INFO  o.s.d.r.c.RepositoryConfigurationExtensionSupport - Spring Data JDBC - Could not safely identify store assignment for repository candidate interface com.wherehouse.JWT.Repository.UserEntityRepository; If you want this repository to be a JDBC repository, consider annotating your entities with one of these annotations: org.springframework.data.relational.core.mapping.Table.
2026-05-28 14:00:15.661 [main] INFO  o.s.d.r.c.RepositoryConfigurationExtensionSupport - Spring Data JDBC - Could not safely identify store assignment for repository candidate interface com.wherehouse.members.dao.MemberEntityRepository; If you want this repository to be a JDBC repository, consider annotating your entities with one of these annotations: org.springframework.data.relational.core.mapping.Table.
2026-05-28 14:00:15.662 [main] INFO  o.s.d.r.c.RepositoryConfigurationExtensionSupport - Spring Data JDBC - Could not safely identify store assignment for repository candidate interface com.wherehouse.PropertyManagement.repository.PropertyCharterRegistrationRepository; If you want this repository to be a JDBC repository, consider annotating your entities with one of these annotations: org.springframework.data.relational.core.mapping.Table.
2026-05-28 14:00:15.664 [main] INFO  o.s.d.r.c.RepositoryConfigurationExtensionSupport - Spring Data JDBC - Could not safely identify store assignment for repository candidate interface com.wherehouse.PropertyManagement.repository.PropertyMonthlyRegistrationRepository; If you want this repository to be a JDBC repository, consider annotating your entities with one of these annotations: org.springframework.data.relational.core.mapping.Table.
2026-05-28 14:00:15.664 [main] INFO  o.s.d.r.c.RepositoryConfigurationExtensionSupport - Spring Data JDBC - Could not safely identify store assignment for repository candidate interface com.wherehouse.PropertyManagement.repository.PropertySyncFailureRepository; If you want this repository to be a JDBC repository, consider annotating your entities with one of these annotations: org.springframework.data.relational.core.mapping.Table.
2026-05-28 14:00:15.665 [main] INFO  o.s.d.r.c.RepositoryConfigurationExtensionSupport - Spring Data JDBC - Could not safely identify store assignment for repository candidate interface com.wherehouse.recommand.batch.repository.AnalysisCrimeRepository; If you want this repository to be a JDBC repository, consider annotating your entities with one of these annotations: org.springframework.data.relational.core.mapping.Table.
2026-05-28 14:00:15.666 [main] INFO  o.s.d.r.c.RepositoryConfigurationExtensionSupport - Spring Data JDBC - Could not safely identify store assignment for repository candidate interface com.wherehouse.recommand.batch.repository.AnalysisEntertainmentRepository; If you want this repository to be a JDBC repository, consider annotating your entities with one of these annotations: org.springframework.data.relational.core.mapping.Table.
2026-05-28 14:00:15.667 [main] INFO  o.s.d.r.c.RepositoryConfigurationExtensionSupport - Spring Data JDBC - Could not safely identify store assignment for repository candidate interface com.wherehouse.recommand.batch.repository.AnalysisPopulationDensityRepository; If you want this repository to be a JDBC repository, consider annotating your entities with one of these annotations: org.springframework.data.relational.core.mapping.Table.
2026-05-28 14:00:15.669 [main] INFO  o.s.d.r.c.RepositoryConfigurationExtensionSupport - Spring Data JDBC - Could not safely identify store assignment for repository candidate interface com.wherehouse.recommand.batch.repository.PropertyCharterRepository; If you want this repository to be a JDBC repository, consider annotating your entities with one of these annotations: org.springframework.data.relational.core.mapping.Table.
2026-05-28 14:00:15.670 [main] INFO  o.s.d.r.c.RepositoryConfigurationExtensionSupport - Spring Data JDBC - Could not safely identify store assignment for repository candidate interface com.wherehouse.recommand.batch.repository.PropertyMonthlyRepository; If you want this repository to be a JDBC repository, consider annotating your entities with one of these annotations: org.springframework.data.relational.core.mapping.Table.
2026-05-28 14:00:15.671 [main] INFO  o.s.d.r.c.RepositoryConfigurationExtensionSupport - Spring Data JDBC - Could not safely identify store assignment for repository candidate interface com.wherehouse.restapi.mapdata.dao.MapDataEntityRepository; If you want this repository to be a JDBC repository, consider annotating your entities with one of these annotations: org.springframework.data.relational.core.mapping.Table.
2026-05-28 14:00:15.673 [main] INFO  o.s.d.r.c.RepositoryConfigurationExtensionSupport - Spring Data JDBC - Could not safely identify store assignment for repository candidate interface com.wherehouse.review.repository.ReviewCharterRepository; If you want this repository to be a JDBC repository, consider annotating your entities with one of these annotations: org.springframework.data.relational.core.mapping.Table.
2026-05-28 14:00:15.674 [main] INFO  o.s.d.r.c.RepositoryConfigurationExtensionSupport - Spring Data JDBC - Could not safely identify store assignment for repository candidate interface com.wherehouse.review.repository.ReviewKeywordCharterRepository; If you want this repository to be a JDBC repository, consider annotating your entities with one of these annotations: org.springframework.data.relational.core.mapping.Table.
2026-05-28 14:00:15.674 [main] INFO  o.s.d.r.c.RepositoryConfigurationExtensionSupport - Spring Data JDBC - Could not safely identify store assignment for repository candidate interface com.wherehouse.review.repository.ReviewKeywordMonthlyRepository; If you want this repository to be a JDBC repository, consider annotating your entities with one of these annotations: org.springframework.data.relational.core.mapping.Table.
2026-05-28 14:00:15.675 [main] INFO  o.s.d.r.c.RepositoryConfigurationExtensionSupport - Spring Data JDBC - Could not safely identify store assignment for repository candidate interface com.wherehouse.review.repository.ReviewKeywordRepository; If you want this repository to be a JDBC repository, consider annotating your entities with one of these annotations: org.springframework.data.relational.core.mapping.Table.
2026-05-28 14:00:15.676 [main] INFO  o.s.d.r.c.RepositoryConfigurationExtensionSupport - Spring Data JDBC - Could not safely identify store assignment for repository candidate interface com.wherehouse.review.repository.ReviewMonthlyRepository; If you want this repository to be a JDBC repository, consider annotating your entities with one of these annotations: org.springframework.data.relational.core.mapping.Table.
2026-05-28 14:00:15.677 [main] INFO  o.s.d.r.c.RepositoryConfigurationExtensionSupport - Spring Data JDBC - Could not safely identify store assignment for repository candidate interface com.wherehouse.review.repository.ReviewRepository; If you want this repository to be a JDBC repository, consider annotating your entities with one of these annotations: org.springframework.data.relational.core.mapping.Table.
2026-05-28 14:00:15.678 [main] INFO  o.s.d.r.c.RepositoryConfigurationExtensionSupport - Spring Data JDBC - Could not safely identify store assignment for repository candidate interface com.wherehouse.review.repository.ReviewStatisticsCharterRepository; If you want this repository to be a JDBC repository, consider annotating your entities with one of these annotations: org.springframework.data.relational.core.mapping.Table.
2026-05-28 14:00:15.679 [main] INFO  o.s.d.r.c.RepositoryConfigurationExtensionSupport - Spring Data JDBC - Could not safely identify store assignment for repository candidate interface com.wherehouse.review.repository.ReviewStatisticsMonthlyRepository; If you want this repository to be a JDBC repository, consider annotating your entities with one of these annotations: org.springframework.data.relational.core.mapping.Table.
2026-05-28 14:00:15.680 [main] INFO  o.s.d.r.c.RepositoryConfigurationExtensionSupport - Spring Data JDBC - Could not safely identify store assignment for repository candidate interface com.wherehouse.review.repository.ReviewStatisticsRepository; If you want this repository to be a JDBC repository, consider annotating your entities with one of these annotations: org.springframework.data.relational.core.mapping.Table.
2026-05-28 14:00:15.680 [main] INFO  o.s.d.r.c.RepositoryConfigurationExtensionSupport - Spring Data JDBC - Could not safely identify store assignment for repository candidate interface com.wherehouse.VisitReservation.repository.ReopenSubscriptionRepository; If you want this repository to be a JDBC repository, consider annotating your entities with one of these annotations: org.springframework.data.relational.core.mapping.Table.
2026-05-28 14:00:15.681 [main] INFO  o.s.d.r.c.RepositoryConfigurationExtensionSupport - Spring Data JDBC - Could not safely identify store assignment for repository candidate interface com.wherehouse.VisitReservation.repository.VisitNotificationRepository; If you want this repository to be a JDBC repository, consider annotating your entities with one of these annotations: org.springframework.data.relational.core.mapping.Table.
2026-05-28 14:00:15.683 [main] INFO  o.s.d.r.c.RepositoryConfigurationExtensionSupport - Spring Data JDBC - Could not safely identify store assignment for repository candidate interface com.wherehouse.VisitReservation.repository.VisitReservationRepository; If you want this repository to be a JDBC repository, consider annotating your entities with one of these annotations: org.springframework.data.relational.core.mapping.Table.
2026-05-28 14:00:15.683 [main] INFO  o.s.d.r.c.RepositoryConfigurationExtensionSupport - Spring Data JDBC - Could not safely identify store assignment for repository candidate interface com.wherehouse.VisitReservation.repository.VisitSlotRepository; If you want this repository to be a JDBC repository, consider annotating your entities with one of these annotations: org.springframework.data.relational.core.mapping.Table.
2026-05-28 14:00:15.684 [main] INFO  o.s.d.r.c.RepositoryConfigurationExtensionSupport - Spring Data JDBC - Could not safely identify store assignment for repository candidate interface com.wherehouse.VisitReservation.repository.VisitWindowRepository; If you want this repository to be a JDBC repository, consider annotating your entities with one of these annotations: org.springframework.data.relational.core.mapping.Table.
2026-05-28 14:00:15.685 [main] INFO  o.s.d.r.c.RepositoryConfigurationDelegate - Finished Spring Data repository scanning in 81 ms. Found 0 JDBC repository interfaces.
2026-05-28 14:00:15.692 [main] INFO  o.s.d.r.c.RepositoryConfigurationDelegate - Multiple Spring Data modules found, entering strict repository configuration mode
2026-05-28 14:00:15.693 [main] INFO  o.s.d.r.c.RepositoryConfigurationDelegate - Bootstrapping Spring Data JPA repositories in DEFAULT mode.
2026-05-28 14:00:15.850 [main] INFO  o.s.d.r.c.RepositoryConfigurationDelegate - Finished Spring Data repository scanning in 154 ms. Found 30 JPA repository interfaces.
2026-05-28 14:00:15.864 [main] INFO  o.s.d.r.c.RepositoryConfigurationDelegate - Multiple Spring Data modules found, entering strict repository configuration mode
2026-05-28 14:00:15.864 [main] INFO  o.s.d.r.c.RepositoryConfigurationDelegate - Bootstrapping Spring Data Redis repositories in DEFAULT mode.
2026-05-28 14:00:15.891 [main] INFO  o.s.d.r.c.RepositoryConfigurationExtensionSupport - Spring Data Redis - Could not safely identify store assignment for repository candidate interface com.wherehouse.board.dao.BoardEntityRepository; If you want this repository to be a Redis repository, consider annotating your entities with one of these annotations: org.springframework.data.redis.core.RedisHash (preferred), or consider extending one of the following types with your repository: org.springframework.data.keyvalue.repository.KeyValueRepository
2026-05-28 14:00:15.891 [main] INFO  o.s.d.r.c.RepositoryConfigurationExtensionSupport - Spring Data Redis - Could not safely identify store assignment for repository candidate interface com.wherehouse.board.dao.CommentEntityRepository; If you want this repository to be a Redis repository, consider annotating your entities with one of these annotations: org.springframework.data.redis.core.RedisHash (preferred), or consider extending one of the following types with your repository: org.springframework.data.keyvalue.repository.KeyValueRepository
2026-05-28 14:00:15.892 [main] INFO  o.s.d.r.c.RepositoryConfigurationExtensionSupport - Spring Data Redis - Could not safely identify store assignment for repository candidate interface com.wherehouse.information.dao.ArrestRateRepository; If you want this repository to be a Redis repository, consider annotating your entities with one of these annotations: org.springframework.data.redis.core.RedisHash (preferred), or consider extending one of the following types with your repository: org.springframework.data.keyvalue.repository.KeyValueRepository
2026-05-28 14:00:15.892 [main] INFO  o.s.d.r.c.RepositoryConfigurationExtensionSupport - Spring Data Redis - Could not safely identify store assignment for repository candidate interface com.wherehouse.information.dao.CctvGeoRepository; If you want this repository to be a Redis repository, consider annotating your entities with one of these annotations: org.springframework.data.redis.core.RedisHash (preferred), or consider extending one of the following types with your repository: org.springframework.data.keyvalue.repository.KeyValueRepository
2026-05-28 14:00:15.892 [main] INFO  o.s.d.r.c.RepositoryConfigurationExtensionSupport - Spring Data Redis - Could not safely identify store assignment for repository candidate interface com.wherehouse.information.dao.PoliceOfficeGeoRepository; If you want this repository to be a Redis repository, consider annotating your entities with one of these annotations: org.springframework.data.redis.core.RedisHash (preferred), or consider extending one of the following types with your repository: org.springframework.data.keyvalue.repository.KeyValueRepository
2026-05-28 14:00:15.892 [main] INFO  o.s.d.r.c.RepositoryConfigurationExtensionSupport - Spring Data Redis - Could not safely identify store assignment for repository candidate interface com.wherehouse.JWT.Repository.UserEntityRepository; If you want this repository to be a Redis repository, consider annotating your entities with one of these annotations: org.springframework.data.redis.core.RedisHash (preferred), or consider extending one of the following types with your repository: org.springframework.data.keyvalue.repository.KeyValueRepository
2026-05-28 14:00:15.892 [main] INFO  o.s.d.r.c.RepositoryConfigurationExtensionSupport - Spring Data Redis - Could not safely identify store assignment for repository candidate interface com.wherehouse.members.dao.MemberEntityRepository; If you want this repository to be a Redis repository, consider annotating your entities with one of these annotations: org.springframework.data.redis.core.RedisHash (preferred), or consider extending one of the following types with your repository: org.springframework.data.keyvalue.repository.KeyValueRepository
2026-05-28 14:00:15.892 [main] INFO  o.s.d.r.c.RepositoryConfigurationExtensionSupport - Spring Data Redis - Could not safely identify store assignment for repository candidate interface com.wherehouse.PropertyManagement.repository.PropertyCharterRegistrationRepository; If you want this repository to be a Redis repository, consider annotating your entities with one of these annotations: org.springframework.data.redis.core.RedisHash (preferred), or consider extending one of the following types with your repository: org.springframework.data.keyvalue.repository.KeyValueRepository
2026-05-28 14:00:15.893 [main] INFO  o.s.d.r.c.RepositoryConfigurationExtensionSupport - Spring Data Redis - Could not safely identify store assignment for repository candidate interface com.wherehouse.PropertyManagement.repository.PropertyMonthlyRegistrationRepository; If you want this repository to be a Redis repository, consider annotating your entities with one of these annotations: org.springframework.data.redis.core.RedisHash (preferred), or consider extending one of the following types with your repository: org.springframework.data.keyvalue.repository.KeyValueRepository
2026-05-28 14:00:15.893 [main] INFO  o.s.d.r.c.RepositoryConfigurationExtensionSupport - Spring Data Redis - Could not safely identify store assignment for repository candidate interface com.wherehouse.PropertyManagement.repository.PropertySyncFailureRepository; If you want this repository to be a Redis repository, consider annotating your entities with one of these annotations: org.springframework.data.redis.core.RedisHash (preferred), or consider extending one of the following types with your repository: org.springframework.data.keyvalue.repository.KeyValueRepository
2026-05-28 14:00:15.893 [main] INFO  o.s.d.r.c.RepositoryConfigurationExtensionSupport - Spring Data Redis - Could not safely identify store assignment for repository candidate interface com.wherehouse.recommand.batch.repository.AnalysisCrimeRepository; If you want this repository to be a Redis repository, consider annotating your entities with one of these annotations: org.springframework.data.redis.core.RedisHash (preferred), or consider extending one of the following types with your repository: org.springframework.data.keyvalue.repository.KeyValueRepository
2026-05-28 14:00:15.893 [main] INFO  o.s.d.r.c.RepositoryConfigurationExtensionSupport - Spring Data Redis - Could not safely identify store assignment for repository candidate interface com.wherehouse.recommand.batch.repository.AnalysisEntertainmentRepository; If you want this repository to be a Redis repository, consider annotating your entities with one of these annotations: org.springframework.data.redis.core.RedisHash (preferred), or consider extending one of the following types with your repository: org.springframework.data.keyvalue.repository.KeyValueRepository
2026-05-28 14:00:15.893 [main] INFO  o.s.d.r.c.RepositoryConfigurationExtensionSupport - Spring Data Redis - Could not safely identify store assignment for repository candidate interface com.wherehouse.recommand.batch.repository.AnalysisPopulationDensityRepository; If you want this repository to be a Redis repository, consider annotating your entities with one of these annotations: org.springframework.data.redis.core.RedisHash (preferred), or consider extending one of the following types with your repository: org.springframework.data.keyvalue.repository.KeyValueRepository
2026-05-28 14:00:15.893 [main] INFO  o.s.d.r.c.RepositoryConfigurationExtensionSupport - Spring Data Redis - Could not safely identify store assignment for repository candidate interface com.wherehouse.recommand.batch.repository.PropertyCharterRepository; If you want this repository to be a Redis repository, consider annotating your entities with one of these annotations: org.springframework.data.redis.core.RedisHash (preferred), or consider extending one of the following types with your repository: org.springframework.data.keyvalue.repository.KeyValueRepository
2026-05-28 14:00:15.893 [main] INFO  o.s.d.r.c.RepositoryConfigurationExtensionSupport - Spring Data Redis - Could not safely identify store assignment for repository candidate interface com.wherehouse.recommand.batch.repository.PropertyMonthlyRepository; If you want this repository to be a Redis repository, consider annotating your entities with one of these annotations: org.springframework.data.redis.core.RedisHash (preferred), or consider extending one of the following types with your repository: org.springframework.data.keyvalue.repository.KeyValueRepository
2026-05-28 14:00:15.893 [main] INFO  o.s.d.r.c.RepositoryConfigurationExtensionSupport - Spring Data Redis - Could not safely identify store assignment for repository candidate interface com.wherehouse.restapi.mapdata.dao.MapDataEntityRepository; If you want this repository to be a Redis repository, consider annotating your entities with one of these annotations: org.springframework.data.redis.core.RedisHash (preferred), or consider extending one of the following types with your repository: org.springframework.data.keyvalue.repository.KeyValueRepository
2026-05-28 14:00:15.893 [main] INFO  o.s.d.r.c.RepositoryConfigurationExtensionSupport - Spring Data Redis - Could not safely identify store assignment for repository candidate interface com.wherehouse.review.repository.ReviewCharterRepository; If you want this repository to be a Redis repository, consider annotating your entities with one of these annotations: org.springframework.data.redis.core.RedisHash (preferred), or consider extending one of the following types with your repository: org.springframework.data.keyvalue.repository.KeyValueRepository
2026-05-28 14:00:15.893 [main] INFO  o.s.d.r.c.RepositoryConfigurationExtensionSupport - Spring Data Redis - Could not safely identify store assignment for repository candidate interface com.wherehouse.review.repository.ReviewKeywordCharterRepository; If you want this repository to be a Redis repository, consider annotating your entities with one of these annotations: org.springframework.data.redis.core.RedisHash (preferred), or consider extending one of the following types with your repository: org.springframework.data.keyvalue.repository.KeyValueRepository
2026-05-28 14:00:15.894 [main] INFO  o.s.d.r.c.RepositoryConfigurationExtensionSupport - Spring Data Redis - Could not safely identify store assignment for repository candidate interface com.wherehouse.review.repository.ReviewKeywordMonthlyRepository; If you want this repository to be a Redis repository, consider annotating your entities with one of these annotations: org.springframework.data.redis.core.RedisHash (preferred), or consider extending one of the following types with your repository: org.springframework.data.keyvalue.repository.KeyValueRepository
2026-05-28 14:00:15.894 [main] INFO  o.s.d.r.c.RepositoryConfigurationExtensionSupport - Spring Data Redis - Could not safely identify store assignment for repository candidate interface com.wherehouse.review.repository.ReviewKeywordRepository; If you want this repository to be a Redis repository, consider annotating your entities with one of these annotations: org.springframework.data.redis.core.RedisHash (preferred), or consider extending one of the following types with your repository: org.springframework.data.keyvalue.repository.KeyValueRepository
2026-05-28 14:00:15.894 [main] INFO  o.s.d.r.c.RepositoryConfigurationExtensionSupport - Spring Data Redis - Could not safely identify store assignment for repository candidate interface com.wherehouse.review.repository.ReviewMonthlyRepository; If you want this repository to be a Redis repository, consider annotating your entities with one of these annotations: org.springframework.data.redis.core.RedisHash (preferred), or consider extending one of the following types with your repository: org.springframework.data.keyvalue.repository.KeyValueRepository
2026-05-28 14:00:15.894 [main] INFO  o.s.d.r.c.RepositoryConfigurationExtensionSupport - Spring Data Redis - Could not safely identify store assignment for repository candidate interface com.wherehouse.review.repository.ReviewRepository; If you want this repository to be a Redis repository, consider annotating your entities with one of these annotations: org.springframework.data.redis.core.RedisHash (preferred), or consider extending one of the following types with your repository: org.springframework.data.keyvalue.repository.KeyValueRepository
2026-05-28 14:00:15.894 [main] INFO  o.s.d.r.c.RepositoryConfigurationExtensionSupport - Spring Data Redis - Could not safely identify store assignment for repository candidate interface com.wherehouse.review.repository.ReviewStatisticsCharterRepository; If you want this repository to be a Redis repository, consider annotating your entities with one of these annotations: org.springframework.data.redis.core.RedisHash (preferred), or consider extending one of the following types with your repository: org.springframework.data.keyvalue.repository.KeyValueRepository
2026-05-28 14:00:15.894 [main] INFO  o.s.d.r.c.RepositoryConfigurationExtensionSupport - Spring Data Redis - Could not safely identify store assignment for repository candidate interface com.wherehouse.review.repository.ReviewStatisticsMonthlyRepository; If you want this repository to be a Redis repository, consider annotating your entities with one of these annotations: org.springframework.data.redis.core.RedisHash (preferred), or consider extending one of the following types with your repository: org.springframework.data.keyvalue.repository.KeyValueRepository
2026-05-28 14:00:15.894 [main] INFO  o.s.d.r.c.RepositoryConfigurationExtensionSupport - Spring Data Redis - Could not safely identify store assignment for repository candidate interface com.wherehouse.review.repository.ReviewStatisticsRepository; If you want this repository to be a Redis repository, consider annotating your entities with one of these annotations: org.springframework.data.redis.core.RedisHash (preferred), or consider extending one of the following types with your repository: org.springframework.data.keyvalue.repository.KeyValueRepository
2026-05-28 14:00:15.894 [main] INFO  o.s.d.r.c.RepositoryConfigurationExtensionSupport - Spring Data Redis - Could not safely identify store assignment for repository candidate interface com.wherehouse.VisitReservation.repository.ReopenSubscriptionRepository; If you want this repository to be a Redis repository, consider annotating your entities with one of these annotations: org.springframework.data.redis.core.RedisHash (preferred), or consider extending one of the following types with your repository: org.springframework.data.keyvalue.repository.KeyValueRepository
2026-05-28 14:00:15.895 [main] INFO  o.s.d.r.c.RepositoryConfigurationExtensionSupport - Spring Data Redis - Could not safely identify store assignment for repository candidate interface com.wherehouse.VisitReservation.repository.VisitNotificationRepository; If you want this repository to be a Redis repository, consider annotating your entities with one of these annotations: org.springframework.data.redis.core.RedisHash (preferred), or consider extending one of the following types with your repository: org.springframework.data.keyvalue.repository.KeyValueRepository
2026-05-28 14:00:15.895 [main] INFO  o.s.d.r.c.RepositoryConfigurationExtensionSupport - Spring Data Redis - Could not safely identify store assignment for repository candidate interface com.wherehouse.VisitReservation.repository.VisitReservationRepository; If you want this repository to be a Redis repository, consider annotating your entities with one of these annotations: org.springframework.data.redis.core.RedisHash (preferred), or consider extending one of the following types with your repository: org.springframework.data.keyvalue.repository.KeyValueRepository
2026-05-28 14:00:15.895 [main] INFO  o.s.d.r.c.RepositoryConfigurationExtensionSupport - Spring Data Redis - Could not safely identify store assignment for repository candidate interface com.wherehouse.VisitReservation.repository.VisitSlotRepository; If you want this repository to be a Redis repository, consider annotating your entities with one of these annotations: org.springframework.data.redis.core.RedisHash (preferred), or consider extending one of the following types with your repository: org.springframework.data.keyvalue.repository.KeyValueRepository
2026-05-28 14:00:15.895 [main] INFO  o.s.d.r.c.RepositoryConfigurationExtensionSupport - Spring Data Redis - Could not safely identify store assignment for repository candidate interface com.wherehouse.VisitReservation.repository.VisitWindowRepository; If you want this repository to be a Redis repository, consider annotating your entities with one of these annotations: org.springframework.data.redis.core.RedisHash (preferred), or consider extending one of the following types with your repository: org.springframework.data.keyvalue.repository.KeyValueRepository
2026-05-28 14:00:15.895 [main] INFO  o.s.d.r.c.RepositoryConfigurationDelegate - Finished Spring Data repository scanning in 24 ms. Found 0 Redis repository interfaces.
2026-05-28 14:00:16.384 [main] INFO  o.s.b.w.e.tomcat.TomcatWebServer - Tomcat initialized with port 8185 (http)
2026-05-28 14:00:16.392 [main] INFO  o.a.coyote.http11.Http11NioProtocol - Initializing ProtocolHandler ["http-nio-8185"]
2026-05-28 14:00:16.394 [main] INFO  o.a.catalina.core.StandardService - Starting service [Tomcat]
2026-05-28 14:00:16.395 [main] INFO  o.a.catalina.core.StandardEngine - Starting Servlet engine: [Apache Tomcat/10.1.31]
2026-05-28 14:00:16.559 [main] INFO  o.apache.jasper.servlet.TldScanner - At least one JAR was scanned for TLDs yet contained no TLDs. Enable debug logging for this logger for a complete list of JARs that were scanned but no TLDs were found in them. Skipping unneeded JARs during scanning can improve startup time and JSP compilation time.
2026-05-28 14:00:16.564 [main] INFO  o.a.c.c.C.[.[.[/wherehouse] - Initializing Spring embedded WebApplicationContext
2026-05-28 14:00:16.564 [main] INFO  o.s.b.w.s.c.ServletWebServerApplicationContext - Root WebApplicationContext: initialization completed in 1666 ms
2026-05-28 14:00:16.630 [main] DEBUG com.zaxxer.hikari.HikariConfig - Driver class oracle.jdbc.OracleDriver found in Thread context class loader jdk.internal.loader.ClassLoaders$AppClassLoader@63947c6b
2026-05-28 14:00:16.732 [main] INFO  o.h.jpa.internal.util.LogHelper - HHH000204: Processing PersistenceUnitInfo [name: default]
2026-05-28 14:00:16.777 [main] INFO  org.hibernate.Version - HHH000412: Hibernate ORM core version 6.5.3.Final
2026-05-28 14:00:16.806 [main] INFO  o.h.c.i.RegionFactoryInitiator - HHH000026: Second-level cache disabled
2026-05-28 14:00:17.036 [main] INFO  o.s.o.j.p.SpringPersistenceUnitInfo - No LoadTimeWeaver setup: ignoring JPA class transformer
2026-05-28 14:00:17.059 [main] WARN  com.zaxxer.hikari.HikariConfig - HikariPool-1 - keepaliveTime is less than 30000ms, disabling it.
2026-05-28 14:00:17.060 [main] WARN  com.zaxxer.hikari.HikariConfig - HikariPool-1 - idleTimeout has been set but has no effect because the pool is operating as a fixed size pool.
2026-05-28 14:00:17.060 [main] DEBUG com.zaxxer.hikari.HikariConfig - HikariPool-1 - configuration:
2026-05-28 14:00:17.062 [main] DEBUG com.zaxxer.hikari.HikariConfig - allowPoolSuspension.............false
2026-05-28 14:00:17.062 [main] DEBUG com.zaxxer.hikari.HikariConfig - autoCommit......................false
2026-05-28 14:00:17.062 [main] DEBUG com.zaxxer.hikari.HikariConfig - catalog.........................none
2026-05-28 14:00:17.062 [main] DEBUG com.zaxxer.hikari.HikariConfig - connectionInitSql...............none
2026-05-28 14:00:17.062 [main] DEBUG com.zaxxer.hikari.HikariConfig - connectionTestQuery.............none
2026-05-28 14:00:17.062 [main] DEBUG com.zaxxer.hikari.HikariConfig - connectionTimeout...............30000
2026-05-28 14:00:17.062 [main] DEBUG com.zaxxer.hikari.HikariConfig - dataSource......................none
2026-05-28 14:00:17.062 [main] DEBUG com.zaxxer.hikari.HikariConfig - dataSourceClassName.............none
2026-05-28 14:00:17.062 [main] DEBUG com.zaxxer.hikari.HikariConfig - dataSourceJNDI..................none
2026-05-28 14:00:17.063 [main] DEBUG com.zaxxer.hikari.HikariConfig - dataSourceProperties............{oracle.net.RECV_BUF_SIZE=65536, oracle.net.SEND_BUF_SIZE=65536, password=<masked>, oracle.net.SDU=32768}
2026-05-28 14:00:17.063 [main] DEBUG com.zaxxer.hikari.HikariConfig - driverClassName................."oracle.jdbc.OracleDriver"
2026-05-28 14:00:17.063 [main] DEBUG com.zaxxer.hikari.HikariConfig - exceptionOverrideClassName......none
2026-05-28 14:00:17.063 [main] DEBUG com.zaxxer.hikari.HikariConfig - healthCheckProperties...........{}
2026-05-28 14:00:17.063 [main] DEBUG com.zaxxer.hikari.HikariConfig - healthCheckRegistry.............none
2026-05-28 14:00:17.063 [main] DEBUG com.zaxxer.hikari.HikariConfig - idleTimeout.....................30000
2026-05-28 14:00:17.063 [main] DEBUG com.zaxxer.hikari.HikariConfig - initializationFailTimeout.......1
2026-05-28 14:00:17.063 [main] DEBUG com.zaxxer.hikari.HikariConfig - isolateInternalQueries..........false
2026-05-28 14:00:17.064 [main] DEBUG com.zaxxer.hikari.HikariConfig - jdbcUrl.........................jdbc:oracle:thin:@127.0.0.1:1521:xe
2026-05-28 14:00:17.064 [main] DEBUG com.zaxxer.hikari.HikariConfig - keepaliveTime...................0
2026-05-28 14:00:17.064 [main] DEBUG com.zaxxer.hikari.HikariConfig - leakDetectionThreshold..........60000
2026-05-28 14:00:17.064 [main] DEBUG com.zaxxer.hikari.HikariConfig - maxLifetime.....................1800000
2026-05-28 14:00:17.064 [main] DEBUG com.zaxxer.hikari.HikariConfig - maximumPoolSize.................12
2026-05-28 14:00:17.064 [main] DEBUG com.zaxxer.hikari.HikariConfig - metricRegistry..................none
2026-05-28 14:00:17.064 [main] DEBUG com.zaxxer.hikari.HikariConfig - metricsTrackerFactory...........none
2026-05-28 14:00:17.064 [main] DEBUG com.zaxxer.hikari.HikariConfig - minimumIdle.....................12
2026-05-28 14:00:17.064 [main] DEBUG com.zaxxer.hikari.HikariConfig - password........................<masked>
2026-05-28 14:00:17.064 [main] DEBUG com.zaxxer.hikari.HikariConfig - poolName........................"HikariPool-1"
2026-05-28 14:00:17.064 [main] DEBUG com.zaxxer.hikari.HikariConfig - readOnly........................false
2026-05-28 14:00:17.064 [main] DEBUG com.zaxxer.hikari.HikariConfig - registerMbeans..................false
2026-05-28 14:00:17.064 [main] DEBUG com.zaxxer.hikari.HikariConfig - scheduledExecutor...............none
2026-05-28 14:00:17.064 [main] DEBUG com.zaxxer.hikari.HikariConfig - schema..........................none
2026-05-28 14:00:17.065 [main] DEBUG com.zaxxer.hikari.HikariConfig - threadFactory...................internal
2026-05-28 14:00:17.065 [main] DEBUG com.zaxxer.hikari.HikariConfig - transactionIsolation............default
2026-05-28 14:00:17.065 [main] DEBUG com.zaxxer.hikari.HikariConfig - username........................"SCOTT"
2026-05-28 14:00:17.065 [main] DEBUG com.zaxxer.hikari.HikariConfig - validationTimeout...............5000
2026-05-28 14:00:17.065 [main] INFO  com.zaxxer.hikari.HikariDataSource - HikariPool-1 - Starting...
2026-05-28 14:00:17.262 [main] INFO  com.zaxxer.hikari.pool.HikariPool - HikariPool-1 - Added connection oracle.jdbc.driver.T4CConnection@798b36fd
2026-05-28 14:00:17.264 [main] INFO  com.zaxxer.hikari.HikariDataSource - HikariPool-1 - Start completed.
2026-05-28 14:00:17.365 [main] WARN  org.hibernate.orm.deprecation - HHH90000025: OracleDialect does not need to be specified explicitly using 'hibernate.dialect' (remove the property setting and it will be selected by default)
2026-05-28 14:00:17.366 [HikariPool-1 housekeeper] DEBUG com.zaxxer.hikari.pool.HikariPool - HikariPool-1 - Pool stats (total=1, active=1, idle=0, waiting=0)
2026-05-28 14:00:17.384 [main] DEBUG c.zaxxer.hikari.pool.ProxyConnection - HikariPool-1 - Executed rollback on connection oracle.jdbc.driver.T4CConnection@798b36fd due to dirty commit state on close().
2026-05-28 14:00:17.415 [HikariPool-1 connection adder] DEBUG com.zaxxer.hikari.pool.HikariPool - HikariPool-1 - Added connection oracle.jdbc.driver.T4CConnection@2ba53eb8
2026-05-28 14:00:17.460 [HikariPool-1 connection adder] DEBUG com.zaxxer.hikari.pool.HikariPool - HikariPool-1 - After adding stats (total=2, active=0, idle=2, waiting=0)
2026-05-28 14:00:17.510 [HikariPool-1 connection adder] DEBUG com.zaxxer.hikari.pool.HikariPool - HikariPool-1 - Added connection oracle.jdbc.driver.T4CConnection@59ea8c50
2026-05-28 14:00:17.555 [HikariPool-1 connection adder] DEBUG com.zaxxer.hikari.pool.HikariPool - HikariPool-1 - After adding stats (total=3, active=0, idle=3, waiting=0)
2026-05-28 14:00:17.609 [HikariPool-1 connection adder] DEBUG com.zaxxer.hikari.pool.HikariPool - HikariPool-1 - Added connection oracle.jdbc.driver.T4CConnection@21a0df57
2026-05-28 14:00:17.649 [HikariPool-1 connection adder] DEBUG com.zaxxer.hikari.pool.HikariPool - HikariPool-1 - After adding stats (total=4, active=0, idle=4, waiting=0)
2026-05-28 14:00:17.698 [HikariPool-1 connection adder] DEBUG com.zaxxer.hikari.pool.HikariPool - HikariPool-1 - Added connection oracle.jdbc.driver.T4CConnection@3aa4f0f1
2026-05-28 14:00:17.743 [HikariPool-1 connection adder] DEBUG com.zaxxer.hikari.pool.HikariPool - HikariPool-1 - After adding stats (total=5, active=0, idle=5, waiting=0)
2026-05-28 14:00:17.800 [HikariPool-1 connection adder] DEBUG com.zaxxer.hikari.pool.HikariPool - HikariPool-1 - Added connection oracle.jdbc.driver.T4CConnection@1b281ea5
2026-05-28 14:00:17.839 [HikariPool-1 connection adder] DEBUG com.zaxxer.hikari.pool.HikariPool - HikariPool-1 - After adding stats (total=6, active=0, idle=6, waiting=0)
2026-05-28 14:00:17.897 [HikariPool-1 connection adder] DEBUG com.zaxxer.hikari.pool.HikariPool - HikariPool-1 - Added connection oracle.jdbc.driver.T4CConnection@4d7dfab1
2026-05-28 14:00:17.934 [HikariPool-1 connection adder] DEBUG com.zaxxer.hikari.pool.HikariPool - HikariPool-1 - After adding stats (total=7, active=0, idle=7, waiting=0)
2026-05-28 14:00:17.988 [HikariPool-1 connection adder] DEBUG com.zaxxer.hikari.pool.HikariPool - HikariPool-1 - Added connection oracle.jdbc.driver.T4CConnection@223802d3
2026-05-28 14:00:18.030 [HikariPool-1 connection adder] DEBUG com.zaxxer.hikari.pool.HikariPool - HikariPool-1 - After adding stats (total=8, active=0, idle=8, waiting=0)
2026-05-28 14:00:18.085 [HikariPool-1 connection adder] DEBUG com.zaxxer.hikari.pool.HikariPool - HikariPool-1 - Added connection oracle.jdbc.driver.T4CConnection@36e0430
2026-05-28 14:00:18.125 [HikariPool-1 connection adder] DEBUG com.zaxxer.hikari.pool.HikariPool - HikariPool-1 - After adding stats (total=9, active=0, idle=9, waiting=0)
2026-05-28 14:00:18.178 [HikariPool-1 connection adder] DEBUG com.zaxxer.hikari.pool.HikariPool - HikariPool-1 - Added connection oracle.jdbc.driver.T4CConnection@77aa74aa
2026-05-28 14:00:18.210 [HikariPool-1 connection adder] DEBUG com.zaxxer.hikari.pool.HikariPool - HikariPool-1 - After adding stats (total=10, active=0, idle=10, waiting=0)
2026-05-28 14:00:18.266 [HikariPool-1 connection adder] DEBUG com.zaxxer.hikari.pool.HikariPool - HikariPool-1 - Added connection oracle.jdbc.driver.T4CConnection@70a2a511
2026-05-28 14:00:18.297 [HikariPool-1 connection adder] DEBUG com.zaxxer.hikari.pool.HikariPool - HikariPool-1 - After adding stats (total=11, active=0, idle=11, waiting=0)
2026-05-28 14:00:18.356 [HikariPool-1 connection adder] DEBUG com.zaxxer.hikari.pool.HikariPool - HikariPool-1 - Added connection oracle.jdbc.driver.T4CConnection@4de21883
2026-05-28 14:00:18.389 [HikariPool-1 connection adder] DEBUG com.zaxxer.hikari.pool.HikariPool - HikariPool-1 - After adding stats (total=12, active=0, idle=12, waiting=0)
2026-05-28 14:00:18.389 [HikariPool-1 connection adder] DEBUG com.zaxxer.hikari.pool.HikariPool - HikariPool-1 - Connection not added, stats (total=12, active=0, idle=12, waiting=0)
2026-05-28 14:00:18.627 [main] INFO  o.h.e.t.j.p.i.JtaPlatformInitiator - HHH000489: No JTA platform available (set 'hibernate.transaction.jta.platform' to enable JTA platform integration)
2026-05-28 14:00:18.629 [main] INFO  o.s.o.j.LocalContainerEntityManagerFactoryBean - Initialized JPA EntityManagerFactory for persistence unit 'default'
2026-05-28 14:00:18.833 [main] INFO  o.s.d.j.r.query.QueryEnhancerFactory - Hibernate is in classpath; If applicable, HQL parser will be used.
2026-05-28 14:00:20.717 [main] INFO  c.w.r.service.ReviewWriteService - [CACHE_INIT] 완료: 유효=0건, 스킵=0건, 성공=0건
2026-05-28 14:00:20.800 [main] INFO  o.s.s.c.a.a.c.InitializeAuthenticationProviderBeanManagerConfigurer$InitializeAuthenticationProviderManagerConfigurer - Global AuthenticationManager configured with AuthenticationProvider bean with name userAuthenticationProvider
2026-05-28 14:00:20.802 [main] WARN  o.s.s.c.a.a.c.InitializeUserDetailsBeanManagerConfigurer$InitializeUserDetailsManagerConfigurer - Global AuthenticationManager configured with an AuthenticationProvider bean. UserDetailsService beans will not be used for username/password login. Consider removing the AuthenticationProvider bean. Alternatively, consider using the UserDetailsService in a manually instantiated DaoAuthenticationProvider.
2026-05-28 14:00:21.284 [main] DEBUG c.zaxxer.hikari.pool.ProxyConnection - HikariPool-1 - Executed rollback on connection oracle.jdbc.driver.T4CConnection@798b36fd due to dirty commit state on close().
2026-05-28 14:00:21.469 [main] INFO  o.a.coyote.http11.Http11NioProtocol - Starting ProtocolHandler ["http-nio-8185"]
2026-05-28 14:00:21.492 [main] INFO  o.s.b.w.e.tomcat.TomcatWebServer - Tomcat started on port 8185 (http) with context path '/wherehouse'
2026-05-28 14:00:21.508 [main] INFO  c.wherehouse.WherehouseApplication - Started WherehouseApplication in 7.076 seconds (process running for 7.628)
2026-05-28 14:00:21.562 [scheduling-1] DEBUG c.zaxxer.hikari.pool.ProxyConnection - HikariPool-1 - Executed rollback on connection oracle.jdbc.driver.T4CConnection@798b36fd due to dirty commit state on close().
2026-05-28 14:00:22.507 [scheduling-1] INFO  c.w.r.b.B.RdbSyncListener - [PERF:BATCH:TOTAL] thread=scheduling-1 | phase=START | ts=1779944422507
2026-05-28 14:00:22.507 [scheduling-1] INFO  c.w.r.b.B.RdbSyncListener - >>> [Phase 2-1] RDB 적재 완료. RDB 기준 데이터 재조회 시작.
2026-05-28 14:00:22.507 [scheduling-1] INFO  c.w.r.b.B.RdbSyncListener - [PERF:DBLOAD:CHARTER] thread=scheduling-1 | phase=START | ts=1779944422507 | chunkSize=10000
2026-05-28 14:00:22.752 [scheduling-1] INFO  c.w.r.b.B.RdbSyncListener - [PERF:CHUNK:CHARTER] thread=scheduling-1 | phase=COMPLETE | chunkIndex=0 | chunkSize=10000 | cumulative=10000 | load_ms=237 | transform_ms=7 | total_ms=244 | hasNext=true
2026-05-28 14:00:22.757 [scheduling-1] INFO  c.w.r.b.B.RdbSyncListener - [PERF:DBLOAD:CHARTER] thread=scheduling-1 | phase=END | ts=1779944422757 | totalCount=10000 | totalChunks=1 | elapsed_ms=250
2026-05-28 14:00:22.757 [scheduling-1] INFO  c.w.r.b.B.RdbSyncListener - [PERF:DBLOAD:MONTHLY] thread=scheduling-1 | phase=START | ts=1779944422757 | chunkSize=10000
2026-05-28 14:00:22.985 [scheduling-1] INFO  c.w.r.b.B.RdbSyncListener - [PERF:CHUNK:MONTHLY] thread=scheduling-1 | phase=COMPLETE | chunkIndex=0 | chunkSize=10000 | cumulative=10000 | load_ms=222 | transform_ms=6 | total_ms=228 | hasNext=true
2026-05-28 14:00:22.988 [scheduling-1] INFO  c.w.r.b.B.RdbSyncListener - [PERF:DBLOAD:MONTHLY] thread=scheduling-1 | phase=END | ts=1779944422988 | totalCount=10000 | totalChunks=1 | elapsed_ms=231
2026-05-28 14:00:22.988 [scheduling-1] INFO  c.w.r.b.B.RdbSyncListener - >>> [Phase 2-2] RDB 재조회 완료. (전세: 10000건, 월세: 10000건)
2026-05-28 14:00:22.988 [scheduling-1] INFO  c.w.r.b.B.RdbSyncListener - >>> [Phase 2-3] Entity → Property 변환 완료. Redis 동기화 시작.
2026-05-28 14:00:22.988 [scheduling-1] INFO  c.w.r.b.B.RdbSyncListener - >>> [DEBUG:PIPELINE:CHARTER] BATCH START (range: 0-2000)
2026-05-28 14:00:23.420 [scheduling-1] INFO  c.w.r.b.B.RdbSyncListener - >>> [DEBUG:PIPELINE:CHARTER] isPipelined=true, connectionClass=jdk.proxy2.$Proxy219
2026-05-28 14:00:23.790 [scheduling-1] INFO  c.w.r.b.B.RdbSyncListener - >>> [DEBUG:PIPELINE:CHARTER] BATCH COMPLETE (range: 0-2000, closePipeline 완료)
2026-05-28 14:00:23.790 [scheduling-1] INFO  c.w.r.b.B.RdbSyncListener - >>> [DEBUG:PIPELINE:CHARTER] BATCH START (range: 2000-4000)
2026-05-28 14:00:23.790 [scheduling-1] INFO  c.w.r.b.B.RdbSyncListener - >>> [DEBUG:PIPELINE:CHARTER] isPipelined=true, connectionClass=jdk.proxy2.$Proxy219
2026-05-28 14:00:23.999 [scheduling-1] INFO  c.w.r.b.B.RdbSyncListener - >>> [DEBUG:PIPELINE:CHARTER] BATCH COMPLETE (range: 2000-4000, closePipeline 완료)
2026-05-28 14:00:23.999 [scheduling-1] INFO  c.w.r.b.B.RdbSyncListener - >>> [DEBUG:PIPELINE:CHARTER] BATCH START (range: 4000-6000)
2026-05-28 14:00:23.999 [scheduling-1] INFO  c.w.r.b.B.RdbSyncListener - >>> [DEBUG:PIPELINE:CHARTER] isPipelined=true, connectionClass=jdk.proxy2.$Proxy219
2026-05-28 14:00:24.218 [scheduling-1] INFO  c.w.r.b.B.RdbSyncListener - >>> [DEBUG:PIPELINE:CHARTER] BATCH COMPLETE (range: 4000-6000, closePipeline 완료)
2026-05-28 14:00:24.218 [scheduling-1] INFO  c.w.r.b.B.RdbSyncListener - >>> [DEBUG:PIPELINE:CHARTER] BATCH START (range: 6000-8000)
2026-05-28 14:00:24.218 [scheduling-1] INFO  c.w.r.b.B.RdbSyncListener - >>> [DEBUG:PIPELINE:CHARTER] isPipelined=true, connectionClass=jdk.proxy2.$Proxy219
2026-05-28 14:00:24.412 [scheduling-1] INFO  c.w.r.b.B.RdbSyncListener - >>> [DEBUG:PIPELINE:CHARTER] BATCH COMPLETE (range: 6000-8000, closePipeline 완료)
2026-05-28 14:00:24.412 [scheduling-1] INFO  c.w.r.b.B.RdbSyncListener - >>> [DEBUG:PIPELINE:CHARTER] BATCH START (range: 8000-10000)
2026-05-28 14:00:24.413 [scheduling-1] INFO  c.w.r.b.B.RdbSyncListener - >>> [DEBUG:PIPELINE:CHARTER] isPipelined=true, connectionClass=jdk.proxy2.$Proxy219
2026-05-28 14:00:24.601 [scheduling-1] INFO  c.w.r.b.B.RdbSyncListener - >>> [DEBUG:PIPELINE:CHARTER] BATCH COMPLETE (range: 8000-10000, closePipeline 완료)
2026-05-28 14:00:24.601 [scheduling-1] INFO  c.w.r.b.B.RdbSyncListener - Redis [Pipeline]: 전세 매물 저장 완료 - 성공: 10000건, 소요: 1613ms
2026-05-28 14:00:24.601 [scheduling-1] INFO  c.w.r.b.B.RdbSyncListener - >>> [DEBUG:PIPELINE:MONTHLY] BATCH START (range: 0-2000)
2026-05-28 14:00:24.602 [scheduling-1] INFO  c.w.r.b.B.RdbSyncListener - >>> [DEBUG:PIPELINE:MONTHLY] isPipelined=true, connectionClass=jdk.proxy2.$Proxy219
2026-05-28 14:00:24.834 [scheduling-1] INFO  c.w.r.b.B.RdbSyncListener - >>> [DEBUG:PIPELINE:MONTHLY] BATCH COMPLETE (range: 0-2000, closePipeline 완료)
2026-05-28 14:00:24.834 [scheduling-1] INFO  c.w.r.b.B.RdbSyncListener - >>> [DEBUG:PIPELINE:MONTHLY] BATCH START (range: 2000-4000)
2026-05-28 14:00:24.835 [scheduling-1] INFO  c.w.r.b.B.RdbSyncListener - >>> [DEBUG:PIPELINE:MONTHLY] isPipelined=true, connectionClass=jdk.proxy2.$Proxy219
2026-05-28 14:00:25.085 [scheduling-1] INFO  c.w.r.b.B.RdbSyncListener - >>> [DEBUG:PIPELINE:MONTHLY] BATCH COMPLETE (range: 2000-4000, closePipeline 완료)
2026-05-28 14:00:25.085 [scheduling-1] INFO  c.w.r.b.B.RdbSyncListener - >>> [DEBUG:PIPELINE:MONTHLY] BATCH START (range: 4000-6000)
2026-05-28 14:00:25.085 [scheduling-1] INFO  c.w.r.b.B.RdbSyncListener - >>> [DEBUG:PIPELINE:MONTHLY] isPipelined=true, connectionClass=jdk.proxy2.$Proxy219
2026-05-28 14:00:25.338 [scheduling-1] INFO  c.w.r.b.B.RdbSyncListener - >>> [DEBUG:PIPELINE:MONTHLY] BATCH COMPLETE (range: 4000-6000, closePipeline 완료)
2026-05-28 14:00:25.338 [scheduling-1] INFO  c.w.r.b.B.RdbSyncListener - >>> [DEBUG:PIPELINE:MONTHLY] BATCH START (range: 6000-8000)
2026-05-28 14:00:25.338 [scheduling-1] INFO  c.w.r.b.B.RdbSyncListener - >>> [DEBUG:PIPELINE:MONTHLY] isPipelined=true, connectionClass=jdk.proxy2.$Proxy219
2026-05-28 14:00:25.577 [scheduling-1] INFO  c.w.r.b.B.RdbSyncListener - >>> [DEBUG:PIPELINE:MONTHLY] BATCH COMPLETE (range: 6000-8000, closePipeline 완료)
2026-05-28 14:00:25.577 [scheduling-1] INFO  c.w.r.b.B.RdbSyncListener - >>> [DEBUG:PIPELINE:MONTHLY] BATCH START (range: 8000-10000)
2026-05-28 14:00:25.577 [scheduling-1] INFO  c.w.r.b.B.RdbSyncListener - >>> [DEBUG:PIPELINE:MONTHLY] isPipelined=true, connectionClass=jdk.proxy2.$Proxy219
2026-05-28 14:00:25.832 [scheduling-1] INFO  c.w.r.b.B.RdbSyncListener - >>> [DEBUG:PIPELINE:MONTHLY] BATCH COMPLETE (range: 8000-10000, closePipeline 완료)
2026-05-28 14:00:25.832 [scheduling-1] INFO  c.w.r.b.B.RdbSyncListener - Redis [Pipeline]: 월세 매물 저장 완료 - 성공: 10000건, 소요: 1231ms
2026-05-28 14:00:25.832 [scheduling-1] INFO  c.w.r.b.B.RdbSyncListener - === 정규화 범위 계산 및 저장 시작 ===
2026-05-28 14:00:25.846 [scheduling-1] INFO  c.w.r.b.B.RdbSyncListener - Redis [Bounds] 준비 완료 - Key: bounds:서대문구:월세, Count: 400, Deposit[1010.0-19966.0], Rent[30.0-300.0], Area[10.28-49.91]
2026-05-28 14:00:25.848 [scheduling-1] INFO  c.w.r.b.B.RdbSyncListener - Redis [Bounds] 준비 완료 - Key: bounds:중구:월세, Count: 423, Deposit[1121.0-19978.0], Rent[31.0-300.0], Area[10.07-49.77]
2026-05-28 14:00:25.848 [scheduling-1] INFO  c.w.r.b.B.RdbSyncListener - Redis [Bounds] 준비 완료 - Key: bounds:노원구:월세, Count: 417, Deposit[1062.0-19927.0], Rent[30.0-300.0], Area[10.03-49.88]
2026-05-28 14:00:25.849 [scheduling-1] INFO  c.w.r.b.B.RdbSyncListener - Redis [Bounds] 준비 완료 - Key: bounds:광진구:월세, Count: 404, Deposit[1004.0-19892.0], Rent[30.0-299.0], Area[10.03-49.73]
2026-05-28 14:00:25.850 [scheduling-1] INFO  c.w.r.b.B.RdbSyncListener - Redis [Bounds] 준비 완료 - Key: bounds:영등포구:월세, Count: 408, Deposit[1050.0-19878.0], Rent[30.0-300.0], Area[10.05-49.9]
2026-05-28 14:00:25.850 [scheduling-1] INFO  c.w.r.b.B.RdbSyncListener - Redis [Bounds] 준비 완료 - Key: bounds:중랑구:월세, Count: 417, Deposit[1006.0-19942.0], Rent[31.0-299.0], Area[10.21-49.91]
2026-05-28 14:00:25.851 [scheduling-1] INFO  c.w.r.b.B.RdbSyncListener - Redis [Bounds] 준비 완료 - Key: bounds:강동구:월세, Count: 379, Deposit[1015.0-19952.0], Rent[30.0-300.0], Area[10.12-49.52]
2026-05-28 14:00:25.853 [scheduling-1] INFO  c.w.r.b.B.RdbSyncListener - Redis [Bounds] 준비 완료 - Key: bounds:구로구:월세, Count: 427, Deposit[1015.0-19976.0], Rent[30.0-300.0], Area[10.25-49.8]
2026-05-28 14:00:25.854 [scheduling-1] INFO  c.w.r.b.B.RdbSyncListener - Redis [Bounds] 준비 완료 - Key: bounds:양천구:월세, Count: 395, Deposit[1124.0-20000.0], Rent[30.0-300.0], Area[10.0-49.63]
2026-05-28 14:00:25.855 [scheduling-1] INFO  c.w.r.b.B.RdbSyncListener - Redis [Bounds] 준비 완료 - Key: bounds:종로구:월세, Count: 415, Deposit[1094.0-19845.0], Rent[30.0-300.0], Area[9.98-49.76]
2026-05-28 14:00:25.855 [scheduling-1] INFO  c.w.r.b.B.RdbSyncListener - Redis [Bounds] 준비 완료 - Key: bounds:송파구:월세, Count: 371, Deposit[1014.0-19911.0], Rent[30.0-299.0], Area[10.11-49.89]
2026-05-28 14:00:25.856 [scheduling-1] INFO  c.w.r.b.B.RdbSyncListener - Redis [Bounds] 준비 완료 - Key: bounds:동대문구:월세, Count: 407, Deposit[1020.0-19833.0], Rent[30.0-300.0], Area[10.04-49.9]
2026-05-28 14:00:25.857 [scheduling-1] INFO  c.w.r.b.B.RdbSyncListener - Redis [Bounds] 준비 완료 - Key: bounds:관악구:월세, Count: 370, Deposit[1115.0-19930.0], Rent[32.0-300.0], Area[10.07-49.85]
2026-05-28 14:00:25.858 [scheduling-1] INFO  c.w.r.b.B.RdbSyncListener - Redis [Bounds] 준비 완료 - Key: bounds:도봉구:월세, Count: 388, Deposit[1014.0-19955.0], Rent[31.0-299.0], Area[10.32-49.87]
2026-05-28 14:00:25.859 [scheduling-1] INFO  c.w.r.b.B.RdbSyncListener - Redis [Bounds] 준비 완료 - Key: bounds:은평구:월세, Count: 403, Deposit[1046.0-19994.0], Rent[31.0-300.0], Area[10.04-49.82]
2026-05-28 14:00:25.860 [scheduling-1] INFO  c.w.r.b.B.RdbSyncListener - Redis [Bounds] 준비 완료 - Key: bounds:성동구:월세, Count: 391, Deposit[1037.0-19972.0], Rent[30.0-298.0], Area[10.09-49.65]
2026-05-28 14:00:25.861 [scheduling-1] INFO  c.w.r.b.B.RdbSyncListener - Redis [Bounds] 준비 완료 - Key: bounds:강서구:월세, Count: 410, Deposit[1018.0-19978.0], Rent[30.0-300.0], Area[10.09-49.87]
2026-05-28 14:00:25.862 [scheduling-1] INFO  c.w.r.b.B.RdbSyncListener - Redis [Bounds] 준비 완료 - Key: bounds:강남구:월세, Count: 418, Deposit[1018.0-19916.0], Rent[30.0-300.0], Area[10.1-49.88]
2026-05-28 14:00:25.863 [scheduling-1] INFO  c.w.r.b.B.RdbSyncListener - Redis [Bounds] 준비 완료 - Key: bounds:서초구:월세, Count: 381, Deposit[1099.0-19993.0], Rent[30.0-300.0], Area[10.09-49.86]
2026-05-28 14:00:25.865 [scheduling-1] INFO  c.w.r.b.B.RdbSyncListener - Redis [Bounds] 준비 완료 - Key: bounds:금천구:월세, Count: 362, Deposit[1133.0-19985.0], Rent[30.0-299.0], Area[10.04-49.82]
2026-05-28 14:00:25.866 [scheduling-1] INFO  c.w.r.b.B.RdbSyncListener - Redis [Bounds] 준비 완료 - Key: bounds:성북구:월세, Count: 415, Deposit[1007.0-19955.0], Rent[30.0-300.0], Area[9.99-49.85]
2026-05-28 14:00:25.868 [scheduling-1] INFO  c.w.r.b.B.RdbSyncListener - Redis [Bounds] 준비 완료 - Key: bounds:용산구:월세, Count: 392, Deposit[1081.0-19920.0], Rent[30.0-299.0], Area[10.01-49.79]
2026-05-28 14:00:25.868 [scheduling-1] INFO  c.w.r.b.B.RdbSyncListener - Redis [Bounds] 준비 완료 - Key: bounds:마포구:월세, Count: 422, Deposit[1076.0-19921.0], Rent[30.0-300.0], Area[9.99-49.84]
2026-05-28 14:00:25.869 [scheduling-1] INFO  c.w.r.b.B.RdbSyncListener - Redis [Bounds] 준비 완료 - Key: bounds:동작구:월세, Count: 390, Deposit[1022.0-19995.0], Rent[30.0-300.0], Area[10.06-49.76]
2026-05-28 14:00:25.869 [scheduling-1] INFO  c.w.r.b.B.RdbSyncListener - Redis [Bounds] 준비 완료 - Key: bounds:강북구:월세, Count: 395, Deposit[1002.0-19990.0], Rent[30.0-299.0], Area[10.0-49.71]
2026-05-28 14:00:25.869 [scheduling-1] INFO  c.w.r.b.B.RdbSyncListener - >>> [DEBUG:PIPELINE:BOUNDS] BATCH START (총 50개 그룹)
2026-05-28 14:00:25.870 [scheduling-1] INFO  c.w.r.b.B.RdbSyncListener - >>> [DEBUG:PIPELINE:BOUNDS] isPipelined = true, connection class = jdk.proxy2.$Proxy219
2026-05-28 14:00:25.872 [scheduling-1] INFO  c.w.r.b.B.RdbSyncListener - >>> [DEBUG:PIPELINE:BOUNDS] BATCH COMPLETE (50개 그룹, closePipeline 완료)
2026-05-28 14:00:25.872 [scheduling-1] INFO  c.w.r.b.B.RdbSyncListener - === 정규화 범위 계산 완료 ===
2026-05-28 14:00:25.872 [scheduling-1] INFO  c.w.r.b.B.RdbSyncListener - === 안전성 점수 계산 및 저장 시작 ===
2026-05-28 14:00:25.922 [scheduling-1] INFO  c.w.r.b.B.RdbSyncListener - >>> [DEBUG:PIPELINE:SAFETY] BATCH START (총 25개 자치구)
2026-05-28 14:00:25.923 [scheduling-1] INFO  c.w.r.b.B.RdbSyncListener - >>> [DEBUG:PIPELINE:SAFETY] isPipelined=true, connectionClass=jdk.proxy2.$Proxy219
2026-05-28 14:00:25.924 [scheduling-1] INFO  c.w.r.b.B.RdbSyncListener - >>> [DEBUG:PIPELINE:SAFETY] BATCH COMPLETE (25개 자치구, closePipeline 완료)
2026-05-28 14:00:25.924 [scheduling-1] INFO  c.w.r.b.B.RdbSyncListener - === 안전성 점수 계산 완료: 25개 지역구 ===
2026-05-28 14:00:25.924 [scheduling-1] INFO  c.w.r.b.B.RdbSyncListener - >>> [Phase 2] 배치 동기화 프로세스 정상 종료. 총 소요시간: 3417ms
2026-05-28 14:00:25.924 [scheduling-1] INFO  c.w.r.b.B.RdbSyncListener - [PERF:BATCH:TOTAL] thread=scheduling-1 | phase=END | ts=1779944425924 | elapsed_ms=3417
2026-05-28 14:00:25.924 [scheduling-1] INFO  c.w.r.b.B.RdbSyncListener - ====================================================================
2026-05-28 14:00:25.924 [scheduling-1] INFO  c.w.r.b.B.RdbSyncListener - >>> 측정 결과 요약 (Slice 청크 처리) <<<
2026-05-28 14:00:25.924 [scheduling-1] INFO  c.w.r.b.B.RdbSyncListener -   CHUNK_SIZE          = 10000 건/청크
2026-05-28 14:00:25.924 [scheduling-1] INFO  c.w.r.b.B.RdbSyncListener -   PIPELINE_BATCH_SIZE = 2000 건/파이프라인
2026-05-28 14:00:25.924 [scheduling-1] INFO  c.w.r.b.B.RdbSyncListener -   DBLOAD:CHARTER      = 250 ms (10000건, 1청크)
2026-05-28 14:00:25.924 [scheduling-1] INFO  c.w.r.b.B.RdbSyncListener -   DBLOAD:MONTHLY      = 231 ms (10000건, 1청크)
2026-05-28 14:00:25.924 [scheduling-1] INFO  c.w.r.b.B.RdbSyncListener -   TRANSFORM:CHARTER   = 7 ms (누적)
2026-05-28 14:00:25.924 [scheduling-1] INFO  c.w.r.b.B.RdbSyncListener -   TRANSFORM:MONTHLY   = 6 ms (누적)
2026-05-28 14:00:25.924 [scheduling-1] INFO  c.w.r.b.B.RdbSyncListener -   BATCH:TOTAL         = 3417 ms
2026-05-28 14:00:25.924 [scheduling-1] INFO  c.w.r.b.B.RdbSyncListener - ====================================================================
2026-05-28 14:00:37.594 [http-nio-8185-exec-3] INFO  o.a.c.c.C.[.[.[/wherehouse] - Initializing Spring DispatcherServlet 'dispatcherServlet'
2026-05-28 14:00:37.594 [http-nio-8185-exec-3] INFO  o.s.web.servlet.DispatcherServlet - Initializing Servlet 'dispatcherServlet'
2026-05-28 14:00:37.596 [http-nio-8185-exec-3] INFO  o.s.web.servlet.DispatcherServlet - Completed initialization in 2 ms
2026-05-28 14:00:37.624 [http-nio-8185-exec-5] INFO  c.w.J.Filter.JwtAuthProcessorFilter - JWTAuthenticationFilter - 요청 처리 시작
2026-05-28 14:00:37.624 [http-nio-8185-exec-4] INFO  c.w.J.Filter.JwtAuthProcessorFilter - JWTAuthenticationFilter - 요청 처리 시작
2026-05-28 14:00:37.624 [http-nio-8185-exec-2] INFO  c.w.J.Filter.JwtAuthProcessorFilter - JWTAuthenticationFilter - 요청 처리 시작
2026-05-28 14:00:37.624 [http-nio-8185-exec-3] INFO  c.w.J.Filter.JwtAuthProcessorFilter - JWTAuthenticationFilter - 요청 처리 시작
2026-05-28 14:00:37.624 [http-nio-8185-exec-1] INFO  c.w.J.Filter.JwtAuthProcessorFilter - JWTAuthenticationFilter - 요청 처리 시작
2026-05-28 14:00:37.625 [http-nio-8185-exec-4] INFO  c.w.J.Filter.JwtAuthProcessorFilter - HTTP Method: POST, URL: http://localhost:8185/wherehouse/api/v1/visit/reservations
2026-05-28 14:00:37.625 [http-nio-8185-exec-1] INFO  c.w.J.Filter.JwtAuthProcessorFilter - HTTP Method: POST, URL: http://localhost:8185/wherehouse/api/v1/visit/reservations
2026-05-28 14:00:37.625 [http-nio-8185-exec-3] INFO  c.w.J.Filter.JwtAuthProcessorFilter - HTTP Method: POST, URL: http://localhost:8185/wherehouse/api/v1/visit/reservations
2026-05-28 14:00:37.625 [http-nio-8185-exec-2] INFO  c.w.J.Filter.JwtAuthProcessorFilter - HTTP Method: POST, URL: http://localhost:8185/wherehouse/api/v1/visit/reservations
2026-05-28 14:00:37.625 [http-nio-8185-exec-5] INFO  c.w.J.Filter.JwtAuthProcessorFilter - HTTP Method: POST, URL: http://localhost:8185/wherehouse/api/v1/visit/reservations
2026-05-28 14:00:37.681 [http-nio-8185-exec-5] INFO  c.w.J.Filter.JwtAuthProcessorFilter - JWT 인증 성공: 사용자 ID = searcher02
2026-05-28 14:00:37.681 [http-nio-8185-exec-4] INFO  c.w.J.Filter.JwtAuthProcessorFilter - JWT 인증 성공: 사용자 ID = searcher03
2026-05-28 14:00:37.681 [http-nio-8185-exec-3] INFO  c.w.J.Filter.JwtAuthProcessorFilter - JWT 인증 성공: 사용자 ID = searcher04
2026-05-28 14:00:37.681 [http-nio-8185-exec-1] INFO  c.w.J.Filter.JwtAuthProcessorFilter - JWT 인증 성공: 사용자 ID = searcher05
2026-05-28 14:00:37.681 [http-nio-8185-exec-2] INFO  c.w.J.Filter.JwtAuthProcessorFilter - JWT 인증 성공: 사용자 ID = searcher01
2026-05-28 14:00:37.789 [http-nio-8185-exec-5] INFO  c.w.V.c.VisitReservationController - [VISIT_RESERVATION_CREATE_REQ] userId=searcher02, slotId=348
2026-05-28 14:00:37.789 [http-nio-8185-exec-2] INFO  c.w.V.c.VisitReservationController - [VISIT_RESERVATION_CREATE_REQ] userId=searcher01, slotId=348
2026-05-28 14:00:37.789 [http-nio-8185-exec-3] INFO  c.w.V.c.VisitReservationController - [VISIT_RESERVATION_CREATE_REQ] userId=searcher04, slotId=348
2026-05-28 14:00:37.789 [http-nio-8185-exec-4] INFO  c.w.V.c.VisitReservationController - [VISIT_RESERVATION_CREATE_REQ] userId=searcher03, slotId=348
2026-05-28 14:00:37.789 [http-nio-8185-exec-1] INFO  c.w.V.c.VisitReservationController - [VISIT_RESERVATION_CREATE_REQ] userId=searcher05, slotId=348
2026-05-28 14:00:37.797 [HikariPool-1 connection adder] DEBUG com.zaxxer.hikari.pool.HikariPool - HikariPool-1 - Connection not added, stats (total=12, active=5, idle=7, waiting=0)
2026-05-28 14:00:37.797 [HikariPool-1 connection adder] DEBUG com.zaxxer.hikari.pool.HikariPool - HikariPool-1 - Connection not added, stats (total=12, active=5, idle=7, waiting=0)
2026-05-28 14:00:37.797 [HikariPool-1 connection adder] DEBUG com.zaxxer.hikari.pool.HikariPool - HikariPool-1 - Connection not added, stats (total=12, active=5, idle=7, waiting=0)
2026-05-28 14:00:37.797 [HikariPool-1 connection adder] DEBUG com.zaxxer.hikari.pool.HikariPool - HikariPool-1 - Connection not added, stats (total=12, active=5, idle=7, waiting=0)
2026-05-28 14:00:37.808 [http-nio-8185-exec-4] INFO  c.w.V.s.VisitReservationWriteService - [F004-CP1-AFTER-AVAILABLE-CHECK] thread=[name=http-nio-8185-exec-4, id=56] nanoTime=9456518129600 instant=2026-05-28T05:00:37.806690300Z slot=(slotId=348, windowId=41, propertyId=693c35731a5ebe74463679d39787c0c5, leaseType=CHARTER, startTime=2026-05-28T16:40, endTime=2026-05-28T17:10, status=AVAILABLE, createdAt=2026-05-28T13:08:00.670987)
2026-05-28 14:00:37.808 [http-nio-8185-exec-5] INFO  c.w.V.s.VisitReservationWriteService - [F004-CP1-AFTER-AVAILABLE-CHECK] thread=[name=http-nio-8185-exec-5, id=57] nanoTime=9456519351300 instant=2026-05-28T05:00:37.807689800Z slot=(slotId=348, windowId=41, propertyId=693c35731a5ebe74463679d39787c0c5, leaseType=CHARTER, startTime=2026-05-28T16:40, endTime=2026-05-28T17:10, status=AVAILABLE, createdAt=2026-05-28T13:08:00.670987)
2026-05-28 14:00:37.808 [http-nio-8185-exec-1] INFO  c.w.V.s.VisitReservationWriteService - [F004-CP1-AFTER-AVAILABLE-CHECK] thread=[name=http-nio-8185-exec-1, id=53] nanoTime=9456519357900 instant=2026-05-28T05:00:37.807689800Z slot=(slotId=348, windowId=41, propertyId=693c35731a5ebe74463679d39787c0c5, leaseType=CHARTER, startTime=2026-05-28T16:40, endTime=2026-05-28T17:10, status=AVAILABLE, createdAt=2026-05-28T13:08:00.670987)
2026-05-28 14:00:37.808 [http-nio-8185-exec-2] INFO  c.w.V.s.VisitReservationWriteService - [F004-CP1-AFTER-AVAILABLE-CHECK] thread=[name=http-nio-8185-exec-2, id=54] nanoTime=9456519351200 instant=2026-05-28T05:00:37.807689800Z slot=(slotId=348, windowId=41, propertyId=693c35731a5ebe74463679d39787c0c5, leaseType=CHARTER, startTime=2026-05-28T16:40, endTime=2026-05-28T17:10, status=AVAILABLE, createdAt=2026-05-28T13:08:00.670987)
2026-05-28 14:00:37.809 [http-nio-8185-exec-3] INFO  c.w.V.s.VisitReservationWriteService - [F004-CP1-AFTER-AVAILABLE-CHECK] thread=[name=http-nio-8185-exec-3, id=55] nanoTime=9456519351300 instant=2026-05-28T05:00:37.807689800Z slot=(slotId=348, windowId=41, propertyId=693c35731a5ebe74463679d39787c0c5, leaseType=CHARTER, startTime=2026-05-28T16:40, endTime=2026-05-28T17:10, status=AVAILABLE, createdAt=2026-05-28T13:08:00.670987)
2026-05-28 14:00:37.825 [http-nio-8185-exec-1] INFO  c.w.V.s.VisitReservationWriteService - [F004-CP1-AFTER-AVAILABLE-CHECK] thread=[name=http-nio-8185-exec-1, id=53] nanoTime=9456520527400 instant=2026-05-28T05:00:37.808689900Z slotId=348 reservationsCount=0
2026-05-28 14:00:37.837 [http-nio-8185-exec-2] INFO  c.w.V.s.VisitReservationWriteService - [F004-CP1-AFTER-AVAILABLE-CHECK] thread=[name=http-nio-8185-exec-2, id=54] nanoTime=9456520603400 instant=2026-05-28T05:00:37.808689900Z slotId=348 reservationsCount=0
2026-05-28 14:00:37.837 [http-nio-8185-exec-4] INFO  c.w.V.s.VisitReservationWriteService - [F004-CP1-AFTER-AVAILABLE-CHECK] thread=[name=http-nio-8185-exec-4, id=56] nanoTime=9456520128800 instant=2026-05-28T05:00:37.808689900Z slotId=348 reservationsCount=0
2026-05-28 14:00:37.837 [http-nio-8185-exec-3] INFO  c.w.V.s.VisitReservationWriteService - [F004-CP1-AFTER-AVAILABLE-CHECK] thread=[name=http-nio-8185-exec-3, id=55] nanoTime=9456520859000 instant=2026-05-28T05:00:37.809688700Z slotId=348 reservationsCount=0
2026-05-28 14:00:37.837 [http-nio-8185-exec-5] INFO  c.w.V.s.VisitReservationWriteService - [F004-CP1-AFTER-AVAILABLE-CHECK] thread=[name=http-nio-8185-exec-5, id=57] nanoTime=9456520209900 instant=2026-05-28T05:00:37.808689900Z slotId=348 reservationsCount=0
2026-05-28 14:00:37.863 [http-nio-8185-exec-5] INFO  c.w.V.s.VisitReservationWriteService - [F004-CP2-AFTER-SLOT-UPDATE] thread=[name=http-nio-8185-exec-5, id=57] nanoTime=9456574972800 instant=2026-05-28T05:00:37.863696300Z slot=(slotId=348, windowId=41, propertyId=693c35731a5ebe74463679d39787c0c5, leaseType=CHARTER, startTime=2026-05-28T16:40, endTime=2026-05-28T17:10, status=RESERVED, createdAt=2026-05-28T13:08:00.670987)
2026-05-28 14:00:37.870 [http-nio-8185-exec-2] INFO  c.w.V.s.VisitReservationWriteService - [F004-CP2-AFTER-SLOT-UPDATE] thread=[name=http-nio-8185-exec-2, id=54] nanoTime=9456581623600 instant=2026-05-28T05:00:37.869692700Z slot=(slotId=348, windowId=41, propertyId=693c35731a5ebe74463679d39787c0c5, leaseType=CHARTER, startTime=2026-05-28T16:40, endTime=2026-05-28T17:10, status=RESERVED, createdAt=2026-05-28T13:08:00.670987)
2026-05-28 14:00:37.870 [http-nio-8185-exec-1] INFO  c.w.V.s.VisitReservationWriteService - [F004-CP2-AFTER-SLOT-UPDATE] thread=[name=http-nio-8185-exec-1, id=53] nanoTime=9456581630500 instant=2026-05-28T05:00:37.869692700Z slot=(slotId=348, windowId=41, propertyId=693c35731a5ebe74463679d39787c0c5, leaseType=CHARTER, startTime=2026-05-28T16:40, endTime=2026-05-28T17:10, status=RESERVED, createdAt=2026-05-28T13:08:00.670987)
2026-05-28 14:00:37.870 [http-nio-8185-exec-3] INFO  c.w.V.s.VisitReservationWriteService - [F004-CP2-AFTER-SLOT-UPDATE] thread=[name=http-nio-8185-exec-3, id=55] nanoTime=9456581615000 instant=2026-05-28T05:00:37.869692700Z slot=(slotId=348, windowId=41, propertyId=693c35731a5ebe74463679d39787c0c5, leaseType=CHARTER, startTime=2026-05-28T16:40, endTime=2026-05-28T17:10, status=RESERVED, createdAt=2026-05-28T13:08:00.670987)
2026-05-28 14:00:37.870 [http-nio-8185-exec-4] INFO  c.w.V.s.VisitReservationWriteService - [F004-CP2-AFTER-SLOT-UPDATE] thread=[name=http-nio-8185-exec-4, id=56] nanoTime=9456581626800 instant=2026-05-28T05:00:37.869692700Z slot=(slotId=348, windowId=41, propertyId=693c35731a5ebe74463679d39787c0c5, leaseType=CHARTER, startTime=2026-05-28T16:40, endTime=2026-05-28T17:10, status=RESERVED, createdAt=2026-05-28T13:08:00.670987)
2026-05-28 14:00:37.921 [http-nio-8185-exec-4] INFO  c.w.V.s.VisitReservationWriteService - [F004-CP3-AFTER-RESERVATION-INSERT] thread=[name=http-nio-8185-exec-4, id=56] nanoTime=9456588306200 instant=2026-05-28T05:00:37.876686200Z slotId=348 reservationsCount=1
2026-05-28 14:00:37.921 [http-nio-8185-exec-4] INFO  c.w.V.s.VisitReservationWriteService - [F004-CP3-AFTER-RESERVATION-INSERT] thread=[name=http-nio-8185-exec-4, id=56] nanoTime=9456588306200 reservation=(reservationId=43, slotId=348, searcherUserId=searcher03, status=CONFIRMED, confirmedAt=2026-05-28T14:00:37.790688400, cancelledAt=null, invalidatedAt=null, visitResult=null, resultClassifiedAt=null)
2026-05-28 14:00:37.929 [http-nio-8185-exec-4] INFO  c.w.V.s.VisitNotificationService - [VISIT_NOTIFY] type=SLOT_RESERVED, userId=ownerTest1, notificationId=61
2026-05-28 14:00:37.929 [http-nio-8185-exec-4] INFO  c.w.V.s.VisitReservationWriteService - [VISIT_RESERVATION_CONFIRMED] reservationId=43, slotId=348, searcher=searcher03, registrant=ownerTest1
2026-05-28 14:00:37.966 [http-nio-8185-exec-1] WARN  o.h.e.jdbc.spi.SqlExceptionHelper - SQL Error: 1, SQLState: 23000
2026-05-28 14:00:37.966 [http-nio-8185-exec-1] ERROR o.h.e.jdbc.spi.SqlExceptionHelper - ORA-00001: 무결성 제약 조건(SCOTT.UQ_VISIT_RESERVATION_CONFIRMED_SLOT)에 위배됩니다

2026-05-28 14:00:37.974 [http-nio-8185-exec-1] WARN  c.w.V.e.GlobalExceptionHandlerVisit - [VISIT_INTEGRITY_BACKSTOP] could not execute statement [ORA-00001: 무결성 제약 조건(SCOTT.UQ_VISIT_RESERVATION_CONFIRMED_SLOT)에 위배됩니다
] [insert into VISIT_RESERVATION (CONFIRMED_AT,SEARCHER_USER_ID,SLOT_ID,STATUS,RESERVATION_ID) values (?,?,?,?,?)]; SQL [insert into VISIT_RESERVATION (CONFIRMED_AT,SEARCHER_USER_ID,SLOT_ID,STATUS,RESERVATION_ID) values (?,?,?,?,?)]; constraint [SCOTT.UQ_VISIT_RESERVATION_CONFIRMED_SLOT]
2026-05-28 14:00:37.997 [http-nio-8185-exec-5] WARN  o.h.e.jdbc.spi.SqlExceptionHelper - SQL Error: 1, SQLState: 23000
2026-05-28 14:00:37.997 [http-nio-8185-exec-5] ERROR o.h.e.jdbc.spi.SqlExceptionHelper - ORA-00001: 무결성 제약 조건(SCOTT.UQ_VISIT_RESERVATION_CONFIRMED_SLOT)에 위배됩니다

2026-05-28 14:00:37.998 [http-nio-8185-exec-5] WARN  c.w.V.e.GlobalExceptionHandlerVisit - [VISIT_INTEGRITY_BACKSTOP] could not execute statement [ORA-00001: 무결성 제약 조건(SCOTT.UQ_VISIT_RESERVATION_CONFIRMED_SLOT)에 위배됩니다
] [insert into VISIT_RESERVATION (CONFIRMED_AT,SEARCHER_USER_ID,SLOT_ID,STATUS,RESERVATION_ID) values (?,?,?,?,?)]; SQL [insert into VISIT_RESERVATION (CONFIRMED_AT,SEARCHER_USER_ID,SLOT_ID,STATUS,RESERVATION_ID) values (?,?,?,?,?)]; constraint [SCOTT.UQ_VISIT_RESERVATION_CONFIRMED_SLOT]
2026-05-28 14:00:38.013 [http-nio-8185-exec-2] WARN  o.h.e.jdbc.spi.SqlExceptionHelper - SQL Error: 1, SQLState: 23000
2026-05-28 14:00:38.013 [http-nio-8185-exec-2] ERROR o.h.e.jdbc.spi.SqlExceptionHelper - ORA-00001: 무결성 제약 조건(SCOTT.UQ_VISIT_RESERVATION_CONFIRMED_SLOT)에 위배됩니다

2026-05-28 14:00:38.014 [http-nio-8185-exec-3] WARN  o.h.e.jdbc.spi.SqlExceptionHelper - SQL Error: 1, SQLState: 23000
2026-05-28 14:00:38.014 [http-nio-8185-exec-3] ERROR o.h.e.jdbc.spi.SqlExceptionHelper - ORA-00001: 무결성 제약 조건(SCOTT.UQ_VISIT_RESERVATION_CONFIRMED_SLOT)에 위배됩니다

2026-05-28 14:00:38.014 [http-nio-8185-exec-2] WARN  c.w.V.e.GlobalExceptionHandlerVisit - [VISIT_INTEGRITY_BACKSTOP] could not execute statement [ORA-00001: 무결성 제약 조건(SCOTT.UQ_VISIT_RESERVATION_CONFIRMED_SLOT)에 위배됩니다
] [insert into VISIT_RESERVATION (CONFIRMED_AT,SEARCHER_USER_ID,SLOT_ID,STATUS,RESERVATION_ID) values (?,?,?,?,?)]; SQL [insert into VISIT_RESERVATION (CONFIRMED_AT,SEARCHER_USER_ID,SLOT_ID,STATUS,RESERVATION_ID) values (?,?,?,?,?)]; constraint [SCOTT.UQ_VISIT_RESERVATION_CONFIRMED_SLOT]
2026-05-28 14:00:38.015 [http-nio-8185-exec-3] WARN  c.w.V.e.GlobalExceptionHandlerVisit - [VISIT_INTEGRITY_BACKSTOP] could not execute statement [ORA-00001: 무결성 제약 조건(SCOTT.UQ_VISIT_RESERVATION_CONFIRMED_SLOT)에 위배됩니다
] [insert into VISIT_RESERVATION (CONFIRMED_AT,SEARCHER_USER_ID,SLOT_ID,STATUS,RESERVATION_ID) values (?,?,?,?,?)]; SQL [insert into VISIT_RESERVATION (CONFIRMED_AT,SEARCHER_USER_ID,SLOT_ID,STATUS,RESERVATION_ID) values (?,?,?,?,?)]; constraint [SCOTT.UQ_VISIT_RESERVATION_CONFIRMED_SLOT]
2026-05-28 14:00:47.378 [HikariPool-1 housekeeper] DEBUG com.zaxxer.hikari.pool.HikariPool - HikariPool-1 - Pool stats (total=12, active=0, idle=12, waiting=0)
2026-05-28 14:00:47.378 [HikariPool-1 housekeeper] DEBUG com.zaxxer.hikari.pool.HikariPool - HikariPool-1 - Fill pool skipped, pool has sufficient level or currently being filled.
2026-05-28 14:01:17.378 [HikariPool-1 housekeeper] DEBUG com.zaxxer.hikari.pool.HikariPool - HikariPool-1 - Pool stats (total=12, active=0, idle=12, waiting=0)
2026-05-28 14:01:17.378 [HikariPool-1 housekeeper] DEBUG com.zaxxer.hikari.pool.HikariPool - HikariPool-1 - Fill pool skipped, pool has sufficient level or currently being filled.
2026-05-28 14:01:21.581 [scheduling-1] DEBUG c.zaxxer.hikari.pool.ProxyConnection - HikariPool-1 - Executed rollback on connection oracle.jdbc.driver.T4CConnection@798b36fd due to dirty commit state on close().
2026-05-28 14:01:47.387 [HikariPool-1 housekeeper] DEBUG com.zaxxer.hikari.pool.HikariPool - HikariPool-1 - Pool stats (total=12, active=0, idle=12, waiting=0)
2026-05-28 14:01:47.387 [HikariPool-1 housekeeper] DEBUG com.zaxxer.hikari.pool.HikariPool - HikariPool-1 - Fill pool skipped, pool has sufficient level or currently being filled.
2026-05-28 14:02:17.398 [HikariPool-1 housekeeper] DEBUG com.zaxxer.hikari.pool.HikariPool - HikariPool-1 - Pool stats (total=12, active=0, idle=12, waiting=0)
2026-05-28 14:02:17.398 [HikariPool-1 housekeeper] DEBUG com.zaxxer.hikari.pool.HikariPool - HikariPool-1 - Fill pool skipped, pool has sufficient level or currently being filled.
2026-05-28 14:02:21.583 [scheduling-1] DEBUG c.zaxxer.hikari.pool.ProxyConnection - HikariPool-1 - Executed rollback on connection oracle.jdbc.driver.T4CConnection@798b36fd due to dirty commit state on close().
2026-05-28 14:02:47.406 [HikariPool-1 housekeeper] DEBUG com.zaxxer.hikari.pool.HikariPool - HikariPool-1 - Pool stats (total=12, active=0, idle=12, waiting=0)
2026-05-28 14:02:47.406 [HikariPool-1 housekeeper] DEBUG com.zaxxer.hikari.pool.HikariPool - HikariPool-1 - Fill pool skipped, pool has sufficient level or currently being filled.
2026-05-28 14:02:52.872 [SpringApplicationShutdownHook] INFO  c.w.information.util.KakaoApiService - [KakaoApiService] 스레드 풀 종료 시작
2026-05-28 14:02:52.873 [SpringApplicationShutdownHook] INFO  c.w.information.util.KakaoApiService - [KakaoApiService] 스레드 풀 종료 완료
2026-05-28 14:02:52.875 [SpringApplicationShutdownHook] INFO  o.s.o.j.LocalContainerEntityManagerFactoryBean - Closing JPA EntityManagerFactory for persistence unit 'default'
2026-05-28 14:02:52.876 [SpringApplicationShutdownHook] INFO  com.zaxxer.hikari.HikariDataSource - HikariPool-1 - Shutdown initiated...
2026-05-28 14:02:52.876 [SpringApplicationShutdownHook] DEBUG com.zaxxer.hikari.pool.HikariPool - HikariPool-1 - Before shutdown stats (total=12, active=0, idle=12, waiting=0)
2026-05-28 14:02:52.877 [HikariPool-1 connection closer] DEBUG com.zaxxer.hikari.pool.PoolBase - HikariPool-1 - Closing connection oracle.jdbc.driver.T4CConnection@798b36fd: (connection evicted)
2026-05-28 14:02:52.878 [HikariPool-1 connection closer] DEBUG com.zaxxer.hikari.pool.PoolBase - HikariPool-1 - Closing connection oracle.jdbc.driver.T4CConnection@2ba53eb8: (connection evicted)
2026-05-28 14:02:52.879 [HikariPool-1 connection closer] DEBUG com.zaxxer.hikari.pool.PoolBase - HikariPool-1 - Closing connection oracle.jdbc.driver.T4CConnection@59ea8c50: (connection evicted)
2026-05-28 14:02:52.880 [HikariPool-1 connection closer] DEBUG com.zaxxer.hikari.pool.PoolBase - HikariPool-1 - Closing connection oracle.jdbc.driver.T4CConnection@21a0df57: (connection evicted)
2026-05-28 14:02:52.880 [HikariPool-1 connection closer] DEBUG com.zaxxer.hikari.pool.PoolBase - HikariPool-1 - Closing connection oracle.jdbc.driver.T4CConnection@3aa4f0f1: (connection evicted)
2026-05-28 14:02:52.881 [HikariPool-1 connection closer] DEBUG com.zaxxer.hikari.pool.PoolBase - HikariPool-1 - Closing connection oracle.jdbc.driver.T4CConnection@1b281ea5: (connection evicted)
2026-05-28 14:02:52.882 [HikariPool-1 connection closer] DEBUG com.zaxxer.hikari.pool.PoolBase - HikariPool-1 - Closing connection oracle.jdbc.driver.T4CConnection@4d7dfab1: (connection evicted)
2026-05-28 14:02:52.883 [HikariPool-1 connection closer] DEBUG com.zaxxer.hikari.pool.PoolBase - HikariPool-1 - Closing connection oracle.jdbc.driver.T4CConnection@223802d3: (connection evicted)
2026-05-28 14:02:52.883 [HikariPool-1 connection closer] DEBUG com.zaxxer.hikari.pool.PoolBase - HikariPool-1 - Closing connection oracle.jdbc.driver.T4CConnection@36e0430: (connection evicted)
2026-05-28 14:02:52.884 [HikariPool-1 connection closer] DEBUG com.zaxxer.hikari.pool.PoolBase - HikariPool-1 - Closing connection oracle.jdbc.driver.T4CConnection@77aa74aa: (connection evicted)
2026-05-28 14:02:52.885 [HikariPool-1 connection closer] DEBUG com.zaxxer.hikari.pool.PoolBase - HikariPool-1 - Closing connection oracle.jdbc.driver.T4CConnection@70a2a511: (connection evicted)
2026-05-28 14:02:52.886 [HikariPool-1 connection closer] DEBUG com.zaxxer.hikari.pool.PoolBase - HikariPool-1 - Closing connection oracle.jdbc.driver.T4CConnection@4de21883: (connection evicted)
2026-05-28 14:02:52.887 [SpringApplicationShutdownHook] DEBUG com.zaxxer.hikari.pool.HikariPool - HikariPool-1 - After shutdown stats (total=0, active=0, idle=0, waiting=0)
2026-05-28 14:02:52.887 [SpringApplicationShutdownHook] INFO  com.zaxxer.hikari.HikariDataSource - HikariPool-1 - Shutdown completed.
